  Performing full C++ include scan (hot reloading a new target)
C:\Users\MCall\Documents\GitHub\BANG\Bang 4.17\Source\Bang\Bang.Build.cs : warning : Module constructors should take a ReadOnlyTargetRules argument (rather than a TargetInfo argument) and pass it to the base class constructor from 4.15 onwards. Please update the method signature.
C:\Users\MCall\Documents\GitHub\BANG\Bang 4.17\Source\Bang.Target.cs : warning : SetupBinaries() is deprecated in the 4.16 release. From the constructor in your .target.cs file, use ExtraModuleNames.Add("Foo") to add modules to your target, or set LaunchModuleName = "Foo" to override the name of the launch module for program targets.
C:\Users\MCall\Documents\GitHub\BANG\Bang 4.17\Source\BangEditor.Target.cs : warning : SetupBinaries() is deprecated in the 4.16 release. From the constructor in your .target.cs file, use ExtraModuleNames.Add("Foo") to add modules to your target, or set LaunchModuleName = "Foo" to override the name of the launch module for program targets.
  Compiling game modules for hot reload
  Parsing headers for BangEditor
    Running UnrealHeaderTool "C:\Users\MCall\Documents\GitHub\BANG\Bang 4.17\Bang.uproject" "C:\Users\MCall\Documents\GitHub\BANG\Bang 4.17\Intermediate\Build\Win64\BangEditor\DebugGame\BangEditor.uhtmanifest" -LogCmds="loginit warning, logexit warning, logdatabase error" -Unattended -WarningsAsErrors -installed
  Reflection code generated for BangEditor in 17.4983397 seconds
  Performing 7 actions (4 in parallel)
  MeleeHitbox.cpp
  Bang.init.gen.cpp
  MeleeHitbox.gen.cpp
  BangCharacter.cpp
  [5/7] Resource PCLaunch.rc
C:\Users\MCall\Documents\GitHub\BANG\Bang 4.17\Source\Bang\BangCharacter.cpp(156): warning C4996: 'AActor::AttachRootComponentToActor': Please use AttachToActor. Please update your code to the new API before upgrading to the next release, otherwise your project will no longer compile.
  C:\Program Files\Epic Games\UE_4.17\Engine\Source\Runtime\Engine\Classes\GameFramework/Actor.h(1177): note: see declaration of 'AActor::AttachRootComponentToActor'
  [6/7] Link UE4Editor-Bang-1891-Win64-DebugGame.dll
  [7/7] Link UE4Editor-Bang-1891-Win64-DebugGame.lib
     Creating library C:\Users\MCall\Documents\GitHub\BANG\Bang 4.17\Intermediate\Build\Win64\UE4Editor\DebugGame\UE4Editor-Bang-1891-Win64-DebugGame.lib and object C:\Users\MCall\Documents\GitHub\BANG\Bang 4.17\Intermediate\Build\Win64\UE4Editor\DebugGame\UE4Editor-Bang-1891-Win64-DebugGame.exp
     Creating library C:\Users\MCall\Documents\GitHub\BANG\Bang 4.17\Intermediate\Build\Win64\UE4Editor\DebugGame\UE4Editor-Bang-1891-Win64-DebugGame.suppressed.lib and object C:\Users\MCall\Documents\GitHub\BANG\Bang 4.17\Intermediate\Build\Win64\UE4Editor\DebugGame\UE4Editor-Bang-1891-Win64-DebugGame.suppressed.exp
  Deploying BangEditor Win64 DebugGame...
  Total build time: 60.42 seconds (Local executor: 29.89 seconds)
