Log file open, 01/06/18 14:58:13
LogWindows: Failed to load 'aqProf.dll' (GetLastError=126)
LogWindows: File 'aqProf.dll' does not exist
LogWindows: Failed to load 'VtuneApi.dll' (GetLastError=126)
LogWindows: File 'VtuneApi.dll' does not exist
LogWindows: Failed to load 'VtuneApi32e.dll' (GetLastError=126)
LogWindows: File 'VtuneApi32e.dll' does not exist
LogInit: Display: Running engine for game: Bang
LogPlatformFile: Not using cached read wrapper
LogInit: Display: RandInit(1530451823) SRandInit(1530451823).
LogTaskGraph: Started task graph with 5 named threads and 14 total threads with 3 sets of task threads.
LogStats: Stats thread started at 0.564897
LogD3D11RHI: Aftermath initialized
LogPluginManager: Mounting plugin Paper2D
LogPluginManager: Mounting plugin LightPropagationVolume
LogPluginManager: Mounting plugin CodeLiteSourceCodeAccess
LogPluginManager: Mounting plugin GitSourceControl
LogPluginManager: Mounting plugin KDevelopSourceCodeAccess
LogPluginManager: Mounting plugin NullSourceCodeAccess
LogPluginManager: Mounting plugin PerforceSourceControl
LogPluginManager: Mounting plugin SubversionSourceControl
LogPluginManager: Mounting plugin UObjectPlugin
LogPluginManager: Mounting plugin VisualStudioSourceCodeAccess
LogPluginManager: Mounting plugin XCodeSourceCodeAccess
LogPluginManager: Mounting plugin AssetManagerEditor
LogPluginManager: Mounting plugin AudioCapture
LogPluginManager: Mounting plugin FacialAnimation
LogPluginManager: Mounting plugin GameplayTagsEditor
LogPluginManager: Mounting plugin MobileLauncherProfileWizard
LogPluginManager: Mounting plugin PluginBrowser
LogPluginManager: Mounting plugin SpeedTreeImporter
LogPluginManager: Mounting plugin AlembicImporter
LogPluginManager: Mounting plugin CharacterAI
LogPluginManager: Mounting plugin HTML5Networking
LogPluginManager: Mounting plugin AndroidMedia
LogPluginManager: Mounting plugin AvfMedia
LogPluginManager: Mounting plugin MediaPlayerEditor
LogPluginManager: Mounting plugin WmfMedia
LogPluginManager: Mounting plugin TcpMessaging
LogPluginManager: Mounting plugin UdpMessaging
LogPluginManager: Mounting plugin LevelSequenceEditor
LogPluginManager: Mounting plugin MatineeToLevelSequence
LogPluginManager: Mounting plugin OnlineSubsystemGooglePlay
LogPluginManager: Mounting plugin OnlineSubsystemIOS
LogPluginManager: Mounting plugin OnlineSubsystem
LogPluginManager: Mounting plugin OnlineSubsystemNull
LogPluginManager: Mounting plugin OnlineSubsystemUtils
LogPluginManager: Mounting plugin AndroidDeviceProfileSelector
LogPluginManager: Mounting plugin AndroidMoviePlayer
LogPluginManager: Mounting plugin AndroidPermission
LogPluginManager: Mounting plugin AppleMoviePlayer
LogPluginManager: Mounting plugin ArchVisCharacter
LogPluginManager: Mounting plugin CableComponent
LogPluginManager: Mounting plugin CustomMeshComponent
LogPluginManager: Mounting plugin ExampleDeviceProfileSelector
LogPluginManager: Mounting plugin GoogleCloudMessaging
LogPluginManager: Mounting plugin ImmediatePhysics
LogPluginManager: Mounting plugin IOSDeviceProfileSelector
LogPluginManager: Mounting plugin LinuxDeviceProfileSelector
LogPluginManager: Mounting plugin LocationServicesBPLibrary
LogPluginManager: Mounting plugin MobilePatchingUtils
LogPluginManager: Mounting plugin OculusVR
LogPluginManager: Mounting plugin PhysXVehicles
LogPluginManager: Mounting plugin ProceduralMeshComponent
LogPluginManager: Mounting plugin RuntimePhysXCooking
LogPluginManager: Mounting plugin SteamVR
LogPluginManager: Mounting plugin WindowsMoviePlayer
LogInit: Using libcurl 7.47.1
LogInit:  - built for x86_64-pc-win32
LogInit:  - supports SSL with OpenSSL/1.0.2g
LogInit:  - supports HTTP deflate (compression) using libz 1.2.8
LogInit:  - other features:
LogInit:      CURL_VERSION_SSL
LogInit:      CURL_VERSION_LIBZ
LogInit:      CURL_VERSION_IPV6
LogInit:      CURL_VERSION_ASYNCHDNS
LogInit:      CURL_VERSION_LARGEFILE
LogInit:      CURL_VERSION_IDN
LogInit:  CurlRequestOptions (configurable via config and command line):
LogInit:  - bVerifyPeer = false  - Libcurl will NOT verify peer certificate
LogInit:  - bUseHttpProxy = false  - Libcurl will NOT use HTTP proxy
LogInit:  - bDontReuseConnections = false  - Libcurl will reuse connections
LogInit:  - CertBundlePath = nullptr  - Libcurl will use whatever was configured at build time.
LogInit: Build: ++UE4+Release-4.17-CL-3658906
LogInit: Engine Version: 4.17.2-3658906+++UE4+Release-4.17
LogInit: Compatible Engine Version: 4.17.0-3573198+++UE4+Release-4.17
LogInit: Net CL: 3573198
LogDevObjectVersion: Number of dev versions registered: 16
LogDevObjectVersion:   Dev-Blueprints (B0D832E4-1F89-4F0D-ACCF-7EB736FD4AA2): 10
LogDevObjectVersion:   Dev-Build (E1C64328-A22C-4D53-A36C-8E866417BD8C): 0
LogDevObjectVersion:   Dev-Core (375EC13C-06E4-48FB-B500-84F0262A717E): 2
LogDevObjectVersion:   Dev-Editor (E4B068ED-F494-42E9-A231-DA0B2E46BB41): 20
LogDevObjectVersion:   Dev-Framework (CFFC743F-43B0-4480-9391-14DF171D2073): 28
LogDevObjectVersion:   Dev-Mobile (B02B49B5-BB20-44E9-A304-32B752E40360): 0
LogDevObjectVersion:   Dev-Networking (A4E4105C-59A1-49B5-A7C5-40C4547EDFEE): 0
LogDevObjectVersion:   Dev-Online (39C831C9-5AE6-47DC-9A44-9C173E1C8E7C): 0
LogDevObjectVersion:   Dev-Physics (78F01B33-EBEA-4F98-B9B4-84EACCB95AA2): 0
LogDevObjectVersion:   Dev-Platform (6631380F-2D4D-43E0-8009-CF276956A95A): 0
LogDevObjectVersion:   Dev-Rendering (12F88B9F-8875-4AFC-A67C-D90C383ABD29): 19
LogDevObjectVersion:   Dev-Sequencer (7B5AE74C-D270-4C10-A958-57980B212A5A): 4
LogDevObjectVersion:   Dev-VR (D7296918-1DD6-4BDD-9DE2-64A83CC13884): 0
LogDevObjectVersion:   Dev-LoadTimes (C2A15278-BFE7-4AFE-6C17-90FF531DF755): 1
LogDevObjectVersion:   Private-Geometry (6EACA3D4-40EC-4CC1-B786-8BED09428FC5): 1
LogDevObjectVersion:   Dev-AnimPhys (29E575DD-E0A3-4627-9D10-D276232CDCEA): 7
LogInit: Compiled (64-bit): Sep 22 2017 13:47:16
LogInit: Compiled with Visual C++: 19.00.24215.01
LogInit: Build Configuration: Development
LogInit: Branch Name: ++UE4+Release-4.17
LogInit: Command line:  -skipcompile
LogInit: Base directory: C:/Program Files/Epic Games/UE_4.17/Engine/Binaries/Win64/
LogInit: Installed Engine Build: 1
LogInit: Presizing for max 8388607 objects, including 0 objects not considered by GC, pre-allocating 0 bytes for permanent pool.
LogInit: Object subsystem initialized
[2018.01.06-14.58.15:879][  0]LogInit: Selected Device Profile: [Windows]
[2018.01.06-14.58.15:879][  0]LogInit: Applying CVar settings loaded from the selected device profile: [Windows]
[2018.01.06-14.58.15:889][  0]LogInit: Computer: MARCUSPC
[2018.01.06-14.58.15:889][  0]LogInit: User: Marcus
[2018.01.06-14.58.15:889][  0]LogInit: CPU Page size=4096, Cores=4
[2018.01.06-14.58.15:889][  0]LogInit: High frequency timer resolution =2.929688 MHz
[2018.01.06-14.58.15:890][  0]LogMemory: Memory total: Physical=16.0GB (16GB approx)
[2018.01.06-14.58.15:890][  0]LogMemory: Platform Memory Stats for Windows
[2018.01.06-14.58.15:890][  0]LogMemory: Process Physical Memory: 279.80 MB used, 279.80 MB peak
[2018.01.06-14.58.15:890][  0]LogMemory: Process Virtual Memory: 274.16 MB used, 274.16 MB peak
[2018.01.06-14.58.15:890][  0]LogMemory: Physical Memory: 7208.27 MB used,  9128.16 MB free, 16336.43 MB total
[2018.01.06-14.58.15:890][  0]LogMemory: Virtual Memory: 706.33 MB used,  9128.16 MB free, 134217728.00 MB total
[2018.01.06-14.58.16:595][  0]LogInit: Using OS detected language (en-US).
[2018.01.06-14.58.16:595][  0]LogInit: Using OS detected locale (en-GB).
[2018.01.06-14.58.16:600][  0]LogTextLocalizationManager: No specific localization for 'en-US' exists, so the 'en' localization will be used.
[2018.01.06-14.58.17:603][  0]LogD3D11RHI: D3D11 adapters:
[2018.01.06-14.58.17:707][  0]LogD3D11RHI:    0. 'NVIDIA GeForce GTX 1050' (Feature Level 11_0)
[2018.01.06-14.58.17:707][  0]LogD3D11RHI:       1987/0/8168 MB DedicatedVideo/DedicatedSystem/SharedSystem, Outputs:2, VendorId:0x10de
[2018.01.06-14.58.17:765][  0]LogD3D11RHI:    1. 'Microsoft Basic Render Driver' (Feature Level 11_0)
[2018.01.06-14.58.17:765][  0]LogD3D11RHI:       0/0/8168 MB DedicatedVideo/DedicatedSystem/SharedSystem, Outputs:0, VendorId:0x1414
[2018.01.06-14.58.17:765][  0]LogD3D11RHI: Chosen D3D11 Adapter: 0
[2018.01.06-14.58.17:770][  0]LogD3D11RHI: Creating new Direct3DDevice
[2018.01.06-14.58.17:770][  0]LogD3D11RHI:     GPU DeviceId: 0x1c81 (for the marketing name, search the web for "GPU Device Id")
[2018.01.06-14.58.17:770][  0]LogWindows: EnumDisplayDevices:
[2018.01.06-14.58.17:771][  0]LogWindows:    0. 'NVIDIA GeForce GTX 1050' (P:1 D:1)
[2018.01.06-14.58.17:771][  0]LogWindows:    1. 'NVIDIA GeForce GTX 1050' (P:0 D:1)
[2018.01.06-14.58.17:771][  0]LogWindows:    2. 'NVIDIA GeForce GTX 1050' (P:0 D:0)
[2018.01.06-14.58.17:771][  0]LogWindows:    3. 'NVIDIA GeForce GTX 1050' (P:0 D:0)
[2018.01.06-14.58.17:771][  0]LogWindows: DebugString: GetVideoDriverDetailsInvalid PrimaryIsNotTheChoosenAdapter GetVideoDriverDetailsInvalid PrimaryIsNotTheChoosenAdapter GetVideoDriverDetailsInvalid PrimaryIsNotTheChoosenAdapter GetVideoDriverDetailsInvalid PrimaryIsNotTheChoosenAdapter FoundDriverCount:0 
[2018.01.06-14.58.17:772][  0]LogD3D11RHI:     Adapter Name: NVIDIA GeForce GTX 1050
[2018.01.06-14.58.17:772][  0]LogD3D11RHI:   Driver Version: Unknown (internal:Unknown, unified:Unknown)
[2018.01.06-14.58.17:772][  0]LogD3D11RHI:      Driver Date: Unknown
[2018.01.06-14.58.17:772][  0]LogRHI: Texture pool is 1361 MB (70% of 1945 MB)
[2018.01.06-14.58.17:798][  0]LogD3D11RHI: Async texture creation enabled
[2018.01.06-14.58.17:829][  0]LogD3D11RHI: GPU Timing Frequency: 1000.000000 (Debug: 2 1)
[2018.01.06-14.58.17:831][  0]LogShaderCompilers: Guid format shader working directory is -15 characters bigger than the processId version (../../../../../../Users/Marcus/Documents/GitHub/BANG/Bang 4.17/Intermediate/Shaders/WorkingDirectory/4332/).
[2018.01.06-14.58.17:832][  0]LogShaderCompilers: Cleaned the shader compiler working directory 'C:/Users/Marcus/AppData/Local/Temp/UnrealShaderWorkingDir/FF22A1ED4F58AED767FFBB95994B0E1D/'.
[2018.01.06-14.58.17:832][  0]LogShaderCompilers: Display: Using Local Shader Compiler.
[2018.01.06-14.58.19:386][  0]LogTemp: Display: Loaded TP AllDesktopTargetPlatform
[2018.01.06-14.58.19:557][  0]LogTemp: Display: Loaded TP MacClientTargetPlatform
[2018.01.06-14.58.19:727][  0]LogTemp: Display: Loaded TP MacNoEditorTargetPlatform
[2018.01.06-14.58.19:899][  0]LogTemp: Display: Loaded TP MacServerTargetPlatform
[2018.01.06-14.58.20:073][  0]LogTemp: Display: Loaded TP MacTargetPlatform
[2018.01.06-14.58.20:237][  0]LogTemp: Display: Loaded TP WindowsClientTargetPlatform
[2018.01.06-14.58.20:401][  0]LogTemp: Display: Loaded TP WindowsNoEditorTargetPlatform
[2018.01.06-14.58.20:563][  0]LogTemp: Display: Loaded TP WindowsServerTargetPlatform
[2018.01.06-14.58.20:723][  0]LogTemp: Display: Loaded TP WindowsTargetPlatform
[2018.01.06-14.58.20:884][  0]LogTemp: Display: Loaded TP AndroidTargetPlatform
[2018.01.06-14.58.21:047][  0]LogTemp: Display: Loaded TP Android_ASTCTargetPlatform
[2018.01.06-14.58.21:215][  0]LogTemp: Display: Loaded TP Android_ATCTargetPlatform
[2018.01.06-14.58.21:383][  0]LogTemp: Display: Loaded TP Android_DXTTargetPlatform
[2018.01.06-14.58.21:550][  0]LogTemp: Display: Loaded TP Android_ETC1TargetPlatform
[2018.01.06-14.58.21:717][  0]LogTemp: Display: Loaded TP Android_ETC2TargetPlatform
[2018.01.06-14.58.22:057][  0]LogTemp: Display: Loaded TP Android_MultiTargetPlatform
[2018.01.06-14.58.22:057][  0]LogTemp: Display: Loaded TP Android_PVRTCTargetPlatform
[2018.01.06-14.58.22:217][  0]LogTemp: Display: Loaded TP HTML5TargetPlatform
[2018.01.06-14.58.22:511][  0]LogTemp: Display: Loaded TP IOSTargetPlatform
[2018.01.06-14.58.22:612][  0]LogTemp: Display: Loaded TP TVOSTargetPlatform
[2018.01.06-14.58.22:770][  0]LogTemp: Display: Loaded TP LinuxClientTargetPlatform
[2018.01.06-14.58.22:928][  0]LogTemp: Display: Loaded TP LinuxNoEditorTargetPlatform
[2018.01.06-14.58.23:086][  0]LogTemp: Display: Loaded TP LinuxServerTargetPlatform
[2018.01.06-14.58.23:247][  0]LogTemp: Display: Loaded TP LinuxTargetPlatform
[2018.01.06-14.58.23:247][  0]LogTargetPlatformManager: Display: Building Assets For Windows
[2018.01.06-14.58.25:207][  0]LogDerivedDataCache: Display: Max Cache Size: 512 MB
[2018.01.06-14.58.25:279][  0]LogDerivedDataCache: Loaded boot cache 0.07s 93MB C:/Users/Marcus/AppData/Local/UnrealEngine/4.17/DerivedDataCache/Boot.ddc.
[2018.01.06-14.58.25:280][  0]LogDerivedDataCache: Display: Loaded Boot cache: C:/Users/Marcus/AppData/Local/UnrealEngine/4.17/DerivedDataCache/Boot.ddc
[2018.01.06-14.58.25:280][  0]LogDerivedDataCache: FDerivedDataBackendGraph:  Pak pak cache file ../../../../../../Users/Marcus/Documents/GitHub/BANG/Bang 4.17/DerivedDataCache/DDC.ddp not found, will not use a pak cache.
[2018.01.06-14.58.25:280][  0]LogDerivedDataCache: Unable to find inner node Pak for hierarchical cache Hierarchy.
[2018.01.06-14.58.25:280][  0]LogDerivedDataCache: FDerivedDataBackendGraph:  CompressedPak pak cache file ../../../../../../Users/Marcus/Documents/GitHub/BANG/Bang 4.17/DerivedDataCache/Compressed.ddp not found, will not use a pak cache.
[2018.01.06-14.58.25:280][  0]LogDerivedDataCache: Unable to find inner node CompressedPak for hierarchical cache Hierarchy.
[2018.01.06-14.58.25:295][  0]LogDerivedDataCache: Display: Pak cache opened for reading ../../../Engine/DerivedDataCache/Compressed.ddp.
[2018.01.06-14.58.25:308][  0]LogDerivedDataCache: Using Local data cache path C:/Users/Marcus/AppData/Local/UnrealEngine/Common/DerivedDataCache: Writable
[2018.01.06-14.58.25:318][  0]LogMaterial: Verifying Global Shaders for PCD3D_SM5
[2018.01.06-14.58.25:318][  0]LogSlate: Using Freetype 2.6.0
[2018.01.06-14.58.25:319][  0]LogSlate: SlateFontCache - WITH_FREETYPE: 1, WITH_HARFBUZZ: 1
[2018.01.06-14.58.25:319][  0]LogSlate: SlateFontCache - WITH_FREETYPE: 1, WITH_HARFBUZZ: 1
[2018.01.06-14.58.25:625][  0]LogAssetRegistry: FAssetRegistry took 0.0281 seconds to start up
[2018.01.06-14.58.25:839][  0]LogInit: Selected Device Profile: [Windows]
[2018.01.06-14.58.26:018][  0]LogContentStreaming: Texture pool size is 0.00 MB
[2018.01.06-14.58.26:963][  0]LogSimplygon: Simplygon DLL not present - disabling.
[2018.01.06-14.58.27:123][  0]LogMeshReduction: Using SimplygonSwarm for distributed automatic mesh merging
[2018.01.06-14.58.27:123][  0]LogMeshReduction: Using QuadricMeshReduction for automatic static mesh reduction
[2018.01.06-14.58.27:123][  0]LogMeshReduction: No automatic skeletal mesh reduction module available
[2018.01.06-14.58.27:123][  0]LogMeshReduction: No automatic mesh merging module available
[2018.01.06-14.58.27:123][  0]LogMeshMerging: No automatic mesh merging module available
[2018.01.06-14.58.27:619][  0]LogNetVersion: Bang , NetCL: 3573198, EngineNetVer: 2, GameNetVer: 0 (Checksum: 1517552222)
[2018.01.06-14.58.28:039][  0]LogPackageLocalizationCache: Processed 5 localized package path(s) for 2 prioritized culture(s) in 0.062544 seconds
[2018.01.06-14.58.28:045][  0]LogUObjectArray: 35825 objects as part of root set at end of initial load.
[2018.01.06-14.58.28:045][  0]LogUObjectAllocator: 7529104 out of 0 bytes used by permanent object pool.
[2018.01.06-14.58.28:045][  0]LogUObjectArray: CloseDisregardForGC: 0/0 objects in disregard for GC pool
[2018.01.06-14.58.28:307][  0]LogInit: WinSock: version 1.1 (2.2), MaxSocks=32767, MaxUdp=65467
[2018.01.06-14.58.34:944][  0]LogTcpMessaging: Initializing TcpMessaging bridge
[2018.01.06-14.58.35:064][  0]LogUdpMessaging: Initializing bridge on interface 0.0.0.0:0 to multicast group 230.0.0.1:6666.
[2018.01.06-14.58.37:595][  0]LogMaterial: Uniform references updated for custom material expression Custom.
[2018.01.06-14.58.38:971][  0]SourceControl: Source control is disabled
[2018.01.06-14.58.38:971][  0]SourceControl: Source control is disabled
[2018.01.06-14.58.39:161][  0]SourceControl: Source control is disabled
[2018.01.06-14.58.39:339][  0]SourceControl: Source control is disabled
[2018.01.06-14.58.41:536][  0]LogAndroidPermission: UAndroidPermissionCallbackProxy::GetInstance
[2018.01.06-14.58.42:408][  0]LogOcInput: OculusInput pre-init called
[2018.01.06-14.58.43:532][  0]LogEngine: Initializing Engine...
[2018.01.06-14.58.43:534][  0]LogHMD: Failed to initialize OpenVR with code 110
[2018.01.06-14.58.43:773][  0]LogStats: UGameplayTagsManager::ConstructGameplayTagTree: Construct from data asset -  0.000 s
[2018.01.06-14.58.43:773][  0]LogStats: UGameplayTagsManager::ConstructGameplayTagTree: GameplayTagTreeChangedEvent.Broadcast -  0.000 s
[2018.01.06-14.58.44:427][  0]LogAIModule: Creating AISystem for world Untitled
[2018.01.06-14.58.44:441][  0]LogInit: XAudio2 using 'Digital Audio (S/PDIF) (High Definition Audio Device)' : 2 channels at 44.1 kHz using 16 bits per sample (channel mask 0x3)
[2018.01.06-14.58.44:491][  0]LogInit: FAudioDevice initialized.
[2018.01.06-14.58.45:131][  0]LogDerivedDataCache: Saved boot cache 0.64s 93MB C:/Users/Marcus/AppData/Local/UnrealEngine/4.17/DerivedDataCache/Boot.ddc.
[2018.01.06-14.58.45:141][  0]LogInit: Texture streaming: Enabled
[2018.01.06-14.58.45:692][  0]LogEngineSessionManager: EngineSessionManager initialized
[2018.01.06-14.58.46:687][  0]LogInit: Transaction tracking system initialized
[2018.01.06-14.58.48:313][  0]BlueprintLog: New page: Editor Load
[2018.01.06-14.58.52:325][  0]LocalizationService: Localization service is disabled
[2018.01.06-14.58.55:119][  0]LogConsoleResponse: Display: 
[2018.01.06-14.58.55:475][  0]LogCook: Display: Max memory allowance for cook 16384mb min free memory 0mb
[2018.01.06-14.58.55:475][  0]LogCook: Display: Mobile HDR setting 1
[2018.01.06-14.58.55:475][  0]LogGameplayTags: Display: UGameplayTagsManager::DoneAddingNativeTags. DelegateIsBound: 0
[2018.01.06-14.58.55:609][  0]LogFileCache: Scanning file cache for directory 'C:/Users/Marcus/Documents/GitHub/BANG/Bang 4.17/Content/' took 0.02s
[2018.01.06-14.59.00:034][  0]SourceControl: Source control is disabled
[2018.01.06-14.59.00:035][  0]Cmd: MAP LOAD FILE="../../../../../../Users/Marcus/Documents/GitHub/BANG/Bang 4.17/Content/2DSideScrollerCPP/Maps/2DSideScrollerExampleMap.umap" TEMPLATE=0 SHOWPROGRESS=1 FEATURELEVEL=3
[2018.01.06-14.59.00:037][  0]LightingResults: New page: Lighting Build
[2018.01.06-14.59.00:202][  0]MapCheck: New page: Map Check
[2018.01.06-14.59.00:203][  0]LightingResults: New page: Lighting Build
[2018.01.06-14.59.00:477][  0]LogAIModule: Creating AISystem for world 2DSideScrollerExampleMap
[2018.01.06-14.59.00:481][  0]LogEditorServer: Finished looking for orphan Actors (0.000 secs)
[2018.01.06-14.59.00:493][  0]Cmd: MAP CHECKDEP NOCLEARLOG
[2018.01.06-14.59.00:624][  0]MapCheck: Map check complete: 0 Error(s), 0 Warning(s), took 130.268ms to complete.
[2018.01.06-14.59.00:625][  0]LogFileHelpers: Loading map '2DSideScrollerExampleMap' took 0.590
[2018.01.06-14.59.01:018][  0]LogCollectionManager: Loaded 0 collections in 0.002106 seconds
[2018.01.06-14.59.01:220][  0]LogFileCache: Scanning file cache for directory 'C:/Users/Marcus/Documents/GitHub/BANG/Bang 4.17/Saved/Collections/' took 0.01s
[2018.01.06-14.59.01:220][  0]LogFileCache: Scanning file cache for directory 'C:/Users/Marcus/Documents/GitHub/BANG/Bang 4.17/Content/Developers/Marcus/Collections/' took 0.01s
[2018.01.06-14.59.01:220][  0]LogFileCache: Scanning file cache for directory 'C:/Users/Marcus/Documents/GitHub/BANG/Bang 4.17/Content/Collections/' took 0.01s
[2018.01.06-14.59.01:220][  0]LogCollectionManager: Rebuilt the GUID cache for 0 collections in 0.000001 seconds
[2018.01.06-14.59.01:231][  0]LogContentBrowser: Native class hierarchy populated in 0.0105 seconds. Added 2391 classes and 504 folders.
[2018.01.06-14.59.01:473][  0]LogContentBrowser: Native class hierarchy updated for 'WidgetCarousel' in 0.0030 seconds. Added 0 classes and 0 folders.
[2018.01.06-14.59.01:581][  0]LogContentBrowser: Native class hierarchy updated for 'AddContentDialog' in 0.0029 seconds. Added 0 classes and 0 folders.
[2018.01.06-14.59.02:643][  0]LogSlate: Took 0.000613 seconds to synchronously load lazily loaded font '../../../Engine/Content/Slate/Fonts/Roboto-Regular.ttf' (155K)
[2018.01.06-14.59.02:649][  0]LogSlate: Took 0.000294 seconds to synchronously load lazily loaded font '../../../Engine/Content/Slate/Fonts/Roboto-Bold.ttf' (160K)
[2018.01.06-14.59.02:658][  0]LogSlate: Took 0.000275 seconds to synchronously load lazily loaded font '../../../Engine/Content/Editor/Slate/Fonts/FontAwesome.ttf' (139K)
[2018.01.06-14.59.02:660][  0]LogSlate: Took 0.000370 seconds to synchronously load lazily loaded font '../../../Engine/Content/Editor/Slate/Fonts/DroidSansMono.ttf' (77K)
[2018.01.06-14.59.02:793][  0]LogTemp: Executing iPhonePackager certificates Engine -bundlename com.YourCompany.Bang
[2018.01.06-14.59.02:794][  0]LogTemp: CWD: C:\Program Files\Epic Games\UE_4.17\Engine\Binaries\DotNET\IOS
[2018.01.06-14.59.02:794][  0]LogTemp: Initial Dir: C:\Program Files\Epic Games\UE_4.17
[2018.01.06-14.59.02:794][  0]LogTemp: Env CWD: C:\Program Files\Epic Games\UE_4.17\Engine\Binaries\DotNET\IOS
[2018.01.06-14.59.02:794][  0]LogTemp: BranchPath = MARCUSPC/C/Program Files/Epic Games/UE_4.17/Engine/Binaries --- GameBranchPath = MARCUSPC/C/Program Files/Epic Games/UE_4.17/Engine/Binaries
[2018.01.06-14.59.02:795][  0]LogTemp: IPP ERROR: Could not find provision directory 'C:\Users\Marcus\AppData\Local/Apple Computer/MobileDevice/Provisioning Profiles/'.
[2018.01.06-14.59.02:795][  0]LogRenderer: Reallocating scene render targets to support 1208x576 Format 10 NumSamples 1 (Frame:1).
[2018.01.06-14.59.03:077][  0]LogContentBrowser: Native class hierarchy updated for 'HierarchicalLODOutliner' in 0.0032 seconds. Added 1 classes and 2 folders.
[2018.01.06-14.59.03:078][  0]LogLoad: (Engine Initialization) Total time: 52.12 seconds
[2018.01.06-14.59.03:078][  0]LogLoad: (Engine Initialization) Total Blueprint compile time: 0.00 seconds
[2018.01.06-14.59.03:078][  0]LogExternalProfiler: Found external profiler: VSPerf
[2018.01.06-14.59.03:078][  0]LogExternalProfiler: Using external profiler: VSPerf
[2018.01.06-14.59.03:442][  0]LogContentStreaming: Texture pool size now 1000 MB
[2018.01.06-14.59.03:759][  1]LogAssetRegistry: Asset discovery search completed in 38.1567 seconds
[2018.01.06-14.59.03:762][  1]LogCollectionManager: Rebuilt the object cache for 0 collections in 0.000000 seconds (found 0 objects)
[2018.01.06-14.59.03:762][  1]LogCollectionManager: Fixed up redirectors for 0 collections in 0.000394 seconds (updated 0 objects)
[2018.01.06-14.59.05:466][ 12]LogTemp: Repeating last play command: Selected Viewport
[2018.01.06-14.59.05:603][ 12]LogBlueprintUserMessages: Early PlayInEditor Detection: Level '/Game/2DSideScrollerCPP/Maps/2DSideScrollerExampleMap.2DSideScrollerExampleMap:PersistentLevel' has LevelScriptBlueprint '/Game/2DSideScrollerCPP/Maps/2DSideScrollerExampleMap.2DSideScrollerExampleMap:PersistentLevel.2DSideScrollerExampleMap' with GeneratedClass '/Game/2DSideScrollerCPP/Maps/2DSideScrollerExampleMap.2DSideScrollerExampleMap_C' with ClassGeneratedBy '/Game/2DSideScrollerCPP/Maps/2DSideScrollerExampleMap.2DSideScrollerExampleMap:PersistentLevel.2DSideScrollerExampleMap'
[2018.01.06-14.59.05:604][ 12]LogPlayLevel: PlayLevel: No blueprints needed recompiling
[2018.01.06-14.59.05:604][ 12]PIE: New page: PIE session: 2DSideScrollerExampleMap (6 Jan 2018 14:59:05)
[2018.01.06-14.59.05:604][ 12]LogPlayLevel: Creating play world package: /Game/2DSideScrollerCPP/Maps/UEDPIE_0_2DSideScrollerExampleMap
[2018.01.06-14.59.05:607][ 12]LogPlayLevel: PIE: StaticDuplicateObject took: (0.002792s)
[2018.01.06-14.59.05:609][ 12]LogAIModule: Creating AISystem for world 2DSideScrollerExampleMap
[2018.01.06-14.59.05:609][ 12]LogPlayLevel: PIE: World Init took: (0.001175s)
[2018.01.06-14.59.05:610][ 12]LogPlayLevel: PIE: Created PIE world by copying editor world from /Game/2DSideScrollerCPP/Maps/2DSideScrollerExampleMap.2DSideScrollerExampleMap to /Game/2DSideScrollerCPP/Maps/UEDPIE_0_2DSideScrollerExampleMap.2DSideScrollerExampleMap (0.005825s)
[2018.01.06-14.59.05:621][ 12]LogInit: XAudio2 using 'Digital Audio (S/PDIF) (High Definition Audio Device)' : 2 channels at 44.1 kHz using 16 bits per sample (channel mask 0x3)
[2018.01.06-14.59.05:629][ 12]LogInit: FAudioDevice initialized.
[2018.01.06-14.59.05:697][ 12]LogLoad: Game class is 'BangGameMode'
[2018.01.06-14.59.05:700][ 12]LogWorld: Bringing World /Game/2DSideScrollerCPP/Maps/UEDPIE_0_2DSideScrollerExampleMap.2DSideScrollerExampleMap up for play (max tick rate 0) at 2018.01.06-14.59.05
[2018.01.06-14.59.05:701][ 12]LogWorld: Bringing up level for play took: 0.002338
[2018.01.06-14.59.05:863][ 12]LogContentBrowser: Native class hierarchy updated for 'MovieSceneCapture' in 0.0030 seconds. Added 11 classes and 0 folders.
[2018.01.06-14.59.05:864][ 12]PIE: Play in editor start time for /Game/2DSideScrollerCPP/Maps/UEDPIE_0_2DSideScrollerExampleMap -0.701
[2018.01.06-14.59.05:865][ 12]LogBlueprintUserMessages: Late PlayInEditor Detection: Level '/Game/2DSideScrollerCPP/Maps/2DSideScrollerExampleMap.2DSideScrollerExampleMap:PersistentLevel' has LevelScriptBlueprint '/Game/2DSideScrollerCPP/Maps/2DSideScrollerExampleMap.2DSideScrollerExampleMap:PersistentLevel.2DSideScrollerExampleMap' with GeneratedClass '/Game/2DSideScrollerCPP/Maps/2DSideScrollerExampleMap.2DSideScrollerExampleMap_C' with ClassGeneratedBy '/Game/2DSideScrollerCPP/Maps/2DSideScrollerExampleMap.2DSideScrollerExampleMap:PersistentLevel.2DSideScrollerExampleMap'
[2018.01.06-14.59.07:389][188]LogTemp: Hit Detected
[2018.01.06-14.59.07:404][188]LogTemp: I was hit
[2018.01.06-14.59.25:497][761]LogTemp: Overlaped owner
[2018.01.06-14.59.25:509][762]LogTemp: Hit Detected
[2018.01.06-14.59.29:206][ 89]LogBlueprintUserMessages: Early EndPlayMap Detection: Level '/Game/2DSideScrollerCPP/Maps/2DSideScrollerExampleMap.2DSideScrollerExampleMap:PersistentLevel' has LevelScriptBlueprint '/Game/2DSideScrollerCPP/Maps/2DSideScrollerExampleMap.2DSideScrollerExampleMap:PersistentLevel.2DSideScrollerExampleMap' with GeneratedClass '/Game/2DSideScrollerCPP/Maps/2DSideScrollerExampleMap.2DSideScrollerExampleMap_C' with ClassGeneratedBy '/Game/2DSideScrollerCPP/Maps/2DSideScrollerExampleMap.2DSideScrollerExampleMap:PersistentLevel.2DSideScrollerExampleMap'
[2018.01.06-14.59.29:246][ 89]LogBlueprintUserMessages: Late EndPlayMap Detection: Level '/Game/2DSideScrollerCPP/Maps/2DSideScrollerExampleMap.2DSideScrollerExampleMap:PersistentLevel' has LevelScriptBlueprint '/Game/2DSideScrollerCPP/Maps/2DSideScrollerExampleMap.2DSideScrollerExampleMap:PersistentLevel.2DSideScrollerExampleMap' with GeneratedClass '/Game/2DSideScrollerCPP/Maps/2DSideScrollerExampleMap.2DSideScrollerExampleMap_C' with ClassGeneratedBy '/Game/2DSideScrollerCPP/Maps/2DSideScrollerExampleMap.2DSideScrollerExampleMap:PersistentLevel.2DSideScrollerExampleMap'
