Log file open, 01/14/18 13:50:47
LogWindows: Failed to load 'aqProf.dll' (GetLastError=126)
LogWindows: File 'aqProf.dll' does not exist
LogWindows: Failed to load 'VtuneApi.dll' (GetLastError=126)
LogWindows: File 'VtuneApi.dll' does not exist
LogWindows: Failed to load 'VtuneApi32e.dll' (GetLastError=126)
LogWindows: File 'VtuneApi32e.dll' does not exist
LogInit: Display: Running engine for game: Bang
LogPlatformFile: Not using cached read wrapper
LogInit: Display: RandInit(948476966) SRandInit(948476966).
LogTaskGraph: Started task graph with 5 named threads and 14 total threads with 3 sets of task threads.
LogStats: Stats thread started at 0.191252
LogD3D11RHI: Aftermath initialized
LogPluginManager: Mounting plugin Paper2D
LogPluginManager: Mounting plugin LightPropagationVolume
LogPluginManager: Mounting plugin CodeLiteSourceCodeAccess
LogPluginManager: Mounting plugin GitSourceControl
LogPluginManager: Mounting plugin KDevelopSourceCodeAccess
LogPluginManager: Mounting plugin NullSourceCodeAccess
LogPluginManager: Mounting plugin PerforceSourceControl
LogPluginManager: Mounting plugin SubversionSourceControl
LogPluginManager: Mounting plugin UObjectPlugin
LogPluginManager: Mounting plugin VisualStudioSourceCodeAccess
LogPluginManager: Mounting plugin XCodeSourceCodeAccess
LogPluginManager: Mounting plugin AssetManagerEditor
LogPluginManager: Mounting plugin AudioCapture
LogPluginManager: Mounting plugin FacialAnimation
LogPluginManager: Mounting plugin GameplayTagsEditor
LogPluginManager: Mounting plugin MobileLauncherProfileWizard
LogPluginManager: Mounting plugin PluginBrowser
LogPluginManager: Mounting plugin SpeedTreeImporter
LogPluginManager: Mounting plugin AlembicImporter
LogPluginManager: Mounting plugin CharacterAI
LogPluginManager: Mounting plugin HTML5Networking
LogPluginManager: Mounting plugin AndroidMedia
LogPluginManager: Mounting plugin AvfMedia
LogPluginManager: Mounting plugin MediaPlayerEditor
LogPluginManager: Mounting plugin WmfMedia
LogPluginManager: Mounting plugin TcpMessaging
LogPluginManager: Mounting plugin UdpMessaging
LogPluginManager: Mounting plugin LevelSequenceEditor
LogPluginManager: Mounting plugin MatineeToLevelSequence
LogPluginManager: Mounting plugin OnlineSubsystemGooglePlay
LogPluginManager: Mounting plugin OnlineSubsystemIOS
LogPluginManager: Mounting plugin OnlineSubsystem
LogPluginManager: Mounting plugin OnlineSubsystemNull
LogPluginManager: Mounting plugin OnlineSubsystemUtils
LogPluginManager: Mounting plugin AndroidDeviceProfileSelector
LogPluginManager: Mounting plugin AndroidMoviePlayer
LogPluginManager: Mounting plugin AndroidPermission
LogPluginManager: Mounting plugin AppleMoviePlayer
LogPluginManager: Mounting plugin ArchVisCharacter
LogPluginManager: Mounting plugin CableComponent
LogPluginManager: Mounting plugin CustomMeshComponent
LogPluginManager: Mounting plugin ExampleDeviceProfileSelector
LogPluginManager: Mounting plugin GoogleCloudMessaging
LogPluginManager: Mounting plugin ImmediatePhysics
LogPluginManager: Mounting plugin IOSDeviceProfileSelector
LogPluginManager: Mounting plugin LinuxDeviceProfileSelector
LogPluginManager: Mounting plugin LocationServicesBPLibrary
LogPluginManager: Mounting plugin MobilePatchingUtils
LogPluginManager: Mounting plugin OculusVR
LogPluginManager: Mounting plugin PhysXVehicles
LogPluginManager: Mounting plugin ProceduralMeshComponent
LogPluginManager: Mounting plugin RuntimePhysXCooking
LogPluginManager: Mounting plugin SteamVR
LogPluginManager: Mounting plugin WindowsMoviePlayer
LogInit: Using libcurl 7.47.1
LogInit:  - built for x86_64-pc-win32
LogInit:  - supports SSL with OpenSSL/1.0.2g
LogInit:  - supports HTTP deflate (compression) using libz 1.2.8
LogInit:  - other features:
LogInit:      CURL_VERSION_SSL
LogInit:      CURL_VERSION_LIBZ
LogInit:      CURL_VERSION_IPV6
LogInit:      CURL_VERSION_ASYNCHDNS
LogInit:      CURL_VERSION_LARGEFILE
LogInit:      CURL_VERSION_IDN
LogInit:  CurlRequestOptions (configurable via config and command line):
LogInit:  - bVerifyPeer = false  - Libcurl will NOT verify peer certificate
LogInit:  - bUseHttpProxy = false  - Libcurl will NOT use HTTP proxy
LogInit:  - bDontReuseConnections = false  - Libcurl will reuse connections
LogInit:  - CertBundlePath = nullptr  - Libcurl will use whatever was configured at build time.
LogInit: Build: ++UE4+Release-4.17-CL-3658906
LogInit: Engine Version: 4.17.2-3658906+++UE4+Release-4.17
LogInit: Compatible Engine Version: 4.17.0-3573198+++UE4+Release-4.17
LogInit: Net CL: 3573198
LogDevObjectVersion: Number of dev versions registered: 16
LogDevObjectVersion:   Dev-Blueprints (B0D832E4-1F89-4F0D-ACCF-7EB736FD4AA2): 10
LogDevObjectVersion:   Dev-Build (E1C64328-A22C-4D53-A36C-8E866417BD8C): 0
LogDevObjectVersion:   Dev-Core (375EC13C-06E4-48FB-B500-84F0262A717E): 2
LogDevObjectVersion:   Dev-Editor (E4B068ED-F494-42E9-A231-DA0B2E46BB41): 20
LogDevObjectVersion:   Dev-Framework (CFFC743F-43B0-4480-9391-14DF171D2073): 28
LogDevObjectVersion:   Dev-Mobile (B02B49B5-BB20-44E9-A304-32B752E40360): 0
LogDevObjectVersion:   Dev-Networking (A4E4105C-59A1-49B5-A7C5-40C4547EDFEE): 0
LogDevObjectVersion:   Dev-Online (39C831C9-5AE6-47DC-9A44-9C173E1C8E7C): 0
LogDevObjectVersion:   Dev-Physics (78F01B33-EBEA-4F98-B9B4-84EACCB95AA2): 0
LogDevObjectVersion:   Dev-Platform (6631380F-2D4D-43E0-8009-CF276956A95A): 0
LogDevObjectVersion:   Dev-Rendering (12F88B9F-8875-4AFC-A67C-D90C383ABD29): 19
LogDevObjectVersion:   Dev-Sequencer (7B5AE74C-D270-4C10-A958-57980B212A5A): 4
LogDevObjectVersion:   Dev-VR (D7296918-1DD6-4BDD-9DE2-64A83CC13884): 0
LogDevObjectVersion:   Dev-LoadTimes (C2A15278-BFE7-4AFE-6C17-90FF531DF755): 1
LogDevObjectVersion:   Private-Geometry (6EACA3D4-40EC-4CC1-B786-8BED09428FC5): 1
LogDevObjectVersion:   Dev-AnimPhys (29E575DD-E0A3-4627-9D10-D276232CDCEA): 7
LogInit: Compiled (64-bit): Sep 22 2017 13:47:16
LogInit: Compiled with Visual C++: 19.00.24215.01
LogInit: Build Configuration: Development
LogInit: Branch Name: ++UE4+Release-4.17
LogInit: Command line: 
LogInit: Base directory: C:/Program Files/Epic Games/UE_4.17/Engine/Binaries/Win64/
LogInit: Installed Engine Build: 1
LogInit: Presizing for max 8388607 objects, including 0 objects not considered by GC, pre-allocating 0 bytes for permanent pool.
LogInit: Object subsystem initialized
[2018.01.14-13.50.50:873][  0]LogInit: Selected Device Profile: [Windows]
[2018.01.14-13.50.50:873][  0]LogInit: Applying CVar settings loaded from the selected device profile: [Windows]
[2018.01.14-13.50.50:890][  0]LogInit: Computer: MARCUSPC
[2018.01.14-13.50.50:890][  0]LogInit: User: Marcus
[2018.01.14-13.50.50:890][  0]LogInit: CPU Page size=4096, Cores=4
[2018.01.14-13.50.50:890][  0]LogInit: High frequency timer resolution =2.929685 MHz
[2018.01.14-13.50.50:890][  0]LogMemory: Memory total: Physical=16.0GB (16GB approx)
[2018.01.14-13.50.50:890][  0]LogMemory: Platform Memory Stats for Windows
[2018.01.14-13.50.50:890][  0]LogMemory: Process Physical Memory: 279.84 MB used, 279.84 MB peak
[2018.01.14-13.50.50:890][  0]LogMemory: Process Virtual Memory: 290.07 MB used, 290.07 MB peak
[2018.01.14-13.50.50:890][  0]LogMemory: Physical Memory: 7006.69 MB used,  9329.74 MB free, 16336.43 MB total
[2018.01.14-13.50.50:890][  0]LogMemory: Virtual Memory: 722.32 MB used,  9329.74 MB free, 134217728.00 MB total
[2018.01.14-13.50.51:643][  0]LogInit: Using OS detected language (en-US).
[2018.01.14-13.50.51:643][  0]LogInit: Using OS detected locale (en-GB).
[2018.01.14-13.50.51:648][  0]LogTextLocalizationManager: No specific localization for 'en-US' exists, so the 'en' localization will be used.
[2018.01.14-13.50.52:652][  0]LogD3D11RHI: D3D11 adapters:
[2018.01.14-13.50.52:693][  0]LogD3D11RHI:    0. 'NVIDIA GeForce GTX 1050' (Feature Level 11_0)
[2018.01.14-13.50.52:693][  0]LogD3D11RHI:       1977/0/8168 MB DedicatedVideo/DedicatedSystem/SharedSystem, Outputs:2, VendorId:0x10de
[2018.01.14-13.50.52:696][  0]LogD3D11RHI:    1. 'Microsoft Basic Render Driver' (Feature Level 11_0)
[2018.01.14-13.50.52:696][  0]LogD3D11RHI:       0/0/8168 MB DedicatedVideo/DedicatedSystem/SharedSystem, Outputs:0, VendorId:0x1414
[2018.01.14-13.50.52:696][  0]LogD3D11RHI: Chosen D3D11 Adapter: 0
[2018.01.14-13.50.52:703][  0]LogD3D11RHI: Creating new Direct3DDevice
[2018.01.14-13.50.52:704][  0]LogD3D11RHI:     GPU DeviceId: 0x1c81 (for the marketing name, search the web for "GPU Device Id")
[2018.01.14-13.50.52:704][  0]LogWindows: EnumDisplayDevices:
[2018.01.14-13.50.52:704][  0]LogWindows:    0. 'NVIDIA GeForce GTX 1050' (P:1 D:1)
[2018.01.14-13.50.52:704][  0]LogWindows:    1. 'NVIDIA GeForce GTX 1050' (P:0 D:1)
[2018.01.14-13.50.52:704][  0]LogWindows:    2. 'NVIDIA GeForce GTX 1050' (P:0 D:0)
[2018.01.14-13.50.52:704][  0]LogWindows:    3. 'NVIDIA GeForce GTX 1050' (P:0 D:0)
[2018.01.14-13.50.52:704][  0]LogWindows: DebugString: GetVideoDriverDetailsInvalid PrimaryIsNotTheChoosenAdapter GetVideoDriverDetailsInvalid PrimaryIsNotTheChoosenAdapter GetVideoDriverDetailsInvalid PrimaryIsNotTheChoosenAdapter GetVideoDriverDetailsInvalid PrimaryIsNotTheChoosenAdapter FoundDriverCount:0 
[2018.01.14-13.50.52:704][  0]LogD3D11RHI:     Adapter Name: NVIDIA GeForce GTX 1050
[2018.01.14-13.50.52:704][  0]LogD3D11RHI:   Driver Version: Unknown (internal:Unknown, unified:Unknown)
[2018.01.14-13.50.52:704][  0]LogD3D11RHI:      Driver Date: Unknown
[2018.01.14-13.50.52:704][  0]LogRHI: Texture pool is 1361 MB (70% of 1945 MB)
[2018.01.14-13.50.52:730][  0]LogD3D11RHI: Async texture creation enabled
[2018.01.14-13.50.52:747][  0]LogD3D11RHI: GPU Timing Frequency: 1000.000000 (Debug: 2 2)
[2018.01.14-13.50.52:753][  0]LogShaderCompilers: Guid format shader working directory is -15 characters bigger than the processId version (../../../../../../Users/Marcus/Documents/GitHub/BANG/Bang 4.17/Intermediate/Shaders/WorkingDirectory/6984/).
[2018.01.14-13.50.52:754][  0]LogShaderCompilers: Cleaned the shader compiler working directory 'C:/Users/Marcus/AppData/Local/Temp/UnrealShaderWorkingDir/0681BE624F3228CBE0EED5B211E4055D/'.
[2018.01.14-13.50.52:754][  0]LogShaderCompilers: Display: Using Local Shader Compiler.
[2018.01.14-13.50.54:037][  0]LogTemp: Display: Loaded TP AllDesktopTargetPlatform
[2018.01.14-13.50.54:213][  0]LogTemp: Display: Loaded TP MacClientTargetPlatform
[2018.01.14-13.50.54:400][  0]LogTemp: Display: Loaded TP MacNoEditorTargetPlatform
[2018.01.14-13.50.54:578][  0]LogTemp: Display: Loaded TP MacServerTargetPlatform
[2018.01.14-13.50.54:761][  0]LogTemp: Display: Loaded TP MacTargetPlatform
[2018.01.14-13.50.54:944][  0]LogTemp: Display: Loaded TP WindowsClientTargetPlatform
[2018.01.14-13.50.55:141][  0]LogTemp: Display: Loaded TP WindowsNoEditorTargetPlatform
[2018.01.14-13.50.55:326][  0]LogTemp: Display: Loaded TP WindowsServerTargetPlatform
[2018.01.14-13.50.55:501][  0]LogTemp: Display: Loaded TP WindowsTargetPlatform
[2018.01.14-13.50.55:679][  0]LogTemp: Display: Loaded TP AndroidTargetPlatform
[2018.01.14-13.50.55:858][  0]LogTemp: Display: Loaded TP Android_ASTCTargetPlatform
[2018.01.14-13.50.56:038][  0]LogTemp: Display: Loaded TP Android_ATCTargetPlatform
[2018.01.14-13.50.56:216][  0]LogTemp: Display: Loaded TP Android_DXTTargetPlatform
[2018.01.14-13.50.56:417][  0]LogTemp: Display: Loaded TP Android_ETC1TargetPlatform
[2018.01.14-13.50.56:606][  0]LogTemp: Display: Loaded TP Android_ETC2TargetPlatform
[2018.01.14-13.50.56:988][  0]LogTemp: Display: Loaded TP Android_MultiTargetPlatform
[2018.01.14-13.50.56:988][  0]LogTemp: Display: Loaded TP Android_PVRTCTargetPlatform
[2018.01.14-13.50.57:161][  0]LogTemp: Display: Loaded TP HTML5TargetPlatform
[2018.01.14-13.50.57:468][  0]LogTemp: Display: Loaded TP IOSTargetPlatform
[2018.01.14-13.50.57:591][  0]LogTemp: Display: Loaded TP TVOSTargetPlatform
[2018.01.14-13.50.57:835][  0]LogTemp: Display: Loaded TP LinuxClientTargetPlatform
[2018.01.14-13.50.58:028][  0]LogTemp: Display: Loaded TP LinuxNoEditorTargetPlatform
[2018.01.14-13.50.58:248][  0]LogTemp: Display: Loaded TP LinuxServerTargetPlatform
[2018.01.14-13.50.58:521][  0]LogTemp: Display: Loaded TP LinuxTargetPlatform
[2018.01.14-13.50.58:521][  0]LogTargetPlatformManager: Display: Building Assets For Windows
[2018.01.14-13.51.00:787][  0]LogDerivedDataCache: Display: Max Cache Size: 512 MB
[2018.01.14-13.51.00:890][  0]LogDerivedDataCache: Loaded boot cache 0.10s 93MB C:/Users/Marcus/AppData/Local/UnrealEngine/4.17/DerivedDataCache/Boot.ddc.
[2018.01.14-13.51.00:890][  0]LogDerivedDataCache: Display: Loaded Boot cache: C:/Users/Marcus/AppData/Local/UnrealEngine/4.17/DerivedDataCache/Boot.ddc
[2018.01.14-13.51.00:890][  0]LogDerivedDataCache: FDerivedDataBackendGraph:  Pak pak cache file ../../../../../../Users/Marcus/Documents/GitHub/BANG/Bang 4.17/DerivedDataCache/DDC.ddp not found, will not use a pak cache.
[2018.01.14-13.51.00:890][  0]LogDerivedDataCache: Unable to find inner node Pak for hierarchical cache Hierarchy.
[2018.01.14-13.51.00:890][  0]LogDerivedDataCache: FDerivedDataBackendGraph:  CompressedPak pak cache file ../../../../../../Users/Marcus/Documents/GitHub/BANG/Bang 4.17/DerivedDataCache/Compressed.ddp not found, will not use a pak cache.
[2018.01.14-13.51.00:890][  0]LogDerivedDataCache: Unable to find inner node CompressedPak for hierarchical cache Hierarchy.
[2018.01.14-13.51.00:907][  0]LogDerivedDataCache: Display: Pak cache opened for reading ../../../Engine/DerivedDataCache/Compressed.ddp.
[2018.01.14-13.51.00:920][  0]LogDerivedDataCache: Using Local data cache path C:/Users/Marcus/AppData/Local/UnrealEngine/Common/DerivedDataCache: Writable
[2018.01.14-13.51.00:931][  0]LogMaterial: Verifying Global Shaders for PCD3D_SM5
[2018.01.14-13.51.00:931][  0]LogSlate: Using Freetype 2.6.0
[2018.01.14-13.51.00:933][  0]LogSlate: SlateFontCache - WITH_FREETYPE: 1, WITH_HARFBUZZ: 1
[2018.01.14-13.51.00:933][  0]LogSlate: SlateFontCache - WITH_FREETYPE: 1, WITH_HARFBUZZ: 1
[2018.01.14-13.51.01:313][  0]LogAssetRegistry: FAssetRegistry took 0.0268 seconds to start up
[2018.01.14-13.51.01:564][  0]LogInit: Selected Device Profile: [Windows]
[2018.01.14-13.51.02:775][  0]LogSimplygon: Simplygon DLL not present - disabling.
[2018.01.14-13.51.02:955][  0]LogMeshReduction: Using SimplygonSwarm for distributed automatic mesh merging
[2018.01.14-13.51.02:955][  0]LogMeshReduction: Using QuadricMeshReduction for automatic static mesh reduction
[2018.01.14-13.51.02:955][  0]LogMeshReduction: No automatic skeletal mesh reduction module available
[2018.01.14-13.51.02:955][  0]LogMeshReduction: No automatic mesh merging module available
[2018.01.14-13.51.02:955][  0]LogMeshMerging: No automatic mesh merging module available
[2018.01.14-13.51.02:957][  0]LogContentStreaming: Texture pool size is 0.00 MB
[2018.01.14-13.51.03:659][  0]LogNetVersion: Bang , NetCL: 3573198, EngineNetVer: 2, GameNetVer: 0 (Checksum: 1517552222)
[2018.01.14-13.51.04:171][  0]LogPackageLocalizationCache: Processed 5 localized package path(s) for 2 prioritized culture(s) in 0.080627 seconds
[2018.01.14-13.51.04:177][  0]LogUObjectArray: 35825 objects as part of root set at end of initial load.
[2018.01.14-13.51.04:177][  0]LogUObjectAllocator: 7529112 out of 0 bytes used by permanent object pool.
[2018.01.14-13.51.04:177][  0]LogUObjectArray: CloseDisregardForGC: 0/0 objects in disregard for GC pool
[2018.01.14-13.51.04:489][  0]LogInit: WinSock: version 1.1 (2.2), MaxSocks=32767, MaxUdp=65467
[2018.01.14-13.51.12:156][  0]LogTcpMessaging: Initializing TcpMessaging bridge
[2018.01.14-13.51.12:283][  0]LogUdpMessaging: Initializing bridge on interface 0.0.0.0:0 to multicast group 230.0.0.1:6666.
[2018.01.14-13.51.14:756][  0]LogMaterial: Uniform references updated for custom material expression Custom.
[2018.01.14-13.51.16:216][  0]SourceControl: Source control is disabled
[2018.01.14-13.51.16:216][  0]SourceControl: Source control is disabled
[2018.01.14-13.51.16:420][  0]SourceControl: Source control is disabled
[2018.01.14-13.51.16:617][  0]SourceControl: Source control is disabled
[2018.01.14-13.51.18:968][  0]LogAndroidPermission: UAndroidPermissionCallbackProxy::GetInstance
[2018.01.14-13.51.19:943][  0]LogOcInput: OculusInput pre-init called
[2018.01.14-13.51.20:848][  0]LogEngine: Initializing Engine...
[2018.01.14-13.51.20:850][  0]LogHMD: Failed to initialize OpenVR with code 110
[2018.01.14-13.51.21:076][  0]LogStats: UGameplayTagsManager::ConstructGameplayTagTree: Construct from data asset -  0.000 s
[2018.01.14-13.51.21:076][  0]LogStats: UGameplayTagsManager::ConstructGameplayTagTree: GameplayTagTreeChangedEvent.Broadcast -  0.000 s
[2018.01.14-13.51.21:591][  0]LogAIModule: Creating AISystem for world Untitled
[2018.01.14-13.51.21:599][  0]LogInit: XAudio2 using 'Headphones (High Definition Audio Device)' : 2 channels at 44.1 kHz using 16 bits per sample (channel mask 0x3)
[2018.01.14-13.51.21:613][  0]LogInit: FAudioDevice initialized.
[2018.01.14-13.51.21:763][  0]LogDerivedDataCache: Saved boot cache 0.15s 93MB C:/Users/Marcus/AppData/Local/UnrealEngine/4.17/DerivedDataCache/Boot.ddc.
[2018.01.14-13.51.21:771][  0]LogInit: Texture streaming: Enabled
[2018.01.14-13.51.22:295][  0]LogEngineSessionManager: EngineSessionManager initialized
[2018.01.14-13.51.22:295][  0]LogEngineSessionManager: EngineSessionManager sent abnormal shutdown report. Type=Crashed, SessionId={05092081-4056-3820-A70B-B3B4EA8EC8DB}
[2018.01.14-13.51.23:178][  0]LogInit: Transaction tracking system initialized
[2018.01.14-13.51.24:478][  0]BlueprintLog: New page: Editor Load
[2018.01.14-13.51.28:353][  0]LocalizationService: Localization service is disabled
[2018.01.14-13.51.31:167][  0]LogConsoleResponse: Display: 
[2018.01.14-13.51.31:535][  0]LogCook: Display: Max memory allowance for cook 16384mb min free memory 0mb
[2018.01.14-13.51.31:535][  0]LogCook: Display: Mobile HDR setting 1
[2018.01.14-13.51.31:535][  0]LogGameplayTags: Display: UGameplayTagsManager::DoneAddingNativeTags. DelegateIsBound: 0
[2018.01.14-13.51.31:645][  0]LogFileCache: Scanning file cache for directory 'C:/Users/Marcus/Documents/GitHub/BANG/Bang 4.17/Content/' took 0.02s
[2018.01.14-13.51.36:262][  0]SourceControl: Source control is disabled
[2018.01.14-13.51.36:263][  0]Cmd: MAP LOAD FILE="../../../../../../Users/Marcus/Documents/GitHub/BANG/Bang 4.17/Content/2DSideScrollerCPP/Maps/2DSideScrollerExampleMap.umap" TEMPLATE=0 SHOWPROGRESS=1 FEATURELEVEL=3
[2018.01.14-13.51.36:264][  0]LightingResults: New page: Lighting Build
[2018.01.14-13.51.36:459][  0]MapCheck: New page: Map Check
[2018.01.14-13.51.36:459][  0]LightingResults: New page: Lighting Build
[2018.01.14-13.51.36:809][  0]LogAIModule: Creating AISystem for world 2DSideScrollerExampleMap
[2018.01.14-13.51.36:813][  0]LogEditorServer: Finished looking for orphan Actors (0.000 secs)
[2018.01.14-13.51.36:826][  0]Cmd: MAP CHECKDEP NOCLEARLOG
[2018.01.14-13.51.36:982][  0]MapCheck: Map check complete: 0 Error(s), 0 Warning(s), took 155.826ms to complete.
[2018.01.14-13.51.36:982][  0]LogFileHelpers: Loading map '2DSideScrollerExampleMap' took 0.720
[2018.01.14-13.51.37:394][  0]LogCollectionManager: Loaded 0 collections in 0.002593 seconds
[2018.01.14-13.51.37:606][  0]LogFileCache: Scanning file cache for directory 'C:/Users/Marcus/Documents/GitHub/BANG/Bang 4.17/Saved/Collections/' took 0.01s
[2018.01.14-13.51.37:606][  0]LogFileCache: Scanning file cache for directory 'C:/Users/Marcus/Documents/GitHub/BANG/Bang 4.17/Content/Developers/Marcus/Collections/' took 0.01s
[2018.01.14-13.51.37:606][  0]LogFileCache: Scanning file cache for directory 'C:/Users/Marcus/Documents/GitHub/BANG/Bang 4.17/Content/Collections/' took 0.01s
[2018.01.14-13.51.37:606][  0]LogCollectionManager: Rebuilt the GUID cache for 0 collections in 0.000000 seconds
[2018.01.14-13.51.37:617][  0]LogContentBrowser: Native class hierarchy populated in 0.0108 seconds. Added 2391 classes and 504 folders.
[2018.01.14-13.51.37:903][  0]LogContentBrowser: Native class hierarchy updated for 'WidgetCarousel' in 0.0037 seconds. Added 0 classes and 0 folders.
[2018.01.14-13.51.38:010][  0]LogContentBrowser: Native class hierarchy updated for 'AddContentDialog' in 0.0032 seconds. Added 0 classes and 0 folders.
[2018.01.14-13.51.39:332][  0]LogSlate: Took 0.000445 seconds to synchronously load lazily loaded font '../../../Engine/Content/Slate/Fonts/Roboto-Regular.ttf' (155K)
[2018.01.14-13.51.39:337][  0]LogSlate: Took 0.000273 seconds to synchronously load lazily loaded font '../../../Engine/Content/Slate/Fonts/Roboto-Bold.ttf' (160K)
[2018.01.14-13.51.39:341][  0]LogSlate: Took 0.000269 seconds to synchronously load lazily loaded font '../../../Engine/Content/Editor/Slate/Fonts/FontAwesome.ttf' (139K)
[2018.01.14-13.51.39:487][  0]LogTemp: Executing iPhonePackager certificates Engine -bundlename com.YourCompany.Bang
[2018.01.14-13.51.39:487][  0]LogTemp: CWD: C:\Program Files\Epic Games\UE_4.17\Engine\Binaries\DotNET\IOS
[2018.01.14-13.51.39:487][  0]LogTemp: Initial Dir: C:\Program Files\Epic Games\UE_4.17
[2018.01.14-13.51.39:487][  0]LogTemp: Env CWD: C:\Program Files\Epic Games\UE_4.17\Engine\Binaries\DotNET\IOS
[2018.01.14-13.51.39:487][  0]LogTemp: BranchPath = MARCUSPC/C/Program Files/Epic Games/UE_4.17/Engine/Binaries --- GameBranchPath = MARCUSPC/C/Program Files/Epic Games/UE_4.17/Engine/Binaries
[2018.01.14-13.51.39:487][  0]LogTemp: IPP ERROR: Could not find provision directory 'C:\Users\Marcus\AppData\Local/Apple Computer/MobileDevice/Provisioning Profiles/'.
[2018.01.14-13.51.39:487][  0]LogRenderer: Reallocating scene render targets to support 1208x576 Format 10 NumSamples 1 (Frame:1).
[2018.01.14-13.51.39:819][  0]LogContentBrowser: Native class hierarchy updated for 'HierarchicalLODOutliner' in 0.0041 seconds. Added 1 classes and 2 folders.
[2018.01.14-13.51.39:819][  0]LogLoad: (Engine Initialization) Total time: 53.93 seconds
[2018.01.14-13.51.39:820][  0]LogLoad: (Engine Initialization) Total Blueprint compile time: 0.00 seconds
[2018.01.14-13.51.39:820][  0]LogExternalProfiler: Found external profiler: VSPerf
[2018.01.14-13.51.39:820][  0]LogExternalProfiler: Using external profiler: VSPerf
[2018.01.14-13.51.40:184][  0]LogContentStreaming: Texture pool size now 1000 MB
[2018.01.14-13.51.40:236][  0]LogSlate: Took 0.000449 seconds to synchronously load lazily loaded font '../../../Engine/Content/Slate/Fonts/Roboto-Light.ttf' (159K)
[2018.01.14-13.51.40:505][  1]LogAssetRegistry: Asset discovery search completed in 39.2147 seconds
[2018.01.14-13.51.40:507][  1]LogCollectionManager: Rebuilt the object cache for 0 collections in 0.000000 seconds (found 0 objects)
[2018.01.14-13.51.40:507][  1]LogCollectionManager: Fixed up redirectors for 0 collections in 0.000084 seconds (updated 0 objects)
[2018.01.14-13.54.58:993][595]LogHotReload: New module detected: UE4Editor-Bang-5077.dll
[2018.01.14-13.55.00:010][599]LogHotReload: Starting Hot-Reload from IDE
[2018.01.14-13.55.00:017][599]LogSlate: Took 0.000225 seconds to synchronously load lazily loaded font '../../../Engine/Content/Slate/Fonts/Roboto-Light.ttf' (159K)
[2018.01.14-13.55.00:282][599]LogClass: Could not find existing class MeleeHitbox in package /Script/Bang for HotReload, assuming new class
[2018.01.14-13.55.00:282][599]LogClass: Function OnHit is new.
[2018.01.14-13.55.00:285][599]LogHotReload: Re-instancing BangCharacter after hot-reload.
[2018.01.14-13.55.00:437][599]LogHotReload: Re-instancing MeleeHitbox after hot-reload.
[2018.01.14-13.55.00:480][599]LogContentBrowser: Native class hierarchy updated for 'Bang' in 0.0037 seconds. Added 4 classes and 2 folders.
[2018.01.14-13.55.00:482][599]Display: HotReload successful (1 functions remapped  0 scriptstructs remapped)
[2018.01.14-13.55.00:555][599]LogContentBrowser: Native class hierarchy populated in 0.0121 seconds. Added 2392 classes and 506 folders.
[2018.01.14-13.55.00:561][599]Display: HotReload took  0.6s.
[2018.01.14-13.55.09:720][835]LogTemp: Repeating last play command: Selected Viewport
[2018.01.14-13.55.09:776][835]LogBlueprintUserMessages: Early PlayInEditor Detection: Level '/Game/2DSideScrollerCPP/Maps/2DSideScrollerExampleMap.2DSideScrollerExampleMap:PersistentLevel' has LevelScriptBlueprint '/Game/2DSideScrollerCPP/Maps/2DSideScrollerExampleMap.2DSideScrollerExampleMap:PersistentLevel.2DSideScrollerExampleMap' with GeneratedClass '/Game/2DSideScrollerCPP/Maps/2DSideScrollerExampleMap.2DSideScrollerExampleMap_C' with ClassGeneratedBy '/Game/2DSideScrollerCPP/Maps/2DSideScrollerExampleMap.2DSideScrollerExampleMap:PersistentLevel.2DSideScrollerExampleMap'
[2018.01.14-13.55.09:776][835]LogPlayLevel: PlayLevel: No blueprints needed recompiling
[2018.01.14-13.55.09:776][835]PIE: New page: PIE session: 2DSideScrollerExampleMap (14 Jan 2018 13:55:09)
[2018.01.14-13.55.09:776][835]LogPlayLevel: Creating play world package: /Game/2DSideScrollerCPP/Maps/UEDPIE_0_2DSideScrollerExampleMap
[2018.01.14-13.55.09:779][835]LogPlayLevel: PIE: StaticDuplicateObject took: (0.002693s)
[2018.01.14-13.55.09:780][835]LogAIModule: Creating AISystem for world 2DSideScrollerExampleMap
[2018.01.14-13.55.09:780][835]LogPlayLevel: PIE: World Init took: (0.000711s)
[2018.01.14-13.55.09:780][835]LogPlayLevel: PIE: Created PIE world by copying editor world from /Game/2DSideScrollerCPP/Maps/2DSideScrollerExampleMap.2DSideScrollerExampleMap to /Game/2DSideScrollerCPP/Maps/UEDPIE_0_2DSideScrollerExampleMap.2DSideScrollerExampleMap (0.003754s)
[2018.01.14-13.55.09:791][835]LogInit: XAudio2 using 'Headphones (High Definition Audio Device)' : 2 channels at 44.1 kHz using 16 bits per sample (channel mask 0x3)
[2018.01.14-13.55.09:798][835]LogInit: FAudioDevice initialized.
[2018.01.14-13.55.09:841][835]LogLoad: Game class is 'BangGameMode'
[2018.01.14-13.55.09:843][835]LogWorld: Bringing World /Game/2DSideScrollerCPP/Maps/UEDPIE_0_2DSideScrollerExampleMap.2DSideScrollerExampleMap up for play (max tick rate 0) at 2018.01.14-13.55.09
[2018.01.14-13.55.09:844][835]LogWorld: Bringing up level for play took: 0.001935
[2018.01.14-13.55.10:031][835]LogContentBrowser: Native class hierarchy updated for 'MovieSceneCapture' in 0.0032 seconds. Added 11 classes and 0 folders.
[2018.01.14-13.55.10:032][835]PIE: Play in editor start time for /Game/2DSideScrollerCPP/Maps/UEDPIE_0_2DSideScrollerExampleMap -0.158
[2018.01.14-13.55.10:032][835]LogBlueprintUserMessages: Late PlayInEditor Detection: Level '/Game/2DSideScrollerCPP/Maps/2DSideScrollerExampleMap.2DSideScrollerExampleMap:PersistentLevel' has LevelScriptBlueprint '/Game/2DSideScrollerCPP/Maps/2DSideScrollerExampleMap.2DSideScrollerExampleMap:PersistentLevel.2DSideScrollerExampleMap' with GeneratedClass '/Game/2DSideScrollerCPP/Maps/2DSideScrollerExampleMap.2DSideScrollerExampleMap_C' with ClassGeneratedBy '/Game/2DSideScrollerCPP/Maps/2DSideScrollerExampleMap.2DSideScrollerExampleMap:PersistentLevel.2DSideScrollerExampleMap'
[2018.01.14-13.55.11:161][968]LogTemp: Ranged Hit Detected
[2018.01.14-13.55.11:161][968]LogTemp: I was hit
[2018.01.14-13.55.18:324][827]LogBlueprintUserMessages: Early EndPlayMap Detection: Level '/Game/2DSideScrollerCPP/Maps/2DSideScrollerExampleMap.2DSideScrollerExampleMap:PersistentLevel' has LevelScriptBlueprint '/Game/2DSideScrollerCPP/Maps/2DSideScrollerExampleMap.2DSideScrollerExampleMap:PersistentLevel.2DSideScrollerExampleMap' with GeneratedClass '/Game/2DSideScrollerCPP/Maps/2DSideScrollerExampleMap.2DSideScrollerExampleMap_C' with ClassGeneratedBy '/Game/2DSideScrollerCPP/Maps/2DSideScrollerExampleMap.2DSideScrollerExampleMap:PersistentLevel.2DSideScrollerExampleMap'
[2018.01.14-13.55.18:355][827]LogBlueprintUserMessages: Late EndPlayMap Detection: Level '/Game/2DSideScrollerCPP/Maps/2DSideScrollerExampleMap.2DSideScrollerExampleMap:PersistentLevel' has LevelScriptBlueprint '/Game/2DSideScrollerCPP/Maps/2DSideScrollerExampleMap.2DSideScrollerExampleMap:PersistentLevel.2DSideScrollerExampleMap' with GeneratedClass '/Game/2DSideScrollerCPP/Maps/2DSideScrollerExampleMap.2DSideScrollerExampleMap_C' with ClassGeneratedBy '/Game/2DSideScrollerCPP/Maps/2DSideScrollerExampleMap.2DSideScrollerExampleMap:PersistentLevel.2DSideScrollerExampleMap'
[2018.01.14-13.56.38:648][239]Candidate modules for hot reload:
[2018.01.14-13.56.38:648][239]  Bang
[2018.01.14-13.56.38:648][239]Launching UnrealBuildTool... [C:/Program Files/Epic Games/UE_4.17/Engine/Binaries/DotNET/UnrealBuildTool.exe Bang -ModuleWithSuffix Bang 5923 Win64 Development -editorrecompile -canskiplink "C:/Users/Marcus/Documents/GitHub/BANG/Bang 4.17/Bang.uproject" ]
[2018.01.14-13.56.38:653][239]Warning: Starting HotReload took  0.0s.
[2018.01.14-13.57.09:704][906]CompilerResultsLog: New page: Compilation - 14 Jan 2018 13:57:09
[2018.01.14-13.57.09:705][906]CompilerResultsLog: C:\Users\Marcus\Documents\GitHub\BANG\Bang 4.17\Source\Bang\Bang.Build.cs: warning: Module constructors should take a ReadOnlyTargetRules argument (rather than a TargetInfo argument) and pass it to the base class constructor from 4.15 onwards. Please update the method signature.
[2018.01.14-13.57.09:705][906]CompilerResultsLog: C:\Users\Marcus\Documents\GitHub\BANG\Bang 4.17\Source\Bang.Target.cs: warning: SetupBinaries() is deprecated in the 4.16 release. From the constructor in your .target.cs file, use ExtraModuleNames.Add("Foo") to add modules to your target, or set LaunchModuleName = "Foo" to override the name of the launch module for program targets.
[2018.01.14-13.57.09:705][906]CompilerResultsLog: C:\Users\Marcus\Documents\GitHub\BANG\Bang 4.17\Source\BangEditor.Target.cs: warning: SetupBinaries() is deprecated in the 4.16 release. From the constructor in your .target.cs file, use ExtraModuleNames.Add("Foo") to add modules to your target, or set LaunchModuleName = "Foo" to override the name of the launch module for program targets.
[2018.01.14-13.57.09:705][906]CompilerResultsLog: Compiling game modules for hot reload
[2018.01.14-13.57.09:705][906]CompilerResultsLog: Parsing headers for BangEditor
[2018.01.14-13.57.09:705][906]CompilerResultsLog:   Running UnrealHeaderTool "C:\Users\Marcus\Documents\GitHub\BANG\Bang 4.17\Bang.uproject" "C:\Users\Marcus\Documents\GitHub\BANG\Bang 4.17\Intermediate\Build\Win64\BangEditor\Development\BangEditor.uhtmanifest" -LogCmds="loginit warning, logexit warning, logdatabase error" -Unattended -WarningsAsErrors -installed
[2018.01.14-13.57.09:705][906]CompilerResultsLog: Reflection code generated for BangEditor in 11.0908022 seconds
[2018.01.14-13.57.09:705][906]CompilerResultsLog: Performing 6 actions (4 in parallel)
[2018.01.14-13.57.09:705][906]CompilerResultsLog: Bang.init.gen.cpp
[2018.01.14-13.57.09:705][906]CompilerResultsLog: MeleeHitbox.gen.cpp
[2018.01.14-13.57.09:705][906]CompilerResultsLog: MeleeHitbox.cpp
[2018.01.14-13.57.09:706][906]CompilerResultsLog: BangCharacter.cpp
[2018.01.14-13.57.09:706][906]CompilerResultsLog: Error: C:\Users\Marcus\Documents\GitHub\BANG\Bang 4.17\Source\Bang\BangCharacter.cpp(154) : warning C4996: 'AActor::AttachRootComponentToActor': Please use AttachToActor. Please update your code to the new API before upgrading to the next release, otherwise your project will no longer compile.
[2018.01.14-13.57.09:706][906]CompilerResultsLog: Error: C:\Program Files\Epic Games\UE_4.17\Engine\Source\Runtime\Engine\Classes\GameFramework/Actor.h(1177) : note: see declaration of 'AActor::AttachRootComponentToActor'
[2018.01.14-13.57.09:706][906]CompilerResultsLog: [5/6] Link UE4Editor-Bang-5923.dll
[2018.01.14-13.57.09:706][906]CompilerResultsLog: [6/6] Link UE4Editor-Bang-5923.lib
[2018.01.14-13.57.09:706][906]CompilerResultsLog:    Creating library C:\Users\Marcus\Documents\GitHub\BANG\Bang 4.17\Intermediate\Build\Win64\UE4Editor\Development\UE4Editor-Bang-5923.lib and object C:\Users\Marcus\Documents\GitHub\BANG\Bang 4.17\Intermediate\Build\Win64\UE4Editor\Development\UE4Editor-Bang-5923.exp
[2018.01.14-13.57.09:706][906]CompilerResultsLog:    Creating library C:\Users\Marcus\Documents\GitHub\BANG\Bang 4.17\Intermediate\Build\Win64\UE4Editor\Development\UE4Editor-Bang-5923.suppressed.lib and object C:\Users\Marcus\Documents\GitHub\BANG\Bang 4.17\Intermediate\Build\Win64\UE4Editor\Development\UE4Editor-Bang-5923.suppressed.exp
[2018.01.14-13.57.09:706][906]CompilerResultsLog: Total build time: 30.77 seconds (Local executor: 6.59 seconds)
[2018.01.14-13.57.09:706][906]LogMainFrame: MainFrame: Module compiling took 31.063 seconds
[2018.01.14-13.57.09:885][906]LogClass: Could not find existing class MeleeHitbox in package /Script/Bang for HotReload, assuming new class
[2018.01.14-13.57.09:886][906]LogClass: Function OnHit is new.
[2018.01.14-13.57.09:888][906]LogHotReload: Re-instancing BangCharacter after hot-reload.
[2018.01.14-13.57.10:027][906]LogHotReload: Re-instancing MeleeHitbox after hot-reload.
[2018.01.14-13.57.10:066][906]LogContentBrowser: Native class hierarchy updated for 'Bang' in 0.0033 seconds. Added 4 classes and 2 folders.
[2018.01.14-13.57.10:068][906]Display: HotReload successful (1 functions remapped  0 scriptstructs remapped)
[2018.01.14-13.57.10:096][906]LogContentBrowser: Native class hierarchy populated in 0.0111 seconds. Added 2392 classes and 506 folders.
[2018.01.14-13.57.10:096][906]Display: HotReload took 31.5s.
[2018.01.14-13.57.19:953][ 86]LogTemp: Repeating last play command: Selected Viewport
[2018.01.14-13.57.19:975][ 86]LogBlueprintUserMessages: Early PlayInEditor Detection: Level '/Game/2DSideScrollerCPP/Maps/2DSideScrollerExampleMap.2DSideScrollerExampleMap:PersistentLevel' has LevelScriptBlueprint '/Game/2DSideScrollerCPP/Maps/2DSideScrollerExampleMap.2DSideScrollerExampleMap:PersistentLevel.2DSideScrollerExampleMap' with GeneratedClass '/Game/2DSideScrollerCPP/Maps/2DSideScrollerExampleMap.2DSideScrollerExampleMap_C' with ClassGeneratedBy '/Game/2DSideScrollerCPP/Maps/2DSideScrollerExampleMap.2DSideScrollerExampleMap:PersistentLevel.2DSideScrollerExampleMap'
[2018.01.14-13.57.19:976][ 86]LogPlayLevel: PlayLevel: No blueprints needed recompiling
[2018.01.14-13.57.19:976][ 86]PIE: New page: PIE session: 2DSideScrollerExampleMap (14 Jan 2018 13:57:19)
[2018.01.14-13.57.19:976][ 86]LogPlayLevel: Creating play world package: /Game/2DSideScrollerCPP/Maps/UEDPIE_0_2DSideScrollerExampleMap
[2018.01.14-13.57.19:978][ 86]LogPlayLevel: PIE: StaticDuplicateObject took: (0.002531s)
[2018.01.14-13.57.19:979][ 86]LogAIModule: Creating AISystem for world 2DSideScrollerExampleMap
[2018.01.14-13.57.19:979][ 86]LogPlayLevel: PIE: World Init took: (0.000814s)
[2018.01.14-13.57.19:979][ 86]LogPlayLevel: PIE: Created PIE world by copying editor world from /Game/2DSideScrollerCPP/Maps/2DSideScrollerExampleMap.2DSideScrollerExampleMap to /Game/2DSideScrollerCPP/Maps/UEDPIE_0_2DSideScrollerExampleMap.2DSideScrollerExampleMap (0.003630s)
[2018.01.14-13.57.19:991][ 86]LogInit: XAudio2 using 'Headphones (High Definition Audio Device)' : 2 channels at 44.1 kHz using 16 bits per sample (channel mask 0x3)
[2018.01.14-13.57.19:998][ 86]LogInit: FAudioDevice initialized.
[2018.01.14-13.57.20:031][ 86]LogLoad: Game class is 'BangGameMode'
[2018.01.14-13.57.20:033][ 86]LogWorld: Bringing World /Game/2DSideScrollerCPP/Maps/UEDPIE_0_2DSideScrollerExampleMap.2DSideScrollerExampleMap up for play (max tick rate 0) at 2018.01.14-13.57.20
[2018.01.14-13.57.20:033][ 86]LogWorld: Bringing up level for play took: 0.001721
[2018.01.14-13.57.20:034][ 86]PIE: Play in editor start time for /Game/2DSideScrollerCPP/Maps/UEDPIE_0_2DSideScrollerExampleMap -0.156
[2018.01.14-13.57.20:035][ 86]LogBlueprintUserMessages: Late PlayInEditor Detection: Level '/Game/2DSideScrollerCPP/Maps/2DSideScrollerExampleMap.2DSideScrollerExampleMap:PersistentLevel' has LevelScriptBlueprint '/Game/2DSideScrollerCPP/Maps/2DSideScrollerExampleMap.2DSideScrollerExampleMap:PersistentLevel.2DSideScrollerExampleMap' with GeneratedClass '/Game/2DSideScrollerCPP/Maps/2DSideScrollerExampleMap.2DSideScrollerExampleMap_C' with ClassGeneratedBy '/Game/2DSideScrollerCPP/Maps/2DSideScrollerExampleMap.2DSideScrollerExampleMap:PersistentLevel.2DSideScrollerExampleMap'
[2018.01.14-13.57.26:840][898]LogBlueprintUserMessages: Early EndPlayMap Detection: Level '/Game/2DSideScrollerCPP/Maps/2DSideScrollerExampleMap.2DSideScrollerExampleMap:PersistentLevel' has LevelScriptBlueprint '/Game/2DSideScrollerCPP/Maps/2DSideScrollerExampleMap.2DSideScrollerExampleMap:PersistentLevel.2DSideScrollerExampleMap' with GeneratedClass '/Game/2DSideScrollerCPP/Maps/2DSideScrollerExampleMap.2DSideScrollerExampleMap_C' with ClassGeneratedBy '/Game/2DSideScrollerCPP/Maps/2DSideScrollerExampleMap.2DSideScrollerExampleMap:PersistentLevel.2DSideScrollerExampleMap'
[2018.01.14-13.57.26:872][898]LogBlueprintUserMessages: Late EndPlayMap Detection: Level '/Game/2DSideScrollerCPP/Maps/2DSideScrollerExampleMap.2DSideScrollerExampleMap:PersistentLevel' has LevelScriptBlueprint '/Game/2DSideScrollerCPP/Maps/2DSideScrollerExampleMap.2DSideScrollerExampleMap:PersistentLevel.2DSideScrollerExampleMap' with GeneratedClass '/Game/2DSideScrollerCPP/Maps/2DSideScrollerExampleMap.2DSideScrollerExampleMap_C' with ClassGeneratedBy '/Game/2DSideScrollerCPP/Maps/2DSideScrollerExampleMap.2DSideScrollerExampleMap:PersistentLevel.2DSideScrollerExampleMap'
[2018.01.14-14.01.59:288][203]LogHotReload: New module detected: UE4Editor-Bang-9121.dll
[2018.01.14-14.01.59:636][205]LogHotReload: Starting Hot-Reload from IDE
[2018.01.14-14.02.00:016][205]LogHotReload: Re-instancing BangCharacter after hot-reload.
[2018.01.14-14.02.00:162][205]LogHotReload: Re-instancing MeleeHitbox after hot-reload.
[2018.01.14-14.02.00:205][205]LogContentBrowser: Native class hierarchy updated for 'Bang' in 0.0038 seconds. Added 4 classes and 2 folders.
[2018.01.14-14.02.00:206][205]Display: HotReload successful (2 functions remapped  0 scriptstructs remapped)
[2018.01.14-14.02.00:236][205]LogContentBrowser: Native class hierarchy populated in 0.0113 seconds. Added 2392 classes and 506 folders.
[2018.01.14-14.02.00:241][205]Display: HotReload took  0.6s.
[2018.01.14-14.02.13:612][249]LogTemp: Repeating last play command: Selected Viewport
[2018.01.14-14.02.13:635][249]LogBlueprintUserMessages: Early PlayInEditor Detection: Level '/Game/2DSideScrollerCPP/Maps/2DSideScrollerExampleMap.2DSideScrollerExampleMap:PersistentLevel' has LevelScriptBlueprint '/Game/2DSideScrollerCPP/Maps/2DSideScrollerExampleMap.2DSideScrollerExampleMap:PersistentLevel.2DSideScrollerExampleMap' with GeneratedClass '/Game/2DSideScrollerCPP/Maps/2DSideScrollerExampleMap.2DSideScrollerExampleMap_C' with ClassGeneratedBy '/Game/2DSideScrollerCPP/Maps/2DSideScrollerExampleMap.2DSideScrollerExampleMap:PersistentLevel.2DSideScrollerExampleMap'
[2018.01.14-14.02.13:635][249]LogPlayLevel: PlayLevel: No blueprints needed recompiling
[2018.01.14-14.02.13:635][249]PIE: New page: PIE session: 2DSideScrollerExampleMap (14 Jan 2018 14:02:13)
[2018.01.14-14.02.13:635][249]LogPlayLevel: Creating play world package: /Game/2DSideScrollerCPP/Maps/UEDPIE_0_2DSideScrollerExampleMap
[2018.01.14-14.02.13:638][249]LogPlayLevel: PIE: StaticDuplicateObject took: (0.002687s)
[2018.01.14-14.02.13:639][249]LogAIModule: Creating AISystem for world 2DSideScrollerExampleMap
[2018.01.14-14.02.13:639][249]LogPlayLevel: PIE: World Init took: (0.000836s)
[2018.01.14-14.02.13:639][249]LogPlayLevel: PIE: Created PIE world by copying editor world from /Game/2DSideScrollerCPP/Maps/2DSideScrollerExampleMap.2DSideScrollerExampleMap to /Game/2DSideScrollerCPP/Maps/UEDPIE_0_2DSideScrollerExampleMap.2DSideScrollerExampleMap (0.003936s)
[2018.01.14-14.02.13:652][249]LogInit: XAudio2 using 'Headphones (High Definition Audio Device)' : 2 channels at 44.1 kHz using 16 bits per sample (channel mask 0x3)
[2018.01.14-14.02.13:659][249]LogInit: FAudioDevice initialized.
[2018.01.14-14.02.13:692][249]LogLoad: Game class is 'BangGameMode'
[2018.01.14-14.02.13:694][249]LogWorld: Bringing World /Game/2DSideScrollerCPP/Maps/UEDPIE_0_2DSideScrollerExampleMap.2DSideScrollerExampleMap up for play (max tick rate 0) at 2018.01.14-14.02.13
[2018.01.14-14.02.13:695][249]LogWorld: Bringing up level for play took: 0.001685
[2018.01.14-14.02.13:695][249]PIE: Play in editor start time for /Game/2DSideScrollerCPP/Maps/UEDPIE_0_2DSideScrollerExampleMap -0.494
[2018.01.14-14.02.13:696][249]LogBlueprintUserMessages: Late PlayInEditor Detection: Level '/Game/2DSideScrollerCPP/Maps/2DSideScrollerExampleMap.2DSideScrollerExampleMap:PersistentLevel' has LevelScriptBlueprint '/Game/2DSideScrollerCPP/Maps/2DSideScrollerExampleMap.2DSideScrollerExampleMap:PersistentLevel.2DSideScrollerExampleMap' with GeneratedClass '/Game/2DSideScrollerCPP/Maps/2DSideScrollerExampleMap.2DSideScrollerExampleMap_C' with ClassGeneratedBy '/Game/2DSideScrollerCPP/Maps/2DSideScrollerExampleMap.2DSideScrollerExampleMap:PersistentLevel.2DSideScrollerExampleMap'
[2018.01.14-14.02.22:555][304]LogSlate: Took 0.000263 seconds to synchronously load lazily loaded font '../../../Engine/Content/Editor/Slate/Fonts/DroidSansMono.ttf' (77K)
[2018.01.14-14.02.24:453][529]LogTemp: Ranged Hit Detected
[2018.01.14-14.02.24:904][583]LogTemp: Ranged Hit Detected
[2018.01.14-14.02.26:037][719]LogTemp: Ranged Hit Detected
[2018.01.14-14.02.26:037][719]LogTemp: I was hit
[2018.01.14-14.02.27:837][935]LogTemp: Ranged Hit Detected
[2018.01.14-14.02.32:889][541]LogBlueprintUserMessages: Early EndPlayMap Detection: Level '/Game/2DSideScrollerCPP/Maps/2DSideScrollerExampleMap.2DSideScrollerExampleMap:PersistentLevel' has LevelScriptBlueprint '/Game/2DSideScrollerCPP/Maps/2DSideScrollerExampleMap.2DSideScrollerExampleMap:PersistentLevel.2DSideScrollerExampleMap' with GeneratedClass '/Game/2DSideScrollerCPP/Maps/2DSideScrollerExampleMap.2DSideScrollerExampleMap_C' with ClassGeneratedBy '/Game/2DSideScrollerCPP/Maps/2DSideScrollerExampleMap.2DSideScrollerExampleMap:PersistentLevel.2DSideScrollerExampleMap'
[2018.01.14-14.02.32:921][541]LogBlueprintUserMessages: Late EndPlayMap Detection: Level '/Game/2DSideScrollerCPP/Maps/2DSideScrollerExampleMap.2DSideScrollerExampleMap:PersistentLevel' has LevelScriptBlueprint '/Game/2DSideScrollerCPP/Maps/2DSideScrollerExampleMap.2DSideScrollerExampleMap:PersistentLevel.2DSideScrollerExampleMap' with GeneratedClass '/Game/2DSideScrollerCPP/Maps/2DSideScrollerExampleMap.2DSideScrollerExampleMap_C' with ClassGeneratedBy '/Game/2DSideScrollerCPP/Maps/2DSideScrollerExampleMap.2DSideScrollerExampleMap:PersistentLevel.2DSideScrollerExampleMap'
[2018.01.14-14.02.42:592][586]LogSlate: Took 0.000185 seconds to synchronously load lazily loaded font '../../../Engine/Content/Slate/Fonts/Roboto-Regular.ttf' (155K)
[2018.01.14-14.02.43:142][586]LogContentBrowser: Native class hierarchy updated for 'BlueprintGraph' in 0.0037 seconds. Added 113 classes and 0 folders.
[2018.01.14-14.02.44:902][586]LogSlate: Took 0.014077 seconds to synchronously load lazily loaded font '../../../Engine/Content/Editor/Slate/Fonts/Roboto-BoldCondensed.ttf' (158K)
[2018.01.14-14.02.51:181][241]LogSlate: Took 0.026440 seconds to synchronously load lazily loaded font '../../../Engine/Content/Editor/Slate/Fonts/Roboto-Italic.ttf' (157K)
[2018.01.14-14.03.10:681][496]LogRenderer: Reallocating scene render targets to support 1208x900 Format 10 NumSamples 1 (Frame:1).
[2018.01.14-14.03.13:051][772]LogRenderer: Reallocating scene render targets to support 1208x940 Format 10 NumSamples 1 (Frame:1).
[2018.01.14-14.03.16:716][197]Cmd: OBJ SAVEPACKAGE PACKAGE="/Game/Blueprints/BP_MeleeHitbox" FILE="../../../../../../Users/Marcus/Documents/GitHub/BANG/Bang 4.17/Content/Blueprints/BP_MeleeHitbox.uasset" SILENT=true
[2018.01.14-14.03.16:784][197]LogSavePackage: Save=13.74ms
[2018.01.14-14.03.16:784][197]LogSavePackage: Moving '../../../../../../Users/Marcus/Documents/GitHub/BANG/Bang 4.17/Saved/BP_MeleeHitbox8F68633249DF2144C8B04FA65653A791.tmp' to '../../../../../../Users/Marcus/Documents/GitHub/BANG/Bang 4.17/Content/Blueprints/BP_MeleeHitbox.uasset'
[2018.01.14-14.03.16:787][197]LogSavePackage: Display: Finished SavePackage ../../../../../../Users/Marcus/Documents/GitHub/BANG/Bang 4.17/Content/Blueprints/BP_MeleeHitbox.uasset
[2018.01.14-14.03.44:355][459]LogEditorTransaction: Undo Edit Generate Overlap Events During Level Streaming
[2018.01.14-14.03.44:371][459]LogActorComponent: ~FComponentReregisterContext: (/Engine/Transient.World_1:PersistentLevel.BP_PistolBulletActor_C_8.SphereComp) Component already registered.
[2018.01.14-14.03.44:419][459]LogSlate: Took 0.000278 seconds to synchronously load lazily loaded font '../../../Engine/Content/Slate/Fonts/Roboto-Light.ttf' (159K)
[2018.01.14-14.04.33:396][251]LogFileHelpers: Editor autosave (incl. sublevels) for '/Game/2DSideScrollerCPP/Maps/2DSideScrollerExampleMap' took 0.034
[2018.01.14-14.04.33:407][251]OBJ SavePackage: Generating thumbnails for [0] asset(s) in package [/Game/Blueprints/BP_MeleeHitbox] ([1] browsable assets)...
[2018.01.14-14.04.33:407][251]OBJ SavePackage: Finished generating thumbnails for package [/Game/Blueprints/BP_MeleeHitbox]
[2018.01.14-14.04.33:462][251]LogSavePackage: Save=14.07ms
[2018.01.14-14.04.33:463][251]LogSavePackage: Moving '../../../../../../Users/Marcus/Documents/GitHub/BANG/Bang 4.17/Saved/BP_MeleeHitbox_Auto144E804244553516568D349863288F28A.tmp' to '../../../../../../Users/Marcus/Documents/GitHub/BANG/Bang 4.17/Saved/Autosaves/Game/Blueprints/BP_MeleeHitbox_Auto1.uasset'
[2018.01.14-14.04.33:466][251]LogSavePackage: Display: Finished SavePackage ../../../../../../Users/Marcus/Documents/GitHub/BANG/Bang 4.17/Saved/Autosaves/Game/Blueprints/BP_MeleeHitbox_Auto1.uasset
[2018.01.14-14.04.33:466][251]LogFileHelpers: Auto-saving content packages took 0.069
[2018.01.14-14.04.38:690][853]BlueprintLog: New page: Compile BP_MeleeHitbox
[2018.01.14-14.04.48:162][948]Cmd: OBJ SAVEPACKAGE PACKAGE="/Game/Blueprints/BP_MeleeHitbox" FILE="../../../../../../Users/Marcus/Documents/GitHub/BANG/Bang 4.17/Content/Blueprints/BP_MeleeHitbox.uasset" SILENT=true
[2018.01.14-14.04.48:215][948]LogSavePackage: Save=13.39ms
[2018.01.14-14.04.48:215][948]LogSavePackage: Moving '../../../../../../Users/Marcus/Documents/GitHub/BANG/Bang 4.17/Saved/BP_MeleeHitbox83C7E8984590F063A51D278CA607D328.tmp' to '../../../../../../Users/Marcus/Documents/GitHub/BANG/Bang 4.17/Content/Blueprints/BP_MeleeHitbox.uasset'
[2018.01.14-14.04.48:221][948]LogSavePackage: Display: Finished SavePackage ../../../../../../Users/Marcus/Documents/GitHub/BANG/Bang 4.17/Content/Blueprints/BP_MeleeHitbox.uasset
[2018.01.14-14.05.45:042][349]Cmd: OBJ SAVEPACKAGE PACKAGE="/Game/Blueprints/BP_MeleeHitbox2" FILE="../../../../../../Users/Marcus/Documents/GitHub/BANG/Bang 4.17/Content/Blueprints/BP_MeleeHitbox2.uasset" SILENT=true
[2018.01.14-14.05.45:095][349]LogSavePackage: Save=50.69ms
[2018.01.14-14.05.45:095][349]LogSavePackage: Moving '../../../../../../Users/Marcus/Documents/GitHub/BANG/Bang 4.17/Saved/BP_MeleeHitbox204599B3A4EDA13EFEAE36C85773BDA73.tmp' to '../../../../../../Users/Marcus/Documents/GitHub/BANG/Bang 4.17/Content/Blueprints/BP_MeleeHitbox2.uasset'
[2018.01.14-14.05.45:101][349]LogSavePackage: Display: Finished SavePackage ../../../../../../Users/Marcus/Documents/GitHub/BANG/Bang 4.17/Content/Blueprints/BP_MeleeHitbox2.uasset
[2018.01.14-14.06.45:111][123]LogActorComponent: ReregisterComponent: (/Engine/Transient.World_3:PersistentLevel.BP_MeleeHitbox2_C_0.CollBox) Not currently registered. Aborting.
[2018.01.14-14.08.43:515][729]Cmd: OBJ SAVEPACKAGE PACKAGE="/Game/Blueprints/BP_MeleeHitbox2" FILE="../../../../../../Users/Marcus/Documents/GitHub/BANG/Bang 4.17/Content/Blueprints/BP_MeleeHitbox2.uasset" SILENT=true
[2018.01.14-14.08.43:570][729]LogSavePackage: Save=13.35ms
[2018.01.14-14.08.43:570][729]LogSavePackage: Moving '../../../../../../Users/Marcus/Documents/GitHub/BANG/Bang 4.17/Saved/BP_MeleeHitbox28706003B4AAFC7DB28362B9109C0040E.tmp' to '../../../../../../Users/Marcus/Documents/GitHub/BANG/Bang 4.17/Content/Blueprints/BP_MeleeHitbox2.uasset'
[2018.01.14-14.08.43:576][729]LogSavePackage: Display: Finished SavePackage ../../../../../../Users/Marcus/Documents/GitHub/BANG/Bang 4.17/Content/Blueprints/BP_MeleeHitbox2.uasset
[2018.01.14-14.08.44:251][801]BlueprintLog: New page: Compile BP_MeleeHitbox2
[2018.01.14-14.09.29:457][832]LogSlate: Warning: Prevented a slow task dialog from being summoned while a context menu was open
[2018.01.14-14.09.32:336][125]LogSavePackage: Save=27.88ms
[2018.01.14-14.09.32:336][125]LogSavePackage: Moving '../../../../../../Users/Marcus/Documents/GitHub/BANG/Bang 4.17/Saved/BP_2DSideScrollerCharacterD7F0EBBB41BE68E85CA22A854F408433.tmp' to '../../../../../../Users/Marcus/Documents/GitHub/BANG/Bang 4.17/Content/2DSideScrollerCPP/Blueprints/BP_2DSideScrollerCharacter.uasset'
[2018.01.14-14.09.32:342][125]LogSavePackage: Display: Finished SavePackage ../../../../../../Users/Marcus/Documents/GitHub/BANG/Bang 4.17/Content/2DSideScrollerCPP/Blueprints/BP_2DSideScrollerCharacter.uasset
[2018.01.14-14.09.32:732][167]BlueprintLog: New page: Compile BP_2DSideScrollerCharacter
[2018.01.14-14.09.37:278][605]LogSavePackage: Save=79.36ms
[2018.01.14-14.09.37:278][605]LogSavePackage: Moving '../../../../../../Users/Marcus/Documents/GitHub/BANG/Bang 4.17/Saved/2DSideScrollerExampleMap6F6BF5E44DC86B57609B17AC4A86C957.tmp' to '../../../../../../Users/Marcus/Documents/GitHub/BANG/Bang 4.17/Content/2DSideScrollerCPP/Maps/2DSideScrollerExampleMap.umap'
[2018.01.14-14.09.37:284][605]LogSavePackage: Display: Finished SavePackage ../../../../../../Users/Marcus/Documents/GitHub/BANG/Bang 4.17/Content/2DSideScrollerCPP/Maps/2DSideScrollerExampleMap.umap
[2018.01.14-14.09.38:250][706]Candidate modules for hot reload:
[2018.01.14-14.09.38:250][706]  Bang
[2018.01.14-14.09.38:251][706]Launching UnrealBuildTool... [C:/Program Files/Epic Games/UE_4.17/Engine/Binaries/DotNET/UnrealBuildTool.exe Bang -ModuleWithSuffix Bang 9844 Win64 Development -editorrecompile -canskiplink "C:/Users/Marcus/Documents/GitHub/BANG/Bang 4.17/Bang.uproject" ]
[2018.01.14-14.09.38:255][706]Warning: Starting HotReload took  0.0s.
[2018.01.14-14.09.43:027][172]BlueprintLog: New page: Compile BP_PistolBulletActor
[2018.01.14-14.09.47:274][642]CompilerResultsLog: New page: Compilation - 14 Jan 2018 14:09:47
[2018.01.14-14.09.47:274][642]CompilerResultsLog: C:\Users\Marcus\Documents\GitHub\BANG\Bang 4.17\Source\Bang\Bang.Build.cs: warning: Module constructors should take a ReadOnlyTargetRules argument (rather than a TargetInfo argument) and pass it to the base class constructor from 4.15 onwards. Please update the method signature.
[2018.01.14-14.09.47:275][642]CompilerResultsLog: C:\Users\Marcus\Documents\GitHub\BANG\Bang 4.17\Source\Bang.Target.cs: warning: SetupBinaries() is deprecated in the 4.16 release. From the constructor in your .target.cs file, use ExtraModuleNames.Add("Foo") to add modules to your target, or set LaunchModuleName = "Foo" to override the name of the launch module for program targets.
[2018.01.14-14.09.47:275][642]CompilerResultsLog: C:\Users\Marcus\Documents\GitHub\BANG\Bang 4.17\Source\BangEditor.Target.cs: warning: SetupBinaries() is deprecated in the 4.16 release. From the constructor in your .target.cs file, use ExtraModuleNames.Add("Foo") to add modules to your target, or set LaunchModuleName = "Foo" to override the name of the launch module for program targets.
[2018.01.14-14.09.47:276][642]CompilerResultsLog: Compiling game modules for hot reload
[2018.01.14-14.09.47:276][642]LogMainFrame: MainFrame: Module compiling took 9.031 seconds
[2018.01.14-14.09.47:276][642]Warning: HotReload failed, recompile failed
[2018.01.14-14.09.48:975][844]Candidate modules for hot reload:
[2018.01.14-14.09.48:975][844]  Bang
[2018.01.14-14.09.48:975][844]Launching UnrealBuildTool... [C:/Program Files/Epic Games/UE_4.17/Engine/Binaries/DotNET/UnrealBuildTool.exe Bang -ModuleWithSuffix Bang 1460 Win64 Development -editorrecompile -canskiplink "C:/Users/Marcus/Documents/GitHub/BANG/Bang 4.17/Bang.uproject" ]
[2018.01.14-14.09.48:980][844]Warning: Starting HotReload took  0.0s.
[2018.01.14-14.10.04:325][472]CompilerResultsLog: New page: Compilation - 14 Jan 2018 14:10:04
[2018.01.14-14.10.04:325][472]CompilerResultsLog: C:\Users\Marcus\Documents\GitHub\BANG\Bang 4.17\Source\Bang\Bang.Build.cs: warning: Module constructors should take a ReadOnlyTargetRules argument (rather than a TargetInfo argument) and pass it to the base class constructor from 4.15 onwards. Please update the method signature.
[2018.01.14-14.10.04:326][472]CompilerResultsLog: C:\Users\Marcus\Documents\GitHub\BANG\Bang 4.17\Source\Bang.Target.cs: warning: SetupBinaries() is deprecated in the 4.16 release. From the constructor in your .target.cs file, use ExtraModuleNames.Add("Foo") to add modules to your target, or set LaunchModuleName = "Foo" to override the name of the launch module for program targets.
[2018.01.14-14.10.04:326][472]CompilerResultsLog: C:\Users\Marcus\Documents\GitHub\BANG\Bang 4.17\Source\BangEditor.Target.cs: warning: SetupBinaries() is deprecated in the 4.16 release. From the constructor in your .target.cs file, use ExtraModuleNames.Add("Foo") to add modules to your target, or set LaunchModuleName = "Foo" to override the name of the launch module for program targets.
[2018.01.14-14.10.04:327][472]CompilerResultsLog: Compiling game modules for hot reload
[2018.01.14-14.10.04:327][472]CompilerResultsLog: Performing full C++ include scan (no include cache file)
[2018.01.14-14.10.04:327][472]CompilerResultsLog: Target is up to date
[2018.01.14-14.10.04:327][472]CompilerResultsLog: Total build time: 15.03 seconds (NoActionsToExecute executor: 0.00 seconds)
[2018.01.14-14.10.04:327][472]LogMainFrame: MainFrame: Module compiling took 15.358 seconds
[2018.01.14-14.10.04:572][472]LogContentBrowser: Native class hierarchy populated in 0.0110 seconds. Added 2392 classes and 506 folders.
[2018.01.14-14.10.04:573][472]Display: HotReload took 15.6s.
[2018.01.14-14.10.34:574][ 63]LogTemp: Repeating last play command: Selected Viewport
[2018.01.14-14.10.34:606][ 63]LogBlueprintUserMessages: Early PlayInEditor Detection: Level '/Game/2DSideScrollerCPP/Maps/2DSideScrollerExampleMap.2DSideScrollerExampleMap:PersistentLevel' has LevelScriptBlueprint '/Game/2DSideScrollerCPP/Maps/2DSideScrollerExampleMap.2DSideScrollerExampleMap:PersistentLevel.2DSideScrollerExampleMap' with GeneratedClass '/Game/2DSideScrollerCPP/Maps/2DSideScrollerExampleMap.2DSideScrollerExampleMap_C' with ClassGeneratedBy '/Game/2DSideScrollerCPP/Maps/2DSideScrollerExampleMap.2DSideScrollerExampleMap:PersistentLevel.2DSideScrollerExampleMap'
[2018.01.14-14.10.34:607][ 63]LogPlayLevel: PlayLevel: No blueprints needed recompiling
[2018.01.14-14.10.34:607][ 63]PIE: New page: PIE session: 2DSideScrollerExampleMap (14 Jan 2018 14:10:34)
[2018.01.14-14.10.34:607][ 63]LogPlayLevel: Creating play world package: /Game/2DSideScrollerCPP/Maps/UEDPIE_0_2DSideScrollerExampleMap
[2018.01.14-14.10.34:610][ 63]LogPlayLevel: PIE: StaticDuplicateObject took: (0.002488s)
[2018.01.14-14.10.34:611][ 63]LogAIModule: Creating AISystem for world 2DSideScrollerExampleMap
[2018.01.14-14.10.34:611][ 63]LogPlayLevel: PIE: World Init took: (0.000905s)
[2018.01.14-14.10.34:611][ 63]LogPlayLevel: PIE: Created PIE world by copying editor world from /Game/2DSideScrollerCPP/Maps/2DSideScrollerExampleMap.2DSideScrollerExampleMap to /Game/2DSideScrollerCPP/Maps/UEDPIE_0_2DSideScrollerExampleMap.2DSideScrollerExampleMap (0.003983s)
[2018.01.14-14.10.34:652][ 63]LogInit: XAudio2 using 'Headphones (High Definition Audio Device)' : 2 channels at 44.1 kHz using 16 bits per sample (channel mask 0x3)
[2018.01.14-14.10.34:659][ 63]LogInit: FAudioDevice initialized.
[2018.01.14-14.10.34:689][ 63]LogLoad: Game class is 'BangGameMode'
[2018.01.14-14.10.34:691][ 63]LogWorld: Bringing World /Game/2DSideScrollerCPP/Maps/UEDPIE_0_2DSideScrollerExampleMap.2DSideScrollerExampleMap up for play (max tick rate 0) at 2018.01.14-14.10.34
[2018.01.14-14.10.34:692][ 63]LogWorld: Bringing up level for play took: 0.001817
[2018.01.14-14.10.34:693][ 63]PIE: Play in editor start time for /Game/2DSideScrollerCPP/Maps/UEDPIE_0_2DSideScrollerExampleMap 0.503
[2018.01.14-14.10.34:693][ 63]LogBlueprintUserMessages: Late PlayInEditor Detection: Level '/Game/2DSideScrollerCPP/Maps/2DSideScrollerExampleMap.2DSideScrollerExampleMap:PersistentLevel' has LevelScriptBlueprint '/Game/2DSideScrollerCPP/Maps/2DSideScrollerExampleMap.2DSideScrollerExampleMap:PersistentLevel.2DSideScrollerExampleMap' with GeneratedClass '/Game/2DSideScrollerCPP/Maps/2DSideScrollerExampleMap.2DSideScrollerExampleMap_C' with ClassGeneratedBy '/Game/2DSideScrollerCPP/Maps/2DSideScrollerExampleMap.2DSideScrollerExampleMap:PersistentLevel.2DSideScrollerExampleMap'
[2018.01.14-14.10.35:226][125]LogSpawn: Warning: SpawnActor failed because of collision at the spawn location [X=-60.000 Y=1.000 Z=913.729] for [BP_MeleeHitbox2_C]
[2018.01.14-14.10.36:187][125]LogWindows: Error: === Critical error: ===
[2018.01.14-14.10.36:188][125]LogWindows: Error: 
[2018.01.14-14.10.36:188][125]LogWindows: Error: Fatal error!
[2018.01.14-14.10.36:188][125]LogWindows: Error: 
[2018.01.14-14.10.36:188][125]LogWindows: Error: Unhandled Exception: EXCEPTION_ACCESS_VIOLATION reading address 0x00000178
[2018.01.14-14.10.36:188][125]LogWindows: Error: 
[2018.01.14-14.10.36:188][125]LogWindows: Error: UE4Editor-Engine.dll!0x000000002D20C8CF
[2018.01.14-14.10.36:188][125]LogWindows: Error: UE4Editor-Bang-9121.dll!ABangCharacter::CreateMeleeHitbox() [c:\users\marcus\documents\github\bang\bang 4.17\source\bang\bangcharacter.cpp:157]
[2018.01.14-14.10.36:188][125]LogWindows: Error: UE4Editor-Bang-9121.dll!ABangCharacter::MeleeAttack() [c:\users\marcus\documents\github\bang\bang 4.17\source\bang\bangcharacter.cpp:237]
[2018.01.14-14.10.36:188][125]LogWindows: Error: UE4Editor-Engine.dll!0x000000002E365CF6
[2018.01.14-14.10.36:188][125]LogWindows: Error: UE4Editor-Engine.dll!0x000000002E397661
[2018.01.14-14.10.36:188][125]LogWindows: Error: UE4Editor-Engine.dll!0x000000002DF2AB4C
[2018.01.14-14.10.36:188][125]LogWindows: Error: UE4Editor-Engine.dll!0x000000002DF3EC16
[2018.01.14-14.10.36:188][125]LogWindows: Error: UE4Editor-Engine.dll!0x000000002DF2891B
[2018.01.14-14.10.36:189][125]LogWindows: Error: UE4Editor-Engine.dll!0x000000002DF3DDEA
[2018.01.14-14.10.36:189][125]LogWindows: Error: UE4Editor-Engine.dll!0x000000002D223716
[2018.01.14-14.10.36:189][125]LogWindows: Error: UE4Editor-Engine.dll!0x000000002E24B38B
[2018.01.14-14.10.36:189][125]LogWindows: Error: UE4Editor-Engine.dll!0x000000002E251E2B
[2018.01.14-14.10.36:189][125]LogWindows: Error: UE4Editor-Core.dll!0x000000003BA724F5
[2018.01.14-14.10.36:189][125]LogWindows: Error: UE4Editor-Core.dll!0x000000003BA72ADA
[2018.01.14-14.10.36:189][125]LogWindows: Error: UE4Editor-Core.dll!0x000000003BA929CE
[2018.01.14-14.10.36:189][125]LogWindows: Error: UE4Editor-Engine.dll!0x000000002E26E512
[2018.01.14-14.10.36:189][125]LogWindows: Error: UE4Editor-Engine.dll!0x000000002E273AA2
[2018.01.14-14.10.36:189][125]LogWindows: Error: UE4Editor-Engine.dll!0x000000002DB6F944
[2018.01.14-14.10.36:189][125]LogWindows: Error: UE4Editor-Engine.dll!0x000000002DB7B2C6
[2018.01.14-14.10.36:189][125]LogWindows: Error: UE4Editor-UnrealEd.dll!0x0000000039FCC982
[2018.01.14-14.10.36:189][125]LogWindows: Error: UE4Editor-UnrealEd.dll!0x000000003A85D646
[2018.01.14-14.10.36:189][125]LogWindows: Error: UE4Editor.exe!0x0000000033D2534A
[2018.01.14-14.10.36:190][125]LogWindows: Error: UE4Editor.exe!0x0000000033D33970
[2018.01.14-14.10.36:190][125]LogWindows: Error: UE4Editor.exe!0x0000000033D339EA
[2018.01.14-14.10.36:190][125]LogWindows: Error: UE4Editor.exe!0x0000000033D402D9
[2018.01.14-14.10.36:190][125]LogWindows: Error: UE4Editor.exe!0x0000000033D41C47
[2018.01.14-14.10.36:190][125]LogWindows: Error: KERNEL32.DLL!0x00000000624A1FE4
[2018.01.14-14.10.36:190][125]LogWindows: Error: ntdll.dll!0x0000000064A4EFB1
[2018.01.14-14.10.36:190][125]LogWindows: Error: ntdll.dll!0x0000000064A4EFB1
[2018.01.14-14.10.36:190][125]LogWindows: Error: 
[2018.01.14-14.10.36:203][125]LogExit: Executing StaticShutdownAfterError
[2018.01.14-14.10.36:207][125]LogWindows: FPlatformMisc::RequestExit(1)
[2018.01.14-14.10.36:207][125]Log file closed, 01/14/18 14:10:36
