Log file open, 01/21/18 12:00:06
LogWindows: Failed to load 'aqProf.dll' (GetLastError=126)
LogWindows: File 'aqProf.dll' does not exist
LogWindows: Failed to load 'VtuneApi.dll' (GetLastError=126)
LogWindows: File 'VtuneApi.dll' does not exist
LogWindows: Failed to load 'VtuneApi32e.dll' (GetLastError=126)
LogWindows: File 'VtuneApi32e.dll' does not exist
LogInit: Display: Running engine for game: Bang
LogPlatformFile: Not using cached read wrapper
LogInit: Display: RandInit(-1737788968) SRandInit(-1737788968).
LogTaskGraph: Started task graph with 5 named threads and 14 total threads with 3 sets of task threads.
LogStats: Stats thread started at 0.260855
LogD3D11RHI: Aftermath initialized
LogPluginManager: Mounting plugin Paper2D
LogPluginManager: Mounting plugin LightPropagationVolume
LogPluginManager: Mounting plugin CodeLiteSourceCodeAccess
LogPluginManager: Mounting plugin GitSourceControl
LogPluginManager: Mounting plugin KDevelopSourceCodeAccess
LogPluginManager: Mounting plugin NullSourceCodeAccess
LogPluginManager: Mounting plugin PerforceSourceControl
LogPluginManager: Mounting plugin SubversionSourceControl
LogPluginManager: Mounting plugin UObjectPlugin
LogPluginManager: Mounting plugin VisualStudioSourceCodeAccess
LogPluginManager: Mounting plugin XCodeSourceCodeAccess
LogPluginManager: Mounting plugin AssetManagerEditor
LogPluginManager: Mounting plugin AudioCapture
LogPluginManager: Mounting plugin FacialAnimation
LogPluginManager: Mounting plugin GameplayTagsEditor
LogPluginManager: Mounting plugin MobileLauncherProfileWizard
LogPluginManager: Mounting plugin PluginBrowser
LogPluginManager: Mounting plugin SpeedTreeImporter
LogPluginManager: Mounting plugin AlembicImporter
LogPluginManager: Mounting plugin CharacterAI
LogPluginManager: Mounting plugin HTML5Networking
LogPluginManager: Mounting plugin AndroidMedia
LogPluginManager: Mounting plugin AvfMedia
LogPluginManager: Mounting plugin MediaPlayerEditor
LogPluginManager: Mounting plugin WmfMedia
LogPluginManager: Mounting plugin TcpMessaging
LogPluginManager: Mounting plugin UdpMessaging
LogPluginManager: Mounting plugin LevelSequenceEditor
LogPluginManager: Mounting plugin MatineeToLevelSequence
LogPluginManager: Mounting plugin OnlineSubsystemGooglePlay
LogPluginManager: Mounting plugin OnlineSubsystemIOS
LogPluginManager: Mounting plugin OnlineSubsystem
LogPluginManager: Mounting plugin OnlineSubsystemNull
LogPluginManager: Mounting plugin OnlineSubsystemUtils
LogPluginManager: Mounting plugin AndroidDeviceProfileSelector
LogPluginManager: Mounting plugin AndroidMoviePlayer
LogPluginManager: Mounting plugin AndroidPermission
LogPluginManager: Mounting plugin AppleMoviePlayer
LogPluginManager: Mounting plugin ArchVisCharacter
LogPluginManager: Mounting plugin CableComponent
LogPluginManager: Mounting plugin CustomMeshComponent
LogPluginManager: Mounting plugin ExampleDeviceProfileSelector
LogPluginManager: Mounting plugin GoogleCloudMessaging
LogPluginManager: Mounting plugin ImmediatePhysics
LogPluginManager: Mounting plugin IOSDeviceProfileSelector
LogPluginManager: Mounting plugin LinuxDeviceProfileSelector
LogPluginManager: Mounting plugin LocationServicesBPLibrary
LogPluginManager: Mounting plugin MobilePatchingUtils
LogPluginManager: Mounting plugin OculusVR
LogPluginManager: Mounting plugin PhysXVehicles
LogPluginManager: Mounting plugin ProceduralMeshComponent
LogPluginManager: Mounting plugin RuntimePhysXCooking
LogPluginManager: Mounting plugin SteamVR
LogPluginManager: Mounting plugin WindowsMoviePlayer
LogInit: Using libcurl 7.47.1
LogInit:  - built for x86_64-pc-win32
LogInit:  - supports SSL with OpenSSL/1.0.2g
LogInit:  - supports HTTP deflate (compression) using libz 1.2.8
LogInit:  - other features:
LogInit:      CURL_VERSION_SSL
LogInit:      CURL_VERSION_LIBZ
LogInit:      CURL_VERSION_IPV6
LogInit:      CURL_VERSION_ASYNCHDNS
LogInit:      CURL_VERSION_LARGEFILE
LogInit:      CURL_VERSION_IDN
LogInit:  CurlRequestOptions (configurable via config and command line):
LogInit:  - bVerifyPeer = false  - Libcurl will NOT verify peer certificate
LogInit:  - bUseHttpProxy = false  - Libcurl will NOT use HTTP proxy
LogInit:  - bDontReuseConnections = false  - Libcurl will reuse connections
LogInit:  - CertBundlePath = nullptr  - Libcurl will use whatever was configured at build time.
LogInit: Build: ++UE4+Release-4.17-CL-3658906
LogInit: Engine Version: 4.17.2-3658906+++UE4+Release-4.17
LogInit: Compatible Engine Version: 4.17.0-3573198+++UE4+Release-4.17
LogInit: Net CL: 3573198
LogDevObjectVersion: Number of dev versions registered: 16
LogDevObjectVersion:   Dev-Blueprints (B0D832E4-1F89-4F0D-ACCF-7EB736FD4AA2): 10
LogDevObjectVersion:   Dev-Build (E1C64328-A22C-4D53-A36C-8E866417BD8C): 0
LogDevObjectVersion:   Dev-Core (375EC13C-06E4-48FB-B500-84F0262A717E): 2
LogDevObjectVersion:   Dev-Editor (E4B068ED-F494-42E9-A231-DA0B2E46BB41): 20
LogDevObjectVersion:   Dev-Framework (CFFC743F-43B0-4480-9391-14DF171D2073): 28
LogDevObjectVersion:   Dev-Mobile (B02B49B5-BB20-44E9-A304-32B752E40360): 0
LogDevObjectVersion:   Dev-Networking (A4E4105C-59A1-49B5-A7C5-40C4547EDFEE): 0
LogDevObjectVersion:   Dev-Online (39C831C9-5AE6-47DC-9A44-9C173E1C8E7C): 0
LogDevObjectVersion:   Dev-Physics (78F01B33-EBEA-4F98-B9B4-84EACCB95AA2): 0
LogDevObjectVersion:   Dev-Platform (6631380F-2D4D-43E0-8009-CF276956A95A): 0
LogDevObjectVersion:   Dev-Rendering (12F88B9F-8875-4AFC-A67C-D90C383ABD29): 19
LogDevObjectVersion:   Dev-Sequencer (7B5AE74C-D270-4C10-A958-57980B212A5A): 4
LogDevObjectVersion:   Dev-VR (D7296918-1DD6-4BDD-9DE2-64A83CC13884): 0
LogDevObjectVersion:   Dev-LoadTimes (C2A15278-BFE7-4AFE-6C17-90FF531DF755): 1
LogDevObjectVersion:   Private-Geometry (6EACA3D4-40EC-4CC1-B786-8BED09428FC5): 1
LogDevObjectVersion:   Dev-AnimPhys (29E575DD-E0A3-4627-9D10-D276232CDCEA): 7
LogInit: Compiled (64-bit): Sep 22 2017 13:47:16
LogInit: Compiled with Visual C++: 19.00.24215.01
LogInit: Build Configuration: Development
LogInit: Branch Name: ++UE4+Release-4.17
LogInit: Command line: -EpicPortal 
LogInit: Base directory: C:/Program Files/Epic Games/UE_4.17/Engine/Binaries/Win64/
LogInit: Installed Engine Build: 1
LogInit: Presizing for max 8388607 objects, including 0 objects not considered by GC, pre-allocating 0 bytes for permanent pool.
LogInit: Object subsystem initialized
[2018.01.21-12.00.09:620][  0]LogInit: Selected Device Profile: [Windows]
[2018.01.21-12.00.09:620][  0]LogInit: Applying CVar settings loaded from the selected device profile: [Windows]
[2018.01.21-12.00.09:796][  0]LogInit: Computer: TOKIE
[2018.01.21-12.00.09:797][  0]LogInit: User: MCall
[2018.01.21-12.00.09:797][  0]LogInit: CPU Page size=4096, Cores=4
[2018.01.21-12.00.09:797][  0]LogInit: High frequency timer resolution =2.240915 MHz
[2018.01.21-12.00.09:798][  0]LogMemory: Memory total: Physical=15.9GB (16GB approx)
[2018.01.21-12.00.09:798][  0]LogMemory: Platform Memory Stats for Windows
[2018.01.21-12.00.09:798][  0]LogMemory: Process Physical Memory: 282.75 MB used, 282.75 MB peak
[2018.01.21-12.00.09:798][  0]LogMemory: Process Virtual Memory: 290.30 MB used, 290.30 MB peak
[2018.01.21-12.00.09:798][  0]LogMemory: Physical Memory: 3163.56 MB used,  13128.77 MB free, 16292.33 MB total
[2018.01.21-12.00.09:798][  0]LogMemory: Virtual Memory: 718.93 MB used,  13128.77 MB free, 134217728.00 MB total
[2018.01.21-12.00.10:083][  0]LogInit: Using OS detected language (en-US).
[2018.01.21-12.00.10:083][  0]LogInit: Using OS detected locale (en-GB).
[2018.01.21-12.00.10:095][  0]LogTextLocalizationManager: No specific localization for 'en-US' exists, so the 'en' localization will be used.
[2018.01.21-12.00.11:175][  0]LogD3D11RHI: D3D11 adapters:
[2018.01.21-12.00.11:278][  0]LogD3D11RHI:    0. 'NVIDIA GeForce GT 745M' (Feature Level 11_0)
[2018.01.21-12.00.11:278][  0]LogD3D11RHI:       2009/0/8146 MB DedicatedVideo/DedicatedSystem/SharedSystem, Outputs:1, VendorId:0x10de
[2018.01.21-12.00.11:294][  0]LogD3D11RHI:    1. 'Intel(R) HD Graphics 4600' (Feature Level 11_0)
[2018.01.21-12.00.11:295][  0]LogD3D11RHI:       112/0/2048 MB DedicatedVideo/DedicatedSystem/SharedSystem, Outputs:0, VendorId:0x8086
[2018.01.21-12.00.11:303][  0]LogD3D11RHI:    2. 'Microsoft Basic Render Driver' (Feature Level 11_0)
[2018.01.21-12.00.11:303][  0]LogD3D11RHI:       0/0/8146 MB DedicatedVideo/DedicatedSystem/SharedSystem, Outputs:0, VendorId:0x1414
[2018.01.21-12.00.11:303][  0]LogD3D11RHI: Chosen D3D11 Adapter: 0
[2018.01.21-12.00.11:318][  0]LogD3D11RHI: Creating new Direct3DDevice
[2018.01.21-12.00.11:318][  0]LogD3D11RHI:     GPU DeviceId: 0xfe3 (for the marketing name, search the web for "GPU Device Id")
[2018.01.21-12.00.11:318][  0]LogWindows: EnumDisplayDevices:
[2018.01.21-12.00.11:318][  0]LogWindows:    0. 'Intel(R) HD Graphics 4600' (P:1 D:1)
[2018.01.21-12.00.11:319][  0]LogWindows:    1. 'Intel(R) HD Graphics 4600' (P:0 D:0)
[2018.01.21-12.00.11:319][  0]LogWindows:    2. 'Intel(R) HD Graphics 4600' (P:0 D:0)
[2018.01.21-12.00.11:320][  0]LogWindows: DebugString: GetVideoDriverDetailsInvalid PrimaryIsNotTheChoosenAdapter GetVideoDriverDetailsInvalid PrimaryIsNotTheChoosenAdapter GetVideoDriverDetailsInvalid PrimaryIsNotTheChoosenAdapter FoundDriverCount:0 
[2018.01.21-12.00.11:320][  0]LogD3D11RHI:     Adapter Name: NVIDIA GeForce GT 745M
[2018.01.21-12.00.11:320][  0]LogD3D11RHI:   Driver Version: Unknown (internal:Unknown, unified:Unknown)
[2018.01.21-12.00.11:320][  0]LogD3D11RHI:      Driver Date: Unknown
[2018.01.21-12.00.11:320][  0]LogRHI: Texture pool is 1361 MB (70% of 1945 MB)
[2018.01.21-12.00.11:399][  0]LogD3D11RHI: Async texture creation enabled
[2018.01.21-12.00.11:444][  0]LogD3D11RHI: GPU Timing Frequency: 1000.000000 (Debug: 2 2)
[2018.01.21-12.00.11:448][  0]LogShaderCompilers: Guid format shader working directory is -16 characters bigger than the processId version (../../../../../../Users/MCall/Documents/GitHub/BANG/Bang 4.17/Intermediate/Shaders/WorkingDirectory/12360/).
[2018.01.21-12.00.11:449][  0]LogShaderCompilers: Cleaned the shader compiler working directory 'C:/Users/MCall/AppData/Local/Temp/UnrealShaderWorkingDir/0767D7BE4226E394A43225A3EB59E350/'.
[2018.01.21-12.00.11:449][  0]LogShaderCompilers: Display: Using Local Shader Compiler.
[2018.01.21-12.00.13:010][  0]LogTemp: Display: Loaded TP AllDesktopTargetPlatform
[2018.01.21-12.00.13:107][  0]LogTemp: Display: Loaded TP MacClientTargetPlatform
[2018.01.21-12.00.13:250][  0]LogTemp: Display: Loaded TP MacNoEditorTargetPlatform
[2018.01.21-12.00.13:345][  0]LogTemp: Display: Loaded TP MacServerTargetPlatform
[2018.01.21-12.00.13:495][  0]LogTemp: Display: Loaded TP MacTargetPlatform
[2018.01.21-12.00.13:598][  0]LogTemp: Display: Loaded TP WindowsClientTargetPlatform
[2018.01.21-12.00.13:793][  0]LogTemp: Display: Loaded TP WindowsNoEditorTargetPlatform
[2018.01.21-12.00.13:915][  0]LogTemp: Display: Loaded TP WindowsServerTargetPlatform
[2018.01.21-12.00.14:054][  0]LogTemp: Display: Loaded TP WindowsTargetPlatform
[2018.01.21-12.00.14:161][  0]LogTemp: Display: Loaded TP AndroidTargetPlatform
[2018.01.21-12.00.14:248][  0]LogTemp: Display: Loaded TP Android_ASTCTargetPlatform
[2018.01.21-12.00.14:360][  0]LogTemp: Display: Loaded TP Android_ATCTargetPlatform
[2018.01.21-12.00.14:542][  0]LogTemp: Display: Loaded TP Android_DXTTargetPlatform
[2018.01.21-12.00.14:753][  0]LogTemp: Display: Loaded TP Android_ETC1TargetPlatform
[2018.01.21-12.00.14:847][  0]LogTemp: Display: Loaded TP Android_ETC2TargetPlatform
[2018.01.21-12.00.15:328][  0]LogTemp: Display: Loaded TP Android_MultiTargetPlatform
[2018.01.21-12.00.15:328][  0]LogTemp: Display: Loaded TP Android_PVRTCTargetPlatform
[2018.01.21-12.00.15:408][  0]LogTemp: Display: Loaded TP HTML5TargetPlatform
[2018.01.21-12.00.15:649][  0]LogTemp: Display: Loaded TP IOSTargetPlatform
[2018.01.21-12.00.15:691][  0]LogTemp: Display: Loaded TP TVOSTargetPlatform
[2018.01.21-12.00.15:757][  0]LogTemp: Display: Loaded TP LinuxClientTargetPlatform
[2018.01.21-12.00.15:825][  0]LogTemp: Display: Loaded TP LinuxNoEditorTargetPlatform
[2018.01.21-12.00.15:902][  0]LogTemp: Display: Loaded TP LinuxServerTargetPlatform
[2018.01.21-12.00.15:965][  0]LogTemp: Display: Loaded TP LinuxTargetPlatform
[2018.01.21-12.00.15:965][  0]LogTargetPlatformManager: Display: Building Assets For Windows
[2018.01.21-12.00.16:633][  0]LogDerivedDataCache: Display: Max Cache Size: 512 MB
[2018.01.21-12.00.16:797][  0]LogDerivedDataCache: Loaded boot cache 0.16s 93MB C:/Users/MCall/AppData/Local/UnrealEngine/4.17/DerivedDataCache/Boot.ddc.
[2018.01.21-12.00.16:797][  0]LogDerivedDataCache: Display: Loaded Boot cache: C:/Users/MCall/AppData/Local/UnrealEngine/4.17/DerivedDataCache/Boot.ddc
[2018.01.21-12.00.16:797][  0]LogDerivedDataCache: FDerivedDataBackendGraph:  Pak pak cache file ../../../../../../Users/MCall/Documents/GitHub/BANG/Bang 4.17/DerivedDataCache/DDC.ddp not found, will not use a pak cache.
[2018.01.21-12.00.16:797][  0]LogDerivedDataCache: Unable to find inner node Pak for hierarchical cache Hierarchy.
[2018.01.21-12.00.16:797][  0]LogDerivedDataCache: FDerivedDataBackendGraph:  CompressedPak pak cache file ../../../../../../Users/MCall/Documents/GitHub/BANG/Bang 4.17/DerivedDataCache/Compressed.ddp not found, will not use a pak cache.
[2018.01.21-12.00.16:797][  0]LogDerivedDataCache: Unable to find inner node CompressedPak for hierarchical cache Hierarchy.
[2018.01.21-12.00.16:822][  0]LogDerivedDataCache: Display: Pak cache opened for reading ../../../Engine/DerivedDataCache/Compressed.ddp.
[2018.01.21-12.00.16:835][  0]LogDerivedDataCache: Using Local data cache path C:/Users/MCall/AppData/Local/UnrealEngine/Common/DerivedDataCache: Writable
[2018.01.21-12.00.16:850][  0]LogMaterial: Verifying Global Shaders for PCD3D_SM5
[2018.01.21-12.00.16:851][  0]LogSlate: Using Freetype 2.6.0
[2018.01.21-12.00.16:856][  0]LogSlate: SlateFontCache - WITH_FREETYPE: 1, WITH_HARFBUZZ: 1
[2018.01.21-12.00.16:856][  0]LogSlate: SlateFontCache - WITH_FREETYPE: 1, WITH_HARFBUZZ: 1
[2018.01.21-12.00.17:523][  0]LogAssetRegistry: FAssetRegistry took 0.0279 seconds to start up
[2018.01.21-12.00.17:656][  0]LogInit: Selected Device Profile: [Windows]
[2018.01.21-12.00.18:232][  0]LogContentStreaming: Texture pool size is 0.00 MB
[2018.01.21-12.00.19:124][  0]LogSimplygon: Simplygon DLL not present - disabling.
[2018.01.21-12.00.19:207][  0]LogMeshReduction: Using SimplygonSwarm for distributed automatic mesh merging
[2018.01.21-12.00.19:207][  0]LogMeshReduction: Using QuadricMeshReduction for automatic static mesh reduction
[2018.01.21-12.00.19:207][  0]LogMeshReduction: No automatic skeletal mesh reduction module available
[2018.01.21-12.00.19:207][  0]LogMeshReduction: No automatic mesh merging module available
[2018.01.21-12.00.19:207][  0]LogMeshMerging: No automatic mesh merging module available
[2018.01.21-12.00.20:429][  0]LogNetVersion: Bang , NetCL: 3573198, EngineNetVer: 2, GameNetVer: 0 (Checksum: 1517552222)
[2018.01.21-12.00.20:916][  0]LogPackageLocalizationCache: Processed 5 localized package path(s) for 2 prioritized culture(s) in 0.235116 seconds
[2018.01.21-12.00.20:937][  0]LogUObjectArray: 35825 objects as part of root set at end of initial load.
[2018.01.21-12.00.20:938][  0]LogUObjectAllocator: 7529112 out of 0 bytes used by permanent object pool.
[2018.01.21-12.00.20:938][  0]LogUObjectArray: CloseDisregardForGC: 0/0 objects in disregard for GC pool
[2018.01.21-12.00.21:128][  0]LogInit: WinSock: version 1.1 (2.2), MaxSocks=32767, MaxUdp=65467
[2018.01.21-12.00.27:087][  0]LogTcpMessaging: Initializing TcpMessaging bridge
[2018.01.21-12.00.27:203][  0]LogUdpMessaging: Initializing bridge on interface 0.0.0.0:0 to multicast group 230.0.0.1:6666.
[2018.01.21-12.00.28:682][  0]LogMaterial: Uniform references updated for custom material expression Custom.
[2018.01.21-12.00.29:293][  0]SourceControl: Source control is disabled
[2018.01.21-12.00.29:293][  0]SourceControl: Source control is disabled
[2018.01.21-12.00.29:373][  0]SourceControl: Source control is disabled
[2018.01.21-12.00.29:436][  0]SourceControl: Source control is disabled
[2018.01.21-12.00.31:293][  0]LogAndroidPermission: UAndroidPermissionCallbackProxy::GetInstance
[2018.01.21-12.00.32:168][  0]LogOcInput: OculusInput pre-init called
[2018.01.21-12.00.32:785][  0]LogEngine: Initializing Engine...
[2018.01.21-12.00.32:787][  0]LogHMD: Failed to initialize OpenVR with code 110
[2018.01.21-12.00.33:498][  0]LogStats: UGameplayTagsManager::ConstructGameplayTagTree: Construct from data asset -  0.000 s
[2018.01.21-12.00.33:498][  0]LogStats: UGameplayTagsManager::ConstructGameplayTagTree: GameplayTagTreeChangedEvent.Broadcast -  0.000 s
[2018.01.21-12.00.33:787][  0]LogAIModule: Creating AISystem for world Untitled
[2018.01.21-12.00.33:794][  0]LogInit: XAudio2 using 'Speakers (Realtek High Definition Audio)' : 2 channels at 48 kHz using 32 bits per sample (channel mask 0x3)
[2018.01.21-12.00.33:812][  0]LogInit: FAudioDevice initialized.
[2018.01.21-12.00.34:084][  0]LogDerivedDataCache: Saved boot cache 0.27s 93MB C:/Users/MCall/AppData/Local/UnrealEngine/4.17/DerivedDataCache/Boot.ddc.
[2018.01.21-12.00.34:119][  0]LogInit: Texture streaming: Enabled
[2018.01.21-12.00.34:468][  0]LogEngineSessionManager: EngineSessionManager initialized
[2018.01.21-12.00.35:425][  0]LogInit: Transaction tracking system initialized
[2018.01.21-12.00.36:841][  0]BlueprintLog: New page: Editor Load
[2018.01.21-12.00.39:643][  0]LocalizationService: Localization service is disabled
[2018.01.21-12.00.41:616][  0]LogConsoleResponse: Display: 
[2018.01.21-12.00.42:180][  0]LogCook: Display: Max memory allowance for cook 16384mb min free memory 0mb
[2018.01.21-12.00.42:180][  0]LogCook: Display: Mobile HDR setting 1
[2018.01.21-12.00.42:180][  0]LogGameplayTags: Display: UGameplayTagsManager::DoneAddingNativeTags. DelegateIsBound: 0
[2018.01.21-12.00.43:209][  0]LogFileCache: Scanning file cache for directory 'C:/Users/MCall/Documents/GitHub/BANG/Bang 4.17/Content/' took 0.03s
[2018.01.21-12.00.44:730][  0]SourceControl: Source control is disabled
[2018.01.21-12.00.44:730][  0]Cmd: MAP LOAD FILE="../../../../../../Users/MCall/Documents/GitHub/BANG/Bang 4.17/Content/2DSideScrollerCPP/Maps/2DSideScrollerExampleMap.umap" TEMPLATE=0 SHOWPROGRESS=1 FEATURELEVEL=3
[2018.01.21-12.00.44:803][  0]LightingResults: New page: Lighting Build
[2018.01.21-12.00.44:994][  0]MapCheck: New page: Map Check
[2018.01.21-12.00.44:994][  0]LightingResults: New page: Lighting Build
[2018.01.21-12.00.49:227][  0]LogAIModule: Creating AISystem for world 2DSideScrollerExampleMap
[2018.01.21-12.00.49:287][  0]LogEditorServer: Finished looking for orphan Actors (0.000 secs)
[2018.01.21-12.00.49:353][  0]Cmd: MAP CHECKDEP NOCLEARLOG
[2018.01.21-12.00.49:590][  0]MapCheck: Map check complete: 0 Error(s), 0 Warning(s), took 237.228ms to complete.
[2018.01.21-12.00.49:590][  0]LogFileHelpers: Loading map '2DSideScrollerExampleMap' took 4.860
[2018.01.21-12.00.50:949][  0]LogCollectionManager: Loaded 0 collections in 0.004522 seconds
[2018.01.21-12.00.51:220][  0]LogFileCache: Scanning file cache for directory 'C:/Users/MCall/Documents/GitHub/BANG/Bang 4.17/Saved/Collections/' took 0.01s
[2018.01.21-12.00.51:220][  0]LogFileCache: Scanning file cache for directory 'C:/Users/MCall/Documents/GitHub/BANG/Bang 4.17/Content/Developers/MCall/Collections/' took 0.01s
[2018.01.21-12.00.51:221][  0]LogFileCache: Scanning file cache for directory 'C:/Users/MCall/Documents/GitHub/BANG/Bang 4.17/Content/Collections/' took 0.01s
[2018.01.21-12.00.51:221][  0]LogCollectionManager: Rebuilt the GUID cache for 0 collections in 0.000001 seconds
[2018.01.21-12.00.51:273][  0]LogContentBrowser: Native class hierarchy populated in 0.0493 seconds. Added 2391 classes and 504 folders.
[2018.01.21-12.00.51:519][  0]LogContentBrowser: Native class hierarchy updated for 'WidgetCarousel' in 0.0032 seconds. Added 0 classes and 0 folders.
[2018.01.21-12.00.55:384][  0]LogContentBrowser: Native class hierarchy updated for 'AddContentDialog' in 0.0086 seconds. Added 0 classes and 0 folders.
[2018.01.21-12.01.02:101][  0]LogSlate: Took 0.000880 seconds to synchronously load lazily loaded font '../../../Engine/Content/Slate/Fonts/Roboto-Regular.ttf' (155K)
[2018.01.21-12.01.02:157][  0]LogSlate: Took 0.000655 seconds to synchronously load lazily loaded font '../../../Engine/Content/Slate/Fonts/Roboto-Bold.ttf' (160K)
[2018.01.21-12.01.02:217][  0]LogSlate: Took 0.032524 seconds to synchronously load lazily loaded font '../../../Engine/Content/Editor/Slate/Fonts/FontAwesome.ttf' (139K)
[2018.01.21-12.01.03:131][  0]LogTemp: Executing iPhonePackager certificates Engine -bundlename com.YourCompany.Bang
[2018.01.21-12.01.03:131][  0]LogTemp: CWD: C:\Program Files\Epic Games\UE_4.17\Engine\Binaries\DotNET\IOS
[2018.01.21-12.01.03:131][  0]LogTemp: Initial Dir: C:\Program Files\Epic Games\UE_4.17
[2018.01.21-12.01.03:131][  0]LogTemp: Env CWD: C:\Program Files\Epic Games\UE_4.17\Engine\Binaries\DotNET\IOS
[2018.01.21-12.01.03:131][  0]LogTemp: BranchPath = TOKIE/C/Program Files/Epic Games/UE_4.17/Engine/Binaries --- GameBranchPath = TOKIE/C/Program Files/Epic Games/UE_4.17/Engine/Binaries
[2018.01.21-12.01.03:131][  0]LogTemp: IPP ERROR: Could not find provision directory 'C:\Users\MCall\AppData\Local/Apple Computer/MobileDevice/Provisioning Profiles/'.
[2018.01.21-12.01.03:131][  0]LogRenderer: Reallocating scene render targets to support 808x372 Format 10 NumSamples 1 (Frame:1).
[2018.01.21-12.01.03:530][  0]LogSlate: Took 0.016757 seconds to synchronously load lazily loaded font '../../../Engine/Content/Slate/Fonts/Roboto-Light.ttf' (159K)
[2018.01.21-12.01.04:033][  0]LogContentBrowser: Native class hierarchy updated for 'HierarchicalLODOutliner' in 0.0091 seconds. Added 1 classes and 2 folders.
[2018.01.21-12.01.04:034][  0]LogLoad: (Engine Initialization) Total time: 61.02 seconds
[2018.01.21-12.01.04:034][  0]LogLoad: (Engine Initialization) Total Blueprint compile time: 0.00 seconds
[2018.01.21-12.01.04:035][  0]LogExternalProfiler: Found external profiler: VSPerf
[2018.01.21-12.01.04:035][  0]LogExternalProfiler: Using external profiler: VSPerf
[2018.01.21-12.01.04:456][  0]LogContentStreaming: Texture pool size now 1000 MB
[2018.01.21-12.01.05:726][  4]LogAssetRegistry: Asset discovery search completed in 48.2248 seconds
[2018.01.21-12.01.05:733][  4]LogCollectionManager: Rebuilt the object cache for 0 collections in 0.000002 seconds (found 0 objects)
[2018.01.21-12.01.05:733][  4]LogCollectionManager: Fixed up redirectors for 0 collections in 0.000223 seconds (updated 0 objects)
[2018.01.21-12.09.34:066][679]LogSlate: Took 0.000224 seconds to synchronously load lazily loaded font '../../../Engine/Content/Slate/Fonts/Roboto-Light.ttf' (159K)
[2018.01.21-12.09.49:577][269]LogVSAccessor: Warning: Visual Studio is open but could not be queried - it may be blocked by a modal operation
[2018.01.21-12.09.55:532][270]LogVSAccessor: Warning: Couldn't goto line number '0' in 'C:/Users/MCall/Documents/GitHub/BANG/Bang 4.17/Source/Bang/MeleeHitbox.h'
[2018.01.21-12.09.55:981][270]LogVSAccessor: Warning: Couldn't goto line number '0' in 'C:/Users/MCall/Documents/GitHub/BANG/Bang 4.17/Source/Bang/MeleeHitbox.cpp'
[2018.01.21-12.14.16:718][ 45]LogHttp: Warning: 000001BA0D886E00: request failed, libcurl error: 6 (Couldn't resolve host name)
[2018.01.21-12.14.16:719][ 45]LogHttp: Warning: 000001BA0D886E00: libcurl info message cache 0 (Found bundle for host datarouter.ol.epicgames.com: 0x1ba4c4d3fb8 [can pipeline])
[2018.01.21-12.14.16:719][ 45]LogHttp: Warning: 000001BA0D886E00: libcurl info message cache 1 (Re-using existing connection! (#1) with host datarouter.ol.epicgames.com)
[2018.01.21-12.14.16:719][ 45]LogHttp: Warning: 000001BA0D886E00: libcurl info message cache 2 (Connected to datarouter.ol.epicgames.com (34.226.163.250) port 443 (#1))
[2018.01.21-12.14.16:719][ 45]LogHttp: Warning: 000001BA0D886E00: libcurl info message cache 3 (upload completely sent off: 361 out of 361 bytes)
[2018.01.21-12.14.16:719][ 45]LogHttp: Warning: 000001BA0D886E00: libcurl info message cache 4 (TLSv1.2 (IN), TLS alert, Client hello (1):)
[2018.01.21-12.14.16:719][ 45]LogHttp: Warning: 000001BA0D886E00: libcurl info message cache 5 (Connection died, retrying a fresh connect)
[2018.01.21-12.14.16:719][ 45]LogHttp: Warning: 000001BA0D886E00: libcurl info message cache 6 (Closing connection 1)
[2018.01.21-12.14.16:719][ 45]LogHttp: Warning: 000001BA0D886E00: libcurl info message cache 7 (TLSv1.2 (OUT), TLS alert, Client hello (1):)
[2018.01.21-12.14.16:719][ 45]LogHttp: Warning: 000001BA0D886E00: libcurl info message cache 8 (Issue another request to this URL: 'https://datarouter.ol.epicgames.com/datarouter/api/v1/public/data?SessionID=%7B1ABD88E2-49AD-E5FE-44C2-62AE6DA13722%7D&AppID=UEEditor.Rocket.Release&AppVersion=4.17.2-3658906%2B%2B%2BUE4%2BRelease-4.17&UserID=589b9e244957518083a4ab849bd37a38%7C969837ba78db4a5a8b4180254925176e%7C66c79b72-df12-4fbc-a5c1-39c342e275b7&AppEnvironment=datacollector-binary&UploadType=eteventstream')
[2018.01.21-12.14.16:719][ 45]LogHttp: Warning: 000001BA0D886E00: libcurl info message cache 9 (Could not resolve host: datarouter.ol.epicgames.com)
[2018.01.21-12.14.16:719][ 45]LogHttp: Warning: 000001BA0D886E00: libcurl info message cache 10 (Closing connection 2)
[2018.01.21-12.32.23:861][340]Cmd: QUIT_EDITOR
[2018.01.21-12.32.23:930][340]LogWindowsTextInputMethodSystem: Display: IME system now deactivated.
[2018.01.21-12.32.23:939][340]LogExit: Preparing to exit.
[2018.01.21-12.32.24:494][340]LogDirectoryWatcher: A directory notification for 'C:/Users/MCall/Documents/GitHub/BANG/Bang 4.17/Content/' was aborted.
[2018.01.21-12.32.24:521][340]LogExit: Editor shut down
[2018.01.21-12.32.24:541][340]LogExit: Transaction tracking system shut down
[2018.01.21-12.32.24:785][340]LogDirectoryWatcher: A directory notification for '../../../Engine/Content/' was aborted.
[2018.01.21-12.32.24:785][340]LogDirectoryWatcher: A directory notification for '../../../../../../Users/MCall/Documents/GitHub/BANG/Bang 4.17/Content/' was aborted.
[2018.01.21-12.32.24:785][340]LogDirectoryWatcher: A directory notification for '../../../Engine/Plugins/2D/Paper2D/Content/' was aborted.
[2018.01.21-12.32.24:785][340]LogDirectoryWatcher: A directory notification for '../../../Engine/Plugins/Runtime/Oculus/OculusVR/Content/' was aborted.
[2018.01.21-12.32.24:785][340]LogDirectoryWatcher: A directory notification for '../../../Engine/Plugins/Runtime/Steam/SteamVR/Content/' was aborted.
[2018.01.21-12.32.24:828][340]LogExit: Object subsystem successfully closed.
[2018.01.21-12.32.24:844][340]LogD3D11RHI: Shutdown
[2018.01.21-12.32.24:844][340]LogD3D11RHI: CleanupD3DDevice
[2018.01.21-12.32.25:028][340]LogD3D11RHI: ~FD3D11DynamicRHI
[2018.01.21-12.32.25:049][340]LogModuleManager: Shutting down and abandoning module HierarchicalLODOutliner (534)
[2018.01.21-12.32.25:049][340]LogModuleManager: Shutting down and abandoning module ExternalImagePicker (532)
[2018.01.21-12.32.25:049][340]LogModuleManager: Shutting down and abandoning module AddContentDialog (530)
[2018.01.21-12.32.25:049][340]LogDirectoryWatcher: A directory notification for 'C:/Program Files/Epic Games/UE_4.17/FeaturePacks/' was aborted.
[2018.01.21-12.32.25:050][340]LogModuleManager: Shutting down and abandoning module WidgetCarousel (529)
[2018.01.21-12.32.25:050][340]LogModuleManager: Shutting down and abandoning module EditorWidgets (526)
[2018.01.21-12.32.25:050][340]LogModuleManager: Shutting down and abandoning module CollectionManager (524)
[2018.01.21-12.32.25:050][340]LogDirectoryWatcher: A directory notification for 'C:/Users/MCall/Documents/GitHub/BANG/Bang 4.17/Content/Collections/' was aborted.
[2018.01.21-12.32.25:050][340]LogDirectoryWatcher: A directory notification for 'C:/Users/MCall/Documents/GitHub/BANG/Bang 4.17/Content/Developers/MCall/Collections/' was aborted.
[2018.01.21-12.32.25:050][340]LogDirectoryWatcher: A directory notification for 'C:/Users/MCall/Documents/GitHub/BANG/Bang 4.17/Saved/Collections/' was aborted.
[2018.01.21-12.32.25:051][340]LogModuleManager: Shutting down and abandoning module SceneOutliner (522)
[2018.01.21-12.32.25:051][340]LogModuleManager: Shutting down and abandoning module StatsViewer (520)
[2018.01.21-12.32.25:051][340]LogModuleManager: Shutting down and abandoning module FoliageEdit (518)
[2018.01.21-12.32.25:051][340]LogModuleManager: Shutting down and abandoning module LandscapeEditor (516)
[2018.01.21-12.32.25:051][340]LogModuleManager: Shutting down and abandoning module MeshPaintMode (514)
[2018.01.21-12.32.25:051][340]LogModuleManager: Shutting down and abandoning module SceneDepthPickerMode (512)
[2018.01.21-12.32.25:051][340]LogModuleManager: Shutting down and abandoning module ActorPickerMode (510)
[2018.01.21-12.32.25:051][340]LogModuleManager: Shutting down and abandoning module GeometryMode (508)
[2018.01.21-12.32.25:051][340]LogModuleManager: Shutting down and abandoning module TextureAlignMode (506)
[2018.01.21-12.32.25:051][340]LogModuleManager: Shutting down and abandoning module BspMode (504)
[2018.01.21-12.32.25:051][340]LogModuleManager: Shutting down and abandoning module PIEPreviewDeviceProfileSelector (502)
[2018.01.21-12.32.25:051][340]LogModuleManager: Shutting down and abandoning module HardwareSurvey (500)
[2018.01.21-12.32.25:051][340]LogModuleManager: Shutting down and abandoning module SequenceRecorderSections (498)
[2018.01.21-12.32.25:051][340]LogModuleManager: Shutting down and abandoning module AutomationWorker (496)
[2018.01.21-12.32.25:051][340]LogModuleManager: Shutting down and abandoning module MatineeToLevelSequence (494)
[2018.01.21-12.32.25:051][340]LogModuleManager: Shutting down and abandoning module LevelSequenceEditor (492)
[2018.01.21-12.32.25:051][340]LogModuleManager: Shutting down and abandoning module PlacementMode (491)
[2018.01.21-12.32.25:051][340]LogModuleManager: Shutting down and abandoning module WmfMediaFactory (488)
[2018.01.21-12.32.25:051][340]LogModuleManager: Shutting down and abandoning module WmfMediaEditor (486)
[2018.01.21-12.32.25:051][340]LogModuleManager: Shutting down and abandoning module AvfMediaFactory (484)
[2018.01.21-12.32.25:051][340]LogModuleManager: Shutting down and abandoning module AvfMediaEditor (482)
[2018.01.21-12.32.25:051][340]LogModuleManager: Shutting down and abandoning module AndroidMediaFactory (480)
[2018.01.21-12.32.25:051][340]LogModuleManager: Shutting down and abandoning module Media (479)
[2018.01.21-12.32.25:051][340]LogModuleManager: Shutting down and abandoning module AndroidMediaEditor (476)
[2018.01.21-12.32.25:051][340]LogModuleManager: Shutting down and abandoning module CharacterAI (474)
[2018.01.21-12.32.25:051][340]LogModuleManager: Shutting down and abandoning module AudioCapture (472)
[2018.01.21-12.32.25:051][340]LogModuleManager: Shutting down and abandoning module SequenceRecorder (471)
[2018.01.21-12.32.25:051][340]LogModuleManager: Shutting down and abandoning module SmartSnapping (468)
[2018.01.21-12.32.25:051][340]LogModuleManager: Shutting down and abandoning module SessionServices (466)
[2018.01.21-12.32.25:051][340]LogModuleManager: Shutting down and abandoning module ViewportSnapping (464)
[2018.01.21-12.32.25:051][340]LogModuleManager: Shutting down and abandoning module ViewportInteraction (462)
[2018.01.21-12.32.25:051][340]LogModuleManager: Shutting down and abandoning module ClothPainter (460)
[2018.01.21-12.32.25:051][340]LogModuleManager: Shutting down and abandoning module LogVisualizer (458)
[2018.01.21-12.32.25:051][340]LogModuleManager: Shutting down and abandoning module IntroTutorials (456)
[2018.01.21-12.32.25:052][340]LogModuleManager: Shutting down and abandoning module GameProjectGeneration (455)
[2018.01.21-12.32.25:052][340]LogModuleManager: Shutting down and abandoning module IOSPlatformEditor (452)
[2018.01.21-12.32.25:052][340]LogModuleManager: Shutting down and abandoning module HTML5PlatformEditor (450)
[2018.01.21-12.32.25:052][340]LogModuleManager: Shutting down and abandoning module AndroidPlatformEditor (448)
[2018.01.21-12.32.25:052][340]LogModuleManager: Shutting down and abandoning module AndroidDeviceDetection (447)
[2018.01.21-12.32.25:356][340]LogModuleManager: Shutting down and abandoning module WindowsPlatformEditor (444)
[2018.01.21-12.32.25:356][340]LogModuleManager: Shutting down and abandoning module IOSRuntimeSettings (442)
[2018.01.21-12.32.25:356][340]LogModuleManager: Shutting down and abandoning module AndroidRuntimeSettings (440)
[2018.01.21-12.32.25:356][340]LogModuleManager: Shutting down and abandoning module InputBindingEditor (438)
[2018.01.21-12.32.25:356][340]LogModuleManager: Shutting down and abandoning module MergeActors (436)
[2018.01.21-12.32.25:356][340]LogModuleManager: Shutting down and abandoning module SizeMap (434)
[2018.01.21-12.32.25:356][340]LogModuleManager: Shutting down and abandoning module TreeMap (432)
[2018.01.21-12.32.25:356][340]LogModuleManager: Shutting down and abandoning module ReferenceViewer (430)
[2018.01.21-12.32.25:356][340]LogModuleManager: Shutting down and abandoning module LocalizationDashboard (428)
[2018.01.21-12.32.25:356][340]LogModuleManager: Shutting down and abandoning module LocalizationService (427)
[2018.01.21-12.32.25:356][340]LogModuleManager: Shutting down and abandoning module HardwareTargeting (424)
[2018.01.21-12.32.25:356][340]LogModuleManager: Shutting down and abandoning module DeviceProfileEditor (422)
[2018.01.21-12.32.25:356][340]LogModuleManager: Shutting down and abandoning module UndoHistory (420)
[2018.01.21-12.32.25:356][340]LogModuleManager: Shutting down and abandoning module XmlParser (418)
[2018.01.21-12.32.25:356][340]LogModuleManager: Shutting down and abandoning module Blutility (416)
[2018.01.21-12.32.25:356][340]LogModuleManager: Shutting down and abandoning module ProjectSettingsViewer (414)
[2018.01.21-12.32.25:356][340]LogModuleManager: Shutting down and abandoning module ProjectTargetPlatformEditor (413)
[2018.01.21-12.32.25:356][340]LogModuleManager: Shutting down and abandoning module EditorSettingsViewer (410)
[2018.01.21-12.32.25:356][340]LogModuleManager: Shutting down and abandoning module SettingsEditor (408)
[2018.01.21-12.32.25:356][340]LogModuleManager: Shutting down and abandoning module ProjectLauncher (406)
[2018.01.21-12.32.25:357][340]LogModuleManager: Shutting down and abandoning module SessionFrontend (404)
[2018.01.21-12.32.25:357][340]LogModuleManager: Shutting down and abandoning module ProfilerClient (402)
[2018.01.21-12.32.25:357][340]LogModuleManager: Shutting down and abandoning module DeviceManager (400)
[2018.01.21-12.32.25:357][340]LogModuleManager: Shutting down and abandoning module TargetDeviceServices (399)
[2018.01.21-12.32.25:410][340]LogModuleManager: Shutting down and abandoning module AutomationController (396)
[2018.01.21-12.32.25:410][340]LogModuleManager: Shutting down and abandoning module AutomationWindow (394)
[2018.01.21-12.32.25:410][340]LogModuleManager: Shutting down and abandoning module Layers (392)
[2018.01.21-12.32.25:410][340]LogModuleManager: Shutting down and abandoning module ComponentVisualizers (390)
[2018.01.21-12.32.25:410][340]LogModuleManager: Shutting down and abandoning module DetailCustomizations (388)
[2018.01.21-12.32.25:410][340]LogModuleManager: Shutting down and abandoning module PackagesDialog (386)
[2018.01.21-12.32.25:410][340]LogModuleManager: Shutting down and abandoning module Persona (384)
[2018.01.21-12.32.25:411][340]LogModuleManager: Shutting down and abandoning module AdvancedPreviewScene (383)
[2018.01.21-12.32.25:411][340]LogModuleManager: Shutting down and abandoning module AnimGraph (381)
[2018.01.21-12.32.25:411][340]LogModuleManager: Shutting down and abandoning module Kismet (378)
[2018.01.21-12.32.25:411][340]LogModuleManager: Shutting down and abandoning module ClassViewer (376)
[2018.01.21-12.32.25:411][340]LogModuleManager: Shutting down and abandoning module Toolbox (374)
[2018.01.21-12.32.25:411][340]LogModuleManager: Shutting down and abandoning module ModuleUI (372)
[2018.01.21-12.32.25:411][340]LogModuleManager: Shutting down and abandoning module MovieSceneTools (370)
[2018.01.21-12.32.25:411][340]LogModuleManager: Shutting down and abandoning module OutputLog (368)
[2018.01.21-12.32.25:412][340]LogModuleManager: Shutting down and abandoning module GammaUI (366)
[2018.01.21-12.32.25:412][340]LogModuleManager: Shutting down and abandoning module Documentation (364)
[2018.01.21-12.32.25:412][340]LogModuleManager: Shutting down and abandoning module MovieSceneTracks (362)
[2018.01.21-12.32.25:412][340]LogModuleManager: Shutting down and abandoning module MovieScene (360)
[2018.01.21-12.32.25:412][340]LogModuleManager: Shutting down and abandoning module Niagara (358)
[2018.01.21-12.32.25:412][340]LogModuleManager: Shutting down and abandoning module NiagaraEditor (357)
[2018.01.21-12.32.25:412][340]LogModuleManager: Shutting down and abandoning module StreamingPauseRendering (354)
[2018.01.21-12.32.25:412][340]LogModuleManager: Shutting down and abandoning module LauncherPlatform (352)
[2018.01.21-12.32.25:412][340]LogModuleManager: Shutting down and abandoning module AnalyticsET (350)
[2018.01.21-12.32.25:412][340]LogModuleManager: Shutting down and abandoning module PortalServices (348)
[2018.01.21-12.32.25:412][340]LogModuleManager: Shutting down and abandoning module PortalRpc (346)
[2018.01.21-12.32.25:413][340]LogModuleManager: Shutting down and abandoning module MessagingRpc (344)
[2018.01.21-12.32.25:413][340]LogModuleManager: Shutting down and abandoning module AIModule (342)
[2018.01.21-12.32.25:413][340]LogModuleManager: Shutting down and abandoning module GameplayDebugger (341)
[2018.01.21-12.32.25:413][340]LogModuleManager: Shutting down and abandoning module AITestSuite (339)
[2018.01.21-12.32.25:413][340]LogModuleManager: Shutting down and abandoning module ProfilerService (336)
[2018.01.21-12.32.25:479][340]LogModuleManager: Shutting down and abandoning module TaskGraph (334)
[2018.01.21-12.32.25:479][340]LogModuleManager: Shutting down and abandoning module SteamVRController (332)
[2018.01.21-12.32.25:479][340]LogModuleManager: Shutting down and abandoning module ProceduralMeshComponentEditor (330)
[2018.01.21-12.32.25:479][340]LogModuleManager: Shutting down and abandoning module ProceduralMeshComponent (328)
[2018.01.21-12.32.25:479][340]LogModuleManager: Shutting down and abandoning module OculusInput (326)
[2018.01.21-12.32.25:479][340]LogModuleManager: Shutting down and abandoning module MobilePatchingUtils (324)
[2018.01.21-12.32.25:479][340]LogModuleManager: Shutting down and abandoning module CustomMeshComponent (322)
[2018.01.21-12.32.25:479][340]LogModuleManager: Shutting down and abandoning module CableComponent (320)
[2018.01.21-12.32.25:479][340]LogModuleManager: Shutting down and abandoning module ArchVisCharacter (318)
[2018.01.21-12.32.25:479][340]LogModuleManager: Shutting down and abandoning module AndroidPermission (316)
[2018.01.21-12.32.25:479][340]LogModuleManager: Shutting down and abandoning module MediaPlayerEditor (312)
[2018.01.21-12.32.25:480][340]LogModuleManager: Shutting down and abandoning module HTML5Networking (310)
[2018.01.21-12.32.25:480][340]LogModuleManager: Shutting down and abandoning module AlembicImporter (308)
[2018.01.21-12.32.25:480][340]LogModuleManager: Shutting down and abandoning module AlembicLibrary (307)
[2018.01.21-12.32.25:480][340]LogModuleManager: Shutting down and abandoning module GeometryCache (306)
[2018.01.21-12.32.25:480][340]LogModuleManager: Shutting down and abandoning module GeometryCacheEd (305)
[2018.01.21-12.32.25:480][340]LogModuleManager: Shutting down and abandoning module SpeedTreeImporter (300)
[2018.01.21-12.32.25:480][340]LogModuleManager: Shutting down and abandoning module PluginBrowser (298)
[2018.01.21-12.32.25:480][340]LogModuleManager: Shutting down and abandoning module MobileLauncherProfileWizard (296)
[2018.01.21-12.32.25:480][340]LogModuleManager: Shutting down and abandoning module VisualStudioSourceCodeAccess (294)
[2018.01.21-12.32.25:481][340]LogModuleManager: Shutting down and abandoning module DesktopPlatform (293)
[2018.01.21-12.32.25:481][340]LogModuleManager: Shutting down and abandoning module UObjectPlugin (290)
[2018.01.21-12.32.25:481][340]LogModuleManager: Shutting down and abandoning module SubversionSourceControl (288)
[2018.01.21-12.32.25:481][340]LogModuleManager: Shutting down and abandoning module PerforceSourceControl (286)
[2018.01.21-12.32.25:481][340]LogModuleManager: Shutting down and abandoning module GitSourceControl (284)
[2018.01.21-12.32.25:481][340]LogModuleManager: Shutting down and abandoning module SourceControl (283)
[2018.01.21-12.32.25:481][340]LogModuleManager: Shutting down and abandoning module LightPropagationVolumeEditor (280)
[2018.01.21-12.32.25:481][340]LogModuleManager: Shutting down and abandoning module PaperTiledImporter (278)
[2018.01.21-12.32.25:481][340]LogModuleManager: Shutting down and abandoning module PaperSpriteSheetImporter (276)
[2018.01.21-12.32.25:481][340]LogModuleManager: Shutting down and abandoning module Paper2DEditor (274)
[2018.01.21-12.32.25:482][340]LogModuleManager: Shutting down and abandoning module MeshPaint (273)
[2018.01.21-12.32.25:482][340]LogModuleManager: Shutting down and abandoning module LevelEditor (271)
[2018.01.21-12.32.25:484][340]LogModuleManager: Shutting down and abandoning module PixelInspectorModule (270)
[2018.01.21-12.32.25:484][340]LogModuleManager: Shutting down and abandoning module MainFrame (268)
[2018.01.21-12.32.25:484][340]LogModuleManager: Shutting down and abandoning module HotReload (267)
[2018.01.21-12.32.25:484][340]LogDirectoryWatcher: A directory notification for 'C:/Users/MCall/Documents/GitHub/BANG/Bang 4.17/Binaries/Win64' was aborted.
[2018.01.21-12.32.25:486][340]LogModuleManager: Shutting down and abandoning module Bang (262)
[2018.01.21-12.32.25:486][340]LogModuleManager: Shutting down and abandoning module RuntimePhysXCooking (260)
[2018.01.21-12.32.25:486][340]LogModuleManager: Shutting down and abandoning module PhysXVehiclesEditor (258)
[2018.01.21-12.32.25:486][340]LogModuleManager: Shutting down and abandoning module PhysXVehicles (256)
[2018.01.21-12.32.25:486][340]LogModuleManager: Shutting down and abandoning module OculusEditor (254)
[2018.01.21-12.32.25:486][340]LogModuleManager: Shutting down and abandoning module LocationServicesBPLibrary (252)
[2018.01.21-12.32.25:486][340]LogModuleManager: Shutting down and abandoning module ImmediatePhysicsEditor (250)
[2018.01.21-12.32.25:486][340]LogModuleManager: Shutting down and abandoning module ImmediatePhysics (248)
[2018.01.21-12.32.25:486][340]LogModuleManager: Shutting down and abandoning module UdpMessaging (246)
[2018.01.21-12.32.25:588][340]LogModuleManager: Shutting down and abandoning module TcpMessaging (244)
[2018.01.21-12.32.25:689][340]LogModuleManager: Shutting down and abandoning module GameplayTagsEditor (242)
[2018.01.21-12.32.25:689][340]LogModuleManager: Shutting down and abandoning module FacialAnimationEditor (240)
[2018.01.21-12.32.25:689][340]LogModuleManager: Shutting down and abandoning module FacialAnimation (238)
[2018.01.21-12.32.25:689][340]LogModuleManager: Shutting down and abandoning module AssetManagerEditor (236)
[2018.01.21-12.32.25:689][340]LogModuleManager: Shutting down and abandoning module GraphEditor (235)
[2018.01.21-12.32.25:690][340]LogModuleManager: Shutting down and abandoning module ContentBrowser (233)
[2018.01.21-12.32.25:692][340]LogModuleManager: Shutting down and abandoning module LightPropagationVolumeRuntime (230)
[2018.01.21-12.32.25:693][340]LogModuleManager: Shutting down and abandoning module Paper2D (228)
[2018.01.21-12.32.25:693][340]LogModuleManager: Shutting down and abandoning module WindowsMoviePlayer (226)
[2018.01.21-12.32.25:693][340]LogModuleManager: Shutting down and abandoning module WmfMedia (224)
[2018.01.21-12.32.25:696][340]LogModuleManager: Shutting down and abandoning module PacketHandler (222)
[2018.01.21-12.32.25:696][340]LogModuleManager: Shutting down and abandoning module ClothingSystemEditor (220)
[2018.01.21-12.32.25:696][340]LogModuleManager: Shutting down and abandoning module ClothingSystemRuntime (218)
[2018.01.21-12.32.25:696][340]LogModuleManager: Shutting down and abandoning module Overlay (216)
[2018.01.21-12.32.25:696][340]LogModuleManager: Shutting down and abandoning module OverlayEditor (215)
[2018.01.21-12.32.25:696][340]LogModuleManager: Shutting down and abandoning module MediaAssets (212)
[2018.01.21-12.32.25:696][340]LogModuleManager: Shutting down and abandoning module VREditor (210)
[2018.01.21-12.32.25:696][340]LogModuleManager: Shutting down and abandoning module StringTableEditor (208)
[2018.01.21-12.32.25:696][340]LogModuleManager: Shutting down and abandoning module GameplayTasksEditor (206)
[2018.01.21-12.32.25:696][340]LogModuleManager: Shutting down and abandoning module BehaviorTreeEditor (204)
[2018.01.21-12.32.25:697][340]LogModuleManager: Shutting down and abandoning module FunctionalTesting (202)
[2018.01.21-12.32.25:697][340]LogModuleManager: Shutting down and abandoning module CollisionAnalyzer (200)
[2018.01.21-12.32.25:697][340]LogModuleManager: Shutting down and abandoning module WorkspaceMenuStructure (199)
[2018.01.21-12.32.25:697][340]LogModuleManager: Shutting down and abandoning module UMG (196)
[2018.01.21-12.32.25:697][340]LogModuleManager: Shutting down and abandoning module UMGEditor (195)
[2018.01.21-12.32.25:697][340]LogModuleManager: Shutting down and abandoning module Sequencer (194)
[2018.01.21-12.32.25:697][340]LogModuleManager: Shutting down and abandoning module MessageLog (191)
[2018.01.21-12.32.25:697][340]LogModuleManager: Shutting down and abandoning module SlateReflector (186)
[2018.01.21-12.32.25:698][340]LogModuleManager: Shutting down and abandoning module Slate (184)
[2018.01.21-12.32.25:698][340]LogModuleManager: Shutting down and abandoning module EditorStyle (182)
[2018.01.21-12.32.25:707][340]LogModuleManager: Shutting down and abandoning module MRMesh (180)
[2018.01.21-12.32.25:707][340]LogModuleManager: Shutting down and abandoning module SourceCodeAccess (178)
[2018.01.21-12.32.25:707][340]LogModuleManager: Shutting down and abandoning module HeadMountedDisplay (176)
[2018.01.21-12.32.25:707][340]LogModuleManager: Shutting down and abandoning module XAudio2 (174)
[2018.01.21-12.32.25:707][340]LogModuleManager: Shutting down and abandoning module Networking (172)
[2018.01.21-12.32.25:707][340]LogModuleManager: Shutting down and abandoning module Core (168)
[2018.01.21-12.32.25:707][340]LogModuleManager: Shutting down and abandoning module KismetCompiler (164)
[2018.01.21-12.32.25:707][340]LogModuleManager: Shutting down and abandoning module LevelSequence (162)
[2018.01.21-12.32.25:707][340]LogModuleManager: Shutting down and abandoning module MeshUtilities (160)
[2018.01.21-12.32.25:708][340]LogModuleManager: Shutting down and abandoning module MeshMergeUtilities (159)
[2018.01.21-12.32.25:708][340]LogModuleManager: Shutting down and abandoning module MeshReductionInterface (158)
[2018.01.21-12.32.25:708][340]LogModuleManager: Shutting down and abandoning module SimplygonSwarm (157)
[2018.01.21-12.32.25:708][340]LogModuleManager: Shutting down and abandoning module SimplygonMeshReduction (155)
[2018.01.21-12.32.25:708][340]LogModuleManager: Shutting down and abandoning module QuadricMeshReduction (153)
[2018.01.21-12.32.25:708][340]LogModuleManager: Shutting down and abandoning module MaterialBaking (149)
[2018.01.21-12.32.25:708][340]LogModuleManager: Shutting down and abandoning module DirectoryWatcher (146)
[2018.01.21-12.32.25:713][340]LogModuleManager: Shutting down and abandoning module DerivedDataCache (144)
[2018.01.21-12.32.25:739][340]LogDerivedDataCache: Shutdown
[2018.01.21-12.32.25:739][340]LogModuleManager: Shutting down and abandoning module TargetPlatform (142)
[2018.01.21-12.32.25:739][340]LogModuleManager: Shutting down and abandoning module VulkanShaderFormat (141)
[2018.01.21-12.32.25:739][340]LogModuleManager: Shutting down and abandoning module ShaderFormatVectorVM (139)
[2018.01.21-12.32.25:739][340]LogModuleManager: Shutting down and abandoning module ShaderFormatOpenGL (137)
[2018.01.21-12.32.25:739][340]LogModuleManager: Shutting down and abandoning module ShaderFormatD3D (135)
[2018.01.21-12.32.25:739][340]LogModuleManager: Shutting down and abandoning module MetalShaderFormat (133)
[2018.01.21-12.32.25:739][340]LogModuleManager: Shutting down and abandoning module TextureFormatUncompressed (131)
[2018.01.21-12.32.25:739][340]LogModuleManager: Shutting down and abandoning module TextureFormatPVR (129)
[2018.01.21-12.32.25:739][340]LogModuleManager: Shutting down and abandoning module TextureFormatDXT (127)
[2018.01.21-12.32.25:739][340]LogModuleManager: Shutting down and abandoning module TextureFormatIntelISPCTexComp (125)
[2018.01.21-12.32.25:739][340]LogModuleManager: Shutting down and abandoning module TextureFormatASTC (123)
[2018.01.21-12.32.25:739][340]LogModuleManager: Shutting down and abandoning module ImageWrapper (122)
[2018.01.21-12.32.25:739][340]LogModuleManager: Shutting down and abandoning module TextureFormatAndroid (119)
[2018.01.21-12.32.25:739][340]LogModuleManager: Shutting down and abandoning module AudioFormatOpus (117)
[2018.01.21-12.32.25:739][340]LogModuleManager: Shutting down and abandoning module AudioFormatOgg (115)
[2018.01.21-12.32.25:739][340]LogModuleManager: Shutting down and abandoning module AudioFormatADPCM (113)
[2018.01.21-12.32.25:740][340]LogModuleManager: Shutting down and abandoning module LinuxTargetPlatform (111)
[2018.01.21-12.32.25:740][340]LogModuleManager: Shutting down and abandoning module LinuxServerTargetPlatform (109)
[2018.01.21-12.32.25:740][340]LogModuleManager: Shutting down and abandoning module LinuxNoEditorTargetPlatform (107)
[2018.01.21-12.32.25:740][340]LogModuleManager: Shutting down and abandoning module LinuxClientTargetPlatform (105)
[2018.01.21-12.32.25:740][340]LogModuleManager: Shutting down and abandoning module TVOSTargetPlatform (103)
[2018.01.21-12.32.25:740][340]LogModuleManager: Shutting down and abandoning module Messaging (101)
[2018.01.21-12.32.25:740][340]LogModuleManager: Shutting down and abandoning module IOSTargetPlatform (99)
[2018.01.21-12.32.25:740][340]LogModuleManager: Shutting down and abandoning module HTML5TargetPlatform (97)
[2018.01.21-12.32.25:740][340]LogModuleManager: Shutting down and abandoning module Android_PVRTCTargetPlatform (95)
[2018.01.21-12.32.25:740][340]LogModuleManager: Shutting down and abandoning module Android_MultiTargetPlatform (93)
[2018.01.21-12.32.25:740][340]LogModuleManager: Shutting down and abandoning module Android_ETC2TargetPlatform (91)
[2018.01.21-12.32.25:740][340]LogModuleManager: Shutting down and abandoning module Android_ETC1TargetPlatform (89)
[2018.01.21-12.32.25:740][340]LogModuleManager: Shutting down and abandoning module Android_DXTTargetPlatform (87)
[2018.01.21-12.32.25:740][340]LogModuleManager: Shutting down and abandoning module Android_ATCTargetPlatform (85)
[2018.01.21-12.32.25:740][340]LogModuleManager: Shutting down and abandoning module Android_ASTCTargetPlatform (83)
[2018.01.21-12.32.25:740][340]LogModuleManager: Shutting down and abandoning module AndroidTargetPlatform (81)
[2018.01.21-12.32.25:740][340]LogModuleManager: Shutting down and abandoning module WindowsTargetPlatform (79)
[2018.01.21-12.32.25:740][340]LogModuleManager: Shutting down and abandoning module WindowsServerTargetPlatform (77)
[2018.01.21-12.32.25:740][340]LogModuleManager: Shutting down and abandoning module WindowsNoEditorTargetPlatform (75)
[2018.01.21-12.32.25:740][340]LogModuleManager: Shutting down and abandoning module WindowsClientTargetPlatform (73)
[2018.01.21-12.32.25:740][340]LogModuleManager: Shutting down and abandoning module MacTargetPlatform (71)
[2018.01.21-12.32.25:740][340]LogModuleManager: Shutting down and abandoning module MacServerTargetPlatform (69)
[2018.01.21-12.32.25:740][340]LogModuleManager: Shutting down and abandoning module MacNoEditorTargetPlatform (67)
[2018.01.21-12.32.25:740][340]LogModuleManager: Shutting down and abandoning module MacClientTargetPlatform (65)
[2018.01.21-12.32.25:740][340]LogModuleManager: Shutting down and abandoning module AllDesktopTargetPlatform (63)
[2018.01.21-12.32.25:740][340]LogModuleManager: Shutting down and abandoning module InputCore (60)
[2018.01.21-12.32.25:740][340]LogModuleManager: Shutting down and abandoning module Settings (58)
[2018.01.21-12.32.25:740][340]LogModuleManager: Shutting down and abandoning module PhysXCooking (56)
[2018.01.21-12.32.25:740][340]LogModuleManager: Shutting down and abandoning module SteamVR (54)
[2018.01.21-12.32.25:740][340]LogModuleManager: Shutting down and abandoning module OculusHMD (52)
[2018.01.21-12.32.25:741][340]LogModuleManager: Shutting down and abandoning module ExampleDeviceProfileSelector (50)
[2018.01.21-12.32.25:741][340]LogModuleManager: Shutting down and abandoning module OnlineBlueprintSupport (48)
[2018.01.21-12.32.25:741][340]LogModuleManager: Shutting down and abandoning module OnlineSubsystem (44)
[2018.01.21-12.32.25:741][340]LogOnline: Display: Unloading online subsystem: NULL
[2018.01.21-12.32.25:741][340]LogModuleManager: Shutting down and abandoning module XMPP (43)
[2018.01.21-12.32.25:741][340]LogModuleManager: Shutting down and abandoning module HTTP (41)
[2018.01.21-12.32.25:741][340]LogHttp: Display: Http module shutting down, but needs to wait on 1 outstanding Http requests:
[2018.01.21-12.32.25:741][340]LogHttp: Display: 	verb=[POST] url=[https://datarouter.ol.epicgames.com/datarouter/api/v1/public/data?SessionID=%7B1ABD88E2-49AD-E5FE-44C2-62AE6DA13722%7D&AppID=UEEditor.Rocket.Release&AppVersion=4.17.2-3658906%2B%2B%2BUE4%2BRelease-4.17&UserID=589b9e244957518083a4ab849bd37a38%7C969837ba78db4a5a8b4180254925176e%7C66c79b72-df12-4fbc-a5c1-39c342e275b7&AppEnvironment=datacollector-binary&UploadType=eteventstream] status=Processing
[2018.01.21-12.32.25:771][340]LogModuleManager: Shutting down and abandoning module SSL (40)
[2018.01.21-12.32.25:775][340]LogModuleManager: Shutting down and abandoning module AnimationModifiers (36)
[2018.01.21-12.32.25:775][340]LogModuleManager: Shutting down and abandoning module PropertyEditor (35)
[2018.01.21-12.32.25:776][340]LogModuleManager: Shutting down and abandoning module AudioEditor (32)
[2018.01.21-12.32.25:776][340]LogModuleManager: Shutting down and abandoning module TextureCompressor (30)
[2018.01.21-12.32.25:776][340]LogModuleManager: Shutting down and abandoning module ShaderCore (28)
[2018.01.21-12.32.25:776][340]LogModuleManager: Shutting down and abandoning module Landscape (26)
[2018.01.21-12.32.25:776][340]LogModuleManager: Shutting down and abandoning module SlateRHIRenderer (24)
[2018.01.21-12.32.25:780][340]LogModuleManager: Shutting down and abandoning module OpenGLDrv (22)
[2018.01.21-12.32.25:780][340]LogModuleManager: Shutting down and abandoning module D3D11RHI (20)
[2018.01.21-12.32.25:780][340]LogModuleManager: Shutting down and abandoning module AnimGraphRuntime (18)
[2018.01.21-12.32.25:780][340]LogModuleManager: Shutting down and abandoning module Renderer (16)
[2018.01.21-12.32.25:781][340]LogModuleManager: Shutting down and abandoning module Engine (14)
[2018.01.21-12.32.25:781][340]LogModuleManager: Shutting down and abandoning module CoreUObject (12)
[2018.01.21-12.32.25:781][340]LogModuleManager: Shutting down and abandoning module NetworkFile (10)
[2018.01.21-12.32.25:781][340]LogModuleManager: Shutting down and abandoning module CookedIterativeFile (8)
[2018.01.21-12.32.25:781][340]LogModuleManager: Shutting down and abandoning module StreamingFile (6)
[2018.01.21-12.32.25:781][340]LogModuleManager: Shutting down and abandoning module SandboxFile (4)
[2018.01.21-12.32.25:781][340]LogModuleManager: Shutting down and abandoning module PakFile (2)
[2018.01.21-12.32.25:791][340]LogExit: Exiting.
[2018.01.21-12.32.25:845][340]Log file closed, 01/21/18 12:32:25
