Log file open, 01/07/18 14:07:48
LogWindows: Failed to load 'aqProf.dll' (GetLastError=126)
LogWindows: File 'aqProf.dll' does not exist
LogWindows: Failed to load 'VtuneApi.dll' (GetLastError=126)
LogWindows: File 'VtuneApi.dll' does not exist
LogWindows: Failed to load 'VtuneApi32e.dll' (GetLastError=126)
LogWindows: File 'VtuneApi32e.dll' does not exist
LogInit: Display: Running engine for game: Bang
LogPlatformFile: Not using cached read wrapper
LogInit: Display: RandInit(-422705309) SRandInit(-422705309).
LogTaskGraph: Started task graph with 5 named threads and 14 total threads with 3 sets of task threads.
LogStats: Stats thread started at 0.188539
LogD3D11RHI: Aftermath initialized
LogPluginManager: Mounting plugin Paper2D
LogPluginManager: Mounting plugin LightPropagationVolume
LogPluginManager: Mounting plugin CodeLiteSourceCodeAccess
LogPluginManager: Mounting plugin GitSourceControl
LogPluginManager: Mounting plugin KDevelopSourceCodeAccess
LogPluginManager: Mounting plugin NullSourceCodeAccess
LogPluginManager: Mounting plugin PerforceSourceControl
LogPluginManager: Mounting plugin SubversionSourceControl
LogPluginManager: Mounting plugin UObjectPlugin
LogPluginManager: Mounting plugin VisualStudioSourceCodeAccess
LogPluginManager: Mounting plugin XCodeSourceCodeAccess
LogPluginManager: Mounting plugin AssetManagerEditor
LogPluginManager: Mounting plugin AudioCapture
LogPluginManager: Mounting plugin FacialAnimation
LogPluginManager: Mounting plugin GameplayTagsEditor
LogPluginManager: Mounting plugin MobileLauncherProfileWizard
LogPluginManager: Mounting plugin PluginBrowser
LogPluginManager: Mounting plugin SpeedTreeImporter
LogPluginManager: Mounting plugin AlembicImporter
LogPluginManager: Mounting plugin CharacterAI
LogPluginManager: Mounting plugin HTML5Networking
LogPluginManager: Mounting plugin AndroidMedia
LogPluginManager: Mounting plugin AvfMedia
LogPluginManager: Mounting plugin MediaPlayerEditor
LogPluginManager: Mounting plugin WmfMedia
LogPluginManager: Mounting plugin TcpMessaging
LogPluginManager: Mounting plugin UdpMessaging
LogPluginManager: Mounting plugin LevelSequenceEditor
LogPluginManager: Mounting plugin MatineeToLevelSequence
LogPluginManager: Mounting plugin OnlineSubsystemGooglePlay
LogPluginManager: Mounting plugin OnlineSubsystemIOS
LogPluginManager: Mounting plugin OnlineSubsystem
LogPluginManager: Mounting plugin OnlineSubsystemNull
LogPluginManager: Mounting plugin OnlineSubsystemUtils
LogPluginManager: Mounting plugin AndroidDeviceProfileSelector
LogPluginManager: Mounting plugin AndroidMoviePlayer
LogPluginManager: Mounting plugin AndroidPermission
LogPluginManager: Mounting plugin AppleMoviePlayer
LogPluginManager: Mounting plugin ArchVisCharacter
LogPluginManager: Mounting plugin CableComponent
LogPluginManager: Mounting plugin CustomMeshComponent
LogPluginManager: Mounting plugin ExampleDeviceProfileSelector
LogPluginManager: Mounting plugin GoogleCloudMessaging
LogPluginManager: Mounting plugin ImmediatePhysics
LogPluginManager: Mounting plugin IOSDeviceProfileSelector
LogPluginManager: Mounting plugin LinuxDeviceProfileSelector
LogPluginManager: Mounting plugin LocationServicesBPLibrary
LogPluginManager: Mounting plugin MobilePatchingUtils
LogPluginManager: Mounting plugin OculusVR
LogPluginManager: Mounting plugin PhysXVehicles
LogPluginManager: Mounting plugin ProceduralMeshComponent
LogPluginManager: Mounting plugin RuntimePhysXCooking
LogPluginManager: Mounting plugin SteamVR
LogPluginManager: Mounting plugin WindowsMoviePlayer
LogInit: Using libcurl 7.47.1
LogInit:  - built for x86_64-pc-win32
LogInit:  - supports SSL with OpenSSL/1.0.2g
LogInit:  - supports HTTP deflate (compression) using libz 1.2.8
LogInit:  - other features:
LogInit:      CURL_VERSION_SSL
LogInit:      CURL_VERSION_LIBZ
LogInit:      CURL_VERSION_IPV6
LogInit:      CURL_VERSION_ASYNCHDNS
LogInit:      CURL_VERSION_LARGEFILE
LogInit:      CURL_VERSION_IDN
LogInit:  CurlRequestOptions (configurable via config and command line):
LogInit:  - bVerifyPeer = false  - Libcurl will NOT verify peer certificate
LogInit:  - bUseHttpProxy = false  - Libcurl will NOT use HTTP proxy
LogInit:  - bDontReuseConnections = false  - Libcurl will reuse connections
LogInit:  - CertBundlePath = nullptr  - Libcurl will use whatever was configured at build time.
LogInit: Build: ++UE4+Release-4.17-CL-3658906
LogInit: Engine Version: 4.17.2-3658906+++UE4+Release-4.17
LogInit: Compatible Engine Version: 4.17.0-3573198+++UE4+Release-4.17
LogInit: Net CL: 3573198
LogDevObjectVersion: Number of dev versions registered: 16
LogDevObjectVersion:   Dev-Blueprints (B0D832E4-1F89-4F0D-ACCF-7EB736FD4AA2): 10
LogDevObjectVersion:   Dev-Build (E1C64328-A22C-4D53-A36C-8E866417BD8C): 0
LogDevObjectVersion:   Dev-Core (375EC13C-06E4-48FB-B500-84F0262A717E): 2
LogDevObjectVersion:   Dev-Editor (E4B068ED-F494-42E9-A231-DA0B2E46BB41): 20
LogDevObjectVersion:   Dev-Framework (CFFC743F-43B0-4480-9391-14DF171D2073): 28
LogDevObjectVersion:   Dev-Mobile (B02B49B5-BB20-44E9-A304-32B752E40360): 0
LogDevObjectVersion:   Dev-Networking (A4E4105C-59A1-49B5-A7C5-40C4547EDFEE): 0
LogDevObjectVersion:   Dev-Online (39C831C9-5AE6-47DC-9A44-9C173E1C8E7C): 0
LogDevObjectVersion:   Dev-Physics (78F01B33-EBEA-4F98-B9B4-84EACCB95AA2): 0
LogDevObjectVersion:   Dev-Platform (6631380F-2D4D-43E0-8009-CF276956A95A): 0
LogDevObjectVersion:   Dev-Rendering (12F88B9F-8875-4AFC-A67C-D90C383ABD29): 19
LogDevObjectVersion:   Dev-Sequencer (7B5AE74C-D270-4C10-A958-57980B212A5A): 4
LogDevObjectVersion:   Dev-VR (D7296918-1DD6-4BDD-9DE2-64A83CC13884): 0
LogDevObjectVersion:   Dev-LoadTimes (C2A15278-BFE7-4AFE-6C17-90FF531DF755): 1
LogDevObjectVersion:   Private-Geometry (6EACA3D4-40EC-4CC1-B786-8BED09428FC5): 1
LogDevObjectVersion:   Dev-AnimPhys (29E575DD-E0A3-4627-9D10-D276232CDCEA): 7
LogInit: Compiled (64-bit): Sep 22 2017 13:47:16
LogInit: Compiled with Visual C++: 19.00.24215.01
LogInit: Build Configuration: Development
LogInit: Branch Name: ++UE4+Release-4.17
LogInit: Command line: 
LogInit: Base directory: C:/Program Files/Epic Games/UE_4.17/Engine/Binaries/Win64/
LogInit: Installed Engine Build: 1
LogInit: Presizing for max 8388607 objects, including 0 objects not considered by GC, pre-allocating 0 bytes for permanent pool.
LogInit: Object subsystem initialized
[2018.01.07-14.07.51:193][  0]LogInit: Selected Device Profile: [Windows]
[2018.01.07-14.07.51:193][  0]LogInit: Applying CVar settings loaded from the selected device profile: [Windows]
[2018.01.07-14.07.51:218][  0]LogInit: Computer: MARCUSPC
[2018.01.07-14.07.51:218][  0]LogInit: User: Marcus
[2018.01.07-14.07.51:218][  0]LogInit: CPU Page size=4096, Cores=4
[2018.01.07-14.07.51:218][  0]LogInit: High frequency timer resolution =2.929687 MHz
[2018.01.07-14.07.51:218][  0]LogMemory: Memory total: Physical=16.0GB (16GB approx)
[2018.01.07-14.07.51:218][  0]LogMemory: Platform Memory Stats for Windows
[2018.01.07-14.07.51:218][  0]LogMemory: Process Physical Memory: 278.86 MB used, 278.86 MB peak
[2018.01.07-14.07.51:218][  0]LogMemory: Process Virtual Memory: 273.98 MB used, 273.98 MB peak
[2018.01.07-14.07.51:218][  0]LogMemory: Physical Memory: 4006.18 MB used,  12330.25 MB free, 16336.43 MB total
[2018.01.07-14.07.51:218][  0]LogMemory: Virtual Memory: 706.33 MB used,  12330.25 MB free, 134217728.00 MB total
[2018.01.07-14.07.51:816][  0]LogInit: Using OS detected language (en-US).
[2018.01.07-14.07.51:816][  0]LogInit: Using OS detected locale (en-GB).
[2018.01.07-14.07.51:821][  0]LogTextLocalizationManager: No specific localization for 'en-US' exists, so the 'en' localization will be used.
[2018.01.07-14.07.52:684][  0]LogD3D11RHI: D3D11 adapters:
[2018.01.07-14.07.52:726][  0]LogD3D11RHI:    0. 'NVIDIA GeForce GTX 1050' (Feature Level 11_0)
[2018.01.07-14.07.52:726][  0]LogD3D11RHI:       1987/0/8168 MB DedicatedVideo/DedicatedSystem/SharedSystem, Outputs:2, VendorId:0x10de
[2018.01.07-14.07.52:729][  0]LogD3D11RHI:    1. 'Microsoft Basic Render Driver' (Feature Level 11_0)
[2018.01.07-14.07.52:729][  0]LogD3D11RHI:       0/0/8168 MB DedicatedVideo/DedicatedSystem/SharedSystem, Outputs:0, VendorId:0x1414
[2018.01.07-14.07.52:729][  0]LogD3D11RHI: Chosen D3D11 Adapter: 0
[2018.01.07-14.07.52:734][  0]LogD3D11RHI: Creating new Direct3DDevice
[2018.01.07-14.07.52:734][  0]LogD3D11RHI:     GPU DeviceId: 0x1c81 (for the marketing name, search the web for "GPU Device Id")
[2018.01.07-14.07.52:734][  0]LogWindows: EnumDisplayDevices:
[2018.01.07-14.07.52:734][  0]LogWindows:    0. 'NVIDIA GeForce GTX 1050' (P:1 D:1)
[2018.01.07-14.07.52:734][  0]LogWindows:    1. 'NVIDIA GeForce GTX 1050' (P:0 D:1)
[2018.01.07-14.07.52:734][  0]LogWindows:    2. 'NVIDIA GeForce GTX 1050' (P:0 D:0)
[2018.01.07-14.07.52:734][  0]LogWindows:    3. 'NVIDIA GeForce GTX 1050' (P:0 D:0)
[2018.01.07-14.07.52:734][  0]LogWindows: DebugString: GetVideoDriverDetailsInvalid PrimaryIsNotTheChoosenAdapter GetVideoDriverDetailsInvalid PrimaryIsNotTheChoosenAdapter GetVideoDriverDetailsInvalid PrimaryIsNotTheChoosenAdapter GetVideoDriverDetailsInvalid PrimaryIsNotTheChoosenAdapter FoundDriverCount:0 
[2018.01.07-14.07.52:734][  0]LogD3D11RHI:     Adapter Name: NVIDIA GeForce GTX 1050
[2018.01.07-14.07.52:734][  0]LogD3D11RHI:   Driver Version: Unknown (internal:Unknown, unified:Unknown)
[2018.01.07-14.07.52:734][  0]LogD3D11RHI:      Driver Date: Unknown
[2018.01.07-14.07.52:734][  0]LogRHI: Texture pool is 1361 MB (70% of 1945 MB)
[2018.01.07-14.07.52:755][  0]LogD3D11RHI: Async texture creation enabled
[2018.01.07-14.07.52:767][  0]LogD3D11RHI: GPU Timing Frequency: 1000.000000 (Debug: 2 1)
[2018.01.07-14.07.52:769][  0]LogShaderCompilers: Guid format shader working directory is -16 characters bigger than the processId version (../../../../../../Users/Marcus/Documents/GitHub/BANG/Bang 4.17/Intermediate/Shaders/WorkingDirectory/10560/).
[2018.01.07-14.07.52:769][  0]LogShaderCompilers: Cleaned the shader compiler working directory 'C:/Users/Marcus/AppData/Local/Temp/UnrealShaderWorkingDir/FC9DF1414F2354EA91F8719DEFB7895A/'.
[2018.01.07-14.07.52:771][  0]LogShaderCompilers: Display: Using Local Shader Compiler.
[2018.01.07-14.07.53:943][  0]LogTemp: Display: Loaded TP AllDesktopTargetPlatform
[2018.01.07-14.07.54:092][  0]LogTemp: Display: Loaded TP MacClientTargetPlatform
[2018.01.07-14.07.54:246][  0]LogTemp: Display: Loaded TP MacNoEditorTargetPlatform
[2018.01.07-14.07.54:398][  0]LogTemp: Display: Loaded TP MacServerTargetPlatform
[2018.01.07-14.07.54:549][  0]LogTemp: Display: Loaded TP MacTargetPlatform
[2018.01.07-14.07.54:699][  0]LogTemp: Display: Loaded TP WindowsClientTargetPlatform
[2018.01.07-14.07.54:849][  0]LogTemp: Display: Loaded TP WindowsNoEditorTargetPlatform
[2018.01.07-14.07.55:000][  0]LogTemp: Display: Loaded TP WindowsServerTargetPlatform
[2018.01.07-14.07.55:146][  0]LogTemp: Display: Loaded TP WindowsTargetPlatform
[2018.01.07-14.07.55:296][  0]LogTemp: Display: Loaded TP AndroidTargetPlatform
[2018.01.07-14.07.55:447][  0]LogTemp: Display: Loaded TP Android_ASTCTargetPlatform
[2018.01.07-14.07.55:595][  0]LogTemp: Display: Loaded TP Android_ATCTargetPlatform
[2018.01.07-14.07.55:745][  0]LogTemp: Display: Loaded TP Android_DXTTargetPlatform
[2018.01.07-14.07.55:894][  0]LogTemp: Display: Loaded TP Android_ETC1TargetPlatform
[2018.01.07-14.07.56:045][  0]LogTemp: Display: Loaded TP Android_ETC2TargetPlatform
[2018.01.07-14.07.56:344][  0]LogTemp: Display: Loaded TP Android_MultiTargetPlatform
[2018.01.07-14.07.56:344][  0]LogTemp: Display: Loaded TP Android_PVRTCTargetPlatform
[2018.01.07-14.07.56:484][  0]LogTemp: Display: Loaded TP HTML5TargetPlatform
[2018.01.07-14.07.56:739][  0]LogTemp: Display: Loaded TP IOSTargetPlatform
[2018.01.07-14.07.56:828][  0]LogTemp: Display: Loaded TP TVOSTargetPlatform
[2018.01.07-14.07.56:976][  0]LogTemp: Display: Loaded TP LinuxClientTargetPlatform
[2018.01.07-14.07.57:125][  0]LogTemp: Display: Loaded TP LinuxNoEditorTargetPlatform
[2018.01.07-14.07.57:274][  0]LogTemp: Display: Loaded TP LinuxServerTargetPlatform
[2018.01.07-14.07.57:422][  0]LogTemp: Display: Loaded TP LinuxTargetPlatform
[2018.01.07-14.07.57:422][  0]LogTargetPlatformManager: Display: Building Assets For Windows
[2018.01.07-14.07.59:106][  0]LogDerivedDataCache: Display: Max Cache Size: 512 MB
[2018.01.07-14.07.59:172][  0]LogDerivedDataCache: Loaded boot cache 0.07s 93MB C:/Users/Marcus/AppData/Local/UnrealEngine/4.17/DerivedDataCache/Boot.ddc.
[2018.01.07-14.07.59:172][  0]LogDerivedDataCache: Display: Loaded Boot cache: C:/Users/Marcus/AppData/Local/UnrealEngine/4.17/DerivedDataCache/Boot.ddc
[2018.01.07-14.07.59:172][  0]LogDerivedDataCache: FDerivedDataBackendGraph:  Pak pak cache file ../../../../../../Users/Marcus/Documents/GitHub/BANG/Bang 4.17/DerivedDataCache/DDC.ddp not found, will not use a pak cache.
[2018.01.07-14.07.59:172][  0]LogDerivedDataCache: Unable to find inner node Pak for hierarchical cache Hierarchy.
[2018.01.07-14.07.59:172][  0]LogDerivedDataCache: FDerivedDataBackendGraph:  CompressedPak pak cache file ../../../../../../Users/Marcus/Documents/GitHub/BANG/Bang 4.17/DerivedDataCache/Compressed.ddp not found, will not use a pak cache.
[2018.01.07-14.07.59:172][  0]LogDerivedDataCache: Unable to find inner node CompressedPak for hierarchical cache Hierarchy.
[2018.01.07-14.07.59:187][  0]LogDerivedDataCache: Display: Pak cache opened for reading ../../../Engine/DerivedDataCache/Compressed.ddp.
[2018.01.07-14.07.59:200][  0]LogDerivedDataCache: Using Local data cache path C:/Users/Marcus/AppData/Local/UnrealEngine/Common/DerivedDataCache: Writable
[2018.01.07-14.07.59:209][  0]LogMaterial: Verifying Global Shaders for PCD3D_SM5
[2018.01.07-14.07.59:209][  0]LogSlate: Using Freetype 2.6.0
[2018.01.07-14.07.59:210][  0]LogSlate: SlateFontCache - WITH_FREETYPE: 1, WITH_HARFBUZZ: 1
[2018.01.07-14.07.59:210][  0]LogSlate: SlateFontCache - WITH_FREETYPE: 1, WITH_HARFBUZZ: 1
[2018.01.07-14.07.59:632][  0]LogAssetRegistry: FAssetRegistry took 0.0264 seconds to start up
[2018.01.07-14.07.59:853][  0]LogInit: Selected Device Profile: [Windows]
[2018.01.07-14.08.00:805][  0]LogSimplygon: Simplygon DLL not present - disabling.
[2018.01.07-14.08.00:947][  0]LogMeshReduction: Using SimplygonSwarm for distributed automatic mesh merging
[2018.01.07-14.08.00:947][  0]LogMeshReduction: Using QuadricMeshReduction for automatic static mesh reduction
[2018.01.07-14.08.00:947][  0]LogMeshReduction: No automatic skeletal mesh reduction module available
[2018.01.07-14.08.00:947][  0]LogMeshReduction: No automatic mesh merging module available
[2018.01.07-14.08.00:947][  0]LogMeshMerging: No automatic mesh merging module available
[2018.01.07-14.08.00:948][  0]LogContentStreaming: Texture pool size is 0.00 MB
[2018.01.07-14.08.01:500][  0]LogNetVersion: Bang , NetCL: 3573198, EngineNetVer: 2, GameNetVer: 0 (Checksum: 1517552222)
[2018.01.07-14.08.01:918][  0]LogPackageLocalizationCache: Processed 5 localized package path(s) for 2 prioritized culture(s) in 0.065141 seconds
[2018.01.07-14.08.01:923][  0]LogUObjectArray: 35825 objects as part of root set at end of initial load.
[2018.01.07-14.08.01:923][  0]LogUObjectAllocator: 7529104 out of 0 bytes used by permanent object pool.
[2018.01.07-14.08.01:923][  0]LogUObjectArray: CloseDisregardForGC: 0/0 objects in disregard for GC pool
[2018.01.07-14.08.02:164][  0]LogInit: WinSock: version 1.1 (2.2), MaxSocks=32767, MaxUdp=65467
[2018.01.07-14.08.08:235][  0]LogTcpMessaging: Initializing TcpMessaging bridge
[2018.01.07-14.08.08:346][  0]LogUdpMessaging: Initializing bridge on interface 0.0.0.0:0 to multicast group 230.0.0.1:6666.
[2018.01.07-14.08.10:399][  0]LogMaterial: Uniform references updated for custom material expression Custom.
[2018.01.07-14.08.11:561][  0]SourceControl: Source control is disabled
[2018.01.07-14.08.11:561][  0]SourceControl: Source control is disabled
[2018.01.07-14.08.11:724][  0]SourceControl: Source control is disabled
[2018.01.07-14.08.11:884][  0]SourceControl: Source control is disabled
[2018.01.07-14.08.13:833][  0]LogAndroidPermission: UAndroidPermissionCallbackProxy::GetInstance
[2018.01.07-14.08.14:639][  0]LogOcInput: OculusInput pre-init called
[2018.01.07-14.08.15:399][  0]LogEngine: Initializing Engine...
[2018.01.07-14.08.15:401][  0]LogHMD: Failed to initialize OpenVR with code 110
[2018.01.07-14.08.15:620][  0]LogStats: UGameplayTagsManager::ConstructGameplayTagTree: Construct from data asset -  0.000 s
[2018.01.07-14.08.15:620][  0]LogStats: UGameplayTagsManager::ConstructGameplayTagTree: GameplayTagTreeChangedEvent.Broadcast -  0.000 s
[2018.01.07-14.08.16:053][  0]LogAIModule: Creating AISystem for world Untitled
[2018.01.07-14.08.16:059][  0]LogInit: XAudio2 using 'Digital Audio (S/PDIF) (High Definition Audio Device)' : 2 channels at 44.1 kHz using 16 bits per sample (channel mask 0x3)
[2018.01.07-14.08.16:077][  0]LogInit: FAudioDevice initialized.
[2018.01.07-14.08.16:219][  0]LogDerivedDataCache: Saved boot cache 0.14s 93MB C:/Users/Marcus/AppData/Local/UnrealEngine/4.17/DerivedDataCache/Boot.ddc.
[2018.01.07-14.08.16:232][  0]LogInit: Texture streaming: Enabled
[2018.01.07-14.08.16:686][  0]LogEngineSessionManager: EngineSessionManager initialized
[2018.01.07-14.08.17:421][  0]LogInit: Transaction tracking system initialized
[2018.01.07-14.08.18:548][  0]BlueprintLog: New page: Editor Load
[2018.01.07-14.08.21:691][  0]LocalizationService: Localization service is disabled
[2018.01.07-14.08.24:036][  0]LogConsoleResponse: Display: 
[2018.01.07-14.08.24:360][  0]LogCook: Display: Max memory allowance for cook 16384mb min free memory 0mb
[2018.01.07-14.08.24:360][  0]LogCook: Display: Mobile HDR setting 1
[2018.01.07-14.08.24:360][  0]LogGameplayTags: Display: UGameplayTagsManager::DoneAddingNativeTags. DelegateIsBound: 0
[2018.01.07-14.08.24:460][  0]LogFileCache: Scanning file cache for directory 'C:/Users/Marcus/Documents/GitHub/BANG/Bang 4.17/Content/' took 0.02s
[2018.01.07-14.08.27:931][  0]SourceControl: Source control is disabled
[2018.01.07-14.08.27:931][  0]Cmd: MAP LOAD FILE="../../../../../../Users/Marcus/Documents/GitHub/BANG/Bang 4.17/Content/2DSideScrollerCPP/Maps/2DSideScrollerExampleMap.umap" TEMPLATE=0 SHOWPROGRESS=1 FEATURELEVEL=3
[2018.01.07-14.08.27:967][  0]LightingResults: New page: Lighting Build
[2018.01.07-14.08.28:110][  0]MapCheck: New page: Map Check
[2018.01.07-14.08.28:110][  0]LightingResults: New page: Lighting Build
[2018.01.07-14.08.28:913][  0]LogAIModule: Creating AISystem for world 2DSideScrollerExampleMap
[2018.01.07-14.08.28:920][  0]LogEditorServer: Finished looking for orphan Actors (0.000 secs)
[2018.01.07-14.08.28:943][  0]Cmd: MAP CHECKDEP NOCLEARLOG
[2018.01.07-14.08.29:071][  0]MapCheck: Map check complete: 0 Error(s), 0 Warning(s), took 127.354ms to complete.
[2018.01.07-14.08.29:071][  0]LogFileHelpers: Loading map '2DSideScrollerExampleMap' took 1.139
[2018.01.07-14.08.29:142][  0]LogWindowsTextInputMethodSystem: Display: IME system now deactivated.
[2018.01.07-14.08.29:579][  0]LogCollectionManager: Loaded 0 collections in 0.002378 seconds
[2018.01.07-14.08.29:802][  0]LogFileCache: Scanning file cache for directory 'C:/Users/Marcus/Documents/GitHub/BANG/Bang 4.17/Saved/Collections/' took 0.01s
[2018.01.07-14.08.29:803][  0]LogFileCache: Scanning file cache for directory 'C:/Users/Marcus/Documents/GitHub/BANG/Bang 4.17/Content/Developers/Marcus/Collections/' took 0.01s
[2018.01.07-14.08.29:803][  0]LogFileCache: Scanning file cache for directory 'C:/Users/Marcus/Documents/GitHub/BANG/Bang 4.17/Content/Collections/' took 0.01s
[2018.01.07-14.08.29:803][  0]LogCollectionManager: Rebuilt the GUID cache for 0 collections in 0.000000 seconds
[2018.01.07-14.08.29:813][  0]LogContentBrowser: Native class hierarchy populated in 0.0104 seconds. Added 2391 classes and 504 folders.
[2018.01.07-14.08.30:039][  0]LogContentBrowser: Native class hierarchy updated for 'WidgetCarousel' in 0.0029 seconds. Added 0 classes and 0 folders.
[2018.01.07-14.08.30:614][  0]LogContentBrowser: Native class hierarchy updated for 'AddContentDialog' in 0.0080 seconds. Added 0 classes and 0 folders.
[2018.01.07-14.08.32:161][  0]LogSlate: Took 0.000313 seconds to synchronously load lazily loaded font '../../../Engine/Content/Slate/Fonts/Roboto-Regular.ttf' (155K)
[2018.01.07-14.08.32:165][  0]LogSlate: Took 0.000288 seconds to synchronously load lazily loaded font '../../../Engine/Content/Slate/Fonts/Roboto-Bold.ttf' (160K)
[2018.01.07-14.08.32:179][  0]LogSlate: Took 0.011716 seconds to synchronously load lazily loaded font '../../../Engine/Content/Editor/Slate/Fonts/FontAwesome.ttf' (139K)
[2018.01.07-14.08.32:181][  0]LogSlate: Took 0.000838 seconds to synchronously load lazily loaded font '../../../Engine/Content/Editor/Slate/Fonts/DroidSansMono.ttf' (77K)
[2018.01.07-14.08.32:429][  0]LogTemp: Executing iPhonePackager certificates Engine -bundlename com.YourCompany.Bang
[2018.01.07-14.08.32:429][  0]LogTemp: CWD: C:\Program Files\Epic Games\UE_4.17\Engine\Binaries\DotNET\IOS
[2018.01.07-14.08.32:430][  0]LogTemp: Initial Dir: C:\Program Files\Epic Games\UE_4.17
[2018.01.07-14.08.32:430][  0]LogTemp: Env CWD: C:\Program Files\Epic Games\UE_4.17\Engine\Binaries\DotNET\IOS
[2018.01.07-14.08.32:430][  0]LogTemp: BranchPath = MARCUSPC/C/Program Files/Epic Games/UE_4.17/Engine/Binaries --- GameBranchPath = MARCUSPC/C/Program Files/Epic Games/UE_4.17/Engine/Binaries
[2018.01.07-14.08.32:430][  0]LogTemp: IPP ERROR: Could not find provision directory 'C:\Users\Marcus\AppData\Local/Apple Computer/MobileDevice/Provisioning Profiles/'.
[2018.01.07-14.08.32:430][  0]LogRenderer: Reallocating scene render targets to support 1208x576 Format 10 NumSamples 1 (Frame:1).
[2018.01.07-14.08.32:699][  0]LogContentBrowser: Native class hierarchy updated for 'HierarchicalLODOutliner' in 0.0031 seconds. Added 1 classes and 2 folders.
[2018.01.07-14.08.32:699][  0]LogLoad: (Engine Initialization) Total time: 45.74 seconds
[2018.01.07-14.08.32:699][  0]LogLoad: (Engine Initialization) Total Blueprint compile time: 0.00 seconds
[2018.01.07-14.08.32:700][  0]LogExternalProfiler: Found external profiler: VSPerf
[2018.01.07-14.08.32:700][  0]LogExternalProfiler: Using external profiler: VSPerf
[2018.01.07-14.08.32:734][  0]LogContentStreaming: Texture pool size now 1000 MB
[2018.01.07-14.08.32:766][  1]LogAssetRegistry: Asset discovery search completed in 33.1554 seconds
[2018.01.07-14.08.32:768][  1]LogCollectionManager: Rebuilt the object cache for 0 collections in 0.000000 seconds (found 0 objects)
[2018.01.07-14.08.32:768][  1]LogCollectionManager: Fixed up redirectors for 0 collections in 0.000143 seconds (updated 0 objects)
[2018.01.07-14.10.03:365][862]LogSlate: Took 0.016712 seconds to synchronously load lazily loaded font '../../../Engine/Content/Slate/Fonts/Roboto-Light.ttf' (159K)
[2018.01.07-14.10.09:728][621]LogSlate: Took 0.000170 seconds to synchronously load lazily loaded font '../../../Engine/Content/Slate/Fonts/Roboto-Light.ttf' (159K)
[2018.01.07-14.10.21:271][290]LogVSAccessor: Warning: Visual Studio is open but could not be queried - it may be blocked by a modal operation
[2018.01.07-14.10.24:487][291]LogVSAccessor: Warning: Visual Studio is open but could not be queried - it may be blocked by a modal operation
[2018.01.07-14.10.25:723][292]LogVSAccessor: Warning: Couldn't goto line number '0' in 'C:/Users/Marcus/Documents/GitHub/BANG/Bang 4.17/Source/Bang/BangCharacter.h'
[2018.01.07-14.10.25:793][292]LogVSAccessor: Warning: Couldn't goto line number '0' in 'C:/Users/Marcus/Documents/GitHub/BANG/Bang 4.17/Source/Bang/BangCharacter.cpp'
[2018.01.07-14.12.37:710][180]LogTexture: Display: Building textures: LeonaJumpingLegs4 (AutoDXT, 128X36)
[2018.01.07-14.12.37:893][180]LogRenderer: Reallocating scene render targets to support 1528x828 Format 10 NumSamples 1 (Frame:1).
[2018.01.07-14.13.27:006][ 17]LogSlate: Took 0.000246 seconds to synchronously load lazily loaded font '../../../Engine/Content/Slate/Fonts/Roboto-Light.ttf' (159K)
[2018.01.07-14.14.08:145][893]Cmd: OBJ SAVEPACKAGE PACKAGE="/Game/Bang/Legs/Anims/JumpingLegsAnim" FILE="../../../../../../Users/Marcus/Documents/GitHub/BANG/Bang 4.17/Content/Bang/Legs/Anims/JumpingLegsAnim.uasset" SILENT=true
[2018.01.07-14.14.08:185][893]LogSavePackage: Save=5.72ms
[2018.01.07-14.14.08:185][893]LogSavePackage: Moving '../../../../../../Users/Marcus/Documents/GitHub/BANG/Bang 4.17/Saved/JumpingLegsAnim7AF20D474035B1A109ABC998AC5FE875.tmp' to '../../../../../../Users/Marcus/Documents/GitHub/BANG/Bang 4.17/Content/Bang/Legs/Anims/JumpingLegsAnim.uasset'
[2018.01.07-14.14.08:192][893]LogSavePackage: Display: Finished SavePackage ../../../../../../Users/Marcus/Documents/GitHub/BANG/Bang 4.17/Content/Bang/Legs/Anims/JumpingLegsAnim.uasset
[2018.01.07-14.15.30:640][753]LogSlate: Took 0.049670 seconds to synchronously load lazily loaded font '../../../Engine/Content/Editor/Slate/Fonts/Roboto-BoldCondensed.ttf' (158K)
[2018.01.07-14.15.30:787][753]LogRenderer: Reallocating scene render targets to support 1528x960 Format 10 NumSamples 1 (Frame:1).
[2018.01.07-14.16.16:979][ 91]Cmd: TRANSACTION UNDO
[2018.01.07-14.16.16:979][ 91]LogEditorTransaction: Undo Edit Y
[2018.01.07-14.16.34:768][222]Cmd: TRANSACTION UNDO
[2018.01.07-14.16.34:768][222]LogEditorTransaction: Undo Edit Y
[2018.01.07-14.16.35:102][261]Cmd: TRANSACTION UNDO
[2018.01.07-14.16.35:102][261]LogEditorTransaction: Undo Edit Y
[2018.01.07-14.16.35:932][360]Cmd: TRANSACTION UNDO
[2018.01.07-14.16.35:932][360]LogEditorTransaction: Undo Reorder key frames
[2018.01.07-14.16.38:670][688]Cmd: TRANSACTION REDO
[2018.01.07-14.16.38:670][688]LogEditorTransaction: Redo Reorder key frames
[2018.01.07-14.16.39:833][827]Cmd: TRANSACTION REDO
[2018.01.07-14.16.39:833][827]LogEditorTransaction: Redo Edit Y
[2018.01.07-14.16.40:370][891]Cmd: TRANSACTION UNDO
[2018.01.07-14.16.40:370][891]LogEditorTransaction: Undo Edit Y
[2018.01.07-14.16.59:107][130]LogSavePackage: Save=7.30ms
[2018.01.07-14.16.59:107][130]LogSavePackage: Moving '../../../../../../Users/Marcus/Documents/GitHub/BANG/Bang 4.17/Saved/LeonaJumpingLegs4_Sprite_0199D0B114E88451D109543A1F4FA2A78.tmp' to '../../../../../../Users/Marcus/Documents/GitHub/BANG/Bang 4.17/Content/Bang/Legs/LeonaJumpingLegs4_Sprite_0.uasset'
[2018.01.07-14.16.59:114][130]LogSavePackage: Display: Finished SavePackage ../../../../../../Users/Marcus/Documents/GitHub/BANG/Bang 4.17/Content/Bang/Legs/LeonaJumpingLegs4_Sprite_0.uasset
[2018.01.07-14.17.15:267][ 41]LogSavePackage: Save=7.18ms
[2018.01.07-14.17.15:267][ 41]LogSavePackage: Moving '../../../../../../Users/Marcus/Documents/GitHub/BANG/Bang 4.17/Saved/LeonaJumpingLegs4_Sprite_12CD9E7B04257DE8655CBE38558A93741.tmp' to '../../../../../../Users/Marcus/Documents/GitHub/BANG/Bang 4.17/Content/Bang/Legs/LeonaJumpingLegs4_Sprite_1.uasset'
[2018.01.07-14.17.15:273][ 41]LogSavePackage: Display: Finished SavePackage ../../../../../../Users/Marcus/Documents/GitHub/BANG/Bang 4.17/Content/Bang/Legs/LeonaJumpingLegs4_Sprite_1.uasset
[2018.01.07-14.17.29:953][786]LogSavePackage: Save=6.72ms
[2018.01.07-14.17.29:954][786]LogSavePackage: Moving '../../../../../../Users/Marcus/Documents/GitHub/BANG/Bang 4.17/Saved/LeonaJumpingLegs4_Sprite_222B6F52B4794B5AA0238F7A4E08DABEE.tmp' to '../../../../../../Users/Marcus/Documents/GitHub/BANG/Bang 4.17/Content/Bang/Legs/LeonaJumpingLegs4_Sprite_2.uasset'
[2018.01.07-14.17.29:960][786]LogSavePackage: Display: Finished SavePackage ../../../../../../Users/Marcus/Documents/GitHub/BANG/Bang 4.17/Content/Bang/Legs/LeonaJumpingLegs4_Sprite_2.uasset
[2018.01.07-14.18.10:977][429]LogSavePackage: Save=7.12ms
[2018.01.07-14.18.10:978][429]LogSavePackage: Moving '../../../../../../Users/Marcus/Documents/GitHub/BANG/Bang 4.17/Saved/LeonaJumpingLegs4_Sprite_30B335AC44B7F32F3F8799F89FBCC5E12.tmp' to '../../../../../../Users/Marcus/Documents/GitHub/BANG/Bang 4.17/Content/Bang/Legs/LeonaJumpingLegs4_Sprite_3.uasset'
[2018.01.07-14.18.10:984][429]LogSavePackage: Display: Finished SavePackage ../../../../../../Users/Marcus/Documents/GitHub/BANG/Bang 4.17/Content/Bang/Legs/LeonaJumpingLegs4_Sprite_3.uasset
[2018.01.07-14.18.50:156][ 63]LogSlate: Took 0.000188 seconds to synchronously load lazily loaded font '../../../Engine/Content/Slate/Fonts/Roboto-Regular.ttf' (155K)
[2018.01.07-14.18.50:494][ 63]LogContentBrowser: Native class hierarchy updated for 'BlueprintGraph' in 0.0038 seconds. Added 113 classes and 0 folders.
[2018.01.07-14.19.49:053][178]LogFileHelpers: Editor autosave (incl. sublevels) for '/Game/2DSideScrollerCPP/Maps/2DSideScrollerExampleMap' took 0.036
[2018.01.07-14.19.49:065][178]OBJ SavePackage: Generating thumbnails for [1] asset(s) in package [/Game/Bang/Legs/Anims/JumpingLegsAnim] ([1] browsable assets)...
[2018.01.07-14.19.49:073][178]OBJ SavePackage:     Rendered thumbnail for [PaperFlipbook /Game/Bang/Legs/Anims/JumpingLegsAnim.JumpingLegsAnim]
[2018.01.07-14.19.49:073][178]OBJ SavePackage: Finished generating thumbnails for package [/Game/Bang/Legs/Anims/JumpingLegsAnim]
[2018.01.07-14.19.49:115][178]LogSavePackage: Save=5.51ms
[2018.01.07-14.19.49:116][178]LogSavePackage: Moving '../../../../../../Users/Marcus/Documents/GitHub/BANG/Bang 4.17/Saved/JumpingLegsAnim_Auto13E19DC5F4E6D8110D3B875AF438FD280.tmp' to '../../../../../../Users/Marcus/Documents/GitHub/BANG/Bang 4.17/Saved/Autosaves/Game/Bang/Legs/Anims/JumpingLegsAnim_Auto1.uasset'
[2018.01.07-14.19.49:120][178]LogSavePackage: Display: Finished SavePackage ../../../../../../Users/Marcus/Documents/GitHub/BANG/Bang 4.17/Saved/Autosaves/Game/Bang/Legs/Anims/JumpingLegsAnim_Auto1.uasset
[2018.01.07-14.19.49:120][178]LogFileHelpers: Auto-saving content packages took 0.066
[2018.01.07-14.55.11:427][545]LogHotReload: New module detected: UE4Editor-Bang-9911.dll
[2018.01.07-14.56.24:441][764]LogHotReload: New module detected: UE4Editor-Bang-5309.dll
[2018.01.07-14.56.25:454][768]LogHotReload: Starting Hot-Reload from IDE
[2018.01.07-14.56.25:675][768]LogClass: Could not find existing class BangCharacter in package /Script/Bang for HotReload, assuming new class
[2018.01.07-14.56.25:684][768]LogHotReload: Re-instancing BangCharacter after hot-reload.
[2018.01.07-14.56.26:782][768]LogContentBrowser: Native class hierarchy updated for 'Bang' in 0.0033 seconds. Added 4 classes and 2 folders.
[2018.01.07-14.56.26:784][768]Display: HotReload successful (3 functions remapped  0 scriptstructs remapped)
[2018.01.07-14.56.27:103][768]LogContentBrowser: Native class hierarchy populated in 0.0116 seconds. Added 2392 classes and 506 folders.
[2018.01.07-14.56.27:214][768]Display: HotReload took  1.8s.
[2018.01.07-15.02.11:224][800]LogHotReload: New module detected: UE4Editor-Bang-6702.dll
[2018.01.07-15.02.11:925][803]LogHotReload: Starting Hot-Reload from IDE
[2018.01.07-15.02.12:309][803]LogClass: Could not find existing class BangCharacter in package /Script/Bang for HotReload, assuming new class
[2018.01.07-15.02.12:318][803]LogHotReload: Re-instancing BangCharacter after hot-reload.
[2018.01.07-15.02.12:768][803]LogContentBrowser: Native class hierarchy updated for 'Bang' in 0.0034 seconds. Added 4 classes and 2 folders.
[2018.01.07-15.02.12:771][803]Display: HotReload successful (3 functions remapped  0 scriptstructs remapped)
[2018.01.07-15.02.13:044][803]LogContentBrowser: Native class hierarchy populated in 0.0114 seconds. Added 2392 classes and 506 folders.
[2018.01.07-15.02.13:051][803]Display: HotReload took  1.1s.
[2018.01.07-15.02.30:344][377]LogSavePackage: Save=78.28ms
[2018.01.07-15.02.30:344][377]LogSavePackage: Moving '../../../../../../Users/Marcus/Documents/GitHub/BANG/Bang 4.17/Saved/BP_2DSideScrollerCharacter6BFAF8144083BFD07ED137BDB206B4A3.tmp' to '../../../../../../Users/Marcus/Documents/GitHub/BANG/Bang 4.17/Content/2DSideScrollerCPP/Blueprints/BP_2DSideScrollerCharacter.uasset'
[2018.01.07-15.02.30:350][377]LogSavePackage: Display: Finished SavePackage ../../../../../../Users/Marcus/Documents/GitHub/BANG/Bang 4.17/Content/2DSideScrollerCPP/Blueprints/BP_2DSideScrollerCharacter.uasset
[2018.01.07-15.02.30:889][437]BlueprintLog: New page: Compile BP_2DSideScrollerCharacter
[2018.01.07-15.02.35:109][826]LogSavePackage: Save=120.31ms
[2018.01.07-15.02.35:110][826]LogSavePackage: Moving '../../../../../../Users/Marcus/Documents/GitHub/BANG/Bang 4.17/Saved/2DSideScrollerExampleMap470516AA47EFEE803D78EAB964FD4040.tmp' to '../../../../../../Users/Marcus/Documents/GitHub/BANG/Bang 4.17/Content/2DSideScrollerCPP/Maps/2DSideScrollerExampleMap.umap'
[2018.01.07-15.02.35:115][826]LogSavePackage: Display: Finished SavePackage ../../../../../../Users/Marcus/Documents/GitHub/BANG/Bang 4.17/Content/2DSideScrollerCPP/Maps/2DSideScrollerExampleMap.umap
[2018.01.07-15.02.40:451][443]LogTexture: Display: Building textures: LeonaGetUpLegs (BGRA8, 133X34)
[2018.01.07-15.02.40:719][443]LogContentBrowser: Native class hierarchy updated for 'TextureEditor' in 0.0033 seconds. Added 1 classes and 2 folders.
[2018.01.07-15.02.46:603][ 99]Cmd: OBJ SAVEPACKAGE PACKAGE="/Game/Bang/Legs/Anims/JumpingLegsAnim" FILE="../../../../../../Users/Marcus/Documents/GitHub/BANG/Bang 4.17/Content/Bang/Legs/Anims/JumpingLegsAnim.uasset" SILENT=true
[2018.01.07-15.02.46:637][ 99]LogSavePackage: Save=2.25ms
[2018.01.07-15.02.46:637][ 99]LogSavePackage: Moving '../../../../../../Users/Marcus/Documents/GitHub/BANG/Bang 4.17/Saved/JumpingLegsAnim45C1058443E06AAB1BA5119C911B532A.tmp' to '../../../../../../Users/Marcus/Documents/GitHub/BANG/Bang 4.17/Content/Bang/Legs/Anims/JumpingLegsAnim.uasset'
[2018.01.07-15.02.46:643][ 99]LogSavePackage: Display: Finished SavePackage ../../../../../../Users/Marcus/Documents/GitHub/BANG/Bang 4.17/Content/Bang/Legs/Anims/JumpingLegsAnim.uasset
[2018.01.07-15.02.49:827][478]Candidate modules for hot reload:
[2018.01.07-15.02.49:827][478]  Bang
[2018.01.07-15.02.49:827][478]Launching UnrealBuildTool... [C:/Program Files/Epic Games/UE_4.17/Engine/Binaries/DotNET/UnrealBuildTool.exe Bang -ModuleWithSuffix Bang 7539 Win64 Development -editorrecompile -canskiplink "C:/Users/Marcus/Documents/GitHub/BANG/Bang 4.17/Bang.uproject" ]
[2018.01.07-15.02.49:831][478]Warning: Starting HotReload took  0.0s.
[2018.01.07-15.03.00:085][703]CompilerResultsLog: New page: Compilation - 7 Jan 2018 15:03:00
[2018.01.07-15.03.00:086][703]CompilerResultsLog: C:\Users\Marcus\Documents\GitHub\BANG\Bang 4.17\Source\Bang\Bang.Build.cs: warning: Module constructors should take a ReadOnlyTargetRules argument (rather than a TargetInfo argument) and pass it to the base class constructor from 4.15 onwards. Please update the method signature.
[2018.01.07-15.03.00:086][703]CompilerResultsLog: C:\Users\Marcus\Documents\GitHub\BANG\Bang 4.17\Source\Bang.Target.cs: warning: SetupBinaries() is deprecated in the 4.16 release. From the constructor in your .target.cs file, use ExtraModuleNames.Add("Foo") to add modules to your target, or set LaunchModuleName = "Foo" to override the name of the launch module for program targets.
[2018.01.07-15.03.00:086][703]CompilerResultsLog: C:\Users\Marcus\Documents\GitHub\BANG\Bang 4.17\Source\BangEditor.Target.cs: warning: SetupBinaries() is deprecated in the 4.16 release. From the constructor in your .target.cs file, use ExtraModuleNames.Add("Foo") to add modules to your target, or set LaunchModuleName = "Foo" to override the name of the launch module for program targets.
[2018.01.07-15.03.00:087][703]CompilerResultsLog: Compiling game modules for hot reload
[2018.01.07-15.03.00:087][703]CompilerResultsLog: Target is up to date
[2018.01.07-15.03.00:087][703]CompilerResultsLog: Total build time: 9.96 seconds (NoActionsToExecute executor: 0.00 seconds)
[2018.01.07-15.03.00:087][703]LogMainFrame: MainFrame: Module compiling took 10.266 seconds
[2018.01.07-15.03.00:330][703]LogContentBrowser: Native class hierarchy populated in 0.0109 seconds. Added 2393 classes and 508 folders.
[2018.01.07-15.03.00:330][703]Display: HotReload took 10.5s.
[2018.01.07-15.03.10:806][960]LogTemp: Repeating last play command: Selected Viewport
[2018.01.07-15.03.11:074][960]LogBlueprintUserMessages: Early PlayInEditor Detection: Level '/Game/2DSideScrollerCPP/Maps/2DSideScrollerExampleMap.2DSideScrollerExampleMap:PersistentLevel' has LevelScriptBlueprint '/Game/2DSideScrollerCPP/Maps/2DSideScrollerExampleMap.2DSideScrollerExampleMap:PersistentLevel.2DSideScrollerExampleMap' with GeneratedClass '/Game/2DSideScrollerCPP/Maps/2DSideScrollerExampleMap.2DSideScrollerExampleMap_C' with ClassGeneratedBy '/Game/2DSideScrollerCPP/Maps/2DSideScrollerExampleMap.2DSideScrollerExampleMap:PersistentLevel.2DSideScrollerExampleMap'
[2018.01.07-15.03.11:081][960]LogPlayLevel: PlayLevel: No blueprints needed recompiling
[2018.01.07-15.03.11:131][960]PIE: New page: PIE session: 2DSideScrollerExampleMap (7 Jan 2018 15:03:11)
[2018.01.07-15.03.11:156][960]LogPlayLevel: Creating play world package: /Game/2DSideScrollerCPP/Maps/UEDPIE_0_2DSideScrollerExampleMap
[2018.01.07-15.03.11:229][960]LogPlayLevel: PIE: StaticDuplicateObject took: (0.072620s)
[2018.01.07-15.03.11:230][960]LogAIModule: Creating AISystem for world 2DSideScrollerExampleMap
[2018.01.07-15.03.11:230][960]LogPlayLevel: PIE: World Init took: (0.000898s)
[2018.01.07-15.03.11:230][960]LogPlayLevel: PIE: Created PIE world by copying editor world from /Game/2DSideScrollerCPP/Maps/2DSideScrollerExampleMap.2DSideScrollerExampleMap to /Game/2DSideScrollerCPP/Maps/UEDPIE_0_2DSideScrollerExampleMap.2DSideScrollerExampleMap (0.082191s)
[2018.01.07-15.03.11:282][960]LogInit: XAudio2 using 'Digital Audio (S/PDIF) (High Definition Audio Device)' : 2 channels at 44.1 kHz using 16 bits per sample (channel mask 0x3)
[2018.01.07-15.03.11:290][960]LogInit: FAudioDevice initialized.
[2018.01.07-15.03.11:406][960]LogLoad: Game class is 'BangGameMode'
[2018.01.07-15.03.11:570][960]LogWorld: Bringing World /Game/2DSideScrollerCPP/Maps/UEDPIE_0_2DSideScrollerExampleMap.2DSideScrollerExampleMap up for play (max tick rate 0) at 2018.01.07-15.03.11
[2018.01.07-15.03.11:742][960]LogWorld: Bringing up level for play took: 0.180035
[2018.01.07-15.03.12:030][960]LogContentBrowser: Native class hierarchy updated for 'MovieSceneCapture' in 0.0032 seconds. Added 11 classes and 0 folders.
[2018.01.07-15.03.12:084][960]PIE: Play in editor start time for /Game/2DSideScrollerCPP/Maps/UEDPIE_0_2DSideScrollerExampleMap 0.854
[2018.01.07-15.03.12:084][960]LogBlueprintUserMessages: Late PlayInEditor Detection: Level '/Game/2DSideScrollerCPP/Maps/2DSideScrollerExampleMap.2DSideScrollerExampleMap:PersistentLevel' has LevelScriptBlueprint '/Game/2DSideScrollerCPP/Maps/2DSideScrollerExampleMap.2DSideScrollerExampleMap:PersistentLevel.2DSideScrollerExampleMap' with GeneratedClass '/Game/2DSideScrollerCPP/Maps/2DSideScrollerExampleMap.2DSideScrollerExampleMap_C' with ClassGeneratedBy '/Game/2DSideScrollerCPP/Maps/2DSideScrollerExampleMap.2DSideScrollerExampleMap:PersistentLevel.2DSideScrollerExampleMap'
[2018.01.07-15.03.15:523][339]LogTemp: Hit Detected
[2018.01.07-15.03.15:530][339]LogTemp: I was hit
[2018.01.07-15.03.18:011][637]LogBlueprintUserMessages: Early EndPlayMap Detection: Level '/Game/2DSideScrollerCPP/Maps/2DSideScrollerExampleMap.2DSideScrollerExampleMap:PersistentLevel' has LevelScriptBlueprint '/Game/2DSideScrollerCPP/Maps/2DSideScrollerExampleMap.2DSideScrollerExampleMap:PersistentLevel.2DSideScrollerExampleMap' with GeneratedClass '/Game/2DSideScrollerCPP/Maps/2DSideScrollerExampleMap.2DSideScrollerExampleMap_C' with ClassGeneratedBy '/Game/2DSideScrollerCPP/Maps/2DSideScrollerExampleMap.2DSideScrollerExampleMap:PersistentLevel.2DSideScrollerExampleMap'
[2018.01.07-15.03.18:132][637]LogBlueprintUserMessages: Late EndPlayMap Detection: Level '/Game/2DSideScrollerCPP/Maps/2DSideScrollerExampleMap.2DSideScrollerExampleMap:PersistentLevel' has LevelScriptBlueprint '/Game/2DSideScrollerCPP/Maps/2DSideScrollerExampleMap.2DSideScrollerExampleMap:PersistentLevel.2DSideScrollerExampleMap' with GeneratedClass '/Game/2DSideScrollerCPP/Maps/2DSideScrollerExampleMap.2DSideScrollerExampleMap_C' with ClassGeneratedBy '/Game/2DSideScrollerCPP/Maps/2DSideScrollerExampleMap.2DSideScrollerExampleMap:PersistentLevel.2DSideScrollerExampleMap'
[2018.01.07-15.04.04:682][578]BlueprintLog: New page: Compile BP_2DSideScrollerCharacter
[2018.01.07-15.04.05:799][608]LogSavePackage: Save=27.45ms
[2018.01.07-15.04.05:800][608]LogSavePackage: Moving '../../../../../../Users/Marcus/Documents/GitHub/BANG/Bang 4.17/Saved/BP_2DSideScrollerCharacter885F2A3742F359C02D26FB9B7F8A34EF.tmp' to '../../../../../../Users/Marcus/Documents/GitHub/BANG/Bang 4.17/Content/2DSideScrollerCPP/Blueprints/BP_2DSideScrollerCharacter.uasset'
[2018.01.07-15.04.05:807][608]LogSavePackage: Display: Finished SavePackage ../../../../../../Users/Marcus/Documents/GitHub/BANG/Bang 4.17/Content/2DSideScrollerCPP/Blueprints/BP_2DSideScrollerCharacter.uasset
[2018.01.07-15.04.06:555][659]LogSavePackage: Save=26.62ms
[2018.01.07-15.04.06:555][659]LogSavePackage: Moving '../../../../../../Users/Marcus/Documents/GitHub/BANG/Bang 4.17/Saved/BP_2DSideScrollerCharacter7E640E8B430C7C7605BFC7A9C5BC0B04.tmp' to '../../../../../../Users/Marcus/Documents/GitHub/BANG/Bang 4.17/Content/2DSideScrollerCPP/Blueprints/BP_2DSideScrollerCharacter.uasset'
[2018.01.07-15.04.06:558][659]LogSavePackage: Display: Finished SavePackage ../../../../../../Users/Marcus/Documents/GitHub/BANG/Bang 4.17/Content/2DSideScrollerCPP/Blueprints/BP_2DSideScrollerCharacter.uasset
[2018.01.07-15.04.08:710][855]LogSavePackage: Save=57.47ms
[2018.01.07-15.04.08:710][855]LogSavePackage: Moving '../../../../../../Users/Marcus/Documents/GitHub/BANG/Bang 4.17/Saved/2DSideScrollerExampleMap713166764F40663B1D90F1B980E226EF.tmp' to '../../../../../../Users/Marcus/Documents/GitHub/BANG/Bang 4.17/Content/2DSideScrollerCPP/Maps/2DSideScrollerExampleMap.umap'
[2018.01.07-15.04.08:718][855]LogSavePackage: Display: Finished SavePackage ../../../../../../Users/Marcus/Documents/GitHub/BANG/Bang 4.17/Content/2DSideScrollerCPP/Maps/2DSideScrollerExampleMap.umap
[2018.01.07-15.04.12:461][ 60]Candidate modules for hot reload:
[2018.01.07-15.04.12:461][ 60]  Bang
[2018.01.07-15.04.12:462][ 60]Launching UnrealBuildTool... [C:/Program Files/Epic Games/UE_4.17/Engine/Binaries/DotNET/UnrealBuildTool.exe Bang -ModuleWithSuffix Bang 9949 Win64 Development -editorrecompile -canskiplink "C:/Users/Marcus/Documents/GitHub/BANG/Bang 4.17/Bang.uproject" ]
[2018.01.07-15.04.12:467][ 60]Warning: Starting HotReload took  0.0s.
[2018.01.07-15.04.37:242][ 26]CompilerResultsLog: New page: Compilation - 7 Jan 2018 15:04:37
[2018.01.07-15.04.37:242][ 26]CompilerResultsLog: C:\Users\Marcus\Documents\GitHub\BANG\Bang 4.17\Source\Bang\Bang.Build.cs: warning: Module constructors should take a ReadOnlyTargetRules argument (rather than a TargetInfo argument) and pass it to the base class constructor from 4.15 onwards. Please update the method signature.
[2018.01.07-15.04.37:242][ 26]CompilerResultsLog: C:\Users\Marcus\Documents\GitHub\BANG\Bang 4.17\Source\Bang.Target.cs: warning: SetupBinaries() is deprecated in the 4.16 release. From the constructor in your .target.cs file, use ExtraModuleNames.Add("Foo") to add modules to your target, or set LaunchModuleName = "Foo" to override the name of the launch module for program targets.
[2018.01.07-15.04.37:243][ 26]CompilerResultsLog: C:\Users\Marcus\Documents\GitHub\BANG\Bang 4.17\Source\BangEditor.Target.cs: warning: SetupBinaries() is deprecated in the 4.16 release. From the constructor in your .target.cs file, use ExtraModuleNames.Add("Foo") to add modules to your target, or set LaunchModuleName = "Foo" to override the name of the launch module for program targets.
[2018.01.07-15.04.37:244][ 26]CompilerResultsLog: Compiling game modules for hot reload
[2018.01.07-15.04.37:244][ 26]CompilerResultsLog: Parsing headers for BangEditor
[2018.01.07-15.04.37:244][ 26]CompilerResultsLog:   Running UnrealHeaderTool "C:\Users\Marcus\Documents\GitHub\BANG\Bang 4.17\Bang.uproject" "C:\Users\Marcus\Documents\GitHub\BANG\Bang 4.17\Intermediate\Build\Win64\BangEditor\Development\BangEditor.uhtmanifest" -LogCmds="loginit warning, logexit warning, logdatabase error" -Unattended -WarningsAsErrors -installed
[2018.01.07-15.04.37:244][ 26]CompilerResultsLog: Reflection code generated for BangEditor in 9.9110635 seconds
[2018.01.07-15.04.37:245][ 26]CompilerResultsLog: Performing 3 actions (4 in parallel)
[2018.01.07-15.04.37:245][ 26]CompilerResultsLog: BangCharacter.cpp
[2018.01.07-15.04.37:245][ 26]CompilerResultsLog: [2/3] Link UE4Editor-Bang-9949.dll
[2018.01.07-15.04.37:245][ 26]CompilerResultsLog: [3/3] Link UE4Editor-Bang-9949.lib
[2018.01.07-15.04.37:245][ 26]CompilerResultsLog:    Creating library C:\Users\Marcus\Documents\GitHub\BANG\Bang 4.17\Intermediate\Build\Win64\UE4Editor\Development\UE4Editor-Bang-9949.lib and object C:\Users\Marcus\Documents\GitHub\BANG\Bang 4.17\Intermediate\Build\Win64\UE4Editor\Development\UE4Editor-Bang-9949.exp
[2018.01.07-15.04.37:245][ 26]CompilerResultsLog:    Creating library C:\Users\Marcus\Documents\GitHub\BANG\Bang 4.17\Intermediate\Build\Win64\UE4Editor\Development\UE4Editor-Bang-9949.suppressed.lib and object C:\Users\Marcus\Documents\GitHub\BANG\Bang 4.17\Intermediate\Build\Win64\UE4Editor\Development\UE4Editor-Bang-9949.suppressed.exp
[2018.01.07-15.04.37:246][ 26]CompilerResultsLog: Total build time: 24.53 seconds (Local executor: 3.46 seconds)
[2018.01.07-15.04.37:246][ 26]LogMainFrame: MainFrame: Module compiling took 24.791 seconds
[2018.01.07-15.04.37:510][ 26]LogHotReload: Re-instancing BangCharacter after hot-reload.
[2018.01.07-15.04.38:063][ 26]LogContentBrowser: Native class hierarchy updated for 'Bang' in 0.0031 seconds. Added 4 classes and 2 folders.
[2018.01.07-15.04.38:065][ 26]Display: HotReload successful (3 functions remapped  0 scriptstructs remapped)
[2018.01.07-15.04.38:325][ 26]LogContentBrowser: Native class hierarchy populated in 0.0114 seconds. Added 2393 classes and 508 folders.
[2018.01.07-15.04.38:325][ 26]Display: HotReload took 25.9s.
[2018.01.07-15.04.45:224][853]LogTemp: Repeating last play command: Selected Viewport
[2018.01.07-15.04.45:250][853]LogBlueprintUserMessages: Early PlayInEditor Detection: Level '/Game/2DSideScrollerCPP/Maps/2DSideScrollerExampleMap.2DSideScrollerExampleMap:PersistentLevel' has LevelScriptBlueprint '/Game/2DSideScrollerCPP/Maps/2DSideScrollerExampleMap.2DSideScrollerExampleMap:PersistentLevel.2DSideScrollerExampleMap' with GeneratedClass '/Game/2DSideScrollerCPP/Maps/2DSideScrollerExampleMap.2DSideScrollerExampleMap_C' with ClassGeneratedBy '/Game/2DSideScrollerCPP/Maps/2DSideScrollerExampleMap.2DSideScrollerExampleMap:PersistentLevel.2DSideScrollerExampleMap'
[2018.01.07-15.04.45:251][853]LogPlayLevel: PlayLevel: No blueprints needed recompiling
[2018.01.07-15.04.45:251][853]PIE: New page: PIE session: 2DSideScrollerExampleMap (7 Jan 2018 15:04:45)
[2018.01.07-15.04.45:252][853]LogPlayLevel: Creating play world package: /Game/2DSideScrollerCPP/Maps/UEDPIE_0_2DSideScrollerExampleMap
[2018.01.07-15.04.45:255][853]LogPlayLevel: PIE: StaticDuplicateObject took: (0.002895s)
[2018.01.07-15.04.45:255][853]LogAIModule: Creating AISystem for world 2DSideScrollerExampleMap
[2018.01.07-15.04.45:256][853]LogPlayLevel: PIE: World Init took: (0.000883s)
[2018.01.07-15.04.45:256][853]LogPlayLevel: PIE: Created PIE world by copying editor world from /Game/2DSideScrollerCPP/Maps/2DSideScrollerExampleMap.2DSideScrollerExampleMap to /Game/2DSideScrollerCPP/Maps/UEDPIE_0_2DSideScrollerExampleMap.2DSideScrollerExampleMap (0.004330s)
[2018.01.07-15.04.45:303][853]LogInit: XAudio2 using 'Digital Audio (S/PDIF) (High Definition Audio Device)' : 2 channels at 44.1 kHz using 16 bits per sample (channel mask 0x3)
[2018.01.07-15.04.45:309][853]LogInit: FAudioDevice initialized.
[2018.01.07-15.04.45:377][853]LogLoad: Game class is 'BangGameMode'
[2018.01.07-15.04.45:379][853]LogWorld: Bringing World /Game/2DSideScrollerCPP/Maps/UEDPIE_0_2DSideScrollerExampleMap.2DSideScrollerExampleMap up for play (max tick rate 0) at 2018.01.07-15.04.45
[2018.01.07-15.04.45:380][853]LogWorld: Bringing up level for play took: 0.002499
[2018.01.07-15.04.45:381][853]PIE: Play in editor start time for /Game/2DSideScrollerCPP/Maps/UEDPIE_0_2DSideScrollerExampleMap 0.152
[2018.01.07-15.04.45:382][853]LogBlueprintUserMessages: Late PlayInEditor Detection: Level '/Game/2DSideScrollerCPP/Maps/2DSideScrollerExampleMap.2DSideScrollerExampleMap:PersistentLevel' has LevelScriptBlueprint '/Game/2DSideScrollerCPP/Maps/2DSideScrollerExampleMap.2DSideScrollerExampleMap:PersistentLevel.2DSideScrollerExampleMap' with GeneratedClass '/Game/2DSideScrollerCPP/Maps/2DSideScrollerExampleMap.2DSideScrollerExampleMap_C' with ClassGeneratedBy '/Game/2DSideScrollerCPP/Maps/2DSideScrollerExampleMap.2DSideScrollerExampleMap:PersistentLevel.2DSideScrollerExampleMap'
[2018.01.07-15.04.50:311][434]LogTemp: Hit Detected
[2018.01.07-15.04.50:312][434]LogTemp: I was hit
[2018.01.07-15.04.51:011][518]LogTemp: Hit Detected
[2018.01.07-15.04.51:012][518]LogTemp: I was hit
[2018.01.07-15.04.51:353][559]LogTemp: Hit Detected
[2018.01.07-15.04.51:353][559]LogTemp: I was hit
[2018.01.07-15.04.51:762][608]LogTemp: Hit Detected
[2018.01.07-15.04.51:762][608]LogTemp: I was hit
[2018.01.07-15.04.52:470][693]LogBlueprintUserMessages: Early EndPlayMap Detection: Level '/Game/2DSideScrollerCPP/Maps/2DSideScrollerExampleMap.2DSideScrollerExampleMap:PersistentLevel' has LevelScriptBlueprint '/Game/2DSideScrollerCPP/Maps/2DSideScrollerExampleMap.2DSideScrollerExampleMap:PersistentLevel.2DSideScrollerExampleMap' with GeneratedClass '/Game/2DSideScrollerCPP/Maps/2DSideScrollerExampleMap.2DSideScrollerExampleMap_C' with ClassGeneratedBy '/Game/2DSideScrollerCPP/Maps/2DSideScrollerExampleMap.2DSideScrollerExampleMap:PersistentLevel.2DSideScrollerExampleMap'
[2018.01.07-15.04.52:505][693]LogBlueprintUserMessages: Late EndPlayMap Detection: Level '/Game/2DSideScrollerCPP/Maps/2DSideScrollerExampleMap.2DSideScrollerExampleMap:PersistentLevel' has LevelScriptBlueprint '/Game/2DSideScrollerCPP/Maps/2DSideScrollerExampleMap.2DSideScrollerExampleMap:PersistentLevel.2DSideScrollerExampleMap' with GeneratedClass '/Game/2DSideScrollerCPP/Maps/2DSideScrollerExampleMap.2DSideScrollerExampleMap_C' with ClassGeneratedBy '/Game/2DSideScrollerCPP/Maps/2DSideScrollerExampleMap.2DSideScrollerExampleMap:PersistentLevel.2DSideScrollerExampleMap'
[2018.01.07-15.16.53:024][575]LogTemp: Repeating last play command: Selected Viewport
[2018.01.07-15.16.53:094][575]LogBlueprintUserMessages: Early PlayInEditor Detection: Level '/Game/2DSideScrollerCPP/Maps/2DSideScrollerExampleMap.2DSideScrollerExampleMap:PersistentLevel' has LevelScriptBlueprint '/Game/2DSideScrollerCPP/Maps/2DSideScrollerExampleMap.2DSideScrollerExampleMap:PersistentLevel.2DSideScrollerExampleMap' with GeneratedClass '/Game/2DSideScrollerCPP/Maps/2DSideScrollerExampleMap.2DSideScrollerExampleMap_C' with ClassGeneratedBy '/Game/2DSideScrollerCPP/Maps/2DSideScrollerExampleMap.2DSideScrollerExampleMap:PersistentLevel.2DSideScrollerExampleMap'
[2018.01.07-15.16.53:095][575]LogPlayLevel: PlayLevel: No blueprints needed recompiling
[2018.01.07-15.16.53:095][575]PIE: New page: PIE session: 2DSideScrollerExampleMap (7 Jan 2018 15:16:53)
[2018.01.07-15.16.53:096][575]LogPlayLevel: Creating play world package: /Game/2DSideScrollerCPP/Maps/UEDPIE_0_2DSideScrollerExampleMap
[2018.01.07-15.16.53:100][575]LogPlayLevel: PIE: StaticDuplicateObject took: (0.004337s)
[2018.01.07-15.16.53:101][575]LogAIModule: Creating AISystem for world 2DSideScrollerExampleMap
[2018.01.07-15.16.53:102][575]LogPlayLevel: PIE: World Init took: (0.001364s)
[2018.01.07-15.16.53:102][575]LogPlayLevel: PIE: Created PIE world by copying editor world from /Game/2DSideScrollerCPP/Maps/2DSideScrollerExampleMap.2DSideScrollerExampleMap to /Game/2DSideScrollerCPP/Maps/UEDPIE_0_2DSideScrollerExampleMap.2DSideScrollerExampleMap (0.006561s)
[2018.01.07-15.16.53:134][575]LogInit: XAudio2 using 'Digital Audio (S/PDIF) (High Definition Audio Device)' : 2 channels at 44.1 kHz using 16 bits per sample (channel mask 0x3)
[2018.01.07-15.16.53:143][575]LogInit: FAudioDevice initialized.
[2018.01.07-15.16.53:174][575]LogLoad: Game class is 'BangGameMode'
[2018.01.07-15.16.53:176][575]LogWorld: Bringing World /Game/2DSideScrollerCPP/Maps/UEDPIE_0_2DSideScrollerExampleMap.2DSideScrollerExampleMap up for play (max tick rate 0) at 2018.01.07-15.16.53
[2018.01.07-15.16.53:177][575]LogWorld: Bringing up level for play took: 0.002347
[2018.01.07-15.16.53:178][575]PIE: Play in editor start time for /Game/2DSideScrollerCPP/Maps/UEDPIE_0_2DSideScrollerExampleMap -0.052
[2018.01.07-15.16.53:179][575]LogBlueprintUserMessages: Late PlayInEditor Detection: Level '/Game/2DSideScrollerCPP/Maps/2DSideScrollerExampleMap.2DSideScrollerExampleMap:PersistentLevel' has LevelScriptBlueprint '/Game/2DSideScrollerCPP/Maps/2DSideScrollerExampleMap.2DSideScrollerExampleMap:PersistentLevel.2DSideScrollerExampleMap' with GeneratedClass '/Game/2DSideScrollerCPP/Maps/2DSideScrollerExampleMap.2DSideScrollerExampleMap_C' with ClassGeneratedBy '/Game/2DSideScrollerCPP/Maps/2DSideScrollerExampleMap.2DSideScrollerExampleMap:PersistentLevel.2DSideScrollerExampleMap'
[2018.01.07-15.16.58:998][272]LogBlueprintUserMessages: Early EndPlayMap Detection: Level '/Game/2DSideScrollerCPP/Maps/2DSideScrollerExampleMap.2DSideScrollerExampleMap:PersistentLevel' has LevelScriptBlueprint '/Game/2DSideScrollerCPP/Maps/2DSideScrollerExampleMap.2DSideScrollerExampleMap:PersistentLevel.2DSideScrollerExampleMap' with GeneratedClass '/Game/2DSideScrollerCPP/Maps/2DSideScrollerExampleMap.2DSideScrollerExampleMap_C' with ClassGeneratedBy '/Game/2DSideScrollerCPP/Maps/2DSideScrollerExampleMap.2DSideScrollerExampleMap:PersistentLevel.2DSideScrollerExampleMap'
[2018.01.07-15.16.59:035][272]LogBlueprintUserMessages: Late EndPlayMap Detection: Level '/Game/2DSideScrollerCPP/Maps/2DSideScrollerExampleMap.2DSideScrollerExampleMap:PersistentLevel' has LevelScriptBlueprint '/Game/2DSideScrollerCPP/Maps/2DSideScrollerExampleMap.2DSideScrollerExampleMap:PersistentLevel.2DSideScrollerExampleMap' with GeneratedClass '/Game/2DSideScrollerCPP/Maps/2DSideScrollerExampleMap.2DSideScrollerExampleMap_C' with ClassGeneratedBy '/Game/2DSideScrollerCPP/Maps/2DSideScrollerExampleMap.2DSideScrollerExampleMap:PersistentLevel.2DSideScrollerExampleMap'
[2018.01.07-15.19.16:577][678]LogHotReload: New module detected: UE4Editor-Bang-5576.dll
[2018.01.07-15.19.17:257][681]LogHotReload: Starting Hot-Reload from IDE
[2018.01.07-15.19.17:507][681]LogHotReload: Re-instancing BangCharacter after hot-reload.
[2018.01.07-15.19.17:956][681]LogContentBrowser: Native class hierarchy updated for 'Bang' in 0.0038 seconds. Added 4 classes and 2 folders.
[2018.01.07-15.19.17:959][681]Display: HotReload successful (3 functions remapped  0 scriptstructs remapped)
[2018.01.07-15.19.18:232][681]LogContentBrowser: Native class hierarchy populated in 0.0115 seconds. Added 2393 classes and 508 folders.
[2018.01.07-15.19.18:238][681]Display: HotReload took  1.0s.
[2018.01.07-15.19.22:575][694]LogTemp: Repeating last play command: Selected Viewport
[2018.01.07-15.19.22:604][694]LogBlueprintUserMessages: Early PlayInEditor Detection: Level '/Game/2DSideScrollerCPP/Maps/2DSideScrollerExampleMap.2DSideScrollerExampleMap:PersistentLevel' has LevelScriptBlueprint '/Game/2DSideScrollerCPP/Maps/2DSideScrollerExampleMap.2DSideScrollerExampleMap:PersistentLevel.2DSideScrollerExampleMap' with GeneratedClass '/Game/2DSideScrollerCPP/Maps/2DSideScrollerExampleMap.2DSideScrollerExampleMap_C' with ClassGeneratedBy '/Game/2DSideScrollerCPP/Maps/2DSideScrollerExampleMap.2DSideScrollerExampleMap:PersistentLevel.2DSideScrollerExampleMap'
[2018.01.07-15.19.22:605][694]LogPlayLevel: PlayLevel: No blueprints needed recompiling
[2018.01.07-15.19.22:605][694]PIE: New page: PIE session: 2DSideScrollerExampleMap (7 Jan 2018 15:19:22)
[2018.01.07-15.19.22:605][694]LogPlayLevel: Creating play world package: /Game/2DSideScrollerCPP/Maps/UEDPIE_0_2DSideScrollerExampleMap
[2018.01.07-15.19.22:608][694]LogPlayLevel: PIE: StaticDuplicateObject took: (0.002864s)
[2018.01.07-15.19.22:609][694]LogAIModule: Creating AISystem for world 2DSideScrollerExampleMap
[2018.01.07-15.19.22:610][694]LogPlayLevel: PIE: World Init took: (0.000882s)
[2018.01.07-15.19.22:610][694]LogPlayLevel: PIE: Created PIE world by copying editor world from /Game/2DSideScrollerCPP/Maps/2DSideScrollerExampleMap.2DSideScrollerExampleMap to /Game/2DSideScrollerCPP/Maps/UEDPIE_0_2DSideScrollerExampleMap.2DSideScrollerExampleMap (0.004308s)
[2018.01.07-15.19.22:658][694]LogInit: XAudio2 using 'Digital Audio (S/PDIF) (High Definition Audio Device)' : 2 channels at 44.1 kHz using 16 bits per sample (channel mask 0x3)
[2018.01.07-15.19.22:665][694]LogInit: FAudioDevice initialized.
[2018.01.07-15.19.22:698][694]LogLoad: Game class is 'BangGameMode'
[2018.01.07-15.19.22:700][694]LogWorld: Bringing World /Game/2DSideScrollerCPP/Maps/UEDPIE_0_2DSideScrollerExampleMap.2DSideScrollerExampleMap up for play (max tick rate 0) at 2018.01.07-15.19.22
[2018.01.07-15.19.22:700][694]LogWorld: Bringing up level for play took: 0.002107
[2018.01.07-15.19.22:702][694]PIE: Play in editor start time for /Game/2DSideScrollerCPP/Maps/UEDPIE_0_2DSideScrollerExampleMap -0.528
[2018.01.07-15.19.22:702][694]LogBlueprintUserMessages: Late PlayInEditor Detection: Level '/Game/2DSideScrollerCPP/Maps/2DSideScrollerExampleMap.2DSideScrollerExampleMap:PersistentLevel' has LevelScriptBlueprint '/Game/2DSideScrollerCPP/Maps/2DSideScrollerExampleMap.2DSideScrollerExampleMap:PersistentLevel.2DSideScrollerExampleMap' with GeneratedClass '/Game/2DSideScrollerCPP/Maps/2DSideScrollerExampleMap.2DSideScrollerExampleMap_C' with ClassGeneratedBy '/Game/2DSideScrollerCPP/Maps/2DSideScrollerExampleMap.2DSideScrollerExampleMap:PersistentLevel.2DSideScrollerExampleMap'
[2018.01.07-15.19.23:804][817]LogTemp: Hit Detected
[2018.01.07-15.19.23:804][817]LogTemp: I was hit
[2018.01.07-15.19.28:118][166]LogTemp: Hit Detected
[2018.01.07-15.19.30:544][457]LogTemp: Hit Detected
[2018.01.07-15.19.33:991][866]LogTemp: Hit Detected
[2018.01.07-15.19.36:591][178]LogTemp: Hit Detected
[2018.01.07-15.19.37:250][257]LogTemp: Hit Detected
[2018.01.07-15.19.38:123][358]LogTemp: Overlap Detected: Ledge_9
[2018.01.07-15.19.38:597][415]LogTemp: Overlap Detected: Ledge_9
[2018.01.07-15.19.41:412][553]LogBlueprintUserMessages: Early EndPlayMap Detection: Level '/Game/2DSideScrollerCPP/Maps/2DSideScrollerExampleMap.2DSideScrollerExampleMap:PersistentLevel' has LevelScriptBlueprint '/Game/2DSideScrollerCPP/Maps/2DSideScrollerExampleMap.2DSideScrollerExampleMap:PersistentLevel.2DSideScrollerExampleMap' with GeneratedClass '/Game/2DSideScrollerCPP/Maps/2DSideScrollerExampleMap.2DSideScrollerExampleMap_C' with ClassGeneratedBy '/Game/2DSideScrollerCPP/Maps/2DSideScrollerExampleMap.2DSideScrollerExampleMap:PersistentLevel.2DSideScrollerExampleMap'
[2018.01.07-15.19.41:464][553]LogBlueprintUserMessages: Late EndPlayMap Detection: Level '/Game/2DSideScrollerCPP/Maps/2DSideScrollerExampleMap.2DSideScrollerExampleMap:PersistentLevel' has LevelScriptBlueprint '/Game/2DSideScrollerCPP/Maps/2DSideScrollerExampleMap.2DSideScrollerExampleMap:PersistentLevel.2DSideScrollerExampleMap' with GeneratedClass '/Game/2DSideScrollerCPP/Maps/2DSideScrollerExampleMap.2DSideScrollerExampleMap_C' with ClassGeneratedBy '/Game/2DSideScrollerCPP/Maps/2DSideScrollerExampleMap.2DSideScrollerExampleMap:PersistentLevel.2DSideScrollerExampleMap'
[2018.01.07-15.19.43:005][721]LogTemp: Repeating last play command: Selected Viewport
[2018.01.07-15.19.43:027][721]LogBlueprintUserMessages: Early PlayInEditor Detection: Level '/Game/2DSideScrollerCPP/Maps/2DSideScrollerExampleMap.2DSideScrollerExampleMap:PersistentLevel' has LevelScriptBlueprint '/Game/2DSideScrollerCPP/Maps/2DSideScrollerExampleMap.2DSideScrollerExampleMap:PersistentLevel.2DSideScrollerExampleMap' with GeneratedClass '/Game/2DSideScrollerCPP/Maps/2DSideScrollerExampleMap.2DSideScrollerExampleMap_C' with ClassGeneratedBy '/Game/2DSideScrollerCPP/Maps/2DSideScrollerExampleMap.2DSideScrollerExampleMap:PersistentLevel.2DSideScrollerExampleMap'
[2018.01.07-15.19.43:027][721]LogPlayLevel: PlayLevel: No blueprints needed recompiling
[2018.01.07-15.19.43:028][721]PIE: New page: PIE session: 2DSideScrollerExampleMap (7 Jan 2018 15:19:43)
[2018.01.07-15.19.43:028][721]LogPlayLevel: Creating play world package: /Game/2DSideScrollerCPP/Maps/UEDPIE_0_2DSideScrollerExampleMap
[2018.01.07-15.19.43:030][721]LogPlayLevel: PIE: StaticDuplicateObject took: (0.002609s)
[2018.01.07-15.19.43:031][721]LogAIModule: Creating AISystem for world 2DSideScrollerExampleMap
[2018.01.07-15.19.43:031][721]LogPlayLevel: PIE: World Init took: (0.000762s)
[2018.01.07-15.19.43:032][721]LogPlayLevel: PIE: Created PIE world by copying editor world from /Game/2DSideScrollerCPP/Maps/2DSideScrollerExampleMap.2DSideScrollerExampleMap to /Game/2DSideScrollerCPP/Maps/UEDPIE_0_2DSideScrollerExampleMap.2DSideScrollerExampleMap (0.003897s)
[2018.01.07-15.19.43:053][721]LogInit: XAudio2 using 'Digital Audio (S/PDIF) (High Definition Audio Device)' : 2 channels at 44.1 kHz using 16 bits per sample (channel mask 0x3)
[2018.01.07-15.19.43:059][721]LogInit: FAudioDevice initialized.
[2018.01.07-15.19.43:091][721]LogLoad: Game class is 'BangGameMode'
[2018.01.07-15.19.43:094][721]LogWorld: Bringing World /Game/2DSideScrollerCPP/Maps/UEDPIE_0_2DSideScrollerExampleMap.2DSideScrollerExampleMap up for play (max tick rate 0) at 2018.01.07-15.19.43
[2018.01.07-15.19.43:094][721]LogWorld: Bringing up level for play took: 0.001933
[2018.01.07-15.19.43:095][721]PIE: Play in editor start time for /Game/2DSideScrollerCPP/Maps/UEDPIE_0_2DSideScrollerExampleMap -0.135
[2018.01.07-15.19.43:096][721]LogBlueprintUserMessages: Late PlayInEditor Detection: Level '/Game/2DSideScrollerCPP/Maps/2DSideScrollerExampleMap.2DSideScrollerExampleMap:PersistentLevel' has LevelScriptBlueprint '/Game/2DSideScrollerCPP/Maps/2DSideScrollerExampleMap.2DSideScrollerExampleMap:PersistentLevel.2DSideScrollerExampleMap' with GeneratedClass '/Game/2DSideScrollerCPP/Maps/2DSideScrollerExampleMap.2DSideScrollerExampleMap_C' with ClassGeneratedBy '/Game/2DSideScrollerCPP/Maps/2DSideScrollerExampleMap.2DSideScrollerExampleMap:PersistentLevel.2DSideScrollerExampleMap'
[2018.01.07-15.19.50:197][572]LogTemp: Hit Detected
[2018.01.07-15.19.50:198][572]LogTemp: I was hit
[2018.01.07-15.19.50:639][625]LogTemp: Hit Detected
[2018.01.07-15.19.50:639][625]LogTemp: I was hit
[2018.01.07-15.19.51:208][693]LogTemp: Overlaped owner
[2018.01.07-15.19.53:189][929]LogTemp: Overlaped owner
[2018.01.07-15.19.53:217][931]LogTemp: Overlaped owner
[2018.01.07-15.19.53:457][960]LogTemp: Overlaped owner
[2018.01.07-15.19.54:958][140]LogTemp: Overlaped owner
[2018.01.07-15.19.55:207][170]LogTemp: Overlaped owner
[2018.01.07-15.19.56:324][304]LogBlueprintUserMessages: Early EndPlayMap Detection: Level '/Game/2DSideScrollerCPP/Maps/2DSideScrollerExampleMap.2DSideScrollerExampleMap:PersistentLevel' has LevelScriptBlueprint '/Game/2DSideScrollerCPP/Maps/2DSideScrollerExampleMap.2DSideScrollerExampleMap:PersistentLevel.2DSideScrollerExampleMap' with GeneratedClass '/Game/2DSideScrollerCPP/Maps/2DSideScrollerExampleMap.2DSideScrollerExampleMap_C' with ClassGeneratedBy '/Game/2DSideScrollerCPP/Maps/2DSideScrollerExampleMap.2DSideScrollerExampleMap:PersistentLevel.2DSideScrollerExampleMap'
[2018.01.07-15.19.56:360][304]LogBlueprintUserMessages: Late EndPlayMap Detection: Level '/Game/2DSideScrollerCPP/Maps/2DSideScrollerExampleMap.2DSideScrollerExampleMap:PersistentLevel' has LevelScriptBlueprint '/Game/2DSideScrollerCPP/Maps/2DSideScrollerExampleMap.2DSideScrollerExampleMap:PersistentLevel.2DSideScrollerExampleMap' with GeneratedClass '/Game/2DSideScrollerCPP/Maps/2DSideScrollerExampleMap.2DSideScrollerExampleMap_C' with ClassGeneratedBy '/Game/2DSideScrollerCPP/Maps/2DSideScrollerExampleMap.2DSideScrollerExampleMap:PersistentLevel.2DSideScrollerExampleMap'
[2018.01.07-15.23.07:052][ 38]Cmd: QUIT_EDITOR
[2018.01.07-15.23.07:602][ 38]LogWindowsTextInputMethodSystem: Display: IME system now deactivated.
[2018.01.07-15.23.07:613][ 38]LogExit: Preparing to exit.
[2018.01.07-15.23.08:233][ 38]LogDirectoryWatcher: A directory notification for 'C:/Users/Marcus/Documents/GitHub/BANG/Bang 4.17/Content/' was aborted.
[2018.01.07-15.23.08:273][ 38]LogExit: Editor shut down
[2018.01.07-15.23.08:284][ 38]LogExit: Transaction tracking system shut down
[2018.01.07-15.23.08:426][ 38]LogDirectoryWatcher: A directory notification for '../../../Engine/Content/' was aborted.
[2018.01.07-15.23.08:427][ 38]LogDirectoryWatcher: A directory notification for '../../../../../../Users/Marcus/Documents/GitHub/BANG/Bang 4.17/Content/' was aborted.
[2018.01.07-15.23.08:427][ 38]LogDirectoryWatcher: A directory notification for '../../../Engine/Plugins/2D/Paper2D/Content/' was aborted.
[2018.01.07-15.23.08:427][ 38]LogDirectoryWatcher: A directory notification for '../../../Engine/Plugins/Runtime/Oculus/OculusVR/Content/' was aborted.
[2018.01.07-15.23.08:427][ 38]LogDirectoryWatcher: A directory notification for '../../../Engine/Plugins/Runtime/Steam/SteamVR/Content/' was aborted.
[2018.01.07-15.23.08:502][ 38]LogExit: Object subsystem successfully closed.
[2018.01.07-15.23.08:517][ 38]LogD3D11RHI: Shutdown
[2018.01.07-15.23.08:517][ 38]LogD3D11RHI: CleanupD3DDevice
[2018.01.07-15.23.08:619][ 38]LogD3D11RHI: ~FD3D11DynamicRHI
[2018.01.07-15.23.08:681][ 38]LogModuleManager: Shutting down and abandoning module Bang (546)
[2018.01.07-15.23.08:681][ 38]LogModuleManager: Shutting down and abandoning module MovieSceneCapture (544)
[2018.01.07-15.23.08:689][ 38]LogModuleManager: Shutting down and abandoning module TextureEditor (542)
[2018.01.07-15.23.08:689][ 38]LogModuleManager: Shutting down and abandoning module BlueprintGraph (538)
[2018.01.07-15.23.08:689][ 38]LogModuleManager: Shutting down and abandoning module BlueprintProfiler (536)
[2018.01.07-15.23.08:697][ 38]LogModuleManager: Shutting down and abandoning module HierarchicalLODOutliner (534)
[2018.01.07-15.23.08:697][ 38]LogModuleManager: Shutting down and abandoning module ExternalImagePicker (532)
[2018.01.07-15.23.08:697][ 38]LogModuleManager: Shutting down and abandoning module AddContentDialog (530)
[2018.01.07-15.23.08:705][ 38]LogDirectoryWatcher: A directory notification for 'C:/Program Files/Epic Games/UE_4.17/FeaturePacks/' was aborted.
[2018.01.07-15.23.08:706][ 38]LogModuleManager: Shutting down and abandoning module WidgetCarousel (529)
[2018.01.07-15.23.08:706][ 38]LogModuleManager: Shutting down and abandoning module EditorWidgets (526)
[2018.01.07-15.23.08:706][ 38]LogModuleManager: Shutting down and abandoning module CollectionManager (524)
[2018.01.07-15.23.08:706][ 38]LogDirectoryWatcher: A directory notification for 'C:/Users/Marcus/Documents/GitHub/BANG/Bang 4.17/Content/Collections/' was aborted.
[2018.01.07-15.23.08:706][ 38]LogDirectoryWatcher: A directory notification for 'C:/Users/Marcus/Documents/GitHub/BANG/Bang 4.17/Content/Developers/Marcus/Collections/' was aborted.
[2018.01.07-15.23.08:706][ 38]LogDirectoryWatcher: A directory notification for 'C:/Users/Marcus/Documents/GitHub/BANG/Bang 4.17/Saved/Collections/' was aborted.
[2018.01.07-15.23.08:706][ 38]LogModuleManager: Shutting down and abandoning module SceneOutliner (522)
[2018.01.07-15.23.08:716][ 38]LogModuleManager: Shutting down and abandoning module StatsViewer (520)
[2018.01.07-15.23.08:716][ 38]LogModuleManager: Shutting down and abandoning module FoliageEdit (518)
[2018.01.07-15.23.08:716][ 38]LogModuleManager: Shutting down and abandoning module LandscapeEditor (516)
[2018.01.07-15.23.08:716][ 38]LogModuleManager: Shutting down and abandoning module MeshPaintMode (514)
[2018.01.07-15.23.08:716][ 38]LogModuleManager: Shutting down and abandoning module SceneDepthPickerMode (512)
[2018.01.07-15.23.08:716][ 38]LogModuleManager: Shutting down and abandoning module ActorPickerMode (510)
[2018.01.07-15.23.08:716][ 38]LogModuleManager: Shutting down and abandoning module GeometryMode (508)
[2018.01.07-15.23.08:716][ 38]LogModuleManager: Shutting down and abandoning module TextureAlignMode (506)
[2018.01.07-15.23.08:716][ 38]LogModuleManager: Shutting down and abandoning module BspMode (504)
[2018.01.07-15.23.08:716][ 38]LogModuleManager: Shutting down and abandoning module PIEPreviewDeviceProfileSelector (502)
[2018.01.07-15.23.08:716][ 38]LogModuleManager: Shutting down and abandoning module HardwareSurvey (500)
[2018.01.07-15.23.08:716][ 38]LogModuleManager: Shutting down and abandoning module SequenceRecorderSections (498)
[2018.01.07-15.23.08:716][ 38]LogModuleManager: Shutting down and abandoning module AutomationWorker (496)
[2018.01.07-15.23.08:716][ 38]LogModuleManager: Shutting down and abandoning module MatineeToLevelSequence (494)
[2018.01.07-15.23.08:716][ 38]LogModuleManager: Shutting down and abandoning module LevelSequenceEditor (492)
[2018.01.07-15.23.08:716][ 38]LogModuleManager: Shutting down and abandoning module PlacementMode (491)
[2018.01.07-15.23.08:716][ 38]LogModuleManager: Shutting down and abandoning module WmfMediaFactory (488)
[2018.01.07-15.23.08:716][ 38]LogModuleManager: Shutting down and abandoning module WmfMediaEditor (486)
[2018.01.07-15.23.08:716][ 38]LogModuleManager: Shutting down and abandoning module AvfMediaFactory (484)
[2018.01.07-15.23.08:716][ 38]LogModuleManager: Shutting down and abandoning module AvfMediaEditor (482)
[2018.01.07-15.23.08:716][ 38]LogModuleManager: Shutting down and abandoning module AndroidMediaFactory (480)
[2018.01.07-15.23.08:716][ 38]LogModuleManager: Shutting down and abandoning module Media (479)
[2018.01.07-15.23.08:716][ 38]LogModuleManager: Shutting down and abandoning module AndroidMediaEditor (476)
[2018.01.07-15.23.08:716][ 38]LogModuleManager: Shutting down and abandoning module CharacterAI (474)
[2018.01.07-15.23.08:716][ 38]LogModuleManager: Shutting down and abandoning module AudioCapture (472)
[2018.01.07-15.23.08:716][ 38]LogModuleManager: Shutting down and abandoning module SequenceRecorder (471)
[2018.01.07-15.23.08:716][ 38]LogModuleManager: Shutting down and abandoning module SmartSnapping (468)
[2018.01.07-15.23.08:716][ 38]LogModuleManager: Shutting down and abandoning module SessionServices (466)
[2018.01.07-15.23.08:716][ 38]LogModuleManager: Shutting down and abandoning module ViewportSnapping (464)
[2018.01.07-15.23.08:716][ 38]LogModuleManager: Shutting down and abandoning module ViewportInteraction (462)
[2018.01.07-15.23.08:716][ 38]LogModuleManager: Shutting down and abandoning module ClothPainter (460)
[2018.01.07-15.23.08:716][ 38]LogModuleManager: Shutting down and abandoning module LogVisualizer (458)
[2018.01.07-15.23.08:716][ 38]LogModuleManager: Shutting down and abandoning module IntroTutorials (456)
[2018.01.07-15.23.08:717][ 38]LogModuleManager: Shutting down and abandoning module GameProjectGeneration (455)
[2018.01.07-15.23.08:717][ 38]LogModuleManager: Shutting down and abandoning module IOSPlatformEditor (452)
[2018.01.07-15.23.08:717][ 38]LogModuleManager: Shutting down and abandoning module HTML5PlatformEditor (450)
[2018.01.07-15.23.08:717][ 38]LogModuleManager: Shutting down and abandoning module AndroidPlatformEditor (448)
[2018.01.07-15.23.08:717][ 38]LogModuleManager: Shutting down and abandoning module AndroidDeviceDetection (447)
[2018.01.07-15.23.08:803][ 38]LogModuleManager: Shutting down and abandoning module WindowsPlatformEditor (444)
[2018.01.07-15.23.08:803][ 38]LogModuleManager: Shutting down and abandoning module IOSRuntimeSettings (442)
[2018.01.07-15.23.08:803][ 38]LogModuleManager: Shutting down and abandoning module AndroidRuntimeSettings (440)
[2018.01.07-15.23.08:803][ 38]LogModuleManager: Shutting down and abandoning module InputBindingEditor (438)
[2018.01.07-15.23.08:803][ 38]LogModuleManager: Shutting down and abandoning module MergeActors (436)
[2018.01.07-15.23.08:803][ 38]LogModuleManager: Shutting down and abandoning module SizeMap (434)
[2018.01.07-15.23.08:803][ 38]LogModuleManager: Shutting down and abandoning module TreeMap (432)
[2018.01.07-15.23.08:803][ 38]LogModuleManager: Shutting down and abandoning module ReferenceViewer (430)
[2018.01.07-15.23.08:803][ 38]LogModuleManager: Shutting down and abandoning module LocalizationDashboard (428)
[2018.01.07-15.23.08:803][ 38]LogModuleManager: Shutting down and abandoning module LocalizationService (427)
[2018.01.07-15.23.08:803][ 38]LogModuleManager: Shutting down and abandoning module HardwareTargeting (424)
[2018.01.07-15.23.08:803][ 38]LogModuleManager: Shutting down and abandoning module DeviceProfileEditor (422)
[2018.01.07-15.23.08:803][ 38]LogModuleManager: Shutting down and abandoning module UndoHistory (420)
[2018.01.07-15.23.08:803][ 38]LogModuleManager: Shutting down and abandoning module XmlParser (418)
[2018.01.07-15.23.08:803][ 38]LogModuleManager: Shutting down and abandoning module Blutility (416)
[2018.01.07-15.23.08:803][ 38]LogModuleManager: Shutting down and abandoning module ProjectSettingsViewer (414)
[2018.01.07-15.23.08:803][ 38]LogModuleManager: Shutting down and abandoning module ProjectTargetPlatformEditor (413)
[2018.01.07-15.23.08:804][ 38]LogModuleManager: Shutting down and abandoning module EditorSettingsViewer (410)
[2018.01.07-15.23.08:804][ 38]LogModuleManager: Shutting down and abandoning module SettingsEditor (408)
[2018.01.07-15.23.08:804][ 38]LogModuleManager: Shutting down and abandoning module ProjectLauncher (406)
[2018.01.07-15.23.08:804][ 38]LogModuleManager: Shutting down and abandoning module SessionFrontend (404)
[2018.01.07-15.23.08:804][ 38]LogModuleManager: Shutting down and abandoning module ProfilerClient (402)
[2018.01.07-15.23.08:804][ 38]LogModuleManager: Shutting down and abandoning module DeviceManager (400)
[2018.01.07-15.23.08:804][ 38]LogModuleManager: Shutting down and abandoning module TargetDeviceServices (399)
[2018.01.07-15.23.08:859][ 38]LogModuleManager: Shutting down and abandoning module AutomationController (396)
[2018.01.07-15.23.08:859][ 38]LogModuleManager: Shutting down and abandoning module AutomationWindow (394)
[2018.01.07-15.23.08:859][ 38]LogModuleManager: Shutting down and abandoning module Layers (392)
[2018.01.07-15.23.08:859][ 38]LogModuleManager: Shutting down and abandoning module ComponentVisualizers (390)
[2018.01.07-15.23.08:859][ 38]LogModuleManager: Shutting down and abandoning module DetailCustomizations (388)
[2018.01.07-15.23.08:859][ 38]LogModuleManager: Shutting down and abandoning module PackagesDialog (386)
[2018.01.07-15.23.08:859][ 38]LogModuleManager: Shutting down and abandoning module Persona (384)
[2018.01.07-15.23.08:859][ 38]LogModuleManager: Shutting down and abandoning module AdvancedPreviewScene (383)
[2018.01.07-15.23.08:859][ 38]LogModuleManager: Shutting down and abandoning module AnimGraph (381)
[2018.01.07-15.23.08:859][ 38]LogModuleManager: Shutting down and abandoning module Kismet (378)
[2018.01.07-15.23.08:869][ 38]LogModuleManager: Shutting down and abandoning module ClassViewer (376)
[2018.01.07-15.23.08:869][ 38]LogModuleManager: Shutting down and abandoning module Toolbox (374)
[2018.01.07-15.23.08:869][ 38]LogModuleManager: Shutting down and abandoning module ModuleUI (372)
[2018.01.07-15.23.08:869][ 38]LogModuleManager: Shutting down and abandoning module MovieSceneTools (370)
[2018.01.07-15.23.08:869][ 38]LogModuleManager: Shutting down and abandoning module OutputLog (368)
[2018.01.07-15.23.08:869][ 38]LogModuleManager: Shutting down and abandoning module GammaUI (366)
[2018.01.07-15.23.08:870][ 38]LogModuleManager: Shutting down and abandoning module Documentation (364)
[2018.01.07-15.23.08:870][ 38]LogModuleManager: Shutting down and abandoning module MovieSceneTracks (362)
[2018.01.07-15.23.08:870][ 38]LogModuleManager: Shutting down and abandoning module MovieScene (360)
[2018.01.07-15.23.08:870][ 38]LogModuleManager: Shutting down and abandoning module Niagara (358)
[2018.01.07-15.23.08:870][ 38]LogModuleManager: Shutting down and abandoning module NiagaraEditor (357)
[2018.01.07-15.23.08:870][ 38]LogModuleManager: Shutting down and abandoning module StreamingPauseRendering (354)
[2018.01.07-15.23.08:870][ 38]LogModuleManager: Shutting down and abandoning module LauncherPlatform (352)
[2018.01.07-15.23.08:870][ 38]LogModuleManager: Shutting down and abandoning module AnalyticsET (350)
[2018.01.07-15.23.08:870][ 38]LogModuleManager: Shutting down and abandoning module PortalServices (348)
[2018.01.07-15.23.08:870][ 38]LogModuleManager: Shutting down and abandoning module PortalRpc (346)
[2018.01.07-15.23.08:870][ 38]LogModuleManager: Shutting down and abandoning module MessagingRpc (344)
[2018.01.07-15.23.08:870][ 38]LogModuleManager: Shutting down and abandoning module AIModule (342)
[2018.01.07-15.23.08:870][ 38]LogModuleManager: Shutting down and abandoning module GameplayDebugger (341)
[2018.01.07-15.23.08:870][ 38]LogModuleManager: Shutting down and abandoning module AITestSuite (339)
[2018.01.07-15.23.08:870][ 38]LogModuleManager: Shutting down and abandoning module ProfilerService (336)
[2018.01.07-15.23.09:030][ 38]LogModuleManager: Shutting down and abandoning module TaskGraph (334)
[2018.01.07-15.23.09:030][ 38]LogModuleManager: Shutting down and abandoning module SteamVRController (332)
[2018.01.07-15.23.09:030][ 38]LogModuleManager: Shutting down and abandoning module ProceduralMeshComponentEditor (330)
[2018.01.07-15.23.09:030][ 38]LogModuleManager: Shutting down and abandoning module ProceduralMeshComponent (328)
[2018.01.07-15.23.09:030][ 38]LogModuleManager: Shutting down and abandoning module OculusInput (326)
[2018.01.07-15.23.09:030][ 38]LogModuleManager: Shutting down and abandoning module MobilePatchingUtils (324)
[2018.01.07-15.23.09:030][ 38]LogModuleManager: Shutting down and abandoning module CustomMeshComponent (322)
[2018.01.07-15.23.09:030][ 38]LogModuleManager: Shutting down and abandoning module CableComponent (320)
[2018.01.07-15.23.09:030][ 38]LogModuleManager: Shutting down and abandoning module ArchVisCharacter (318)
[2018.01.07-15.23.09:030][ 38]LogModuleManager: Shutting down and abandoning module AndroidPermission (316)
[2018.01.07-15.23.09:030][ 38]LogModuleManager: Shutting down and abandoning module MediaPlayerEditor (312)
[2018.01.07-15.23.09:030][ 38]LogModuleManager: Shutting down and abandoning module HTML5Networking (310)
[2018.01.07-15.23.09:030][ 38]LogModuleManager: Shutting down and abandoning module AlembicImporter (308)
[2018.01.07-15.23.09:030][ 38]LogModuleManager: Shutting down and abandoning module AlembicLibrary (307)
[2018.01.07-15.23.09:031][ 38]LogModuleManager: Shutting down and abandoning module GeometryCache (306)
[2018.01.07-15.23.09:031][ 38]LogModuleManager: Shutting down and abandoning module GeometryCacheEd (305)
[2018.01.07-15.23.09:031][ 38]LogModuleManager: Shutting down and abandoning module SpeedTreeImporter (300)
[2018.01.07-15.23.09:031][ 38]LogModuleManager: Shutting down and abandoning module PluginBrowser (298)
[2018.01.07-15.23.09:031][ 38]LogModuleManager: Shutting down and abandoning module MobileLauncherProfileWizard (296)
[2018.01.07-15.23.09:031][ 38]LogModuleManager: Shutting down and abandoning module VisualStudioSourceCodeAccess (294)
[2018.01.07-15.23.09:031][ 38]LogModuleManager: Shutting down and abandoning module DesktopPlatform (293)
[2018.01.07-15.23.09:031][ 38]LogModuleManager: Shutting down and abandoning module UObjectPlugin (290)
[2018.01.07-15.23.09:031][ 38]LogModuleManager: Shutting down and abandoning module SubversionSourceControl (288)
[2018.01.07-15.23.09:031][ 38]LogModuleManager: Shutting down and abandoning module PerforceSourceControl (286)
[2018.01.07-15.23.09:031][ 38]LogModuleManager: Shutting down and abandoning module GitSourceControl (284)
[2018.01.07-15.23.09:031][ 38]LogModuleManager: Shutting down and abandoning module SourceControl (283)
[2018.01.07-15.23.09:031][ 38]LogModuleManager: Shutting down and abandoning module LightPropagationVolumeEditor (280)
[2018.01.07-15.23.09:031][ 38]LogModuleManager: Shutting down and abandoning module PaperTiledImporter (278)
[2018.01.07-15.23.09:031][ 38]LogModuleManager: Shutting down and abandoning module PaperSpriteSheetImporter (276)
[2018.01.07-15.23.09:031][ 38]LogModuleManager: Shutting down and abandoning module Paper2DEditor (274)
[2018.01.07-15.23.09:031][ 38]LogModuleManager: Shutting down and abandoning module MeshPaint (273)
[2018.01.07-15.23.09:031][ 38]LogModuleManager: Shutting down and abandoning module LevelEditor (271)
[2018.01.07-15.23.09:032][ 38]LogModuleManager: Shutting down and abandoning module PixelInspectorModule (270)
[2018.01.07-15.23.09:032][ 38]LogModuleManager: Shutting down and abandoning module MainFrame (268)
[2018.01.07-15.23.09:032][ 38]LogModuleManager: Shutting down and abandoning module HotReload (267)
[2018.01.07-15.23.09:032][ 38]LogDirectoryWatcher: A directory notification for 'C:/Users/Marcus/Documents/GitHub/BANG/Bang 4.17/Binaries/Win64' was aborted.
[2018.01.07-15.23.09:032][ 38]LogModuleManager: Shutting down and abandoning module RuntimePhysXCooking (260)
[2018.01.07-15.23.09:032][ 38]LogModuleManager: Shutting down and abandoning module PhysXVehiclesEditor (258)
[2018.01.07-15.23.09:032][ 38]LogModuleManager: Shutting down and abandoning module PhysXVehicles (256)
[2018.01.07-15.23.09:032][ 38]LogModuleManager: Shutting down and abandoning module OculusEditor (254)
[2018.01.07-15.23.09:032][ 38]LogModuleManager: Shutting down and abandoning module LocationServicesBPLibrary (252)
[2018.01.07-15.23.09:032][ 38]LogModuleManager: Shutting down and abandoning module ImmediatePhysicsEditor (250)
[2018.01.07-15.23.09:033][ 38]LogModuleManager: Shutting down and abandoning module ImmediatePhysics (248)
[2018.01.07-15.23.09:033][ 38]LogModuleManager: Shutting down and abandoning module UdpMessaging (246)
[2018.01.07-15.23.09:134][ 38]LogModuleManager: Shutting down and abandoning module TcpMessaging (244)
[2018.01.07-15.23.09:235][ 38]LogModuleManager: Shutting down and abandoning module GameplayTagsEditor (242)
[2018.01.07-15.23.09:235][ 38]LogModuleManager: Shutting down and abandoning module FacialAnimationEditor (240)
[2018.01.07-15.23.09:235][ 38]LogModuleManager: Shutting down and abandoning module FacialAnimation (238)
[2018.01.07-15.23.09:235][ 38]LogModuleManager: Shutting down and abandoning module AssetManagerEditor (236)
[2018.01.07-15.23.09:235][ 38]LogModuleManager: Shutting down and abandoning module GraphEditor (235)
[2018.01.07-15.23.09:235][ 38]LogModuleManager: Shutting down and abandoning module ContentBrowser (233)
[2018.01.07-15.23.09:235][ 38]LogModuleManager: Shutting down and abandoning module LightPropagationVolumeRuntime (230)
[2018.01.07-15.23.09:235][ 38]LogModuleManager: Shutting down and abandoning module Paper2D (228)
[2018.01.07-15.23.09:235][ 38]LogModuleManager: Shutting down and abandoning module WindowsMoviePlayer (226)
[2018.01.07-15.23.09:235][ 38]LogModuleManager: Shutting down and abandoning module WmfMedia (224)
[2018.01.07-15.23.09:237][ 38]LogModuleManager: Shutting down and abandoning module PacketHandler (222)
[2018.01.07-15.23.09:237][ 38]LogModuleManager: Shutting down and abandoning module ClothingSystemEditor (220)
[2018.01.07-15.23.09:237][ 38]LogModuleManager: Shutting down and abandoning module ClothingSystemRuntime (218)
[2018.01.07-15.23.09:237][ 38]LogModuleManager: Shutting down and abandoning module Overlay (216)
[2018.01.07-15.23.09:237][ 38]LogModuleManager: Shutting down and abandoning module OverlayEditor (215)
[2018.01.07-15.23.09:237][ 38]LogModuleManager: Shutting down and abandoning module MediaAssets (212)
[2018.01.07-15.23.09:237][ 38]LogModuleManager: Shutting down and abandoning module VREditor (210)
[2018.01.07-15.23.09:237][ 38]LogModuleManager: Shutting down and abandoning module StringTableEditor (208)
[2018.01.07-15.23.09:237][ 38]LogModuleManager: Shutting down and abandoning module GameplayTasksEditor (206)
[2018.01.07-15.23.09:237][ 38]LogModuleManager: Shutting down and abandoning module BehaviorTreeEditor (204)
[2018.01.07-15.23.09:237][ 38]LogModuleManager: Shutting down and abandoning module FunctionalTesting (202)
[2018.01.07-15.23.09:237][ 38]LogModuleManager: Shutting down and abandoning module CollisionAnalyzer (200)
[2018.01.07-15.23.09:237][ 38]LogModuleManager: Shutting down and abandoning module WorkspaceMenuStructure (199)
[2018.01.07-15.23.09:237][ 38]LogModuleManager: Shutting down and abandoning module UMG (196)
[2018.01.07-15.23.09:239][ 38]LogModuleManager: Shutting down and abandoning module UMGEditor (195)
[2018.01.07-15.23.09:239][ 38]LogModuleManager: Shutting down and abandoning module Sequencer (194)
[2018.01.07-15.23.09:239][ 38]LogModuleManager: Shutting down and abandoning module MessageLog (191)
[2018.01.07-15.23.09:239][ 38]LogModuleManager: Shutting down and abandoning module SlateReflector (186)
[2018.01.07-15.23.09:239][ 38]LogModuleManager: Shutting down and abandoning module Slate (184)
[2018.01.07-15.23.09:239][ 38]LogModuleManager: Shutting down and abandoning module EditorStyle (182)
[2018.01.07-15.23.09:242][ 38]LogModuleManager: Shutting down and abandoning module MRMesh (180)
[2018.01.07-15.23.09:242][ 38]LogModuleManager: Shutting down and abandoning module SourceCodeAccess (178)
[2018.01.07-15.23.09:242][ 38]LogModuleManager: Shutting down and abandoning module HeadMountedDisplay (176)
[2018.01.07-15.23.09:242][ 38]LogModuleManager: Shutting down and abandoning module XAudio2 (174)
[2018.01.07-15.23.09:242][ 38]LogModuleManager: Shutting down and abandoning module Networking (172)
[2018.01.07-15.23.09:242][ 38]LogModuleManager: Shutting down and abandoning module Core (168)
[2018.01.07-15.23.09:242][ 38]LogModuleManager: Shutting down and abandoning module KismetCompiler (164)
[2018.01.07-15.23.09:242][ 38]LogModuleManager: Shutting down and abandoning module LevelSequence (162)
[2018.01.07-15.23.09:242][ 38]LogModuleManager: Shutting down and abandoning module MeshUtilities (160)
[2018.01.07-15.23.09:242][ 38]LogModuleManager: Shutting down and abandoning module MeshMergeUtilities (159)
[2018.01.07-15.23.09:242][ 38]LogModuleManager: Shutting down and abandoning module MeshReductionInterface (158)
[2018.01.07-15.23.09:242][ 38]LogModuleManager: Shutting down and abandoning module SimplygonSwarm (157)
[2018.01.07-15.23.09:242][ 38]LogModuleManager: Shutting down and abandoning module SimplygonMeshReduction (155)
[2018.01.07-15.23.09:242][ 38]LogModuleManager: Shutting down and abandoning module QuadricMeshReduction (153)
[2018.01.07-15.23.09:242][ 38]LogModuleManager: Shutting down and abandoning module MaterialBaking (149)
[2018.01.07-15.23.09:242][ 38]LogModuleManager: Shutting down and abandoning module DirectoryWatcher (146)
[2018.01.07-15.23.09:245][ 38]LogModuleManager: Shutting down and abandoning module DerivedDataCache (144)
[2018.01.07-15.23.09:254][ 38]LogDerivedDataCache: Shutdown
[2018.01.07-15.23.09:254][ 38]LogModuleManager: Shutting down and abandoning module TargetPlatform (142)
[2018.01.07-15.23.09:254][ 38]LogModuleManager: Shutting down and abandoning module VulkanShaderFormat (141)
[2018.01.07-15.23.09:254][ 38]LogModuleManager: Shutting down and abandoning module ShaderFormatVectorVM (139)
[2018.01.07-15.23.09:254][ 38]LogModuleManager: Shutting down and abandoning module ShaderFormatOpenGL (137)
[2018.01.07-15.23.09:254][ 38]LogModuleManager: Shutting down and abandoning module ShaderFormatD3D (135)
[2018.01.07-15.23.09:254][ 38]LogModuleManager: Shutting down and abandoning module MetalShaderFormat (133)
[2018.01.07-15.23.09:254][ 38]LogModuleManager: Shutting down and abandoning module TextureFormatUncompressed (131)
[2018.01.07-15.23.09:254][ 38]LogModuleManager: Shutting down and abandoning module TextureFormatPVR (129)
[2018.01.07-15.23.09:254][ 38]LogModuleManager: Shutting down and abandoning module TextureFormatDXT (127)
[2018.01.07-15.23.09:254][ 38]LogModuleManager: Shutting down and abandoning module TextureFormatIntelISPCTexComp (125)
[2018.01.07-15.23.09:254][ 38]LogModuleManager: Shutting down and abandoning module TextureFormatASTC (123)
[2018.01.07-15.23.09:254][ 38]LogModuleManager: Shutting down and abandoning module ImageWrapper (122)
[2018.01.07-15.23.09:254][ 38]LogModuleManager: Shutting down and abandoning module TextureFormatAndroid (119)
[2018.01.07-15.23.09:254][ 38]LogModuleManager: Shutting down and abandoning module AudioFormatOpus (117)
[2018.01.07-15.23.09:254][ 38]LogModuleManager: Shutting down and abandoning module AudioFormatOgg (115)
[2018.01.07-15.23.09:254][ 38]LogModuleManager: Shutting down and abandoning module AudioFormatADPCM (113)
[2018.01.07-15.23.09:254][ 38]LogModuleManager: Shutting down and abandoning module LinuxTargetPlatform (111)
[2018.01.07-15.23.09:255][ 38]LogModuleManager: Shutting down and abandoning module LinuxServerTargetPlatform (109)
[2018.01.07-15.23.09:255][ 38]LogModuleManager: Shutting down and abandoning module LinuxNoEditorTargetPlatform (107)
[2018.01.07-15.23.09:255][ 38]LogModuleManager: Shutting down and abandoning module LinuxClientTargetPlatform (105)
[2018.01.07-15.23.09:255][ 38]LogModuleManager: Shutting down and abandoning module TVOSTargetPlatform (103)
[2018.01.07-15.23.09:255][ 38]LogModuleManager: Shutting down and abandoning module Messaging (101)
[2018.01.07-15.23.09:255][ 38]LogModuleManager: Shutting down and abandoning module IOSTargetPlatform (99)
[2018.01.07-15.23.09:255][ 38]LogModuleManager: Shutting down and abandoning module HTML5TargetPlatform (97)
[2018.01.07-15.23.09:255][ 38]LogModuleManager: Shutting down and abandoning module Android_PVRTCTargetPlatform (95)
[2018.01.07-15.23.09:255][ 38]LogModuleManager: Shutting down and abandoning module Android_MultiTargetPlatform (93)
[2018.01.07-15.23.09:255][ 38]LogModuleManager: Shutting down and abandoning module Android_ETC2TargetPlatform (91)
[2018.01.07-15.23.09:255][ 38]LogModuleManager: Shutting down and abandoning module Android_ETC1TargetPlatform (89)
[2018.01.07-15.23.09:255][ 38]LogModuleManager: Shutting down and abandoning module Android_DXTTargetPlatform (87)
[2018.01.07-15.23.09:255][ 38]LogModuleManager: Shutting down and abandoning module Android_ATCTargetPlatform (85)
[2018.01.07-15.23.09:255][ 38]LogModuleManager: Shutting down and abandoning module Android_ASTCTargetPlatform (83)
[2018.01.07-15.23.09:255][ 38]LogModuleManager: Shutting down and abandoning module AndroidTargetPlatform (81)
[2018.01.07-15.23.09:255][ 38]LogModuleManager: Shutting down and abandoning module WindowsTargetPlatform (79)
[2018.01.07-15.23.09:255][ 38]LogModuleManager: Shutting down and abandoning module WindowsServerTargetPlatform (77)
[2018.01.07-15.23.09:255][ 38]LogModuleManager: Shutting down and abandoning module WindowsNoEditorTargetPlatform (75)
[2018.01.07-15.23.09:255][ 38]LogModuleManager: Shutting down and abandoning module WindowsClientTargetPlatform (73)
[2018.01.07-15.23.09:255][ 38]LogModuleManager: Shutting down and abandoning module MacTargetPlatform (71)
[2018.01.07-15.23.09:255][ 38]LogModuleManager: Shutting down and abandoning module MacServerTargetPlatform (69)
[2018.01.07-15.23.09:255][ 38]LogModuleManager: Shutting down and abandoning module MacNoEditorTargetPlatform (67)
[2018.01.07-15.23.09:255][ 38]LogModuleManager: Shutting down and abandoning module MacClientTargetPlatform (65)
[2018.01.07-15.23.09:255][ 38]LogModuleManager: Shutting down and abandoning module AllDesktopTargetPlatform (63)
[2018.01.07-15.23.09:255][ 38]LogModuleManager: Shutting down and abandoning module InputCore (60)
[2018.01.07-15.23.09:255][ 38]LogModuleManager: Shutting down and abandoning module Settings (58)
[2018.01.07-15.23.09:255][ 38]LogModuleManager: Shutting down and abandoning module PhysXCooking (56)
[2018.01.07-15.23.09:255][ 38]LogModuleManager: Shutting down and abandoning module SteamVR (54)
[2018.01.07-15.23.09:255][ 38]LogModuleManager: Shutting down and abandoning module OculusHMD (52)
[2018.01.07-15.23.09:255][ 38]LogModuleManager: Shutting down and abandoning module ExampleDeviceProfileSelector (50)
[2018.01.07-15.23.09:255][ 38]LogModuleManager: Shutting down and abandoning module OnlineBlueprintSupport (48)
[2018.01.07-15.23.09:255][ 38]LogModuleManager: Shutting down and abandoning module OnlineSubsystem (44)
[2018.01.07-15.23.09:255][ 38]LogOnline: Display: Unloading online subsystem: NULL
[2018.01.07-15.23.09:255][ 38]LogModuleManager: Shutting down and abandoning module XMPP (43)
[2018.01.07-15.23.09:255][ 38]LogModuleManager: Shutting down and abandoning module HTTP (41)
[2018.01.07-15.23.09:255][ 38]LogHttp: Display: Http module shutting down, but needs to wait on 1 outstanding Http requests:
[2018.01.07-15.23.09:255][ 38]LogHttp: Display: 	verb=[POST] url=[https://datarouter.ol.epicgames.com/datarouter/api/v1/public/data?SessionID=%7BBB2A838B-47E9-C368-6B42-AFB3F881F175%7D&AppID=UEEditor.Rocket.Release&AppVersion=4.17.2-3658906%2B%2B%2BUE4%2BRelease-4.17&UserID=97d3f40d403ff4a258d6f980a741b4dc%7C969837ba78db4a5a8b4180254925176e%7C81706c51-5e4d-4c53-8181-bc8c50ced6a7&AppEnvironment=datacollector-binary&UploadType=eteventstream] status=Processing
[2018.01.07-15.23.09:269][ 38]LogModuleManager: Shutting down and abandoning module SSL (40)
[2018.01.07-15.23.09:270][ 38]LogModuleManager: Shutting down and abandoning module AnimationModifiers (36)
[2018.01.07-15.23.09:270][ 38]LogModuleManager: Shutting down and abandoning module PropertyEditor (35)
[2018.01.07-15.23.09:270][ 38]LogModuleManager: Shutting down and abandoning module AudioEditor (32)
[2018.01.07-15.23.09:270][ 38]LogModuleManager: Shutting down and abandoning module TextureCompressor (30)
[2018.01.07-15.23.09:270][ 38]LogModuleManager: Shutting down and abandoning module ShaderCore (28)
[2018.01.07-15.23.09:270][ 38]LogModuleManager: Shutting down and abandoning module Landscape (26)
[2018.01.07-15.23.09:270][ 38]LogModuleManager: Shutting down and abandoning module SlateRHIRenderer (24)
[2018.01.07-15.23.09:271][ 38]LogModuleManager: Shutting down and abandoning module OpenGLDrv (22)
[2018.01.07-15.23.09:271][ 38]LogModuleManager: Shutting down and abandoning module D3D11RHI (20)
[2018.01.07-15.23.09:271][ 38]LogModuleManager: Shutting down and abandoning module AnimGraphRuntime (18)
[2018.01.07-15.23.09:271][ 38]LogModuleManager: Shutting down and abandoning module Renderer (16)
[2018.01.07-15.23.09:271][ 38]LogModuleManager: Shutting down and abandoning module Engine (14)
[2018.01.07-15.23.09:271][ 38]LogModuleManager: Shutting down and abandoning module CoreUObject (12)
[2018.01.07-15.23.09:271][ 38]LogModuleManager: Shutting down and abandoning module NetworkFile (10)
[2018.01.07-15.23.09:271][ 38]LogModuleManager: Shutting down and abandoning module CookedIterativeFile (8)
[2018.01.07-15.23.09:271][ 38]LogModuleManager: Shutting down and abandoning module StreamingFile (6)
[2018.01.07-15.23.09:271][ 38]LogModuleManager: Shutting down and abandoning module SandboxFile (4)
[2018.01.07-15.23.09:271][ 38]LogModuleManager: Shutting down and abandoning module PakFile (2)
[2018.01.07-15.23.09:275][ 38]LogExit: Exiting.
[2018.01.07-15.23.09:293][ 38]Log file closed, 01/07/18 15:23:09
