Log file open, 01/06/18 12:29:59
LogWindows: Failed to load 'aqProf.dll' (GetLastError=126)
LogWindows: File 'aqProf.dll' does not exist
LogWindows: Failed to load 'VtuneApi.dll' (GetLastError=126)
LogWindows: File 'VtuneApi.dll' does not exist
LogWindows: Failed to load 'VtuneApi32e.dll' (GetLastError=126)
LogWindows: File 'VtuneApi32e.dll' does not exist
LogInit: Display: Running engine for game: Bang
LogPlatformFile: Not using cached read wrapper
LogInit: Display: RandInit(1218080155) SRandInit(1218080155).
LogTaskGraph: Started task graph with 5 named threads and 14 total threads with 3 sets of task threads.
LogStats: Stats thread started at 0.280118
LogD3D11RHI: Aftermath initialized
LogPluginManager: Mounting plugin Paper2D
LogPluginManager: Mounting plugin LightPropagationVolume
LogPluginManager: Mounting plugin CodeLiteSourceCodeAccess
LogPluginManager: Mounting plugin GitSourceControl
LogPluginManager: Mounting plugin KDevelopSourceCodeAccess
LogPluginManager: Mounting plugin NullSourceCodeAccess
LogPluginManager: Mounting plugin PerforceSourceControl
LogPluginManager: Mounting plugin SubversionSourceControl
LogPluginManager: Mounting plugin UObjectPlugin
LogPluginManager: Mounting plugin VisualStudioSourceCodeAccess
LogPluginManager: Mounting plugin XCodeSourceCodeAccess
LogPluginManager: Mounting plugin AssetManagerEditor
LogPluginManager: Mounting plugin AudioCapture
LogPluginManager: Mounting plugin FacialAnimation
LogPluginManager: Mounting plugin GameplayTagsEditor
LogPluginManager: Mounting plugin MobileLauncherProfileWizard
LogPluginManager: Mounting plugin PluginBrowser
LogPluginManager: Mounting plugin SpeedTreeImporter
LogPluginManager: Mounting plugin AlembicImporter
LogPluginManager: Mounting plugin CharacterAI
LogPluginManager: Mounting plugin HTML5Networking
LogPluginManager: Mounting plugin AndroidMedia
LogPluginManager: Mounting plugin AvfMedia
LogPluginManager: Mounting plugin MediaPlayerEditor
LogPluginManager: Mounting plugin WmfMedia
LogPluginManager: Mounting plugin TcpMessaging
LogPluginManager: Mounting plugin UdpMessaging
LogPluginManager: Mounting plugin LevelSequenceEditor
LogPluginManager: Mounting plugin MatineeToLevelSequence
LogPluginManager: Mounting plugin OnlineSubsystemGooglePlay
LogPluginManager: Mounting plugin OnlineSubsystemIOS
LogPluginManager: Mounting plugin OnlineSubsystem
LogPluginManager: Mounting plugin OnlineSubsystemNull
LogPluginManager: Mounting plugin OnlineSubsystemUtils
LogPluginManager: Mounting plugin AndroidDeviceProfileSelector
LogPluginManager: Mounting plugin AndroidMoviePlayer
LogPluginManager: Mounting plugin AndroidPermission
LogPluginManager: Mounting plugin AppleMoviePlayer
LogPluginManager: Mounting plugin ArchVisCharacter
LogPluginManager: Mounting plugin CableComponent
LogPluginManager: Mounting plugin CustomMeshComponent
LogPluginManager: Mounting plugin ExampleDeviceProfileSelector
LogPluginManager: Mounting plugin GoogleCloudMessaging
LogPluginManager: Mounting plugin ImmediatePhysics
LogPluginManager: Mounting plugin IOSDeviceProfileSelector
LogPluginManager: Mounting plugin LinuxDeviceProfileSelector
LogPluginManager: Mounting plugin LocationServicesBPLibrary
LogPluginManager: Mounting plugin MobilePatchingUtils
LogPluginManager: Mounting plugin OculusVR
LogPluginManager: Mounting plugin PhysXVehicles
LogPluginManager: Mounting plugin ProceduralMeshComponent
LogPluginManager: Mounting plugin RuntimePhysXCooking
LogPluginManager: Mounting plugin SteamVR
LogPluginManager: Mounting plugin WindowsMoviePlayer
LogInit: Using libcurl 7.47.1
LogInit:  - built for x86_64-pc-win32
LogInit:  - supports SSL with OpenSSL/1.0.2g
LogInit:  - supports HTTP deflate (compression) using libz 1.2.8
LogInit:  - other features:
LogInit:      CURL_VERSION_SSL
LogInit:      CURL_VERSION_LIBZ
LogInit:      CURL_VERSION_IPV6
LogInit:      CURL_VERSION_ASYNCHDNS
LogInit:      CURL_VERSION_LARGEFILE
LogInit:      CURL_VERSION_IDN
LogInit:  CurlRequestOptions (configurable via config and command line):
LogInit:  - bVerifyPeer = false  - Libcurl will NOT verify peer certificate
LogInit:  - bUseHttpProxy = false  - Libcurl will NOT use HTTP proxy
LogInit:  - bDontReuseConnections = false  - Libcurl will reuse connections
LogInit:  - CertBundlePath = nullptr  - Libcurl will use whatever was configured at build time.
LogInit: Build: ++UE4+Release-4.17-CL-3658906
LogInit: Engine Version: 4.17.2-3658906+++UE4+Release-4.17
LogInit: Compatible Engine Version: 4.17.0-3573198+++UE4+Release-4.17
LogInit: Net CL: 3573198
LogDevObjectVersion: Number of dev versions registered: 16
LogDevObjectVersion:   Dev-Blueprints (B0D832E4-1F89-4F0D-ACCF-7EB736FD4AA2): 10
LogDevObjectVersion:   Dev-Build (E1C64328-A22C-4D53-A36C-8E866417BD8C): 0
LogDevObjectVersion:   Dev-Core (375EC13C-06E4-48FB-B500-84F0262A717E): 2
LogDevObjectVersion:   Dev-Editor (E4B068ED-F494-42E9-A231-DA0B2E46BB41): 20
LogDevObjectVersion:   Dev-Framework (CFFC743F-43B0-4480-9391-14DF171D2073): 28
LogDevObjectVersion:   Dev-Mobile (B02B49B5-BB20-44E9-A304-32B752E40360): 0
LogDevObjectVersion:   Dev-Networking (A4E4105C-59A1-49B5-A7C5-40C4547EDFEE): 0
LogDevObjectVersion:   Dev-Online (39C831C9-5AE6-47DC-9A44-9C173E1C8E7C): 0
LogDevObjectVersion:   Dev-Physics (78F01B33-EBEA-4F98-B9B4-84EACCB95AA2): 0
LogDevObjectVersion:   Dev-Platform (6631380F-2D4D-43E0-8009-CF276956A95A): 0
LogDevObjectVersion:   Dev-Rendering (12F88B9F-8875-4AFC-A67C-D90C383ABD29): 19
LogDevObjectVersion:   Dev-Sequencer (7B5AE74C-D270-4C10-A958-57980B212A5A): 4
LogDevObjectVersion:   Dev-VR (D7296918-1DD6-4BDD-9DE2-64A83CC13884): 0
LogDevObjectVersion:   Dev-LoadTimes (C2A15278-BFE7-4AFE-6C17-90FF531DF755): 1
LogDevObjectVersion:   Private-Geometry (6EACA3D4-40EC-4CC1-B786-8BED09428FC5): 1
LogDevObjectVersion:   Dev-AnimPhys (29E575DD-E0A3-4627-9D10-D276232CDCEA): 7
LogInit: Compiled (64-bit): Sep 22 2017 13:47:16
LogInit: Compiled with Visual C++: 19.00.24215.01
LogInit: Build Configuration: Development
LogInit: Branch Name: ++UE4+Release-4.17
LogInit: Command line: 
LogInit: Base directory: C:/Program Files/Epic Games/UE_4.17/Engine/Binaries/Win64/
LogInit: Installed Engine Build: 1
LogInit: Presizing for max 8388607 objects, including 0 objects not considered by GC, pre-allocating 0 bytes for permanent pool.
LogInit: Object subsystem initialized
[2018.01.06-12.30.07:602][  0]LogInit: Selected Device Profile: [Windows]
[2018.01.06-12.30.07:602][  0]LogInit: Applying CVar settings loaded from the selected device profile: [Windows]
[2018.01.06-12.30.08:348][  0]LogInit: Computer: MARCUSPC
[2018.01.06-12.30.08:348][  0]LogInit: User: Marcus
[2018.01.06-12.30.08:348][  0]LogInit: CPU Page size=4096, Cores=4
[2018.01.06-12.30.08:348][  0]LogInit: High frequency timer resolution =2.929688 MHz
[2018.01.06-12.30.08:349][  0]LogMemory: Memory total: Physical=16.0GB (16GB approx)
[2018.01.06-12.30.08:349][  0]LogMemory: Platform Memory Stats for Windows
[2018.01.06-12.30.08:349][  0]LogMemory: Process Physical Memory: 279.11 MB used, 279.11 MB peak
[2018.01.06-12.30.08:349][  0]LogMemory: Process Virtual Memory: 274.31 MB used, 274.31 MB peak
[2018.01.06-12.30.08:349][  0]LogMemory: Physical Memory: 3641.49 MB used,  12694.94 MB free, 16336.43 MB total
[2018.01.06-12.30.08:349][  0]LogMemory: Virtual Memory: 706.33 MB used,  12694.94 MB free, 134217728.00 MB total
[2018.01.06-12.30.11:776][  0]LogInit: Using OS detected language (en-US).
[2018.01.06-12.30.11:776][  0]LogInit: Using OS detected locale (en-GB).
[2018.01.06-12.30.11:885][  0]LogTextLocalizationManager: No specific localization for 'en-US' exists, so the 'en' localization will be used.
[2018.01.06-12.30.13:232][  0]LogD3D11RHI: D3D11 adapters:
[2018.01.06-12.30.13:417][  0]LogD3D11RHI:    0. 'NVIDIA GeForce GTX 1050' (Feature Level 11_0)
[2018.01.06-12.30.13:417][  0]LogD3D11RHI:       1987/0/8168 MB DedicatedVideo/DedicatedSystem/SharedSystem, Outputs:2, VendorId:0x10de
[2018.01.06-12.30.13:831][  0]LogD3D11RHI:    1. 'Microsoft Basic Render Driver' (Feature Level 11_0)
[2018.01.06-12.30.13:831][  0]LogD3D11RHI:       0/0/8168 MB DedicatedVideo/DedicatedSystem/SharedSystem, Outputs:0, VendorId:0x1414
[2018.01.06-12.30.13:831][  0]LogD3D11RHI: Chosen D3D11 Adapter: 0
[2018.01.06-12.30.13:846][  0]LogD3D11RHI: Creating new Direct3DDevice
[2018.01.06-12.30.13:846][  0]LogD3D11RHI:     GPU DeviceId: 0x1c81 (for the marketing name, search the web for "GPU Device Id")
[2018.01.06-12.30.13:846][  0]LogWindows: EnumDisplayDevices:
[2018.01.06-12.30.13:846][  0]LogWindows:    0. 'NVIDIA GeForce GTX 1050' (P:1 D:1)
[2018.01.06-12.30.13:847][  0]LogWindows:    1. 'NVIDIA GeForce GTX 1050' (P:0 D:1)
[2018.01.06-12.30.13:847][  0]LogWindows:    2. 'NVIDIA GeForce GTX 1050' (P:0 D:0)
[2018.01.06-12.30.13:847][  0]LogWindows:    3. 'NVIDIA GeForce GTX 1050' (P:0 D:0)
[2018.01.06-12.30.13:848][  0]LogWindows: DebugString: GetVideoDriverDetailsInvalid PrimaryIsNotTheChoosenAdapter GetVideoDriverDetailsInvalid PrimaryIsNotTheChoosenAdapter GetVideoDriverDetailsInvalid PrimaryIsNotTheChoosenAdapter GetVideoDriverDetailsInvalid PrimaryIsNotTheChoosenAdapter FoundDriverCount:0 
[2018.01.06-12.30.13:848][  0]LogD3D11RHI:     Adapter Name: NVIDIA GeForce GTX 1050
[2018.01.06-12.30.13:848][  0]LogD3D11RHI:   Driver Version: Unknown (internal:Unknown, unified:Unknown)
[2018.01.06-12.30.13:848][  0]LogD3D11RHI:      Driver Date: Unknown
[2018.01.06-12.30.13:848][  0]LogRHI: Texture pool is 1361 MB (70% of 1945 MB)
[2018.01.06-12.30.13:886][  0]LogD3D11RHI: Async texture creation enabled
[2018.01.06-12.30.13:898][  0]LogD3D11RHI: GPU Timing Frequency: 1000.000000 (Debug: 2 1)
[2018.01.06-12.30.13:901][  0]LogShaderCompilers: Guid format shader working directory is -15 characters bigger than the processId version (../../../../../../Users/Marcus/Documents/GitHub/BANG/Bang 4.17/Intermediate/Shaders/WorkingDirectory/7744/).
[2018.01.06-12.30.13:901][  0]LogShaderCompilers: Cleaned the shader compiler working directory 'C:/Users/Marcus/AppData/Local/Temp/UnrealShaderWorkingDir/D08BC9434AA5B92224F92AA95C2DB7FD/'.
[2018.01.06-12.30.13:901][  0]LogShaderCompilers: Display: Using Local Shader Compiler.
[2018.01.06-12.30.22:149][  0]LogTemp: Display: Loaded TP AllDesktopTargetPlatform
[2018.01.06-12.30.22:313][  0]LogTemp: Display: Loaded TP MacClientTargetPlatform
[2018.01.06-12.30.22:492][  0]LogTemp: Display: Loaded TP MacNoEditorTargetPlatform
[2018.01.06-12.30.22:665][  0]LogTemp: Display: Loaded TP MacServerTargetPlatform
[2018.01.06-12.30.22:852][  0]LogTemp: Display: Loaded TP MacTargetPlatform
[2018.01.06-12.30.23:031][  0]LogTemp: Display: Loaded TP WindowsClientTargetPlatform
[2018.01.06-12.30.23:302][  0]LogTemp: Display: Loaded TP WindowsNoEditorTargetPlatform
[2018.01.06-12.30.23:466][  0]LogTemp: Display: Loaded TP WindowsServerTargetPlatform
[2018.01.06-12.30.23:654][  0]LogTemp: Display: Loaded TP WindowsTargetPlatform
[2018.01.06-12.30.23:820][  0]LogTemp: Display: Loaded TP AndroidTargetPlatform
[2018.01.06-12.30.23:985][  0]LogTemp: Display: Loaded TP Android_ASTCTargetPlatform
[2018.01.06-12.30.24:141][  0]LogTemp: Display: Loaded TP Android_ATCTargetPlatform
[2018.01.06-12.30.24:304][  0]LogTemp: Display: Loaded TP Android_DXTTargetPlatform
[2018.01.06-12.30.24:469][  0]LogTemp: Display: Loaded TP Android_ETC1TargetPlatform
[2018.01.06-12.30.24:634][  0]LogTemp: Display: Loaded TP Android_ETC2TargetPlatform
[2018.01.06-12.30.25:083][  0]LogTemp: Display: Loaded TP Android_MultiTargetPlatform
[2018.01.06-12.30.25:083][  0]LogTemp: Display: Loaded TP Android_PVRTCTargetPlatform
[2018.01.06-12.30.25:234][  0]LogTemp: Display: Loaded TP HTML5TargetPlatform
[2018.01.06-12.30.25:564][  0]LogTemp: Display: Loaded TP IOSTargetPlatform
[2018.01.06-12.30.25:723][  0]LogTemp: Display: Loaded TP TVOSTargetPlatform
[2018.01.06-12.30.25:907][  0]LogTemp: Display: Loaded TP LinuxClientTargetPlatform
[2018.01.06-12.30.26:067][  0]LogTemp: Display: Loaded TP LinuxNoEditorTargetPlatform
[2018.01.06-12.30.26:225][  0]LogTemp: Display: Loaded TP LinuxServerTargetPlatform
[2018.01.06-12.30.26:387][  0]LogTemp: Display: Loaded TP LinuxTargetPlatform
[2018.01.06-12.30.26:387][  0]LogTargetPlatformManager: Display: Building Assets For Windows
[2018.01.06-12.30.29:207][  0]LogDerivedDataCache: Display: Max Cache Size: 512 MB
[2018.01.06-12.30.29:276][  0]LogDerivedDataCache: Loaded boot cache 0.07s 93MB C:/Users/Marcus/AppData/Local/UnrealEngine/4.17/DerivedDataCache/Boot.ddc.
[2018.01.06-12.30.29:276][  0]LogDerivedDataCache: Display: Loaded Boot cache: C:/Users/Marcus/AppData/Local/UnrealEngine/4.17/DerivedDataCache/Boot.ddc
[2018.01.06-12.30.29:276][  0]LogDerivedDataCache: FDerivedDataBackendGraph:  Pak pak cache file ../../../../../../Users/Marcus/Documents/GitHub/BANG/Bang 4.17/DerivedDataCache/DDC.ddp not found, will not use a pak cache.
[2018.01.06-12.30.29:276][  0]LogDerivedDataCache: Unable to find inner node Pak for hierarchical cache Hierarchy.
[2018.01.06-12.30.29:276][  0]LogDerivedDataCache: FDerivedDataBackendGraph:  CompressedPak pak cache file ../../../../../../Users/Marcus/Documents/GitHub/BANG/Bang 4.17/DerivedDataCache/Compressed.ddp not found, will not use a pak cache.
[2018.01.06-12.30.29:276][  0]LogDerivedDataCache: Unable to find inner node CompressedPak for hierarchical cache Hierarchy.
[2018.01.06-12.30.29:293][  0]LogDerivedDataCache: Display: Pak cache opened for reading ../../../Engine/DerivedDataCache/Compressed.ddp.
[2018.01.06-12.30.29:305][  0]LogDerivedDataCache: Using Local data cache path C:/Users/Marcus/AppData/Local/UnrealEngine/Common/DerivedDataCache: Writable
[2018.01.06-12.30.29:314][  0]LogMaterial: Verifying Global Shaders for PCD3D_SM5
[2018.01.06-12.30.29:314][  0]LogSlate: Using Freetype 2.6.0
[2018.01.06-12.30.29:317][  0]LogSlate: SlateFontCache - WITH_FREETYPE: 1, WITH_HARFBUZZ: 1
[2018.01.06-12.30.29:317][  0]LogSlate: SlateFontCache - WITH_FREETYPE: 1, WITH_HARFBUZZ: 1
[2018.01.06-12.30.29:915][  0]LogAssetRegistry: FAssetRegistry took 0.0265 seconds to start up
[2018.01.06-12.30.30:300][  0]LogInit: Selected Device Profile: [Windows]
[2018.01.06-12.30.30:528][  0]LogContentStreaming: Texture pool size is 0.00 MB
[2018.01.06-12.30.31:686][  0]LogSimplygon: Simplygon DLL not present - disabling.
[2018.01.06-12.30.32:017][  0]LogMeshReduction: Using SimplygonSwarm for distributed automatic mesh merging
[2018.01.06-12.30.32:017][  0]LogMeshReduction: Using QuadricMeshReduction for automatic static mesh reduction
[2018.01.06-12.30.32:017][  0]LogMeshReduction: No automatic skeletal mesh reduction module available
[2018.01.06-12.30.32:017][  0]LogMeshReduction: No automatic mesh merging module available
[2018.01.06-12.30.32:017][  0]LogMeshMerging: No automatic mesh merging module available
[2018.01.06-12.30.33:017][  0]LogNetVersion: Bang , NetCL: 3573198, EngineNetVer: 2, GameNetVer: 0 (Checksum: 1517552222)
[2018.01.06-12.30.33:814][  0]LogPackageLocalizationCache: Processed 5 localized package path(s) for 2 prioritized culture(s) in 0.434999 seconds
[2018.01.06-12.30.33:823][  0]LogUObjectArray: 35825 objects as part of root set at end of initial load.
[2018.01.06-12.30.33:823][  0]LogUObjectAllocator: 7529104 out of 0 bytes used by permanent object pool.
[2018.01.06-12.30.33:823][  0]LogUObjectArray: CloseDisregardForGC: 0/0 objects in disregard for GC pool
[2018.01.06-12.30.34:090][  0]LogInit: WinSock: version 1.1 (2.2), MaxSocks=32767, MaxUdp=65467
[2018.01.06-12.30.40:806][  0]LogTcpMessaging: Initializing TcpMessaging bridge
[2018.01.06-12.30.40:916][  0]LogUdpMessaging: Initializing bridge on interface 0.0.0.0:0 to multicast group 230.0.0.1:6666.
[2018.01.06-12.30.43:205][  0]LogMaterial: Uniform references updated for custom material expression Custom.
[2018.01.06-12.30.44:377][  0]SourceControl: Source control is disabled
[2018.01.06-12.30.44:377][  0]SourceControl: Source control is disabled
[2018.01.06-12.30.44:543][  0]SourceControl: Source control is disabled
[2018.01.06-12.30.44:701][  0]SourceControl: Source control is disabled
[2018.01.06-12.30.46:818][  0]LogAndroidPermission: UAndroidPermissionCallbackProxy::GetInstance
[2018.01.06-12.30.47:636][  0]LogOcInput: OculusInput pre-init called
[2018.01.06-12.30.48:678][  0]LogEngine: Initializing Engine...
[2018.01.06-12.30.48:684][  0]LogHMD: Failed to initialize OpenVR with code 110
[2018.01.06-12.30.49:038][  0]LogStats: UGameplayTagsManager::ConstructGameplayTagTree: Construct from data asset -  0.000 s
[2018.01.06-12.30.49:038][  0]LogStats: UGameplayTagsManager::ConstructGameplayTagTree: GameplayTagTreeChangedEvent.Broadcast -  0.000 s
[2018.01.06-12.30.49:476][  0]LogAIModule: Creating AISystem for world Untitled
[2018.01.06-12.30.49:482][  0]LogInit: XAudio2 using 'Digital Audio (S/PDIF) (High Definition Audio Device)' : 2 channels at 44.1 kHz using 16 bits per sample (channel mask 0x3)
[2018.01.06-12.30.49:503][  0]LogInit: FAudioDevice initialized.
[2018.01.06-12.30.50:705][  0]LogDerivedDataCache: Saved boot cache 1.20s 93MB C:/Users/Marcus/AppData/Local/UnrealEngine/4.17/DerivedDataCache/Boot.ddc.
[2018.01.06-12.30.50:723][  0]LogInit: Texture streaming: Enabled
[2018.01.06-12.30.51:178][  0]LogEngineSessionManager: EngineSessionManager initialized
[2018.01.06-12.30.51:952][  0]LogInit: Transaction tracking system initialized
[2018.01.06-12.30.53:102][  0]BlueprintLog: New page: Editor Load
[2018.01.06-12.30.56:761][  0]LocalizationService: Localization service is disabled
[2018.01.06-12.30.59:235][  0]LogConsoleResponse: Display: 
[2018.01.06-12.30.59:666][  0]LogCook: Display: Max memory allowance for cook 16384mb min free memory 0mb
[2018.01.06-12.30.59:666][  0]LogCook: Display: Mobile HDR setting 1
[2018.01.06-12.30.59:666][  0]LogGameplayTags: Display: UGameplayTagsManager::DoneAddingNativeTags. DelegateIsBound: 0
[2018.01.06-12.31.00:773][  0]LogFileCache: Scanning file cache for directory 'C:/Users/Marcus/Documents/GitHub/BANG/Bang 4.17/Content/' took 0.05s
[2018.01.06-12.31.03:259][  0]SourceControl: Source control is disabled
[2018.01.06-12.31.03:260][  0]Cmd: MAP LOAD FILE="../../../../../../Users/Marcus/Documents/GitHub/BANG/Bang 4.17/Content/2DSideScrollerCPP/Maps/2DSideScrollerExampleMap.umap" TEMPLATE=0 SHOWPROGRESS=1 FEATURELEVEL=3
[2018.01.06-12.31.03:282][  0]LightingResults: New page: Lighting Build
[2018.01.06-12.31.03:427][  0]MapCheck: New page: Map Check
[2018.01.06-12.31.03:427][  0]LightingResults: New page: Lighting Build
[2018.01.06-12.31.08:264][  0]LogAIModule: Creating AISystem for world 2DSideScrollerExampleMap
[2018.01.06-12.31.08:436][  0]LogEditorServer: Finished looking for orphan Actors (0.000 secs)
[2018.01.06-12.31.08:550][  0]Cmd: MAP CHECKDEP NOCLEARLOG
[2018.01.06-12.31.08:695][  0]MapCheck: Map check complete: 0 Error(s), 0 Warning(s), took 145.258ms to complete.
[2018.01.06-12.31.08:695][  0]LogFileHelpers: Loading map '2DSideScrollerExampleMap' took 5.435
[2018.01.06-12.31.13:103][  0]LogCollectionManager: Loaded 0 collections in 0.029190 seconds
[2018.01.06-12.31.13:699][  0]LogFileCache: Scanning file cache for directory 'C:/Users/Marcus/Documents/GitHub/BANG/Bang 4.17/Saved/Collections/' took 0.01s
[2018.01.06-12.31.13:699][  0]LogFileCache: Scanning file cache for directory 'C:/Users/Marcus/Documents/GitHub/BANG/Bang 4.17/Content/Developers/Marcus/Collections/' took 0.01s
[2018.01.06-12.31.13:700][  0]LogFileCache: Scanning file cache for directory 'C:/Users/Marcus/Documents/GitHub/BANG/Bang 4.17/Content/Collections/' took 0.01s
[2018.01.06-12.31.13:700][  0]LogCollectionManager: Rebuilt the GUID cache for 0 collections in 0.000001 seconds
[2018.01.06-12.31.13:789][  0]LogContentBrowser: Native class hierarchy populated in 0.0691 seconds. Added 2391 classes and 504 folders.
[2018.01.06-12.31.14:078][  0]LogContentBrowser: Native class hierarchy updated for 'WidgetCarousel' in 0.0209 seconds. Added 0 classes and 0 folders.
[2018.01.06-12.31.21:164][  0]LogContentBrowser: Native class hierarchy updated for 'AddContentDialog' in 0.0106 seconds. Added 0 classes and 0 folders.
[2018.01.06-12.31.36:942][  0]LogSlate: Took 0.000395 seconds to synchronously load lazily loaded font '../../../Engine/Content/Slate/Fonts/Roboto-Regular.ttf' (155K)
[2018.01.06-12.31.37:333][  0]LogSlate: Took 0.000283 seconds to synchronously load lazily loaded font '../../../Engine/Content/Slate/Fonts/Roboto-Bold.ttf' (160K)
[2018.01.06-12.31.37:589][  0]LogSlate: Took 0.215758 seconds to synchronously load lazily loaded font '../../../Engine/Content/Editor/Slate/Fonts/FontAwesome.ttf' (139K)
[2018.01.06-12.31.37:678][  0]LogSlate: Took 0.050020 seconds to synchronously load lazily loaded font '../../../Engine/Content/Editor/Slate/Fonts/DroidSansMono.ttf' (77K)
[2018.01.06-12.31.38:905][  0]LogTemp: Executing iPhonePackager certificates Engine -bundlename com.YourCompany.Bang
[2018.01.06-12.31.38:905][  0]LogTemp: CWD: C:\Program Files\Epic Games\UE_4.17\Engine\Binaries\DotNET\IOS
[2018.01.06-12.31.38:905][  0]LogTemp: Initial Dir: C:\Program Files\Epic Games\UE_4.17
[2018.01.06-12.31.38:905][  0]LogTemp: Env CWD: C:\Program Files\Epic Games\UE_4.17\Engine\Binaries\DotNET\IOS
[2018.01.06-12.31.38:906][  0]LogTemp: BranchPath = MARCUSPC/C/Program Files/Epic Games/UE_4.17/Engine/Binaries --- GameBranchPath = MARCUSPC/C/Program Files/Epic Games/UE_4.17/Engine/Binaries
[2018.01.06-12.31.38:906][  0]LogTemp: IPP ERROR: Could not find provision directory 'C:\Users\Marcus\AppData\Local/Apple Computer/MobileDevice/Provisioning Profiles/'.
[2018.01.06-12.31.38:906][  0]LogRenderer: Reallocating scene render targets to support 1208x576 Format 10 NumSamples 1 (Frame:1).
[2018.01.06-12.31.40:633][  0]LogContentBrowser: Native class hierarchy updated for 'HierarchicalLODOutliner' in 0.0034 seconds. Added 1 classes and 2 folders.
[2018.01.06-12.31.40:633][  0]LogLoad: (Engine Initialization) Total time: 112.11 seconds
[2018.01.06-12.31.40:633][  0]LogLoad: (Engine Initialization) Total Blueprint compile time: 0.00 seconds
[2018.01.06-12.31.40:633][  0]LogExternalProfiler: Found external profiler: VSPerf
[2018.01.06-12.31.40:634][  0]LogExternalProfiler: Using external profiler: VSPerf
[2018.01.06-12.31.41:067][  0]LogContentStreaming: Texture pool size now 1000 MB
[2018.01.06-12.31.41:372][  2]LogAssetRegistry: Asset discovery search completed in 71.4787 seconds
[2018.01.06-12.31.41:374][  2]LogCollectionManager: Rebuilt the object cache for 0 collections in 0.000000 seconds (found 0 objects)
[2018.01.06-12.31.41:374][  2]LogCollectionManager: Fixed up redirectors for 0 collections in 0.000187 seconds (updated 0 objects)
[2018.01.06-12.31.43:382][196]LogSlate: Took 0.088175 seconds to synchronously load lazily loaded font '../../../Engine/Content/Slate/Fonts/Roboto-Light.ttf' (159K)
[2018.01.06-12.35.18:875][446]Candidate modules for hot reload:
[2018.01.06-12.35.18:875][446]  Bang
[2018.01.06-12.35.18:875][446]Launching UnrealBuildTool... [C:/Program Files/Epic Games/UE_4.17/Engine/Binaries/DotNET/UnrealBuildTool.exe Bang -ModuleWithSuffix Bang 956 Win64 Development -editorrecompile -canskiplink "C:/Users/Marcus/Documents/GitHub/BANG/Bang 4.17/Bang.uproject" ]
[2018.01.06-12.35.18:882][446]Warning: Starting HotReload took  1.2s.
[2018.01.06-12.37.04:425][991]LogRenderer: Reallocating scene render targets to support 1208x600 Format 10 NumSamples 1 (Frame:9836).
[2018.01.06-12.38.00:207][568]CompilerResultsLog: New page: Compilation - 6 Jan 2018 12:38:00
[2018.01.06-12.38.00:207][568]CompilerResultsLog: C:\Users\Marcus\Documents\GitHub\BANG\Bang 4.17\Source\Bang\Bang.Build.cs: warning: Module constructors should take a ReadOnlyTargetRules argument (rather than a TargetInfo argument) and pass it to the base class constructor from 4.15 onwards. Please update the method signature.
[2018.01.06-12.38.00:207][568]CompilerResultsLog: C:\Users\Marcus\Documents\GitHub\BANG\Bang 4.17\Source\Bang.Target.cs: warning: SetupBinaries() is deprecated in the 4.16 release. From the constructor in your .target.cs file, use ExtraModuleNames.Add("Foo") to add modules to your target, or set LaunchModuleName = "Foo" to override the name of the launch module for program targets.
[2018.01.06-12.38.00:208][568]CompilerResultsLog: C:\Users\Marcus\Documents\GitHub\BANG\Bang 4.17\Source\BangEditor.Target.cs: warning: SetupBinaries() is deprecated in the 4.16 release. From the constructor in your .target.cs file, use ExtraModuleNames.Add("Foo") to add modules to your target, or set LaunchModuleName = "Foo" to override the name of the launch module for program targets.
[2018.01.06-12.38.00:208][568]CompilerResultsLog: Compiling game modules for hot reload
[2018.01.06-12.38.00:208][568]CompilerResultsLog: Target is up to date
[2018.01.06-12.38.00:208][568]CompilerResultsLog: Total build time: 158.59 seconds (NoActionsToExecute executor: 0.00 seconds)
[2018.01.06-12.38.00:208][568]LogMainFrame: MainFrame: Module compiling took 161.460 seconds
[2018.01.06-12.38.00:245][568]LogContentBrowser: Native class hierarchy populated in 0.0121 seconds. Added 2392 classes and 506 folders.
[2018.01.06-12.38.00:262][568]Display: HotReload took 162.6s.
[2018.01.06-12.38.37:993][829]LogTemp: Repeating last play command: Selected Viewport
[2018.01.06-12.38.38:755][829]LogBlueprintUserMessages: Early PlayInEditor Detection: Level '/Game/2DSideScrollerCPP/Maps/2DSideScrollerExampleMap.2DSideScrollerExampleMap:PersistentLevel' has LevelScriptBlueprint '/Game/2DSideScrollerCPP/Maps/2DSideScrollerExampleMap.2DSideScrollerExampleMap:PersistentLevel.2DSideScrollerExampleMap' with GeneratedClass '/Game/2DSideScrollerCPP/Maps/2DSideScrollerExampleMap.2DSideScrollerExampleMap_C' with ClassGeneratedBy '/Game/2DSideScrollerCPP/Maps/2DSideScrollerExampleMap.2DSideScrollerExampleMap:PersistentLevel.2DSideScrollerExampleMap'
[2018.01.06-12.38.38:755][829]LogPlayLevel: PlayLevel: No blueprints needed recompiling
[2018.01.06-12.38.38:814][829]PIE: New page: PIE session: 2DSideScrollerExampleMap (6 Jan 2018 12:38:38)
[2018.01.06-12.38.38:814][829]LogPlayLevel: Creating play world package: /Game/2DSideScrollerCPP/Maps/UEDPIE_0_2DSideScrollerExampleMap
[2018.01.06-12.38.38:914][829]LogPlayLevel: PIE: StaticDuplicateObject took: (0.099697s)
[2018.01.06-12.38.38:915][829]LogAIModule: Creating AISystem for world 2DSideScrollerExampleMap
[2018.01.06-12.38.38:915][829]LogPlayLevel: PIE: World Init took: (0.000949s)
[2018.01.06-12.38.38:915][829]LogPlayLevel: PIE: Created PIE world by copying editor world from /Game/2DSideScrollerCPP/Maps/2DSideScrollerExampleMap.2DSideScrollerExampleMap to /Game/2DSideScrollerCPP/Maps/UEDPIE_0_2DSideScrollerExampleMap.2DSideScrollerExampleMap (0.101205s)
[2018.01.06-12.38.38:927][829]LogInit: XAudio2 using 'Digital Audio (S/PDIF) (High Definition Audio Device)' : 2 channels at 44.1 kHz using 16 bits per sample (channel mask 0x3)
[2018.01.06-12.38.38:935][829]LogInit: FAudioDevice initialized.
[2018.01.06-12.38.39:060][829]LogLoad: Game class is 'BangGameMode'
[2018.01.06-12.38.39:749][829]LogWorld: Bringing World /Game/2DSideScrollerCPP/Maps/UEDPIE_0_2DSideScrollerExampleMap.2DSideScrollerExampleMap up for play (max tick rate 0) at 2018.01.06-12.38.39
[2018.01.06-12.38.40:064][829]LogWorld: Bringing up level for play took: 0.362914
[2018.01.06-12.38.40:469][829]LogContentBrowser: Native class hierarchy updated for 'MovieSceneCapture' in 0.0033 seconds. Added 11 classes and 0 folders.
[2018.01.06-12.38.40:507][829]PIE: Play in editor start time for /Game/2DSideScrollerCPP/Maps/UEDPIE_0_2DSideScrollerExampleMap 1.932
[2018.01.06-12.38.40:508][829]LogBlueprintUserMessages: Late PlayInEditor Detection: Level '/Game/2DSideScrollerCPP/Maps/2DSideScrollerExampleMap.2DSideScrollerExampleMap:PersistentLevel' has LevelScriptBlueprint '/Game/2DSideScrollerCPP/Maps/2DSideScrollerExampleMap.2DSideScrollerExampleMap:PersistentLevel.2DSideScrollerExampleMap' with GeneratedClass '/Game/2DSideScrollerCPP/Maps/2DSideScrollerExampleMap.2DSideScrollerExampleMap_C' with ClassGeneratedBy '/Game/2DSideScrollerCPP/Maps/2DSideScrollerExampleMap.2DSideScrollerExampleMap:PersistentLevel.2DSideScrollerExampleMap'
[2018.01.06-12.38.41:666][955]LogTemp: Hit Detected
[2018.01.06-12.38.41:666][955]LogTemp: I was hit
[2018.01.06-12.38.43:292][147]LogTemp: Overlap Detected: BP_2DSideScrollerCharacter2
[2018.01.06-12.38.43:292][147]LogTemp: I was ouch
[2018.01.06-12.38.44:663][275]LogTemp: Overlap Detected: BP_2DSideScrollerCharacter2
[2018.01.06-12.38.44:663][275]LogTemp: I was ouch
[2018.01.06-12.38.47:309][588]LogTemp: Hit Detected
[2018.01.06-12.38.47:309][588]LogTemp: I was hit
[2018.01.06-12.38.48:061][678]LogTemp: Overlap Detected: BP_2DSideScrollerCharacter2
[2018.01.06-12.38.48:061][678]LogTemp: I was ouch
[2018.01.06-12.38.49:810][888]LogBlueprintUserMessages: Early EndPlayMap Detection: Level '/Game/2DSideScrollerCPP/Maps/2DSideScrollerExampleMap.2DSideScrollerExampleMap:PersistentLevel' has LevelScriptBlueprint '/Game/2DSideScrollerCPP/Maps/2DSideScrollerExampleMap.2DSideScrollerExampleMap:PersistentLevel.2DSideScrollerExampleMap' with GeneratedClass '/Game/2DSideScrollerCPP/Maps/2DSideScrollerExampleMap.2DSideScrollerExampleMap_C' with ClassGeneratedBy '/Game/2DSideScrollerCPP/Maps/2DSideScrollerExampleMap.2DSideScrollerExampleMap:PersistentLevel.2DSideScrollerExampleMap'
[2018.01.06-12.38.49:930][888]LogBlueprintUserMessages: Late EndPlayMap Detection: Level '/Game/2DSideScrollerCPP/Maps/2DSideScrollerExampleMap.2DSideScrollerExampleMap:PersistentLevel' has LevelScriptBlueprint '/Game/2DSideScrollerCPP/Maps/2DSideScrollerExampleMap.2DSideScrollerExampleMap:PersistentLevel.2DSideScrollerExampleMap' with GeneratedClass '/Game/2DSideScrollerCPP/Maps/2DSideScrollerExampleMap.2DSideScrollerExampleMap_C' with ClassGeneratedBy '/Game/2DSideScrollerCPP/Maps/2DSideScrollerExampleMap.2DSideScrollerExampleMap:PersistentLevel.2DSideScrollerExampleMap'
[2018.01.06-12.47.51:617][297]LogHotReload: New module detected: UE4Editor-Bang-6072.dll
[2018.01.06-12.47.53:964][305]LogHotReload: Starting Hot-Reload from IDE
[2018.01.06-12.47.54:041][305]LogSlate: Took 0.000194 seconds to synchronously load lazily loaded font '../../../Engine/Content/Slate/Fonts/Roboto-Light.ttf' (159K)
[2018.01.06-12.47.54:736][305]LogHotReload: Re-instancing BangCharacter after hot-reload.
[2018.01.06-12.47.55:131][305]LogContentBrowser: Native class hierarchy updated for 'Bang' in 0.0037 seconds. Added 4 classes and 2 folders.
[2018.01.06-12.47.55:133][305]Display: HotReload successful (3 functions remapped  0 scriptstructs remapped)
[2018.01.06-12.47.55:197][305]LogContentBrowser: Native class hierarchy populated in 0.0115 seconds. Added 2392 classes and 506 folders.
[2018.01.06-12.47.55:205][305]Display: HotReload took  1.2s.
[2018.01.06-13.17.18:078][546]LogTemp: Repeating last play command: Selected Viewport
[2018.01.06-13.17.18:118][546]LogBlueprintUserMessages: Early PlayInEditor Detection: Level '/Game/2DSideScrollerCPP/Maps/2DSideScrollerExampleMap.2DSideScrollerExampleMap:PersistentLevel' has LevelScriptBlueprint '/Game/2DSideScrollerCPP/Maps/2DSideScrollerExampleMap.2DSideScrollerExampleMap:PersistentLevel.2DSideScrollerExampleMap' with GeneratedClass '/Game/2DSideScrollerCPP/Maps/2DSideScrollerExampleMap.2DSideScrollerExampleMap_C' with ClassGeneratedBy '/Game/2DSideScrollerCPP/Maps/2DSideScrollerExampleMap.2DSideScrollerExampleMap:PersistentLevel.2DSideScrollerExampleMap'
[2018.01.06-13.17.18:118][546]LogPlayLevel: PlayLevel: No blueprints needed recompiling
[2018.01.06-13.17.18:119][546]PIE: New page: PIE session: 2DSideScrollerExampleMap (6 Jan 2018 13:17:18)
[2018.01.06-13.17.18:119][546]LogPlayLevel: Creating play world package: /Game/2DSideScrollerCPP/Maps/UEDPIE_0_2DSideScrollerExampleMap
[2018.01.06-13.17.18:125][546]LogPlayLevel: PIE: StaticDuplicateObject took: (0.005378s)
[2018.01.06-13.17.18:127][546]LogAIModule: Creating AISystem for world 2DSideScrollerExampleMap
[2018.01.06-13.17.18:128][546]LogPlayLevel: PIE: World Init took: (0.002649s)
[2018.01.06-13.17.18:129][546]LogPlayLevel: PIE: Created PIE world by copying editor world from /Game/2DSideScrollerCPP/Maps/2DSideScrollerExampleMap.2DSideScrollerExampleMap to /Game/2DSideScrollerCPP/Maps/UEDPIE_0_2DSideScrollerExampleMap.2DSideScrollerExampleMap (0.009039s)
[2018.01.06-13.17.18:143][546]LogInit: XAudio2 using 'Digital Audio (S/PDIF) (High Definition Audio Device)' : 2 channels at 44.1 kHz using 16 bits per sample (channel mask 0x3)
[2018.01.06-13.17.18:154][546]LogInit: FAudioDevice initialized.
[2018.01.06-13.17.18:187][546]LogLoad: Game class is 'BangGameMode'
[2018.01.06-13.17.18:189][546]LogWorld: Bringing World /Game/2DSideScrollerCPP/Maps/UEDPIE_0_2DSideScrollerExampleMap.2DSideScrollerExampleMap up for play (max tick rate 0) at 2018.01.06-13.17.18
[2018.01.06-13.17.18:190][546]LogWorld: Bringing up level for play took: 0.002568
[2018.01.06-13.17.18:192][546]PIE: Play in editor start time for /Game/2DSideScrollerCPP/Maps/UEDPIE_0_2DSideScrollerExampleMap -0.383
[2018.01.06-13.17.18:193][546]LogBlueprintUserMessages: Late PlayInEditor Detection: Level '/Game/2DSideScrollerCPP/Maps/2DSideScrollerExampleMap.2DSideScrollerExampleMap:PersistentLevel' has LevelScriptBlueprint '/Game/2DSideScrollerCPP/Maps/2DSideScrollerExampleMap.2DSideScrollerExampleMap:PersistentLevel.2DSideScrollerExampleMap' with GeneratedClass '/Game/2DSideScrollerCPP/Maps/2DSideScrollerExampleMap.2DSideScrollerExampleMap_C' with ClassGeneratedBy '/Game/2DSideScrollerCPP/Maps/2DSideScrollerExampleMap.2DSideScrollerExampleMap:PersistentLevel.2DSideScrollerExampleMap'
[2018.01.06-13.17.21:296][900]LogTemp: Hit Detected
[2018.01.06-13.17.21:296][900]LogTemp: I was hit
[2018.01.06-13.17.21:746][954]LogTemp: Hit Detected
[2018.01.06-13.17.21:746][954]LogTemp: I was hit
[2018.01.06-13.17.22:463][ 40]LogTemp: Hit Detected
[2018.01.06-13.17.22:463][ 40]LogTemp: I was hit
[2018.01.06-13.17.22:796][ 80]LogTemp: Hit Detected
[2018.01.06-13.17.22:796][ 80]LogTemp: I was hit
[2018.01.06-13.17.23:163][124]LogTemp: Hit Detected
[2018.01.06-13.17.23:163][124]LogTemp: I was hit
[2018.01.06-13.17.23:496][164]LogTemp: Hit Detected
[2018.01.06-13.17.23:496][164]LogTemp: I was hit
[2018.01.06-13.17.23:830][204]LogTemp: Hit Detected
[2018.01.06-13.17.23:830][204]LogTemp: I was hit
[2018.01.06-13.17.24:423][275]LogTemp: Overlap Detected: BP_2DSideScrollerCharacter2
[2018.01.06-13.17.24:423][275]LogTemp: I was ouch
[2018.01.06-13.17.25:106][357]LogTemp: Overlap Detected: BP_MeleeHitbox2_C_1
[2018.01.06-13.17.25:106][357]LogTemp: Overlap Detected: BP_MeleeHitbox2_C_2
[2018.01.06-13.17.26:907][573]LogTemp: Overlap Detected: BP_MeleeHitbox2_C_4
[2018.01.06-13.17.26:908][573]LogTemp: Overlap Detected: BP_MeleeHitbox2_C_5
[2018.01.06-13.17.27:982][702]LogTemp: Overlap Detected: BP_2DSideScrollerCharacter2
[2018.01.06-13.17.27:982][702]LogTemp: I was ouch
[2018.01.06-13.17.28:316][742]LogTemp: Overlap Detected: BP_2DSideScrollerCharacter2
[2018.01.06-13.17.28:316][742]LogTemp: I was ouch
[2018.01.06-13.17.28:674][785]LogTemp: Overlap Detected: BP_2DSideScrollerCharacter2
[2018.01.06-13.17.28:674][785]LogTemp: I was ouch
[2018.01.06-13.17.34:741][505]LogBlueprintUserMessages: Early EndPlayMap Detection: Level '/Game/2DSideScrollerCPP/Maps/2DSideScrollerExampleMap.2DSideScrollerExampleMap:PersistentLevel' has LevelScriptBlueprint '/Game/2DSideScrollerCPP/Maps/2DSideScrollerExampleMap.2DSideScrollerExampleMap:PersistentLevel.2DSideScrollerExampleMap' with GeneratedClass '/Game/2DSideScrollerCPP/Maps/2DSideScrollerExampleMap.2DSideScrollerExampleMap_C' with ClassGeneratedBy '/Game/2DSideScrollerCPP/Maps/2DSideScrollerExampleMap.2DSideScrollerExampleMap:PersistentLevel.2DSideScrollerExampleMap'
[2018.01.06-13.17.34:775][505]LogBlueprintUserMessages: Late EndPlayMap Detection: Level '/Game/2DSideScrollerCPP/Maps/2DSideScrollerExampleMap.2DSideScrollerExampleMap:PersistentLevel' has LevelScriptBlueprint '/Game/2DSideScrollerCPP/Maps/2DSideScrollerExampleMap.2DSideScrollerExampleMap:PersistentLevel.2DSideScrollerExampleMap' with GeneratedClass '/Game/2DSideScrollerCPP/Maps/2DSideScrollerExampleMap.2DSideScrollerExampleMap_C' with ClassGeneratedBy '/Game/2DSideScrollerCPP/Maps/2DSideScrollerExampleMap.2DSideScrollerExampleMap:PersistentLevel.2DSideScrollerExampleMap'
[2018.01.06-13.19.27:006][391]Candidate modules for hot reload:
[2018.01.06-13.19.27:006][391]  Bang
[2018.01.06-13.19.27:007][391]Launching UnrealBuildTool... [C:/Program Files/Epic Games/UE_4.17/Engine/Binaries/DotNET/UnrealBuildTool.exe Bang -ModuleWithSuffix Bang 3943 Win64 Development -editorrecompile -canskiplink "C:/Users/Marcus/Documents/GitHub/BANG/Bang 4.17/Bang.uproject" ]
[2018.01.06-13.19.27:016][391]Warning: Starting HotReload took  0.0s.
[2018.01.06-13.19.50:515][209]CompilerResultsLog: New page: Compilation - 6 Jan 2018 13:19:50
[2018.01.06-13.19.50:515][209]CompilerResultsLog: C:\Users\Marcus\Documents\GitHub\BANG\Bang 4.17\Source\Bang\Bang.Build.cs: warning: Module constructors should take a ReadOnlyTargetRules argument (rather than a TargetInfo argument) and pass it to the base class constructor from 4.15 onwards. Please update the method signature.
[2018.01.06-13.19.50:515][209]CompilerResultsLog: C:\Users\Marcus\Documents\GitHub\BANG\Bang 4.17\Source\Bang.Target.cs: warning: SetupBinaries() is deprecated in the 4.16 release. From the constructor in your .target.cs file, use ExtraModuleNames.Add("Foo") to add modules to your target, or set LaunchModuleName = "Foo" to override the name of the launch module for program targets.
[2018.01.06-13.19.50:516][209]CompilerResultsLog: C:\Users\Marcus\Documents\GitHub\BANG\Bang 4.17\Source\BangEditor.Target.cs: warning: SetupBinaries() is deprecated in the 4.16 release. From the constructor in your .target.cs file, use ExtraModuleNames.Add("Foo") to add modules to your target, or set LaunchModuleName = "Foo" to override the name of the launch module for program targets.
[2018.01.06-13.19.50:516][209]CompilerResultsLog: Compiling game modules for hot reload
[2018.01.06-13.19.50:516][209]CompilerResultsLog: Parsing headers for BangEditor
[2018.01.06-13.19.50:516][209]CompilerResultsLog:   Running UnrealHeaderTool "C:\Users\Marcus\Documents\GitHub\BANG\Bang 4.17\Bang.uproject" "C:\Users\Marcus\Documents\GitHub\BANG\Bang 4.17\Intermediate\Build\Win64\BangEditor\Development\BangEditor.uhtmanifest" -LogCmds="loginit warning, logexit warning, logdatabase error" -Unattended -WarningsAsErrors -installed
[2018.01.06-13.19.50:516][209]CompilerResultsLog: Reflection code generated for BangEditor in 9.4368192 seconds
[2018.01.06-13.19.50:516][209]CompilerResultsLog: Performing 4 actions (4 in parallel)
[2018.01.06-13.19.50:517][209]CompilerResultsLog: MeleeHitbox.cpp
[2018.01.06-13.19.50:517][209]CompilerResultsLog: BangCharacter.cpp
[2018.01.06-13.19.50:517][209]CompilerResultsLog: Error: C:\Users\Marcus\Documents\GitHub\BANG\Bang 4.17\Source\Bang\BangCharacter.cpp(28) : error C2659: '=': function as left operand
[2018.01.06-13.19.50:517][209]CompilerResultsLog: ERROR: UBT ERROR: Failed to produce item: C:\Users\Marcus\Documents\GitHub\BANG\Bang 4.17\Binaries\Win64\UE4Editor-Bang-3943.dll
[2018.01.06-13.19.50:517][209]CompilerResultsLog: Total build time: 23.15 seconds (Local executor: 0.00 seconds)
[2018.01.06-13.19.50:517][209]LogMainFrame: MainFrame: Module compiling took 23.523 seconds
[2018.01.06-13.19.50:518][209]Warning: HotReload failed, recompile failed
[2018.01.06-13.22.31:027][331]Candidate modules for hot reload:
[2018.01.06-13.22.31:027][331]  Bang
[2018.01.06-13.22.31:028][331]Launching UnrealBuildTool... [C:/Program Files/Epic Games/UE_4.17/Engine/Binaries/DotNET/UnrealBuildTool.exe Bang -ModuleWithSuffix Bang 7521 Win64 Development -editorrecompile -canskiplink "C:/Users/Marcus/Documents/GitHub/BANG/Bang 4.17/Bang.uproject" ]
[2018.01.06-13.22.31:032][331]Warning: Starting HotReload took  0.0s.
[2018.01.06-13.22.42:649][725]CompilerResultsLog: New page: Compilation - 6 Jan 2018 13:22:42
[2018.01.06-13.22.42:649][725]CompilerResultsLog: C:\Users\Marcus\Documents\GitHub\BANG\Bang 4.17\Source\Bang\Bang.Build.cs: warning: Module constructors should take a ReadOnlyTargetRules argument (rather than a TargetInfo argument) and pass it to the base class constructor from 4.15 onwards. Please update the method signature.
[2018.01.06-13.22.42:649][725]CompilerResultsLog: C:\Users\Marcus\Documents\GitHub\BANG\Bang 4.17\Source\Bang.Target.cs: warning: SetupBinaries() is deprecated in the 4.16 release. From the constructor in your .target.cs file, use ExtraModuleNames.Add("Foo") to add modules to your target, or set LaunchModuleName = "Foo" to override the name of the launch module for program targets.
[2018.01.06-13.22.42:650][725]CompilerResultsLog: C:\Users\Marcus\Documents\GitHub\BANG\Bang 4.17\Source\BangEditor.Target.cs: warning: SetupBinaries() is deprecated in the 4.16 release. From the constructor in your .target.cs file, use ExtraModuleNames.Add("Foo") to add modules to your target, or set LaunchModuleName = "Foo" to override the name of the launch module for program targets.
[2018.01.06-13.22.42:650][725]CompilerResultsLog: Compiling game modules for hot reload
[2018.01.06-13.22.42:650][725]CompilerResultsLog: Performing 3 actions (4 in parallel)
[2018.01.06-13.22.42:650][725]CompilerResultsLog: BangCharacter.cpp
[2018.01.06-13.22.42:650][725]CompilerResultsLog: Error: C:\Users\Marcus\Documents\GitHub\BANG\Bang 4.17\Source\Bang\BangCharacter.cpp(28) : error C2659: '=': function as left operand
[2018.01.06-13.22.42:650][725]CompilerResultsLog: ERROR: UBT ERROR: Failed to produce item: C:\Users\Marcus\Documents\GitHub\BANG\Bang 4.17\Binaries\Win64\UE4Editor-Bang-7521.dll
[2018.01.06-13.22.42:650][725]CompilerResultsLog: Total build time: 11.38 seconds (Local executor: 0.00 seconds)
[2018.01.06-13.22.42:650][725]LogMainFrame: MainFrame: Module compiling took 11.629 seconds
[2018.01.06-13.22.42:651][725]Warning: HotReload failed, recompile failed
[2018.01.06-13.24.58:070][317]Candidate modules for hot reload:
[2018.01.06-13.24.58:070][317]  Bang
[2018.01.06-13.24.58:070][317]Launching UnrealBuildTool... [C:/Program Files/Epic Games/UE_4.17/Engine/Binaries/DotNET/UnrealBuildTool.exe Bang -ModuleWithSuffix Bang 9875 Win64 Development -editorrecompile -canskiplink "C:/Users/Marcus/Documents/GitHub/BANG/Bang 4.17/Bang.uproject" ]
[2018.01.06-13.24.58:075][317]Warning: Starting HotReload took  0.0s.
[2018.01.06-13.25.07:825][487]CompilerResultsLog: New page: Compilation - 6 Jan 2018 13:25:07
[2018.01.06-13.25.07:825][487]CompilerResultsLog: C:\Users\Marcus\Documents\GitHub\BANG\Bang 4.17\Source\Bang\Bang.Build.cs: warning: Module constructors should take a ReadOnlyTargetRules argument (rather than a TargetInfo argument) and pass it to the base class constructor from 4.15 onwards. Please update the method signature.
[2018.01.06-13.25.07:826][487]CompilerResultsLog: C:\Users\Marcus\Documents\GitHub\BANG\Bang 4.17\Source\Bang.Target.cs: warning: SetupBinaries() is deprecated in the 4.16 release. From the constructor in your .target.cs file, use ExtraModuleNames.Add("Foo") to add modules to your target, or set LaunchModuleName = "Foo" to override the name of the launch module for program targets.
[2018.01.06-13.25.07:826][487]CompilerResultsLog: C:\Users\Marcus\Documents\GitHub\BANG\Bang 4.17\Source\BangEditor.Target.cs: warning: SetupBinaries() is deprecated in the 4.16 release. From the constructor in your .target.cs file, use ExtraModuleNames.Add("Foo") to add modules to your target, or set LaunchModuleName = "Foo" to override the name of the launch module for program targets.
[2018.01.06-13.25.07:826][487]CompilerResultsLog: Compiling game modules for hot reload
[2018.01.06-13.25.07:826][487]CompilerResultsLog: Target is up to date
[2018.01.06-13.25.07:826][487]CompilerResultsLog: Total build time: 9.50 seconds (NoActionsToExecute executor: 0.00 seconds)
[2018.01.06-13.25.07:826][487]LogMainFrame: MainFrame: Module compiling took 9.762 seconds
[2018.01.06-13.25.07:849][487]LogContentBrowser: Native class hierarchy populated in 0.0111 seconds. Added 2392 classes and 506 folders.
[2018.01.06-13.25.07:849][487]Display: HotReload took  9.8s.
[2018.01.06-13.28.19:927][534]LogTemp: Repeating last play command: Selected Viewport
[2018.01.06-13.28.19:949][534]LogBlueprintUserMessages: Early PlayInEditor Detection: Level '/Game/2DSideScrollerCPP/Maps/2DSideScrollerExampleMap.2DSideScrollerExampleMap:PersistentLevel' has LevelScriptBlueprint '/Game/2DSideScrollerCPP/Maps/2DSideScrollerExampleMap.2DSideScrollerExampleMap:PersistentLevel.2DSideScrollerExampleMap' with GeneratedClass '/Game/2DSideScrollerCPP/Maps/2DSideScrollerExampleMap.2DSideScrollerExampleMap_C' with ClassGeneratedBy '/Game/2DSideScrollerCPP/Maps/2DSideScrollerExampleMap.2DSideScrollerExampleMap:PersistentLevel.2DSideScrollerExampleMap'
[2018.01.06-13.28.19:950][534]LogPlayLevel: PlayLevel: No blueprints needed recompiling
[2018.01.06-13.28.19:951][534]PIE: New page: PIE session: 2DSideScrollerExampleMap (6 Jan 2018 13:28:19)
[2018.01.06-13.28.19:951][534]LogPlayLevel: Creating play world package: /Game/2DSideScrollerCPP/Maps/UEDPIE_0_2DSideScrollerExampleMap
[2018.01.06-13.28.19:955][534]LogPlayLevel: PIE: StaticDuplicateObject took: (0.003899s)
[2018.01.06-13.28.19:956][534]LogAIModule: Creating AISystem for world 2DSideScrollerExampleMap
[2018.01.06-13.28.19:956][534]LogPlayLevel: PIE: World Init took: (0.001018s)
[2018.01.06-13.28.19:956][534]LogPlayLevel: PIE: Created PIE world by copying editor world from /Game/2DSideScrollerCPP/Maps/2DSideScrollerExampleMap.2DSideScrollerExampleMap to /Game/2DSideScrollerCPP/Maps/UEDPIE_0_2DSideScrollerExampleMap.2DSideScrollerExampleMap (0.005523s)
[2018.01.06-13.28.19:969][534]LogInit: XAudio2 using 'Digital Audio (S/PDIF) (High Definition Audio Device)' : 2 channels at 44.1 kHz using 16 bits per sample (channel mask 0x3)
[2018.01.06-13.28.19:978][534]LogInit: FAudioDevice initialized.
[2018.01.06-13.28.20:011][534]LogLoad: Game class is 'BangGameMode'
[2018.01.06-13.28.20:014][534]LogWorld: Bringing World /Game/2DSideScrollerCPP/Maps/UEDPIE_0_2DSideScrollerExampleMap.2DSideScrollerExampleMap up for play (max tick rate 0) at 2018.01.06-13.28.20
[2018.01.06-13.28.20:014][534]LogWorld: Bringing up level for play took: 0.002701
[2018.01.06-13.28.20:016][534]PIE: Play in editor start time for /Game/2DSideScrollerCPP/Maps/UEDPIE_0_2DSideScrollerExampleMap -0.56
[2018.01.06-13.28.20:016][534]LogBlueprintUserMessages: Late PlayInEditor Detection: Level '/Game/2DSideScrollerCPP/Maps/2DSideScrollerExampleMap.2DSideScrollerExampleMap:PersistentLevel' has LevelScriptBlueprint '/Game/2DSideScrollerCPP/Maps/2DSideScrollerExampleMap.2DSideScrollerExampleMap:PersistentLevel.2DSideScrollerExampleMap' with GeneratedClass '/Game/2DSideScrollerCPP/Maps/2DSideScrollerExampleMap.2DSideScrollerExampleMap_C' with ClassGeneratedBy '/Game/2DSideScrollerCPP/Maps/2DSideScrollerExampleMap.2DSideScrollerExampleMap:PersistentLevel.2DSideScrollerExampleMap'
[2018.01.06-13.28.20:663][610]LogTemp: Hit Detected
[2018.01.06-13.28.20:663][610]LogTemp: I was hit
[2018.01.06-13.28.21:763][742]LogTemp: Hit Detected
[2018.01.06-13.28.21:763][742]LogTemp: I was hit
[2018.01.06-13.28.22:055][777]LogBlueprintUserMessages: Early EndPlayMap Detection: Level '/Game/2DSideScrollerCPP/Maps/2DSideScrollerExampleMap.2DSideScrollerExampleMap:PersistentLevel' has LevelScriptBlueprint '/Game/2DSideScrollerCPP/Maps/2DSideScrollerExampleMap.2DSideScrollerExampleMap:PersistentLevel.2DSideScrollerExampleMap' with GeneratedClass '/Game/2DSideScrollerCPP/Maps/2DSideScrollerExampleMap.2DSideScrollerExampleMap_C' with ClassGeneratedBy '/Game/2DSideScrollerCPP/Maps/2DSideScrollerExampleMap.2DSideScrollerExampleMap:PersistentLevel.2DSideScrollerExampleMap'
[2018.01.06-13.28.22:086][777]LogBlueprintUserMessages: Late EndPlayMap Detection: Level '/Game/2DSideScrollerCPP/Maps/2DSideScrollerExampleMap.2DSideScrollerExampleMap:PersistentLevel' has LevelScriptBlueprint '/Game/2DSideScrollerCPP/Maps/2DSideScrollerExampleMap.2DSideScrollerExampleMap:PersistentLevel.2DSideScrollerExampleMap' with GeneratedClass '/Game/2DSideScrollerCPP/Maps/2DSideScrollerExampleMap.2DSideScrollerExampleMap_C' with ClassGeneratedBy '/Game/2DSideScrollerCPP/Maps/2DSideScrollerExampleMap.2DSideScrollerExampleMap:PersistentLevel.2DSideScrollerExampleMap'
[2018.01.06-14.58.43:410][276]LogWindowsTextInputMethodSystem: Display: IME system now deactivated.
[2018.01.06-14.58.45:672][277]Cmd: QUIT_EDITOR
[2018.01.06-14.58.46:663][277]LogExit: Preparing to exit.
[2018.01.06-14.58.48:254][277]LogDirectoryWatcher: A directory notification for 'C:/Users/Marcus/Documents/GitHub/BANG/Bang 4.17/Content/' was aborted.
[2018.01.06-14.58.48:370][277]LogExit: Editor shut down
[2018.01.06-14.58.48:405][277]LogExit: Transaction tracking system shut down
[2018.01.06-14.58.48:673][277]LogDirectoryWatcher: A directory notification for '../../../Engine/Content/' was aborted.
[2018.01.06-14.58.48:673][277]LogDirectoryWatcher: A directory notification for '../../../../../../Users/Marcus/Documents/GitHub/BANG/Bang 4.17/Content/' was aborted.
[2018.01.06-14.58.48:673][277]LogDirectoryWatcher: A directory notification for '../../../Engine/Plugins/2D/Paper2D/Content/' was aborted.
[2018.01.06-14.58.48:673][277]LogDirectoryWatcher: A directory notification for '../../../Engine/Plugins/Runtime/Oculus/OculusVR/Content/' was aborted.
[2018.01.06-14.58.48:673][277]LogDirectoryWatcher: A directory notification for '../../../Engine/Plugins/Runtime/Steam/SteamVR/Content/' was aborted.
[2018.01.06-14.58.48:785][277]LogExit: Object subsystem successfully closed.
[2018.01.06-14.58.48:825][277]LogD3D11RHI: Shutdown
[2018.01.06-14.58.48:825][277]LogD3D11RHI: CleanupD3DDevice
[2018.01.06-14.58.49:123][277]LogD3D11RHI: ~FD3D11DynamicRHI
[2018.01.06-14.58.49:186][277]LogModuleManager: Shutting down and abandoning module Bang (537)
[2018.01.06-14.58.49:186][277]LogModuleManager: Shutting down and abandoning module MovieSceneCapture (536)
[2018.01.06-14.58.49:250][277]LogModuleManager: Shutting down and abandoning module HierarchicalLODOutliner (534)
[2018.01.06-14.58.49:251][277]LogModuleManager: Shutting down and abandoning module ExternalImagePicker (532)
[2018.01.06-14.58.49:251][277]LogModuleManager: Shutting down and abandoning module AddContentDialog (530)
[2018.01.06-14.58.49:375][277]LogDirectoryWatcher: A directory notification for 'C:/Program Files/Epic Games/UE_4.17/FeaturePacks/' was aborted.
[2018.01.06-14.58.49:386][277]LogModuleManager: Shutting down and abandoning module WidgetCarousel (529)
[2018.01.06-14.58.49:386][277]LogModuleManager: Shutting down and abandoning module EditorWidgets (526)
[2018.01.06-14.58.49:386][277]LogModuleManager: Shutting down and abandoning module CollectionManager (524)
[2018.01.06-14.58.49:386][277]LogDirectoryWatcher: A directory notification for 'C:/Users/Marcus/Documents/GitHub/BANG/Bang 4.17/Content/Collections/' was aborted.
[2018.01.06-14.58.49:386][277]LogDirectoryWatcher: A directory notification for 'C:/Users/Marcus/Documents/GitHub/BANG/Bang 4.17/Content/Developers/Marcus/Collections/' was aborted.
[2018.01.06-14.58.49:386][277]LogDirectoryWatcher: A directory notification for 'C:/Users/Marcus/Documents/GitHub/BANG/Bang 4.17/Saved/Collections/' was aborted.
[2018.01.06-14.58.49:387][277]LogModuleManager: Shutting down and abandoning module SceneOutliner (522)
[2018.01.06-14.58.49:544][277]LogModuleManager: Shutting down and abandoning module StatsViewer (520)
[2018.01.06-14.58.49:544][277]LogModuleManager: Shutting down and abandoning module FoliageEdit (518)
[2018.01.06-14.58.49:544][277]LogModuleManager: Shutting down and abandoning module LandscapeEditor (516)
[2018.01.06-14.58.49:544][277]LogModuleManager: Shutting down and abandoning module MeshPaintMode (514)
[2018.01.06-14.58.49:544][277]LogModuleManager: Shutting down and abandoning module SceneDepthPickerMode (512)
[2018.01.06-14.58.49:544][277]LogModuleManager: Shutting down and abandoning module ActorPickerMode (510)
[2018.01.06-14.58.49:544][277]LogModuleManager: Shutting down and abandoning module GeometryMode (508)
[2018.01.06-14.58.49:544][277]LogModuleManager: Shutting down and abandoning module TextureAlignMode (506)
[2018.01.06-14.58.49:544][277]LogModuleManager: Shutting down and abandoning module BspMode (504)
[2018.01.06-14.58.49:545][277]LogModuleManager: Shutting down and abandoning module PIEPreviewDeviceProfileSelector (502)
[2018.01.06-14.58.49:545][277]LogModuleManager: Shutting down and abandoning module HardwareSurvey (500)
[2018.01.06-14.58.49:545][277]LogModuleManager: Shutting down and abandoning module SequenceRecorderSections (498)
[2018.01.06-14.58.49:545][277]LogModuleManager: Shutting down and abandoning module AutomationWorker (496)
[2018.01.06-14.58.49:545][277]LogModuleManager: Shutting down and abandoning module MatineeToLevelSequence (494)
[2018.01.06-14.58.49:545][277]LogModuleManager: Shutting down and abandoning module LevelSequenceEditor (492)
[2018.01.06-14.58.49:545][277]LogModuleManager: Shutting down and abandoning module PlacementMode (491)
[2018.01.06-14.58.49:545][277]LogModuleManager: Shutting down and abandoning module WmfMediaFactory (488)
[2018.01.06-14.58.49:545][277]LogModuleManager: Shutting down and abandoning module WmfMediaEditor (486)
[2018.01.06-14.58.49:545][277]LogModuleManager: Shutting down and abandoning module AvfMediaFactory (484)
[2018.01.06-14.58.49:545][277]LogModuleManager: Shutting down and abandoning module AvfMediaEditor (482)
[2018.01.06-14.58.49:545][277]LogModuleManager: Shutting down and abandoning module AndroidMediaFactory (480)
[2018.01.06-14.58.49:545][277]LogModuleManager: Shutting down and abandoning module Media (479)
[2018.01.06-14.58.49:545][277]LogModuleManager: Shutting down and abandoning module AndroidMediaEditor (476)
[2018.01.06-14.58.49:545][277]LogModuleManager: Shutting down and abandoning module CharacterAI (474)
[2018.01.06-14.58.49:545][277]LogModuleManager: Shutting down and abandoning module AudioCapture (472)
[2018.01.06-14.58.49:545][277]LogModuleManager: Shutting down and abandoning module SequenceRecorder (471)
[2018.01.06-14.58.49:545][277]LogModuleManager: Shutting down and abandoning module SmartSnapping (468)
[2018.01.06-14.58.49:545][277]LogModuleManager: Shutting down and abandoning module SessionServices (466)
[2018.01.06-14.58.49:545][277]LogModuleManager: Shutting down and abandoning module ViewportSnapping (464)
[2018.01.06-14.58.49:545][277]LogModuleManager: Shutting down and abandoning module ViewportInteraction (462)
[2018.01.06-14.58.49:545][277]LogModuleManager: Shutting down and abandoning module ClothPainter (460)
[2018.01.06-14.58.49:545][277]LogModuleManager: Shutting down and abandoning module LogVisualizer (458)
[2018.01.06-14.58.49:545][277]LogModuleManager: Shutting down and abandoning module IntroTutorials (456)
[2018.01.06-14.58.49:545][277]LogModuleManager: Shutting down and abandoning module GameProjectGeneration (455)
[2018.01.06-14.58.49:545][277]LogModuleManager: Shutting down and abandoning module IOSPlatformEditor (452)
[2018.01.06-14.58.49:545][277]LogModuleManager: Shutting down and abandoning module HTML5PlatformEditor (450)
[2018.01.06-14.58.49:545][277]LogModuleManager: Shutting down and abandoning module AndroidPlatformEditor (448)
[2018.01.06-14.58.49:545][277]LogModuleManager: Shutting down and abandoning module AndroidDeviceDetection (447)
[2018.01.06-14.58.49:983][277]LogModuleManager: Shutting down and abandoning module WindowsPlatformEditor (444)
[2018.01.06-14.58.49:983][277]LogModuleManager: Shutting down and abandoning module IOSRuntimeSettings (442)
[2018.01.06-14.58.49:983][277]LogModuleManager: Shutting down and abandoning module AndroidRuntimeSettings (440)
[2018.01.06-14.58.49:983][277]LogModuleManager: Shutting down and abandoning module InputBindingEditor (438)
[2018.01.06-14.58.49:983][277]LogModuleManager: Shutting down and abandoning module MergeActors (436)
[2018.01.06-14.58.49:983][277]LogModuleManager: Shutting down and abandoning module SizeMap (434)
[2018.01.06-14.58.49:983][277]LogModuleManager: Shutting down and abandoning module TreeMap (432)
[2018.01.06-14.58.49:983][277]LogModuleManager: Shutting down and abandoning module ReferenceViewer (430)
[2018.01.06-14.58.49:983][277]LogModuleManager: Shutting down and abandoning module LocalizationDashboard (428)
[2018.01.06-14.58.49:983][277]LogModuleManager: Shutting down and abandoning module LocalizationService (427)
[2018.01.06-14.58.49:983][277]LogModuleManager: Shutting down and abandoning module HardwareTargeting (424)
[2018.01.06-14.58.49:983][277]LogModuleManager: Shutting down and abandoning module DeviceProfileEditor (422)
[2018.01.06-14.58.49:983][277]LogModuleManager: Shutting down and abandoning module UndoHistory (420)
[2018.01.06-14.58.49:983][277]LogModuleManager: Shutting down and abandoning module XmlParser (418)
[2018.01.06-14.58.49:983][277]LogModuleManager: Shutting down and abandoning module Blutility (416)
[2018.01.06-14.58.49:983][277]LogModuleManager: Shutting down and abandoning module ProjectSettingsViewer (414)
[2018.01.06-14.58.49:983][277]LogModuleManager: Shutting down and abandoning module ProjectTargetPlatformEditor (413)
[2018.01.06-14.58.49:984][277]LogModuleManager: Shutting down and abandoning module EditorSettingsViewer (410)
[2018.01.06-14.58.49:985][277]LogModuleManager: Shutting down and abandoning module SettingsEditor (408)
[2018.01.06-14.58.49:985][277]LogModuleManager: Shutting down and abandoning module ProjectLauncher (406)
[2018.01.06-14.58.49:985][277]LogModuleManager: Shutting down and abandoning module SessionFrontend (404)
[2018.01.06-14.58.49:985][277]LogModuleManager: Shutting down and abandoning module ProfilerClient (402)
[2018.01.06-14.58.49:985][277]LogModuleManager: Shutting down and abandoning module DeviceManager (400)
[2018.01.06-14.58.49:985][277]LogModuleManager: Shutting down and abandoning module TargetDeviceServices (399)
[2018.01.06-14.58.50:042][277]LogModuleManager: Shutting down and abandoning module AutomationController (396)
[2018.01.06-14.58.50:042][277]LogModuleManager: Shutting down and abandoning module AutomationWindow (394)
[2018.01.06-14.58.50:042][277]LogModuleManager: Shutting down and abandoning module Layers (392)
[2018.01.06-14.58.50:042][277]LogModuleManager: Shutting down and abandoning module ComponentVisualizers (390)
[2018.01.06-14.58.50:042][277]LogModuleManager: Shutting down and abandoning module DetailCustomizations (388)
[2018.01.06-14.58.50:042][277]LogModuleManager: Shutting down and abandoning module PackagesDialog (386)
[2018.01.06-14.58.50:042][277]LogModuleManager: Shutting down and abandoning module Persona (384)
[2018.01.06-14.58.50:042][277]LogModuleManager: Shutting down and abandoning module AdvancedPreviewScene (383)
[2018.01.06-14.58.50:042][277]LogModuleManager: Shutting down and abandoning module AnimGraph (381)
[2018.01.06-14.58.50:042][277]LogModuleManager: Shutting down and abandoning module Kismet (378)
[2018.01.06-14.58.50:042][277]LogModuleManager: Shutting down and abandoning module ClassViewer (376)
[2018.01.06-14.58.50:042][277]LogModuleManager: Shutting down and abandoning module Toolbox (374)
[2018.01.06-14.58.50:042][277]LogModuleManager: Shutting down and abandoning module ModuleUI (372)
[2018.01.06-14.58.50:042][277]LogModuleManager: Shutting down and abandoning module MovieSceneTools (370)
[2018.01.06-14.58.50:042][277]LogModuleManager: Shutting down and abandoning module OutputLog (368)
[2018.01.06-14.58.50:042][277]LogModuleManager: Shutting down and abandoning module GammaUI (366)
[2018.01.06-14.58.50:042][277]LogModuleManager: Shutting down and abandoning module Documentation (364)
[2018.01.06-14.58.50:042][277]LogModuleManager: Shutting down and abandoning module MovieSceneTracks (362)
[2018.01.06-14.58.50:042][277]LogModuleManager: Shutting down and abandoning module MovieScene (360)
[2018.01.06-14.58.50:042][277]LogModuleManager: Shutting down and abandoning module Niagara (358)
[2018.01.06-14.58.50:042][277]LogModuleManager: Shutting down and abandoning module NiagaraEditor (357)
[2018.01.06-14.58.50:043][277]LogModuleManager: Shutting down and abandoning module StreamingPauseRendering (354)
[2018.01.06-14.58.50:043][277]LogModuleManager: Shutting down and abandoning module LauncherPlatform (352)
[2018.01.06-14.58.50:043][277]LogModuleManager: Shutting down and abandoning module AnalyticsET (350)
[2018.01.06-14.58.50:043][277]LogModuleManager: Shutting down and abandoning module PortalServices (348)
[2018.01.06-14.58.50:043][277]LogModuleManager: Shutting down and abandoning module PortalRpc (346)
[2018.01.06-14.58.50:043][277]LogModuleManager: Shutting down and abandoning module MessagingRpc (344)
[2018.01.06-14.58.50:043][277]LogModuleManager: Shutting down and abandoning module AIModule (342)
[2018.01.06-14.58.50:043][277]LogModuleManager: Shutting down and abandoning module GameplayDebugger (341)
[2018.01.06-14.58.50:043][277]LogModuleManager: Shutting down and abandoning module AITestSuite (339)
[2018.01.06-14.58.50:043][277]LogModuleManager: Shutting down and abandoning module ProfilerService (336)
[2018.01.06-14.58.50:108][277]LogModuleManager: Shutting down and abandoning module TaskGraph (334)
[2018.01.06-14.58.50:108][277]LogModuleManager: Shutting down and abandoning module SteamVRController (332)
[2018.01.06-14.58.50:108][277]LogModuleManager: Shutting down and abandoning module ProceduralMeshComponentEditor (330)
[2018.01.06-14.58.50:108][277]LogModuleManager: Shutting down and abandoning module ProceduralMeshComponent (328)
[2018.01.06-14.58.50:108][277]LogModuleManager: Shutting down and abandoning module OculusInput (326)
[2018.01.06-14.58.50:108][277]LogModuleManager: Shutting down and abandoning module MobilePatchingUtils (324)
[2018.01.06-14.58.50:108][277]LogModuleManager: Shutting down and abandoning module CustomMeshComponent (322)
[2018.01.06-14.58.50:108][277]LogModuleManager: Shutting down and abandoning module CableComponent (320)
[2018.01.06-14.58.50:108][277]LogModuleManager: Shutting down and abandoning module ArchVisCharacter (318)
[2018.01.06-14.58.50:108][277]LogModuleManager: Shutting down and abandoning module AndroidPermission (316)
[2018.01.06-14.58.50:109][277]LogModuleManager: Shutting down and abandoning module MediaPlayerEditor (312)
[2018.01.06-14.58.50:109][277]LogModuleManager: Shutting down and abandoning module HTML5Networking (310)
[2018.01.06-14.58.50:109][277]LogModuleManager: Shutting down and abandoning module AlembicImporter (308)
[2018.01.06-14.58.50:109][277]LogModuleManager: Shutting down and abandoning module AlembicLibrary (307)
[2018.01.06-14.58.50:109][277]LogModuleManager: Shutting down and abandoning module GeometryCache (306)
[2018.01.06-14.58.50:109][277]LogModuleManager: Shutting down and abandoning module GeometryCacheEd (305)
[2018.01.06-14.58.50:109][277]LogModuleManager: Shutting down and abandoning module SpeedTreeImporter (300)
[2018.01.06-14.58.50:109][277]LogModuleManager: Shutting down and abandoning module PluginBrowser (298)
[2018.01.06-14.58.50:109][277]LogModuleManager: Shutting down and abandoning module MobileLauncherProfileWizard (296)
[2018.01.06-14.58.50:109][277]LogModuleManager: Shutting down and abandoning module VisualStudioSourceCodeAccess (294)
[2018.01.06-14.58.50:109][277]LogModuleManager: Shutting down and abandoning module DesktopPlatform (293)
[2018.01.06-14.58.50:109][277]LogModuleManager: Shutting down and abandoning module UObjectPlugin (290)
[2018.01.06-14.58.50:109][277]LogModuleManager: Shutting down and abandoning module SubversionSourceControl (288)
[2018.01.06-14.58.50:109][277]LogModuleManager: Shutting down and abandoning module PerforceSourceControl (286)
[2018.01.06-14.58.50:109][277]LogModuleManager: Shutting down and abandoning module GitSourceControl (284)
[2018.01.06-14.58.50:109][277]LogModuleManager: Shutting down and abandoning module SourceControl (283)
[2018.01.06-14.58.50:109][277]LogModuleManager: Shutting down and abandoning module LightPropagationVolumeEditor (280)
[2018.01.06-14.58.50:109][277]LogModuleManager: Shutting down and abandoning module PaperTiledImporter (278)
[2018.01.06-14.58.50:109][277]LogModuleManager: Shutting down and abandoning module PaperSpriteSheetImporter (276)
[2018.01.06-14.58.50:109][277]LogModuleManager: Shutting down and abandoning module Paper2DEditor (274)
[2018.01.06-14.58.50:109][277]LogModuleManager: Shutting down and abandoning module MeshPaint (273)
[2018.01.06-14.58.50:109][277]LogModuleManager: Shutting down and abandoning module LevelEditor (271)
[2018.01.06-14.58.50:111][277]LogModuleManager: Shutting down and abandoning module PixelInspectorModule (270)
[2018.01.06-14.58.50:111][277]LogModuleManager: Shutting down and abandoning module MainFrame (268)
[2018.01.06-14.58.50:111][277]LogModuleManager: Shutting down and abandoning module HotReload (267)
[2018.01.06-14.58.50:111][277]LogDirectoryWatcher: A directory notification for 'C:/Users/Marcus/Documents/GitHub/BANG/Bang 4.17/Binaries/Win64' was aborted.
[2018.01.06-14.58.50:111][277]LogModuleManager: Shutting down and abandoning module RuntimePhysXCooking (260)
[2018.01.06-14.58.50:112][277]LogModuleManager: Shutting down and abandoning module PhysXVehiclesEditor (258)
[2018.01.06-14.58.50:112][277]LogModuleManager: Shutting down and abandoning module PhysXVehicles (256)
[2018.01.06-14.58.50:112][277]LogModuleManager: Shutting down and abandoning module OculusEditor (254)
[2018.01.06-14.58.50:112][277]LogModuleManager: Shutting down and abandoning module LocationServicesBPLibrary (252)
[2018.01.06-14.58.50:112][277]LogModuleManager: Shutting down and abandoning module ImmediatePhysicsEditor (250)
[2018.01.06-14.58.50:112][277]LogModuleManager: Shutting down and abandoning module ImmediatePhysics (248)
[2018.01.06-14.58.50:112][277]LogModuleManager: Shutting down and abandoning module UdpMessaging (246)
[2018.01.06-14.58.50:212][277]LogModuleManager: Shutting down and abandoning module TcpMessaging (244)
[2018.01.06-14.58.50:312][277]LogModuleManager: Shutting down and abandoning module GameplayTagsEditor (242)
[2018.01.06-14.58.50:312][277]LogModuleManager: Shutting down and abandoning module FacialAnimationEditor (240)
[2018.01.06-14.58.50:312][277]LogModuleManager: Shutting down and abandoning module FacialAnimation (238)
[2018.01.06-14.58.50:312][277]LogModuleManager: Shutting down and abandoning module AssetManagerEditor (236)
[2018.01.06-14.58.50:312][277]LogModuleManager: Shutting down and abandoning module GraphEditor (235)
[2018.01.06-14.58.50:312][277]LogModuleManager: Shutting down and abandoning module ContentBrowser (233)
[2018.01.06-14.58.50:314][277]LogModuleManager: Shutting down and abandoning module LightPropagationVolumeRuntime (230)
[2018.01.06-14.58.50:314][277]LogModuleManager: Shutting down and abandoning module Paper2D (228)
[2018.01.06-14.58.50:314][277]LogModuleManager: Shutting down and abandoning module WindowsMoviePlayer (226)
[2018.01.06-14.58.50:314][277]LogModuleManager: Shutting down and abandoning module WmfMedia (224)
[2018.01.06-14.58.50:316][277]LogModuleManager: Shutting down and abandoning module PacketHandler (222)
[2018.01.06-14.58.50:316][277]LogModuleManager: Shutting down and abandoning module ClothingSystemEditor (220)
[2018.01.06-14.58.50:316][277]LogModuleManager: Shutting down and abandoning module ClothingSystemRuntime (218)
[2018.01.06-14.58.50:316][277]LogModuleManager: Shutting down and abandoning module Overlay (216)
[2018.01.06-14.58.50:316][277]LogModuleManager: Shutting down and abandoning module OverlayEditor (215)
[2018.01.06-14.58.50:316][277]LogModuleManager: Shutting down and abandoning module MediaAssets (212)
[2018.01.06-14.58.50:316][277]LogModuleManager: Shutting down and abandoning module VREditor (210)
[2018.01.06-14.58.50:316][277]LogModuleManager: Shutting down and abandoning module StringTableEditor (208)
[2018.01.06-14.58.50:316][277]LogModuleManager: Shutting down and abandoning module GameplayTasksEditor (206)
[2018.01.06-14.58.50:316][277]LogModuleManager: Shutting down and abandoning module BehaviorTreeEditor (204)
[2018.01.06-14.58.50:316][277]LogModuleManager: Shutting down and abandoning module FunctionalTesting (202)
[2018.01.06-14.58.50:316][277]LogModuleManager: Shutting down and abandoning module CollisionAnalyzer (200)
[2018.01.06-14.58.50:316][277]LogModuleManager: Shutting down and abandoning module WorkspaceMenuStructure (199)
[2018.01.06-14.58.50:316][277]LogModuleManager: Shutting down and abandoning module UMG (196)
[2018.01.06-14.58.50:316][277]LogModuleManager: Shutting down and abandoning module UMGEditor (195)
[2018.01.06-14.58.50:317][277]LogModuleManager: Shutting down and abandoning module Sequencer (194)
[2018.01.06-14.58.50:317][277]LogModuleManager: Shutting down and abandoning module MessageLog (191)
[2018.01.06-14.58.50:317][277]LogModuleManager: Shutting down and abandoning module SlateReflector (186)
[2018.01.06-14.58.50:317][277]LogModuleManager: Shutting down and abandoning module Slate (184)
[2018.01.06-14.58.50:317][277]LogModuleManager: Shutting down and abandoning module EditorStyle (182)
[2018.01.06-14.58.50:322][277]LogModuleManager: Shutting down and abandoning module MRMesh (180)
[2018.01.06-14.58.50:322][277]LogModuleManager: Shutting down and abandoning module SourceCodeAccess (178)
[2018.01.06-14.58.50:322][277]LogModuleManager: Shutting down and abandoning module HeadMountedDisplay (176)
[2018.01.06-14.58.50:322][277]LogModuleManager: Shutting down and abandoning module XAudio2 (174)
[2018.01.06-14.58.50:322][277]LogModuleManager: Shutting down and abandoning module Networking (172)
[2018.01.06-14.58.50:322][277]LogModuleManager: Shutting down and abandoning module Core (168)
[2018.01.06-14.58.50:322][277]LogModuleManager: Shutting down and abandoning module KismetCompiler (164)
[2018.01.06-14.58.50:322][277]LogModuleManager: Shutting down and abandoning module LevelSequence (162)
[2018.01.06-14.58.50:322][277]LogModuleManager: Shutting down and abandoning module MeshUtilities (160)
[2018.01.06-14.58.50:322][277]LogModuleManager: Shutting down and abandoning module MeshMergeUtilities (159)
[2018.01.06-14.58.50:322][277]LogModuleManager: Shutting down and abandoning module MeshReductionInterface (158)
[2018.01.06-14.58.50:322][277]LogModuleManager: Shutting down and abandoning module SimplygonSwarm (157)
[2018.01.06-14.58.50:322][277]LogModuleManager: Shutting down and abandoning module SimplygonMeshReduction (155)
[2018.01.06-14.58.50:322][277]LogModuleManager: Shutting down and abandoning module QuadricMeshReduction (153)
[2018.01.06-14.58.50:322][277]LogModuleManager: Shutting down and abandoning module MaterialBaking (149)
[2018.01.06-14.58.50:322][277]LogModuleManager: Shutting down and abandoning module DirectoryWatcher (146)
[2018.01.06-14.58.50:337][277]LogModuleManager: Shutting down and abandoning module DerivedDataCache (144)
[2018.01.06-14.58.50:343][277]LogDerivedDataCache: Shutdown
[2018.01.06-14.58.50:343][277]LogModuleManager: Shutting down and abandoning module TargetPlatform (142)
[2018.01.06-14.58.50:343][277]LogModuleManager: Shutting down and abandoning module VulkanShaderFormat (141)
[2018.01.06-14.58.50:343][277]LogModuleManager: Shutting down and abandoning module ShaderFormatVectorVM (139)
[2018.01.06-14.58.50:343][277]LogModuleManager: Shutting down and abandoning module ShaderFormatOpenGL (137)
[2018.01.06-14.58.50:343][277]LogModuleManager: Shutting down and abandoning module ShaderFormatD3D (135)
[2018.01.06-14.58.50:343][277]LogModuleManager: Shutting down and abandoning module MetalShaderFormat (133)
[2018.01.06-14.58.50:343][277]LogModuleManager: Shutting down and abandoning module TextureFormatUncompressed (131)
[2018.01.06-14.58.50:343][277]LogModuleManager: Shutting down and abandoning module TextureFormatPVR (129)
[2018.01.06-14.58.50:344][277]LogModuleManager: Shutting down and abandoning module TextureFormatDXT (127)
[2018.01.06-14.58.50:344][277]LogModuleManager: Shutting down and abandoning module TextureFormatIntelISPCTexComp (125)
[2018.01.06-14.58.50:344][277]LogModuleManager: Shutting down and abandoning module TextureFormatASTC (123)
[2018.01.06-14.58.50:344][277]LogModuleManager: Shutting down and abandoning module ImageWrapper (122)
[2018.01.06-14.58.50:344][277]LogModuleManager: Shutting down and abandoning module TextureFormatAndroid (119)
[2018.01.06-14.58.50:344][277]LogModuleManager: Shutting down and abandoning module AudioFormatOpus (117)
[2018.01.06-14.58.50:344][277]LogModuleManager: Shutting down and abandoning module AudioFormatOgg (115)
[2018.01.06-14.58.50:344][277]LogModuleManager: Shutting down and abandoning module AudioFormatADPCM (113)
[2018.01.06-14.58.50:344][277]LogModuleManager: Shutting down and abandoning module LinuxTargetPlatform (111)
[2018.01.06-14.58.50:344][277]LogModuleManager: Shutting down and abandoning module LinuxServerTargetPlatform (109)
[2018.01.06-14.58.50:344][277]LogModuleManager: Shutting down and abandoning module LinuxNoEditorTargetPlatform (107)
[2018.01.06-14.58.50:344][277]LogModuleManager: Shutting down and abandoning module LinuxClientTargetPlatform (105)
[2018.01.06-14.58.50:344][277]LogModuleManager: Shutting down and abandoning module TVOSTargetPlatform (103)
[2018.01.06-14.58.50:344][277]LogModuleManager: Shutting down and abandoning module Messaging (101)
[2018.01.06-14.58.50:344][277]LogModuleManager: Shutting down and abandoning module IOSTargetPlatform (99)
[2018.01.06-14.58.50:344][277]LogModuleManager: Shutting down and abandoning module HTML5TargetPlatform (97)
[2018.01.06-14.58.50:344][277]LogModuleManager: Shutting down and abandoning module Android_PVRTCTargetPlatform (95)
[2018.01.06-14.58.50:344][277]LogModuleManager: Shutting down and abandoning module Android_MultiTargetPlatform (93)
[2018.01.06-14.58.50:344][277]LogModuleManager: Shutting down and abandoning module Android_ETC2TargetPlatform (91)
[2018.01.06-14.58.50:344][277]LogModuleManager: Shutting down and abandoning module Android_ETC1TargetPlatform (89)
[2018.01.06-14.58.50:344][277]LogModuleManager: Shutting down and abandoning module Android_DXTTargetPlatform (87)
[2018.01.06-14.58.50:344][277]LogModuleManager: Shutting down and abandoning module Android_ATCTargetPlatform (85)
[2018.01.06-14.58.50:344][277]LogModuleManager: Shutting down and abandoning module Android_ASTCTargetPlatform (83)
[2018.01.06-14.58.50:344][277]LogModuleManager: Shutting down and abandoning module AndroidTargetPlatform (81)
[2018.01.06-14.58.50:344][277]LogModuleManager: Shutting down and abandoning module WindowsTargetPlatform (79)
[2018.01.06-14.58.50:344][277]LogModuleManager: Shutting down and abandoning module WindowsServerTargetPlatform (77)
[2018.01.06-14.58.50:344][277]LogModuleManager: Shutting down and abandoning module WindowsNoEditorTargetPlatform (75)
[2018.01.06-14.58.50:344][277]LogModuleManager: Shutting down and abandoning module WindowsClientTargetPlatform (73)
[2018.01.06-14.58.50:344][277]LogModuleManager: Shutting down and abandoning module MacTargetPlatform (71)
[2018.01.06-14.58.50:344][277]LogModuleManager: Shutting down and abandoning module MacServerTargetPlatform (69)
[2018.01.06-14.58.50:344][277]LogModuleManager: Shutting down and abandoning module MacNoEditorTargetPlatform (67)
[2018.01.06-14.58.50:344][277]LogModuleManager: Shutting down and abandoning module MacClientTargetPlatform (65)
[2018.01.06-14.58.50:344][277]LogModuleManager: Shutting down and abandoning module AllDesktopTargetPlatform (63)
[2018.01.06-14.58.50:344][277]LogModuleManager: Shutting down and abandoning module InputCore (60)
[2018.01.06-14.58.50:344][277]LogModuleManager: Shutting down and abandoning module Settings (58)
[2018.01.06-14.58.50:344][277]LogModuleManager: Shutting down and abandoning module PhysXCooking (56)
[2018.01.06-14.58.50:344][277]LogModuleManager: Shutting down and abandoning module SteamVR (54)
[2018.01.06-14.58.50:344][277]LogModuleManager: Shutting down and abandoning module OculusHMD (52)
[2018.01.06-14.58.50:344][277]LogModuleManager: Shutting down and abandoning module ExampleDeviceProfileSelector (50)
[2018.01.06-14.58.50:344][277]LogModuleManager: Shutting down and abandoning module OnlineBlueprintSupport (48)
[2018.01.06-14.58.50:344][277]LogModuleManager: Shutting down and abandoning module OnlineSubsystem (44)
[2018.01.06-14.58.50:345][277]LogOnline: Display: Unloading online subsystem: NULL
[2018.01.06-14.58.50:345][277]LogModuleManager: Shutting down and abandoning module XMPP (43)
[2018.01.06-14.58.50:345][277]LogModuleManager: Shutting down and abandoning module HTTP (41)
[2018.01.06-14.58.50:345][277]LogHttp: Display: Http module shutting down, but needs to wait on 1 outstanding Http requests:
[2018.01.06-14.58.50:345][277]LogHttp: Display: 	verb=[POST] url=[https://datarouter.ol.epicgames.com/datarouter/api/v1/public/data?SessionID=%7B9D5F1C7A-4EA2-C644-2D0D-DF8D6B008471%7D&AppID=UEEditor.Rocket.Release&AppVersion=4.17.2-3658906%2B%2B%2BUE4%2BRelease-4.17&UserID=97d3f40d403ff4a258d6f980a741b4dc%7C969837ba78db4a5a8b4180254925176e%7C81706c51-5e4d-4c53-8181-bc8c50ced6a7&AppEnvironment=datacollector-binary&UploadType=eteventstream] status=Processing
[2018.01.06-14.58.50:359][277]LogModuleManager: Shutting down and abandoning module SSL (40)
[2018.01.06-14.58.50:364][277]LogModuleManager: Shutting down and abandoning module AnimationModifiers (36)
[2018.01.06-14.58.50:364][277]LogModuleManager: Shutting down and abandoning module PropertyEditor (35)
[2018.01.06-14.58.50:364][277]LogModuleManager: Shutting down and abandoning module AudioEditor (32)
[2018.01.06-14.58.50:364][277]LogModuleManager: Shutting down and abandoning module TextureCompressor (30)
[2018.01.06-14.58.50:364][277]LogModuleManager: Shutting down and abandoning module ShaderCore (28)
[2018.01.06-14.58.50:364][277]LogModuleManager: Shutting down and abandoning module Landscape (26)
[2018.01.06-14.58.50:364][277]LogModuleManager: Shutting down and abandoning module SlateRHIRenderer (24)
[2018.01.06-14.58.50:371][277]LogModuleManager: Shutting down and abandoning module OpenGLDrv (22)
[2018.01.06-14.58.50:371][277]LogModuleManager: Shutting down and abandoning module D3D11RHI (20)
[2018.01.06-14.58.50:371][277]LogModuleManager: Shutting down and abandoning module AnimGraphRuntime (18)
[2018.01.06-14.58.50:371][277]LogModuleManager: Shutting down and abandoning module Renderer (16)
[2018.01.06-14.58.50:371][277]LogModuleManager: Shutting down and abandoning module Engine (14)
[2018.01.06-14.58.50:371][277]LogModuleManager: Shutting down and abandoning module CoreUObject (12)
[2018.01.06-14.58.50:371][277]LogModuleManager: Shutting down and abandoning module NetworkFile (10)
[2018.01.06-14.58.50:371][277]LogModuleManager: Shutting down and abandoning module CookedIterativeFile (8)
[2018.01.06-14.58.50:371][277]LogModuleManager: Shutting down and abandoning module StreamingFile (6)
[2018.01.06-14.58.50:371][277]LogModuleManager: Shutting down and abandoning module SandboxFile (4)
[2018.01.06-14.58.50:371][277]LogModuleManager: Shutting down and abandoning module PakFile (2)
[2018.01.06-14.58.50:376][277]LogExit: Exiting.
[2018.01.06-14.58.50:401][277]Log file closed, 01/06/18 14:58:50
