Log file open, 01/24/18 19:02:30
LogWindows: Failed to load 'aqProf.dll' (GetLastError=126)
LogWindows: File 'aqProf.dll' does not exist
LogWindows: Failed to load 'VtuneApi.dll' (GetLastError=126)
LogWindows: File 'VtuneApi.dll' does not exist
LogWindows: Failed to load 'VtuneApi32e.dll' (GetLastError=126)
LogWindows: File 'VtuneApi32e.dll' does not exist
LogInit: Display: Running engine for game: Bang
LogPlatformFile: Not using cached read wrapper
LogInit: Display: RandInit(311009507) SRandInit(311009507).
LogTaskGraph: Started task graph with 5 named threads and 14 total threads with 3 sets of task threads.
LogStats: Stats thread started at 0.212604
LogD3D11RHI: Aftermath initialized
LogPluginManager: Mounting plugin Paper2D
LogPluginManager: Mounting plugin LightPropagationVolume
LogPluginManager: Mounting plugin CodeLiteSourceCodeAccess
LogPluginManager: Mounting plugin GitSourceControl
LogPluginManager: Mounting plugin KDevelopSourceCodeAccess
LogPluginManager: Mounting plugin NullSourceCodeAccess
LogPluginManager: Mounting plugin PerforceSourceControl
LogPluginManager: Mounting plugin SubversionSourceControl
LogPluginManager: Mounting plugin UObjectPlugin
LogPluginManager: Mounting plugin VisualStudioSourceCodeAccess
LogPluginManager: Mounting plugin XCodeSourceCodeAccess
LogPluginManager: Mounting plugin AssetManagerEditor
LogPluginManager: Mounting plugin AudioCapture
LogPluginManager: Mounting plugin FacialAnimation
LogPluginManager: Mounting plugin GameplayTagsEditor
LogPluginManager: Mounting plugin MobileLauncherProfileWizard
LogPluginManager: Mounting plugin PluginBrowser
LogPluginManager: Mounting plugin SpeedTreeImporter
LogPluginManager: Mounting plugin AlembicImporter
LogPluginManager: Mounting plugin CharacterAI
LogPluginManager: Mounting plugin HTML5Networking
LogPluginManager: Mounting plugin AndroidMedia
LogPluginManager: Mounting plugin AvfMedia
LogPluginManager: Mounting plugin MediaPlayerEditor
LogPluginManager: Mounting plugin WmfMedia
LogPluginManager: Mounting plugin TcpMessaging
LogPluginManager: Mounting plugin UdpMessaging
LogPluginManager: Mounting plugin LevelSequenceEditor
LogPluginManager: Mounting plugin MatineeToLevelSequence
LogPluginManager: Mounting plugin OnlineSubsystemGooglePlay
LogPluginManager: Mounting plugin OnlineSubsystemIOS
LogPluginManager: Mounting plugin OnlineSubsystem
LogPluginManager: Mounting plugin OnlineSubsystemNull
LogPluginManager: Mounting plugin OnlineSubsystemUtils
LogPluginManager: Mounting plugin AndroidDeviceProfileSelector
LogPluginManager: Mounting plugin AndroidMoviePlayer
LogPluginManager: Mounting plugin AndroidPermission
LogPluginManager: Mounting plugin AppleMoviePlayer
LogPluginManager: Mounting plugin ArchVisCharacter
LogPluginManager: Mounting plugin CableComponent
LogPluginManager: Mounting plugin CustomMeshComponent
LogPluginManager: Mounting plugin ExampleDeviceProfileSelector
LogPluginManager: Mounting plugin GoogleCloudMessaging
LogPluginManager: Mounting plugin ImmediatePhysics
LogPluginManager: Mounting plugin IOSDeviceProfileSelector
LogPluginManager: Mounting plugin LinuxDeviceProfileSelector
LogPluginManager: Mounting plugin LocationServicesBPLibrary
LogPluginManager: Mounting plugin MobilePatchingUtils
LogPluginManager: Mounting plugin OculusVR
LogPluginManager: Mounting plugin PhysXVehicles
LogPluginManager: Mounting plugin ProceduralMeshComponent
LogPluginManager: Mounting plugin RuntimePhysXCooking
LogPluginManager: Mounting plugin SteamVR
LogPluginManager: Mounting plugin WindowsMoviePlayer
LogInit: Using libcurl 7.47.1
LogInit:  - built for x86_64-pc-win32
LogInit:  - supports SSL with OpenSSL/1.0.2g
LogInit:  - supports HTTP deflate (compression) using libz 1.2.8
LogInit:  - other features:
LogInit:      CURL_VERSION_SSL
LogInit:      CURL_VERSION_LIBZ
LogInit:      CURL_VERSION_IPV6
LogInit:      CURL_VERSION_ASYNCHDNS
LogInit:      CURL_VERSION_LARGEFILE
LogInit:      CURL_VERSION_IDN
LogInit:  CurlRequestOptions (configurable via config and command line):
LogInit:  - bVerifyPeer = false  - Libcurl will NOT verify peer certificate
LogInit:  - bUseHttpProxy = false  - Libcurl will NOT use HTTP proxy
LogInit:  - bDontReuseConnections = false  - Libcurl will reuse connections
LogInit:  - CertBundlePath = nullptr  - Libcurl will use whatever was configured at build time.
LogInit: Build: ++UE4+Release-4.17-CL-3658906
LogInit: Engine Version: 4.17.2-3658906+++UE4+Release-4.17
LogInit: Compatible Engine Version: 4.17.0-3573198+++UE4+Release-4.17
LogInit: Net CL: 3573198
LogDevObjectVersion: Number of dev versions registered: 16
LogDevObjectVersion:   Dev-Blueprints (B0D832E4-1F89-4F0D-ACCF-7EB736FD4AA2): 10
LogDevObjectVersion:   Dev-Build (E1C64328-A22C-4D53-A36C-8E866417BD8C): 0
LogDevObjectVersion:   Dev-Core (375EC13C-06E4-48FB-B500-84F0262A717E): 2
LogDevObjectVersion:   Dev-Editor (E4B068ED-F494-42E9-A231-DA0B2E46BB41): 20
LogDevObjectVersion:   Dev-Framework (CFFC743F-43B0-4480-9391-14DF171D2073): 28
LogDevObjectVersion:   Dev-Mobile (B02B49B5-BB20-44E9-A304-32B752E40360): 0
LogDevObjectVersion:   Dev-Networking (A4E4105C-59A1-49B5-A7C5-40C4547EDFEE): 0
LogDevObjectVersion:   Dev-Online (39C831C9-5AE6-47DC-9A44-9C173E1C8E7C): 0
LogDevObjectVersion:   Dev-Physics (78F01B33-EBEA-4F98-B9B4-84EACCB95AA2): 0
LogDevObjectVersion:   Dev-Platform (6631380F-2D4D-43E0-8009-CF276956A95A): 0
LogDevObjectVersion:   Dev-Rendering (12F88B9F-8875-4AFC-A67C-D90C383ABD29): 19
LogDevObjectVersion:   Dev-Sequencer (7B5AE74C-D270-4C10-A958-57980B212A5A): 4
LogDevObjectVersion:   Dev-VR (D7296918-1DD6-4BDD-9DE2-64A83CC13884): 0
LogDevObjectVersion:   Dev-LoadTimes (C2A15278-BFE7-4AFE-6C17-90FF531DF755): 1
LogDevObjectVersion:   Private-Geometry (6EACA3D4-40EC-4CC1-B786-8BED09428FC5): 1
LogDevObjectVersion:   Dev-AnimPhys (29E575DD-E0A3-4627-9D10-D276232CDCEA): 7
LogInit: Compiled (64-bit): Sep 22 2017 13:47:16
LogInit: Compiled with Visual C++: 19.00.24215.01
LogInit: Build Configuration: Development
LogInit: Branch Name: ++UE4+Release-4.17
LogInit: Command line: 
LogInit: Base directory: C:/Program Files/Epic Games/UE_4.17/Engine/Binaries/Win64/
LogInit: Installed Engine Build: 1
LogInit: Presizing for max 8388607 objects, including 0 objects not considered by GC, pre-allocating 0 bytes for permanent pool.
LogInit: Object subsystem initialized
[2018.01.24-19.02.32:535][  0]LogInit: Selected Device Profile: [Windows]
[2018.01.24-19.02.32:535][  0]LogInit: Applying CVar settings loaded from the selected device profile: [Windows]
[2018.01.24-19.02.32:615][  0]LogInit: Computer: TOKIE
[2018.01.24-19.02.32:615][  0]LogInit: User: MCall
[2018.01.24-19.02.32:615][  0]LogInit: CPU Page size=4096, Cores=4
[2018.01.24-19.02.32:615][  0]LogInit: High frequency timer resolution =2.240915 MHz
[2018.01.24-19.02.32:616][  0]LogMemory: Memory total: Physical=15.9GB (16GB approx)
[2018.01.24-19.02.32:616][  0]LogMemory: Platform Memory Stats for Windows
[2018.01.24-19.02.32:616][  0]LogMemory: Process Physical Memory: 280.63 MB used, 280.63 MB peak
[2018.01.24-19.02.32:616][  0]LogMemory: Process Virtual Memory: 290.42 MB used, 290.42 MB peak
[2018.01.24-19.02.32:616][  0]LogMemory: Physical Memory: 5391.44 MB used,  10900.89 MB free, 16292.33 MB total
[2018.01.24-19.02.32:616][  0]LogMemory: Virtual Memory: 718.40 MB used,  10900.89 MB free, 134217728.00 MB total
[2018.01.24-19.02.33:130][  0]LogInit: Using OS detected language (en-US).
[2018.01.24-19.02.33:131][  0]LogInit: Using OS detected locale (en-GB).
[2018.01.24-19.02.33:167][  0]LogTextLocalizationManager: No specific localization for 'en-US' exists, so the 'en' localization will be used.
[2018.01.24-19.02.34:165][  0]LogD3D11RHI: D3D11 adapters:
[2018.01.24-19.02.34:231][  0]LogD3D11RHI:    0. 'NVIDIA GeForce GT 745M' (Feature Level 11_0)
[2018.01.24-19.02.34:231][  0]LogD3D11RHI:       2009/0/8146 MB DedicatedVideo/DedicatedSystem/SharedSystem, Outputs:1, VendorId:0x10de
[2018.01.24-19.02.34:238][  0]LogD3D11RHI:    1. 'Intel(R) HD Graphics 4600' (Feature Level 11_0)
[2018.01.24-19.02.34:238][  0]LogD3D11RHI:       112/0/2048 MB DedicatedVideo/DedicatedSystem/SharedSystem, Outputs:0, VendorId:0x8086
[2018.01.24-19.02.34:240][  0]LogD3D11RHI:    2. 'Microsoft Basic Render Driver' (Feature Level 11_0)
[2018.01.24-19.02.34:240][  0]LogD3D11RHI:       0/0/8146 MB DedicatedVideo/DedicatedSystem/SharedSystem, Outputs:0, VendorId:0x1414
[2018.01.24-19.02.34:240][  0]LogD3D11RHI: Chosen D3D11 Adapter: 0
[2018.01.24-19.02.34:250][  0]LogD3D11RHI: Creating new Direct3DDevice
[2018.01.24-19.02.34:250][  0]LogD3D11RHI:     GPU DeviceId: 0xfe3 (for the marketing name, search the web for "GPU Device Id")
[2018.01.24-19.02.34:250][  0]LogWindows: EnumDisplayDevices:
[2018.01.24-19.02.34:250][  0]LogWindows:    0. 'Intel(R) HD Graphics 4600' (P:1 D:1)
[2018.01.24-19.02.34:250][  0]LogWindows:    1. 'Intel(R) HD Graphics 4600' (P:0 D:0)
[2018.01.24-19.02.34:250][  0]LogWindows:    2. 'Intel(R) HD Graphics 4600' (P:0 D:0)
[2018.01.24-19.02.34:250][  0]LogWindows: DebugString: GetVideoDriverDetailsInvalid PrimaryIsNotTheChoosenAdapter GetVideoDriverDetailsInvalid PrimaryIsNotTheChoosenAdapter GetVideoDriverDetailsInvalid PrimaryIsNotTheChoosenAdapter FoundDriverCount:0 
[2018.01.24-19.02.34:251][  0]LogD3D11RHI:     Adapter Name: NVIDIA GeForce GT 745M
[2018.01.24-19.02.34:251][  0]LogD3D11RHI:   Driver Version: Unknown (internal:Unknown, unified:Unknown)
[2018.01.24-19.02.34:251][  0]LogD3D11RHI:      Driver Date: Unknown
[2018.01.24-19.02.34:251][  0]LogRHI: Texture pool is 1361 MB (70% of 1945 MB)
[2018.01.24-19.02.34:286][  0]LogD3D11RHI: Async texture creation enabled
[2018.01.24-19.02.34:306][  0]LogD3D11RHI: GPU Timing Frequency: 1000.000000 (Debug: 2 2)
[2018.01.24-19.02.34:307][  0]LogShaderCompilers: Guid format shader working directory is -16 characters bigger than the processId version (../../../../../../Users/MCall/Documents/GitHub/BANG/Bang 4.17/Intermediate/Shaders/WorkingDirectory/12828/).
[2018.01.24-19.02.34:307][  0]LogShaderCompilers: Cleaned the shader compiler working directory 'C:/Users/MCall/AppData/Local/Temp/UnrealShaderWorkingDir/C0F76D854CB2E7E34B40CEA41285BA45/'.
[2018.01.24-19.02.34:307][  0]LogShaderCompilers: Display: Using Local Shader Compiler.
[2018.01.24-19.02.35:576][  0]LogTemp: Display: Loaded TP AllDesktopTargetPlatform
[2018.01.24-19.02.35:646][  0]LogTemp: Display: Loaded TP MacClientTargetPlatform
[2018.01.24-19.02.35:709][  0]LogTemp: Display: Loaded TP MacNoEditorTargetPlatform
[2018.01.24-19.02.35:773][  0]LogTemp: Display: Loaded TP MacServerTargetPlatform
[2018.01.24-19.02.35:836][  0]LogTemp: Display: Loaded TP MacTargetPlatform
[2018.01.24-19.02.35:899][  0]LogTemp: Display: Loaded TP WindowsClientTargetPlatform
[2018.01.24-19.02.35:962][  0]LogTemp: Display: Loaded TP WindowsNoEditorTargetPlatform
[2018.01.24-19.02.36:028][  0]LogTemp: Display: Loaded TP WindowsServerTargetPlatform
[2018.01.24-19.02.36:088][  0]LogTemp: Display: Loaded TP WindowsTargetPlatform
[2018.01.24-19.02.36:151][  0]LogTemp: Display: Loaded TP AndroidTargetPlatform
[2018.01.24-19.02.36:213][  0]LogTemp: Display: Loaded TP Android_ASTCTargetPlatform
[2018.01.24-19.02.36:279][  0]LogTemp: Display: Loaded TP Android_ATCTargetPlatform
[2018.01.24-19.02.36:343][  0]LogTemp: Display: Loaded TP Android_DXTTargetPlatform
[2018.01.24-19.02.36:407][  0]LogTemp: Display: Loaded TP Android_ETC1TargetPlatform
[2018.01.24-19.02.36:505][  0]LogTemp: Display: Loaded TP Android_ETC2TargetPlatform
[2018.01.24-19.02.36:687][  0]LogTemp: Display: Loaded TP Android_MultiTargetPlatform
[2018.01.24-19.02.36:687][  0]LogTemp: Display: Loaded TP Android_PVRTCTargetPlatform
[2018.01.24-19.02.36:738][  0]LogTemp: Display: Loaded TP HTML5TargetPlatform
[2018.01.24-19.02.36:849][  0]LogTemp: Display: Loaded TP IOSTargetPlatform
[2018.01.24-19.02.36:886][  0]LogTemp: Display: Loaded TP TVOSTargetPlatform
[2018.01.24-19.02.36:949][  0]LogTemp: Display: Loaded TP LinuxClientTargetPlatform
[2018.01.24-19.02.37:013][  0]LogTemp: Display: Loaded TP LinuxNoEditorTargetPlatform
[2018.01.24-19.02.37:076][  0]LogTemp: Display: Loaded TP LinuxServerTargetPlatform
[2018.01.24-19.02.37:144][  0]LogTemp: Display: Loaded TP LinuxTargetPlatform
[2018.01.24-19.02.37:144][  0]LogTargetPlatformManager: Display: Building Assets For Windows
[2018.01.24-19.02.37:891][  0]LogDerivedDataCache: Display: Max Cache Size: 512 MB
[2018.01.24-19.02.38:022][  0]LogDerivedDataCache: Loaded boot cache 0.13s 93MB C:/Users/MCall/AppData/Local/UnrealEngine/4.17/DerivedDataCache/Boot.ddc.
[2018.01.24-19.02.38:022][  0]LogDerivedDataCache: Display: Loaded Boot cache: C:/Users/MCall/AppData/Local/UnrealEngine/4.17/DerivedDataCache/Boot.ddc
[2018.01.24-19.02.38:022][  0]LogDerivedDataCache: FDerivedDataBackendGraph:  Pak pak cache file ../../../../../../Users/MCall/Documents/GitHub/BANG/Bang 4.17/DerivedDataCache/DDC.ddp not found, will not use a pak cache.
[2018.01.24-19.02.38:023][  0]LogDerivedDataCache: Unable to find inner node Pak for hierarchical cache Hierarchy.
[2018.01.24-19.02.38:023][  0]LogDerivedDataCache: FDerivedDataBackendGraph:  CompressedPak pak cache file ../../../../../../Users/MCall/Documents/GitHub/BANG/Bang 4.17/DerivedDataCache/Compressed.ddp not found, will not use a pak cache.
[2018.01.24-19.02.38:023][  0]LogDerivedDataCache: Unable to find inner node CompressedPak for hierarchical cache Hierarchy.
[2018.01.24-19.02.38:039][  0]LogDerivedDataCache: Display: Pak cache opened for reading ../../../Engine/DerivedDataCache/Compressed.ddp.
[2018.01.24-19.02.38:053][  0]LogDerivedDataCache: Using Local data cache path C:/Users/MCall/AppData/Local/UnrealEngine/Common/DerivedDataCache: Writable
[2018.01.24-19.02.38:065][  0]LogMaterial: Verifying Global Shaders for PCD3D_SM5
[2018.01.24-19.02.38:065][  0]LogSlate: Using Freetype 2.6.0
[2018.01.24-19.02.38:068][  0]LogSlate: SlateFontCache - WITH_FREETYPE: 1, WITH_HARFBUZZ: 1
[2018.01.24-19.02.38:068][  0]LogSlate: SlateFontCache - WITH_FREETYPE: 1, WITH_HARFBUZZ: 1
[2018.01.24-19.02.38:401][  0]LogAssetRegistry: FAssetRegistry took 0.0272 seconds to start up
[2018.01.24-19.02.38:540][  0]LogInit: Selected Device Profile: [Windows]
[2018.01.24-19.02.38:718][  0]LogContentStreaming: Texture pool size is 0.00 MB
[2018.01.24-19.02.39:120][  0]LogSimplygon: Simplygon DLL not present - disabling.
[2018.01.24-19.02.39:192][  0]LogMeshReduction: Using SimplygonSwarm for distributed automatic mesh merging
[2018.01.24-19.02.39:192][  0]LogMeshReduction: Using QuadricMeshReduction for automatic static mesh reduction
[2018.01.24-19.02.39:192][  0]LogMeshReduction: No automatic skeletal mesh reduction module available
[2018.01.24-19.02.39:192][  0]LogMeshReduction: No automatic mesh merging module available
[2018.01.24-19.02.39:192][  0]LogMeshMerging: No automatic mesh merging module available
[2018.01.24-19.02.39:652][  0]LogNetVersion: Bang , NetCL: 3573198, EngineNetVer: 2, GameNetVer: 0 (Checksum: 1517552222)
[2018.01.24-19.02.40:011][  0]LogPackageLocalizationCache: Processed 5 localized package path(s) for 2 prioritized culture(s) in 0.134273 seconds
[2018.01.24-19.02.40:018][  0]LogUObjectArray: 35825 objects as part of root set at end of initial load.
[2018.01.24-19.02.40:018][  0]LogUObjectAllocator: 7529112 out of 0 bytes used by permanent object pool.
[2018.01.24-19.02.40:018][  0]LogUObjectArray: CloseDisregardForGC: 0/0 objects in disregard for GC pool
[2018.01.24-19.02.40:100][  0]LogInit: WinSock: version 1.1 (2.2), MaxSocks=32767, MaxUdp=65467
[2018.01.24-19.02.44:039][  0]LogTcpMessaging: Initializing TcpMessaging bridge
[2018.01.24-19.02.44:089][  0]LogUdpMessaging: Initializing bridge on interface 0.0.0.0:0 to multicast group 230.0.0.1:6666.
[2018.01.24-19.02.45:413][  0]LogMaterial: Uniform references updated for custom material expression Custom.
[2018.01.24-19.02.46:127][  0]SourceControl: Source control is disabled
[2018.01.24-19.02.46:127][  0]SourceControl: Source control is disabled
[2018.01.24-19.02.46:196][  0]SourceControl: Source control is disabled
[2018.01.24-19.02.46:295][  0]SourceControl: Source control is disabled
[2018.01.24-19.02.47:316][  0]LogAndroidPermission: UAndroidPermissionCallbackProxy::GetInstance
[2018.01.24-19.02.47:710][  0]LogOcInput: OculusInput pre-init called
[2018.01.24-19.02.48:200][  0]LogEngine: Initializing Engine...
[2018.01.24-19.02.48:202][  0]LogHMD: Failed to initialize OpenVR with code 110
[2018.01.24-19.02.48:471][  0]LogStats: UGameplayTagsManager::ConstructGameplayTagTree: Construct from data asset -  0.000 s
[2018.01.24-19.02.48:471][  0]LogStats: UGameplayTagsManager::ConstructGameplayTagTree: GameplayTagTreeChangedEvent.Broadcast -  0.000 s
[2018.01.24-19.02.48:648][  0]LogAIModule: Creating AISystem for world Untitled
[2018.01.24-19.02.48:655][  0]LogInit: XAudio2 using 'Speakers (Realtek High Definition Audio)' : 2 channels at 48 kHz using 32 bits per sample (channel mask 0x3)
[2018.01.24-19.02.48:672][  0]LogInit: FAudioDevice initialized.
[2018.01.24-19.02.49:307][  0]LogDerivedDataCache: Saved boot cache 0.63s 93MB C:/Users/MCall/AppData/Local/UnrealEngine/4.17/DerivedDataCache/Boot.ddc.
[2018.01.24-19.02.49:316][  0]LogInit: Texture streaming: Enabled
[2018.01.24-19.02.49:511][  0]LogEngineSessionManager: EngineSessionManager initialized
[2018.01.24-19.02.50:033][  0]LogInit: Transaction tracking system initialized
[2018.01.24-19.02.50:565][  0]BlueprintLog: New page: Editor Load
[2018.01.24-19.02.51:892][  0]LocalizationService: Localization service is disabled
[2018.01.24-19.02.53:069][  0]LogConsoleResponse: Display: 
[2018.01.24-19.02.53:389][  0]LogCook: Display: Max memory allowance for cook 16384mb min free memory 0mb
[2018.01.24-19.02.53:390][  0]LogCook: Display: Mobile HDR setting 1
[2018.01.24-19.02.53:390][  0]LogGameplayTags: Display: UGameplayTagsManager::DoneAddingNativeTags. DelegateIsBound: 0
[2018.01.24-19.02.54:306][  0]LogFileCache: Scanning file cache for directory 'C:/Users/MCall/Documents/GitHub/BANG/Bang 4.17/Content/' took 0.02s
[2018.01.24-19.02.55:544][  0]SourceControl: Source control is disabled
[2018.01.24-19.02.55:545][  0]Cmd: MAP LOAD FILE="../../../../../../Users/MCall/Documents/GitHub/BANG/Bang 4.17/Content/2DSideScrollerCPP/Maps/2DSideScrollerExampleMap.umap" TEMPLATE=0 SHOWPROGRESS=1 FEATURELEVEL=3
[2018.01.24-19.02.55:590][  0]LightingResults: New page: Lighting Build
[2018.01.24-19.02.55:681][  0]MapCheck: New page: Map Check
[2018.01.24-19.02.55:681][  0]LightingResults: New page: Lighting Build
[2018.01.24-19.02.59:280][  0]LogAIModule: Creating AISystem for world 2DSideScrollerExampleMap
[2018.01.24-19.02.59:382][  0]LogEditorServer: Finished looking for orphan Actors (0.000 secs)
[2018.01.24-19.02.59:498][  0]Cmd: MAP CHECKDEP NOCLEARLOG
[2018.01.24-19.02.59:648][  0]MapCheck: Map check complete: 0 Error(s), 0 Warning(s), took 150.172ms to complete.
[2018.01.24-19.02.59:649][  0]LogFileHelpers: Loading map '2DSideScrollerExampleMap' took 4.104
[2018.01.24-19.03.01:960][  0]LogCollectionManager: Loaded 0 collections in 0.003200 seconds
[2018.01.24-19.03.02:243][  0]LogFileCache: Scanning file cache for directory 'C:/Users/MCall/Documents/GitHub/BANG/Bang 4.17/Saved/Collections/' took 0.01s
[2018.01.24-19.03.02:243][  0]LogFileCache: Scanning file cache for directory 'C:/Users/MCall/Documents/GitHub/BANG/Bang 4.17/Content/Developers/MCall/Collections/' took 0.01s
[2018.01.24-19.03.02:243][  0]LogFileCache: Scanning file cache for directory 'C:/Users/MCall/Documents/GitHub/BANG/Bang 4.17/Content/Collections/' took 0.01s
[2018.01.24-19.03.02:243][  0]LogCollectionManager: Rebuilt the GUID cache for 0 collections in 0.000000 seconds
[2018.01.24-19.03.02:284][  0]LogContentBrowser: Native class hierarchy populated in 0.0395 seconds. Added 2391 classes and 504 folders.
[2018.01.24-19.03.02:448][  0]LogContentBrowser: Native class hierarchy updated for 'WidgetCarousel' in 0.0134 seconds. Added 0 classes and 0 folders.
[2018.01.24-19.03.05:191][  0]LogContentBrowser: Native class hierarchy updated for 'AddContentDialog' in 0.0035 seconds. Added 0 classes and 0 folders.
[2018.01.24-19.03.10:258][  0]LogSlate: Took 0.000288 seconds to synchronously load lazily loaded font '../../../Engine/Content/Slate/Fonts/Roboto-Regular.ttf' (155K)
[2018.01.24-19.03.10:263][  0]LogSlate: Took 0.000263 seconds to synchronously load lazily loaded font '../../../Engine/Content/Slate/Fonts/Roboto-Bold.ttf' (160K)
[2018.01.24-19.03.10:320][  0]LogSlate: Took 0.052900 seconds to synchronously load lazily loaded font '../../../Engine/Content/Editor/Slate/Fonts/FontAwesome.ttf' (139K)
[2018.01.24-19.03.10:925][  0]LogTemp: Executing iPhonePackager certificates Engine -bundlename com.YourCompany.Bang
[2018.01.24-19.03.10:925][  0]LogTemp: CWD: C:\Program Files\Epic Games\UE_4.17\Engine\Binaries\DotNET\IOS
[2018.01.24-19.03.10:925][  0]LogTemp: Initial Dir: C:\Program Files\Epic Games\UE_4.17
[2018.01.24-19.03.10:925][  0]LogTemp: Env CWD: C:\Program Files\Epic Games\UE_4.17\Engine\Binaries\DotNET\IOS
[2018.01.24-19.03.10:925][  0]LogTemp: BranchPath = TOKIE/C/Program Files/Epic Games/UE_4.17/Engine/Binaries --- GameBranchPath = TOKIE/C/Program Files/Epic Games/UE_4.17/Engine/Binaries
[2018.01.24-19.03.10:925][  0]LogTemp: IPP ERROR: Could not find provision directory 'C:\Users\MCall\AppData\Local/Apple Computer/MobileDevice/Provisioning Profiles/'.
[2018.01.24-19.03.10:925][  0]LogRenderer: Reallocating scene render targets to support 808x372 Format 10 NumSamples 1 (Frame:1).
[2018.01.24-19.03.11:234][  0]LogSlate: Took 0.011913 seconds to synchronously load lazily loaded font '../../../Engine/Content/Slate/Fonts/Roboto-Light.ttf' (159K)
[2018.01.24-19.03.11:459][  0]LogContentBrowser: Native class hierarchy updated for 'HierarchicalLODOutliner' in 0.0027 seconds. Added 1 classes and 2 folders.
[2018.01.24-19.03.11:460][  0]LogLoad: (Engine Initialization) Total time: 43.16 seconds
[2018.01.24-19.03.11:460][  0]LogLoad: (Engine Initialization) Total Blueprint compile time: 0.00 seconds
[2018.01.24-19.03.11:460][  0]LogExternalProfiler: Found external profiler: VSPerf
[2018.01.24-19.03.11:460][  0]LogExternalProfiler: Using external profiler: VSPerf
[2018.01.24-19.03.11:841][  0]LogContentStreaming: Texture pool size now 1000 MB
[2018.01.24-19.03.12:485][  2]LogAssetRegistry: Asset discovery search completed in 34.1062 seconds
[2018.01.24-19.03.12:487][  2]LogCollectionManager: Rebuilt the object cache for 0 collections in 0.000000 seconds (found 0 objects)
[2018.01.24-19.03.12:487][  2]LogCollectionManager: Fixed up redirectors for 0 collections in 0.000068 seconds (updated 0 objects)
[2018.01.24-19.04.21:390][358]LogVSAccessor: Warning: Couldn't access Visual Studio
[2018.01.24-19.04.21:510][358]Candidate modules for hot reload:
[2018.01.24-19.04.21:511][358]  Bang
[2018.01.24-19.04.21:511][358]Launching UnrealBuildTool... [C:/Program Files/Epic Games/UE_4.17/Engine/Binaries/DotNET/UnrealBuildTool.exe Bang -ModuleWithSuffix Bang 135 Win64 Development -editorrecompile -canskiplink "C:/Users/MCall/Documents/GitHub/BANG/Bang 4.17/Bang.uproject" ]
[2018.01.24-19.04.21:531][358]Warning: Starting HotReload took  0.2s.
[2018.01.24-19.18.53:895][494]CompilerResultsLog: New page: Compilation - 24 Jan 2018 19:18:53
[2018.01.24-19.18.53:896][494]CompilerResultsLog: C:\Users\MCall\Documents\GitHub\BANG\Bang 4.17\Source\Bang\Bang.Build.cs: warning: Module constructors should take a ReadOnlyTargetRules argument (rather than a TargetInfo argument) and pass it to the base class constructor from 4.15 onwards. Please update the method signature.
[2018.01.24-19.18.53:896][494]CompilerResultsLog: C:\Users\MCall\Documents\GitHub\BANG\Bang 4.17\Source\Bang.Target.cs: warning: SetupBinaries() is deprecated in the 4.16 release. From the constructor in your .target.cs file, use ExtraModuleNames.Add("Foo") to add modules to your target, or set LaunchModuleName = "Foo" to override the name of the launch module for program targets.
[2018.01.24-19.18.53:896][494]CompilerResultsLog: C:\Users\MCall\Documents\GitHub\BANG\Bang 4.17\Source\BangEditor.Target.cs: warning: SetupBinaries() is deprecated in the 4.16 release. From the constructor in your .target.cs file, use ExtraModuleNames.Add("Foo") to add modules to your target, or set LaunchModuleName = "Foo" to override the name of the launch module for program targets.
[2018.01.24-19.18.53:896][494]CompilerResultsLog: Compiling game modules for hot reload
[2018.01.24-19.18.53:896][494]CompilerResultsLog: Performing 3 actions (4 in parallel)
[2018.01.24-19.18.53:897][494]CompilerResultsLog: BangCharacter.cpp
[2018.01.24-19.18.53:897][494]CompilerResultsLog: Error: C:\Users\MCall\Documents\GitHub\BANG\Bang 4.17\Source\Bang\BangCharacter.cpp(156) : warning C4996: 'AActor::AttachRootComponentToActor': Please use AttachToActor. Please update your code to the new API before upgrading to the next release, otherwise your project will no longer compile.
[2018.01.24-19.18.53:897][494]CompilerResultsLog: Error: C:\Program Files\Epic Games\UE_4.17\Engine\Source\Runtime\Engine\Classes\GameFramework/Actor.h(1177) : note: see declaration of 'AActor::AttachRootComponentToActor'
[2018.01.24-19.18.53:897][494]CompilerResultsLog: Error: C:\Users\MCall\Documents\GitHub\BANG\Bang 4.17\Source\Bang\BangCharacter.cpp(243) : error C2065: 'bbb': undeclared identifier
[2018.01.24-19.18.53:897][494]CompilerResultsLog: Error: C:\Users\MCall\Documents\GitHub\BANG\Bang 4.17\Source\Bang\BangCharacter.cpp(243) : error C2143: syntax error: missing ';' before '}'
[2018.01.24-19.18.53:897][494]CompilerResultsLog: ERROR: UBT ERROR: Failed to produce item: C:\Users\MCall\Documents\GitHub\BANG\Bang 4.17\Binaries\Win64\UE4Editor-Bang-135.dll
[2018.01.24-19.18.53:897][494]CompilerResultsLog: Total build time: 871.50 seconds (Local executor: 0.00 seconds)
[2018.01.24-19.18.53:960][494]LogMainFrame: MainFrame: Module compiling took 872.570 seconds
[2018.01.24-19.18.53:961][494]Warning: HotReload failed, recompile failed
[2018.01.24-19.20.05:335][928]LogSlate: Took 0.010497 seconds to synchronously load lazily loaded font '../../../Engine/Content/Slate/Fonts/Roboto-Light.ttf' (159K)
[2018.01.24-19.22.21:485][910]LogVSAccessor: Warning: Visual Studio is open but could not be queried - it may be blocked by a modal operation
[2018.01.24-19.22.37:790][911]LogVSAccessor: Warning: Couldn't goto line number '0' in 'C:/Users/MCall/Documents/GitHub/BANG/Bang 4.17/Source/Bang/BangCharacter.h'
[2018.01.24-19.22.38:009][911]LogVSAccessor: Warning: Couldn't goto line number '0' in 'C:/Users/MCall/Documents/GitHub/BANG/Bang 4.17/Source/Bang/BangCharacter.cpp'
[2018.01.24-19.45.08:299][121]Candidate modules for hot reload:
[2018.01.24-19.45.08:300][121]  Bang
[2018.01.24-19.45.08:300][121]Launching UnrealBuildTool... [C:/Program Files/Epic Games/UE_4.17/Engine/Binaries/DotNET/UnrealBuildTool.exe Bang -ModuleWithSuffix Bang 9531 Win64 Development -editorrecompile -canskiplink "C:/Users/MCall/Documents/GitHub/BANG/Bang 4.17/Bang.uproject" ]
[2018.01.24-19.45.08:307][121]Warning: Starting HotReload took  0.3s.
[2018.01.24-19.51.22:306][876]CompilerResultsLog: New page: Compilation - 24 Jan 2018 19:51:22
[2018.01.24-19.51.22:307][876]CompilerResultsLog: Performing full C++ include scan (hot reloading a new target)
[2018.01.24-19.51.22:307][876]CompilerResultsLog: C:\Users\MCall\Documents\GitHub\BANG\Bang 4.17\Source\Bang\Bang.Build.cs: warning: Module constructors should take a ReadOnlyTargetRules argument (rather than a TargetInfo argument) and pass it to the base class constructor from 4.15 onwards. Please update the method signature.
[2018.01.24-19.51.22:307][876]CompilerResultsLog: C:\Users\MCall\Documents\GitHub\BANG\Bang 4.17\Source\Bang.Target.cs: warning: SetupBinaries() is deprecated in the 4.16 release. From the constructor in your .target.cs file, use ExtraModuleNames.Add("Foo") to add modules to your target, or set LaunchModuleName = "Foo" to override the name of the launch module for program targets.
[2018.01.24-19.51.22:308][876]CompilerResultsLog: C:\Users\MCall\Documents\GitHub\BANG\Bang 4.17\Source\BangEditor.Target.cs: warning: SetupBinaries() is deprecated in the 4.16 release. From the constructor in your .target.cs file, use ExtraModuleNames.Add("Foo") to add modules to your target, or set LaunchModuleName = "Foo" to override the name of the launch module for program targets.
[2018.01.24-19.51.22:308][876]CompilerResultsLog: Compiling game modules for hot reload
[2018.01.24-19.51.22:308][876]CompilerResultsLog: Performing 6 actions (4 in parallel)
[2018.01.24-19.51.22:308][876]CompilerResultsLog: [4/6] Resource PCLaunch.rc
[2018.01.24-19.51.22:308][876]CompilerResultsLog: MeleeHitbox.cpp
[2018.01.24-19.51.22:308][876]CompilerResultsLog: MeleeHitbox.gen.cpp
[2018.01.24-19.51.22:308][876]CompilerResultsLog: BangCharacter.cpp
[2018.01.24-19.51.22:308][876]CompilerResultsLog: Error: C:\Users\MCall\Documents\GitHub\BANG\Bang 4.17\Source\Bang\MeleeHitbox.cpp(115) : warning C4456: declaration of 'hitChar' hides previous local declaration
[2018.01.24-19.51.22:308][876]CompilerResultsLog: Error: C:\Users\MCall\Documents\GitHub\BANG\Bang 4.17\Source\Bang\MeleeHitbox.cpp(91) : note: see declaration of 'hitChar'
[2018.01.24-19.51.22:309][876]CompilerResultsLog: Error: C:\Users\MCall\Documents\GitHub\BANG\Bang 4.17\Source\Bang\BangCharacter.cpp(156) : warning C4996: 'AActor::AttachRootComponentToActor': Please use AttachToActor. Please update your code to the new API before upgrading to the next release, otherwise your project will no longer compile.
[2018.01.24-19.51.22:309][876]CompilerResultsLog: Error: C:\Program Files\Epic Games\UE_4.17\Engine\Source\Runtime\Engine\Classes\GameFramework/Actor.h(1177) : note: see declaration of 'AActor::AttachRootComponentToActor'
[2018.01.24-19.51.22:309][876]CompilerResultsLog: [5/6] Link UE4Editor-Bang-9531.dll
[2018.01.24-19.51.22:309][876]CompilerResultsLog: [6/6] Link UE4Editor-Bang-9531.lib
[2018.01.24-19.51.22:309][876]CompilerResultsLog:    Creating library C:\Users\MCall\Documents\GitHub\BANG\Bang 4.17\Intermediate\Build\Win64\UE4Editor\Development\UE4Editor-Bang-9531.lib and object C:\Users\MCall\Documents\GitHub\BANG\Bang 4.17\Intermediate\Build\Win64\UE4Editor\Development\UE4Editor-Bang-9531.exp
[2018.01.24-19.51.22:309][876]CompilerResultsLog:    Creating library C:\Users\MCall\Documents\GitHub\BANG\Bang 4.17\Intermediate\Build\Win64\UE4Editor\Development\UE4Editor-Bang-9531.suppressed.lib and object C:\Users\MCall\Documents\GitHub\BANG\Bang 4.17\Intermediate\Build\Win64\UE4Editor\Development\UE4Editor-Bang-9531.suppressed.exp
[2018.01.24-19.51.22:309][876]CompilerResultsLog: Total build time: 370.07 seconds (Local executor: 274.93 seconds)
[2018.01.24-19.51.22:309][876]LogMainFrame: MainFrame: Module compiling took 374.015 seconds
[2018.01.24-19.51.28:414][876]LogHotReload: Re-instancing BangCharacter after hot-reload.
[2018.01.24-19.51.31:227][876]LogHotReload: Re-instancing MeleeHitbox after hot-reload.
[2018.01.24-19.51.31:391][876]LogContentBrowser: Native class hierarchy updated for 'Bang' in 0.0091 seconds. Added 4 classes and 2 folders.
[2018.01.24-19.51.31:444][876]Display: HotReload successful (3 functions remapped  0 scriptstructs remapped)
[2018.01.24-19.51.31:737][876]LogContentBrowser: Native class hierarchy populated in 0.0510 seconds. Added 2392 classes and 506 folders.
[2018.01.24-19.51.31:839][876]Display: HotReload took 383.8s.
[2018.01.24-19.51.34:882][ 36]LogSlate: Took 0.228184 seconds to synchronously load lazily loaded font '../../../Engine/Content/Editor/Slate/Fonts/DroidSansMono.ttf' (77K)
[2018.01.24-19.51.40:855][399]LogTemp: Repeating last play command: Selected Viewport
[2018.01.24-19.51.41:255][399]LogBlueprintUserMessages: Early PlayInEditor Detection: Level '/Game/2DSideScrollerCPP/Maps/2DSideScrollerExampleMap.2DSideScrollerExampleMap:PersistentLevel' has LevelScriptBlueprint '/Game/2DSideScrollerCPP/Maps/2DSideScrollerExampleMap.2DSideScrollerExampleMap:PersistentLevel.2DSideScrollerExampleMap' with GeneratedClass '/Game/2DSideScrollerCPP/Maps/2DSideScrollerExampleMap.2DSideScrollerExampleMap_C' with ClassGeneratedBy '/Game/2DSideScrollerCPP/Maps/2DSideScrollerExampleMap.2DSideScrollerExampleMap:PersistentLevel.2DSideScrollerExampleMap'
[2018.01.24-19.51.41:328][399]LogPlayLevel: PlayLevel: No blueprints needed recompiling
[2018.01.24-19.51.41:739][399]PIE: New page: PIE session: 2DSideScrollerExampleMap (24 Jan 2018 19:51:41)
[2018.01.24-19.51.41:799][399]LogPlayLevel: Creating play world package: /Game/2DSideScrollerCPP/Maps/UEDPIE_0_2DSideScrollerExampleMap
[2018.01.24-19.51.42:236][399]LogPlayLevel: PIE: StaticDuplicateObject took: (0.435955s)
[2018.01.24-19.51.42:277][399]LogAIModule: Creating AISystem for world 2DSideScrollerExampleMap
[2018.01.24-19.51.42:278][399]LogPlayLevel: PIE: World Init took: (0.041365s)
[2018.01.24-19.51.42:279][399]LogPlayLevel: PIE: Created PIE world by copying editor world from /Game/2DSideScrollerCPP/Maps/2DSideScrollerExampleMap.2DSideScrollerExampleMap to /Game/2DSideScrollerCPP/Maps/UEDPIE_0_2DSideScrollerExampleMap.2DSideScrollerExampleMap (0.485725s)
[2018.01.24-19.51.42:391][399]LogInit: XAudio2 using 'Speakers (Realtek High Definition Audio)' : 2 channels at 48 kHz using 32 bits per sample (channel mask 0x3)
[2018.01.24-19.51.42:440][399]LogInit: FAudioDevice initialized.
[2018.01.24-19.51.42:711][399]LogLoad: Game class is 'BangGameMode'
[2018.01.24-19.51.43:727][399]LogWorld: Bringing World /Game/2DSideScrollerCPP/Maps/UEDPIE_0_2DSideScrollerExampleMap.2DSideScrollerExampleMap up for play (max tick rate 0) at 2018.01.24-19.51.43
[2018.01.24-19.51.44:819][399]LogWorld: Bringing up level for play took: 1.131486
[2018.01.24-19.51.45:527][399]LogContentBrowser: Native class hierarchy updated for 'MovieSceneCapture' in 0.0114 seconds. Added 11 classes and 0 folders.
[2018.01.24-19.51.45:667][399]PIE: Play in editor start time for /Game/2DSideScrollerCPP/Maps/UEDPIE_0_2DSideScrollerExampleMap 4.139
[2018.01.24-19.51.45:668][399]LogBlueprintUserMessages: Late PlayInEditor Detection: Level '/Game/2DSideScrollerCPP/Maps/2DSideScrollerExampleMap.2DSideScrollerExampleMap:PersistentLevel' has LevelScriptBlueprint '/Game/2DSideScrollerCPP/Maps/2DSideScrollerExampleMap.2DSideScrollerExampleMap:PersistentLevel.2DSideScrollerExampleMap' with GeneratedClass '/Game/2DSideScrollerCPP/Maps/2DSideScrollerExampleMap.2DSideScrollerExampleMap_C' with ClassGeneratedBy '/Game/2DSideScrollerCPP/Maps/2DSideScrollerExampleMap.2DSideScrollerExampleMap:PersistentLevel.2DSideScrollerExampleMap'
[2018.01.24-19.51.53:153][735]LogTemp: I was, ouch
[2018.01.24-19.51.54:032][781]LogTemp: I was, ouch
[2018.01.24-19.51.54:735][823]LogTemp: I was, ouch
[2018.01.24-19.51.55:494][860]LogTemp: I was, ouch
[2018.01.24-19.51.56:021][892]LogTemp: I was, ouch
[2018.01.24-19.51.56:713][933]LogTemp: I was, ouch
[2018.01.24-19.51.57:945][  7]LogTemp: I was, ouch
[2018.01.24-19.51.58:633][ 49]LogTemp: I was, ouch
[2018.01.24-19.51.59:306][ 89]LogTemp: I was, ouch
[2018.01.24-19.52.00:017][128]LogTemp: Ranged Hit Detected
[2018.01.24-19.52.00:017][128]LogTemp: I was hit
[2018.01.24-19.52.04:153][375]LogBlueprintUserMessages: Early EndPlayMap Detection: Level '/Game/2DSideScrollerCPP/Maps/2DSideScrollerExampleMap.2DSideScrollerExampleMap:PersistentLevel' has LevelScriptBlueprint '/Game/2DSideScrollerCPP/Maps/2DSideScrollerExampleMap.2DSideScrollerExampleMap:PersistentLevel.2DSideScrollerExampleMap' with GeneratedClass '/Game/2DSideScrollerCPP/Maps/2DSideScrollerExampleMap.2DSideScrollerExampleMap_C' with ClassGeneratedBy '/Game/2DSideScrollerCPP/Maps/2DSideScrollerExampleMap.2DSideScrollerExampleMap:PersistentLevel.2DSideScrollerExampleMap'
[2018.01.24-19.52.04:703][375]LogBlueprintUserMessages: Late EndPlayMap Detection: Level '/Game/2DSideScrollerCPP/Maps/2DSideScrollerExampleMap.2DSideScrollerExampleMap:PersistentLevel' has LevelScriptBlueprint '/Game/2DSideScrollerCPP/Maps/2DSideScrollerExampleMap.2DSideScrollerExampleMap:PersistentLevel.2DSideScrollerExampleMap' with GeneratedClass '/Game/2DSideScrollerCPP/Maps/2DSideScrollerExampleMap.2DSideScrollerExampleMap_C' with ClassGeneratedBy '/Game/2DSideScrollerCPP/Maps/2DSideScrollerExampleMap.2DSideScrollerExampleMap:PersistentLevel.2DSideScrollerExampleMap'
[2018.01.24-19.59.41:077][878]LogHotReload: New module detected: UE4Editor-Bang-1891-Win64-DebugGame.dll
[2018.01.24-19.59.42:092][882]LogHotReload: Starting Hot-Reload from IDE
[2018.01.24-19.59.42:202][882]LogClass: Could not find existing class MeleeHitbox in package /Script/Bang for HotReload, assuming new class
[2018.01.24-19.59.42:205][882]LogHotReload: Re-instancing BangCharacter after hot-reload.
[2018.01.24-19.59.42:374][882]LogHotReload: Re-instancing MeleeHitbox after hot-reload.
[2018.01.24-19.59.42:419][882]LogContentBrowser: Native class hierarchy updated for 'Bang' in 0.0023 seconds. Added 4 classes and 2 folders.
[2018.01.24-19.59.42:421][882]Display: HotReload successful (1 functions remapped  0 scriptstructs remapped)
[2018.01.24-19.59.42:454][882]LogContentBrowser: Native class hierarchy populated in 0.0120 seconds. Added 2392 classes and 506 folders.
[2018.01.24-19.59.42:456][882]Display: HotReload took  0.4s.
[2018.01.24-20.01.54:043][170]Candidate modules for hot reload:
[2018.01.24-20.01.54:043][170]  Bang
[2018.01.24-20.01.54:044][170]Launching UnrealBuildTool... [C:/Program Files/Epic Games/UE_4.17/Engine/Binaries/DotNET/UnrealBuildTool.exe Bang -ModuleWithSuffix Bang 6115 Win64 Development -editorrecompile -canskiplink "C:/Users/MCall/Documents/GitHub/BANG/Bang 4.17/Bang.uproject" ]
[2018.01.24-20.01.54:058][170]Warning: Starting HotReload took  0.0s.
[2018.01.24-20.02.46:720][706]CompilerResultsLog: New page: Compilation - 24 Jan 2018 20:02:46
[2018.01.24-20.02.46:722][706]CompilerResultsLog: Performing full C++ include scan (hot reloading a new target)
[2018.01.24-20.02.46:723][706]CompilerResultsLog: C:\Users\MCall\Documents\GitHub\BANG\Bang 4.17\Source\Bang\Bang.Build.cs: warning: Module constructors should take a ReadOnlyTargetRules argument (rather than a TargetInfo argument) and pass it to the base class constructor from 4.15 onwards. Please update the method signature.
[2018.01.24-20.02.46:724][706]CompilerResultsLog: C:\Users\MCall\Documents\GitHub\BANG\Bang 4.17\Source\Bang.Target.cs: warning: SetupBinaries() is deprecated in the 4.16 release. From the constructor in your .target.cs file, use ExtraModuleNames.Add("Foo") to add modules to your target, or set LaunchModuleName = "Foo" to override the name of the launch module for program targets.
[2018.01.24-20.02.46:727][706]CompilerResultsLog: C:\Users\MCall\Documents\GitHub\BANG\Bang 4.17\Source\BangEditor.Target.cs: warning: SetupBinaries() is deprecated in the 4.16 release. From the constructor in your .target.cs file, use ExtraModuleNames.Add("Foo") to add modules to your target, or set LaunchModuleName = "Foo" to override the name of the launch module for program targets.
[2018.01.24-20.02.46:729][706]CompilerResultsLog: Compiling game modules for hot reload
[2018.01.24-20.02.46:729][706]CompilerResultsLog: Performing 7 actions (4 in parallel)
[2018.01.24-20.02.46:730][706]CompilerResultsLog: MeleeHitbox.cpp
[2018.01.24-20.02.46:730][706]CompilerResultsLog: BangCharacter.cpp
[2018.01.24-20.02.46:731][706]CompilerResultsLog: Bang.init.gen.cpp
[2018.01.24-20.02.46:731][706]CompilerResultsLog: MeleeHitbox.gen.cpp
[2018.01.24-20.02.46:732][706]CompilerResultsLog: Error: C:\Users\MCall\Documents\GitHub\BANG\Bang 4.17\Source\Bang\BangCharacter.cpp(156) : warning C4996: 'AActor::AttachRootComponentToActor': Please use AttachToActor. Please update your code to the new API before upgrading to the next release, otherwise your project will no longer compile.
[2018.01.24-20.02.46:734][706]CompilerResultsLog: Error: C:\Program Files\Epic Games\UE_4.17\Engine\Source\Runtime\Engine\Classes\GameFramework/Actor.h(1177) : note: see declaration of 'AActor::AttachRootComponentToActor'
[2018.01.24-20.02.46:735][706]CompilerResultsLog: [5/7] Resource PCLaunch.rc
[2018.01.24-20.02.46:735][706]CompilerResultsLog: [6/7] Link UE4Editor-Bang-6115.dll
[2018.01.24-20.02.46:736][706]CompilerResultsLog: [7/7] Link UE4Editor-Bang-6115.lib
[2018.01.24-20.02.46:736][706]CompilerResultsLog:    Creating library C:\Users\MCall\Documents\GitHub\BANG\Bang 4.17\Intermediate\Build\Win64\UE4Editor\Development\UE4Editor-Bang-6115.lib and object C:\Users\MCall\Documents\GitHub\BANG\Bang 4.17\Intermediate\Build\Win64\UE4Editor\Development\UE4Editor-Bang-6115.exp
[2018.01.24-20.02.46:737][706]CompilerResultsLog:    Creating library C:\Users\MCall\Documents\GitHub\BANG\Bang 4.17\Intermediate\Build\Win64\UE4Editor\Development\UE4Editor-Bang-6115.suppressed.lib and object C:\Users\MCall\Documents\GitHub\BANG\Bang 4.17\Intermediate\Build\Win64\UE4Editor\Development\UE4Editor-Bang-6115.suppressed.exp
[2018.01.24-20.02.46:739][706]CompilerResultsLog: Total build time: 51.72 seconds (Local executor: 19.34 seconds)
[2018.01.24-20.02.46:739][706]LogMainFrame: MainFrame: Module compiling took 52.704 seconds
[2018.01.24-20.02.47:020][706]LogHotReload: Re-instancing BangCharacter after hot-reload.
[2018.01.24-20.02.47:661][706]LogContentBrowser: Native class hierarchy updated for 'Bang' in 0.0084 seconds. Added 4 classes and 2 folders.
[2018.01.24-20.02.47:668][706]Display: HotReload successful (1 functions remapped  0 scriptstructs remapped)
[2018.01.24-20.02.47:780][706]LogContentBrowser: Native class hierarchy populated in 0.0401 seconds. Added 2392 classes and 506 folders.
[2018.01.24-20.02.47:781][706]Display: HotReload took 53.8s.
[2018.01.24-20.03.24:510][465]LogTemp: Repeating last play command: Selected Viewport
[2018.01.24-20.03.24:613][465]LogBlueprintUserMessages: Early PlayInEditor Detection: Level '/Game/2DSideScrollerCPP/Maps/2DSideScrollerExampleMap.2DSideScrollerExampleMap:PersistentLevel' has LevelScriptBlueprint '/Game/2DSideScrollerCPP/Maps/2DSideScrollerExampleMap.2DSideScrollerExampleMap:PersistentLevel.2DSideScrollerExampleMap' with GeneratedClass '/Game/2DSideScrollerCPP/Maps/2DSideScrollerExampleMap.2DSideScrollerExampleMap_C' with ClassGeneratedBy '/Game/2DSideScrollerCPP/Maps/2DSideScrollerExampleMap.2DSideScrollerExampleMap:PersistentLevel.2DSideScrollerExampleMap'
[2018.01.24-20.03.24:615][465]LogPlayLevel: PlayLevel: No blueprints needed recompiling
[2018.01.24-20.03.24:616][465]PIE: New page: PIE session: 2DSideScrollerExampleMap (24 Jan 2018 20:03:24)
[2018.01.24-20.03.24:616][465]LogPlayLevel: Creating play world package: /Game/2DSideScrollerCPP/Maps/UEDPIE_0_2DSideScrollerExampleMap
[2018.01.24-20.03.24:653][465]LogPlayLevel: PIE: StaticDuplicateObject took: (0.036242s)
[2018.01.24-20.03.24:656][465]LogAIModule: Creating AISystem for world 2DSideScrollerExampleMap
[2018.01.24-20.03.24:657][465]LogPlayLevel: PIE: World Init took: (0.003153s)
[2018.01.24-20.03.24:658][465]LogPlayLevel: PIE: Created PIE world by copying editor world from /Game/2DSideScrollerCPP/Maps/2DSideScrollerExampleMap.2DSideScrollerExampleMap to /Game/2DSideScrollerCPP/Maps/UEDPIE_0_2DSideScrollerExampleMap.2DSideScrollerExampleMap (0.041493s)
[2018.01.24-20.03.24:701][465]LogInit: XAudio2 using 'Speakers (Realtek High Definition Audio)' : 2 channels at 48 kHz using 32 bits per sample (channel mask 0x3)
[2018.01.24-20.03.24:740][465]LogInit: FAudioDevice initialized.
[2018.01.24-20.03.24:789][465]LogLoad: Game class is 'BangGameMode'
[2018.01.24-20.03.24:797][465]LogWorld: Bringing World /Game/2DSideScrollerCPP/Maps/UEDPIE_0_2DSideScrollerExampleMap.2DSideScrollerExampleMap up for play (max tick rate 0) at 2018.01.24-20.03.24
[2018.01.24-20.03.24:799][465]LogWorld: Bringing up level for play took: 0.007683
[2018.01.24-20.03.24:803][465]PIE: Play in editor start time for /Game/2DSideScrollerCPP/Maps/UEDPIE_0_2DSideScrollerExampleMap -0.725
[2018.01.24-20.03.24:804][465]LogBlueprintUserMessages: Late PlayInEditor Detection: Level '/Game/2DSideScrollerCPP/Maps/2DSideScrollerExampleMap.2DSideScrollerExampleMap:PersistentLevel' has LevelScriptBlueprint '/Game/2DSideScrollerCPP/Maps/2DSideScrollerExampleMap.2DSideScrollerExampleMap:PersistentLevel.2DSideScrollerExampleMap' with GeneratedClass '/Game/2DSideScrollerCPP/Maps/2DSideScrollerExampleMap.2DSideScrollerExampleMap_C' with ClassGeneratedBy '/Game/2DSideScrollerCPP/Maps/2DSideScrollerExampleMap.2DSideScrollerExampleMap:PersistentLevel.2DSideScrollerExampleMap'
[2018.01.24-20.03.28:198][686]LogTemp: I was, ouch
[2018.01.24-20.03.34:584][110]LogTemp: I was, ouch
[2018.01.24-20.03.37:367][298]LogBlueprintUserMessages: Early EndPlayMap Detection: Level '/Game/2DSideScrollerCPP/Maps/2DSideScrollerExampleMap.2DSideScrollerExampleMap:PersistentLevel' has LevelScriptBlueprint '/Game/2DSideScrollerCPP/Maps/2DSideScrollerExampleMap.2DSideScrollerExampleMap:PersistentLevel.2DSideScrollerExampleMap' with GeneratedClass '/Game/2DSideScrollerCPP/Maps/2DSideScrollerExampleMap.2DSideScrollerExampleMap_C' with ClassGeneratedBy '/Game/2DSideScrollerCPP/Maps/2DSideScrollerExampleMap.2DSideScrollerExampleMap:PersistentLevel.2DSideScrollerExampleMap'
[2018.01.24-20.03.37:423][298]LogBlueprintUserMessages: Late EndPlayMap Detection: Level '/Game/2DSideScrollerCPP/Maps/2DSideScrollerExampleMap.2DSideScrollerExampleMap:PersistentLevel' has LevelScriptBlueprint '/Game/2DSideScrollerCPP/Maps/2DSideScrollerExampleMap.2DSideScrollerExampleMap:PersistentLevel.2DSideScrollerExampleMap' with GeneratedClass '/Game/2DSideScrollerCPP/Maps/2DSideScrollerExampleMap.2DSideScrollerExampleMap_C' with ClassGeneratedBy '/Game/2DSideScrollerCPP/Maps/2DSideScrollerExampleMap.2DSideScrollerExampleMap:PersistentLevel.2DSideScrollerExampleMap'
[2018.01.24-20.03.57:278][536]LogSlate: Took 0.013330 seconds to synchronously load lazily loaded font '../../../Engine/Content/Slate/Fonts/Roboto-Regular.ttf' (155K)
[2018.01.24-20.03.59:124][536]LogContentBrowser: Native class hierarchy updated for 'BlueprintGraph' in 0.0093 seconds. Added 113 classes and 0 folders.
[2018.01.24-20.04.54:589][815]LogSavePackage: Save=252.87ms
[2018.01.24-20.04.54:589][815]LogSavePackage: Moving '../../../../../../Users/MCall/Documents/GitHub/BANG/Bang 4.17/Saved/BP_2DSideScrollerCharacter180DC697481510D7F52653A07B9DC58F.tmp' to '../../../../../../Users/MCall/Documents/GitHub/BANG/Bang 4.17/Content/2DSideScrollerCPP/Blueprints/BP_2DSideScrollerCharacter.uasset'
[2018.01.24-20.04.54:688][815]LogSavePackage: Display: Finished SavePackage ../../../../../../Users/MCall/Documents/GitHub/BANG/Bang 4.17/Content/2DSideScrollerCPP/Blueprints/BP_2DSideScrollerCharacter.uasset
[2018.01.24-20.04.55:584][832]BlueprintLog: New page: Compile BP_2DSideScrollerCharacter
[2018.01.24-20.04.59:805][859]LogSavePackage: Save=105.35ms
[2018.01.24-20.04.59:806][859]LogSavePackage: Moving '../../../../../../Users/MCall/Documents/GitHub/BANG/Bang 4.17/Saved/BP_2DSideScrollerCharacterB3CE883D4A8D568E1C523DB1966880AE.tmp' to '../../../../../../Users/MCall/Documents/GitHub/BANG/Bang 4.17/Content/2DSideScrollerCPP/Blueprints/BP_2DSideScrollerCharacter.uasset'
[2018.01.24-20.04.59:814][859]LogSavePackage: Display: Finished SavePackage ../../../../../../Users/MCall/Documents/GitHub/BANG/Bang 4.17/Content/2DSideScrollerCPP/Blueprints/BP_2DSideScrollerCharacter.uasset
[2018.01.24-20.05.02:520][942]LogSavePackage: Save=280.80ms
[2018.01.24-20.05.02:521][942]LogSavePackage: Moving '../../../../../../Users/MCall/Documents/GitHub/BANG/Bang 4.17/Saved/2DSideScrollerExampleMapD1AFBCA94A8A7B55522B14AF8214969D.tmp' to '../../../../../../Users/MCall/Documents/GitHub/BANG/Bang 4.17/Content/2DSideScrollerCPP/Maps/2DSideScrollerExampleMap.umap'
[2018.01.24-20.05.02:551][942]LogSavePackage: Display: Finished SavePackage ../../../../../../Users/MCall/Documents/GitHub/BANG/Bang 4.17/Content/2DSideScrollerCPP/Maps/2DSideScrollerExampleMap.umap
[2018.01.24-20.05.08:731][321]LogTemp: Repeating last play command: Selected Viewport
[2018.01.24-20.05.08:883][321]LogBlueprintUserMessages: Early PlayInEditor Detection: Level '/Game/2DSideScrollerCPP/Maps/2DSideScrollerExampleMap.2DSideScrollerExampleMap:PersistentLevel' has LevelScriptBlueprint '/Game/2DSideScrollerCPP/Maps/2DSideScrollerExampleMap.2DSideScrollerExampleMap:PersistentLevel.2DSideScrollerExampleMap' with GeneratedClass '/Game/2DSideScrollerCPP/Maps/2DSideScrollerExampleMap.2DSideScrollerExampleMap_C' with ClassGeneratedBy '/Game/2DSideScrollerCPP/Maps/2DSideScrollerExampleMap.2DSideScrollerExampleMap:PersistentLevel.2DSideScrollerExampleMap'
[2018.01.24-20.05.08:886][321]LogPlayLevel: PlayLevel: No blueprints needed recompiling
[2018.01.24-20.05.08:887][321]PIE: New page: PIE session: 2DSideScrollerExampleMap (24 Jan 2018 20:05:08)
[2018.01.24-20.05.08:888][321]LogPlayLevel: Creating play world package: /Game/2DSideScrollerCPP/Maps/UEDPIE_0_2DSideScrollerExampleMap
[2018.01.24-20.05.08:897][321]LogPlayLevel: PIE: StaticDuplicateObject took: (0.009015s)
[2018.01.24-20.05.08:899][321]LogAIModule: Creating AISystem for world 2DSideScrollerExampleMap
[2018.01.24-20.05.08:900][321]LogPlayLevel: PIE: World Init took: (0.002438s)
[2018.01.24-20.05.08:901][321]LogPlayLevel: PIE: Created PIE world by copying editor world from /Game/2DSideScrollerCPP/Maps/2DSideScrollerExampleMap.2DSideScrollerExampleMap to /Game/2DSideScrollerCPP/Maps/UEDPIE_0_2DSideScrollerExampleMap.2DSideScrollerExampleMap (0.013287s)
[2018.01.24-20.05.08:966][321]LogInit: XAudio2 using 'Speakers (Realtek High Definition Audio)' : 2 channels at 48 kHz using 32 bits per sample (channel mask 0x3)
[2018.01.24-20.05.09:006][321]LogInit: FAudioDevice initialized.
[2018.01.24-20.05.09:062][321]LogLoad: Game class is 'BangGameMode'
[2018.01.24-20.05.09:070][321]LogWorld: Bringing World /Game/2DSideScrollerCPP/Maps/UEDPIE_0_2DSideScrollerExampleMap.2DSideScrollerExampleMap up for play (max tick rate 0) at 2018.01.24-20.05.09
[2018.01.24-20.05.09:072][321]LogWorld: Bringing up level for play took: 0.007225
[2018.01.24-20.05.09:077][321]PIE: Play in editor start time for /Game/2DSideScrollerCPP/Maps/UEDPIE_0_2DSideScrollerExampleMap -0.451
[2018.01.24-20.05.09:078][321]LogBlueprintUserMessages: Late PlayInEditor Detection: Level '/Game/2DSideScrollerCPP/Maps/2DSideScrollerExampleMap.2DSideScrollerExampleMap:PersistentLevel' has LevelScriptBlueprint '/Game/2DSideScrollerCPP/Maps/2DSideScrollerExampleMap.2DSideScrollerExampleMap:PersistentLevel.2DSideScrollerExampleMap' with GeneratedClass '/Game/2DSideScrollerCPP/Maps/2DSideScrollerExampleMap.2DSideScrollerExampleMap_C' with ClassGeneratedBy '/Game/2DSideScrollerCPP/Maps/2DSideScrollerExampleMap.2DSideScrollerExampleMap:PersistentLevel.2DSideScrollerExampleMap'
[2018.01.24-20.05.23:112][166]LogBlueprintUserMessages: Early EndPlayMap Detection: Level '/Game/2DSideScrollerCPP/Maps/2DSideScrollerExampleMap.2DSideScrollerExampleMap:PersistentLevel' has LevelScriptBlueprint '/Game/2DSideScrollerCPP/Maps/2DSideScrollerExampleMap.2DSideScrollerExampleMap:PersistentLevel.2DSideScrollerExampleMap' with GeneratedClass '/Game/2DSideScrollerCPP/Maps/2DSideScrollerExampleMap.2DSideScrollerExampleMap_C' with ClassGeneratedBy '/Game/2DSideScrollerCPP/Maps/2DSideScrollerExampleMap.2DSideScrollerExampleMap:PersistentLevel.2DSideScrollerExampleMap'
[2018.01.24-20.05.23:172][166]LogBlueprintUserMessages: Late EndPlayMap Detection: Level '/Game/2DSideScrollerCPP/Maps/2DSideScrollerExampleMap.2DSideScrollerExampleMap:PersistentLevel' has LevelScriptBlueprint '/Game/2DSideScrollerCPP/Maps/2DSideScrollerExampleMap.2DSideScrollerExampleMap:PersistentLevel.2DSideScrollerExampleMap' with GeneratedClass '/Game/2DSideScrollerCPP/Maps/2DSideScrollerExampleMap.2DSideScrollerExampleMap_C' with ClassGeneratedBy '/Game/2DSideScrollerCPP/Maps/2DSideScrollerExampleMap.2DSideScrollerExampleMap:PersistentLevel.2DSideScrollerExampleMap'
[2018.01.24-20.05.32:165][350]LogSavePackage: Save=121.41ms
[2018.01.24-20.05.32:168][350]LogSavePackage: Moving '../../../../../../Users/MCall/Documents/GitHub/BANG/Bang 4.17/Saved/BP_2DSideScrollerCharacterEA1FE2FB4366BA3718CF0793365E6A6A.tmp' to '../../../../../../Users/MCall/Documents/GitHub/BANG/Bang 4.17/Content/2DSideScrollerCPP/Blueprints/BP_2DSideScrollerCharacter.uasset'
[2018.01.24-20.05.32:182][350]LogSavePackage: Display: Finished SavePackage ../../../../../../Users/MCall/Documents/GitHub/BANG/Bang 4.17/Content/2DSideScrollerCPP/Blueprints/BP_2DSideScrollerCharacter.uasset
[2018.01.24-20.05.32:625][358]BlueprintLog: New page: Compile BP_2DSideScrollerCharacter
[2018.01.24-20.05.37:760][461]LogSavePackage: Save=256.60ms
[2018.01.24-20.05.37:760][461]LogSavePackage: Moving '../../../../../../Users/MCall/Documents/GitHub/BANG/Bang 4.17/Saved/2DSideScrollerExampleMapBB196CEE4D2C6710D87DA5A38E72F82D.tmp' to '../../../../../../Users/MCall/Documents/GitHub/BANG/Bang 4.17/Content/2DSideScrollerCPP/Maps/2DSideScrollerExampleMap.umap'
[2018.01.24-20.05.37:772][461]LogSavePackage: Display: Finished SavePackage ../../../../../../Users/MCall/Documents/GitHub/BANG/Bang 4.17/Content/2DSideScrollerCPP/Maps/2DSideScrollerExampleMap.umap
[2018.01.24-20.05.38:958][515]LogTemp: Repeating last play command: Selected Viewport
[2018.01.24-20.05.39:065][515]LogBlueprintUserMessages: Early PlayInEditor Detection: Level '/Game/2DSideScrollerCPP/Maps/2DSideScrollerExampleMap.2DSideScrollerExampleMap:PersistentLevel' has LevelScriptBlueprint '/Game/2DSideScrollerCPP/Maps/2DSideScrollerExampleMap.2DSideScrollerExampleMap:PersistentLevel.2DSideScrollerExampleMap' with GeneratedClass '/Game/2DSideScrollerCPP/Maps/2DSideScrollerExampleMap.2DSideScrollerExampleMap_C' with ClassGeneratedBy '/Game/2DSideScrollerCPP/Maps/2DSideScrollerExampleMap.2DSideScrollerExampleMap:PersistentLevel.2DSideScrollerExampleMap'
[2018.01.24-20.05.39:067][515]LogPlayLevel: PlayLevel: No blueprints needed recompiling
[2018.01.24-20.05.39:068][515]PIE: New page: PIE session: 2DSideScrollerExampleMap (24 Jan 2018 20:05:39)
[2018.01.24-20.05.39:069][515]LogPlayLevel: Creating play world package: /Game/2DSideScrollerCPP/Maps/UEDPIE_0_2DSideScrollerExampleMap
[2018.01.24-20.05.39:078][515]LogPlayLevel: PIE: StaticDuplicateObject took: (0.009236s)
[2018.01.24-20.05.39:081][515]LogAIModule: Creating AISystem for world 2DSideScrollerExampleMap
[2018.01.24-20.05.39:082][515]LogPlayLevel: PIE: World Init took: (0.002880s)
[2018.01.24-20.05.39:083][515]LogPlayLevel: PIE: Created PIE world by copying editor world from /Game/2DSideScrollerCPP/Maps/2DSideScrollerExampleMap.2DSideScrollerExampleMap to /Game/2DSideScrollerCPP/Maps/UEDPIE_0_2DSideScrollerExampleMap.2DSideScrollerExampleMap (0.014001s)
[2018.01.24-20.05.39:148][515]LogInit: XAudio2 using 'Speakers (Realtek High Definition Audio)' : 2 channels at 48 kHz using 32 bits per sample (channel mask 0x3)
[2018.01.24-20.05.39:185][515]LogInit: FAudioDevice initialized.
[2018.01.24-20.05.39:235][515]LogLoad: Game class is 'BangGameMode'
[2018.01.24-20.05.39:242][515]LogWorld: Bringing World /Game/2DSideScrollerCPP/Maps/UEDPIE_0_2DSideScrollerExampleMap.2DSideScrollerExampleMap up for play (max tick rate 0) at 2018.01.24-20.05.39
[2018.01.24-20.05.39:244][515]LogWorld: Bringing up level for play took: 0.006917
[2018.01.24-20.05.39:248][515]PIE: Play in editor start time for /Game/2DSideScrollerCPP/Maps/UEDPIE_0_2DSideScrollerExampleMap -0.28
[2018.01.24-20.05.39:250][515]LogBlueprintUserMessages: Late PlayInEditor Detection: Level '/Game/2DSideScrollerCPP/Maps/2DSideScrollerExampleMap.2DSideScrollerExampleMap:PersistentLevel' has LevelScriptBlueprint '/Game/2DSideScrollerCPP/Maps/2DSideScrollerExampleMap.2DSideScrollerExampleMap:PersistentLevel.2DSideScrollerExampleMap' with GeneratedClass '/Game/2DSideScrollerCPP/Maps/2DSideScrollerExampleMap.2DSideScrollerExampleMap_C' with ClassGeneratedBy '/Game/2DSideScrollerCPP/Maps/2DSideScrollerExampleMap.2DSideScrollerExampleMap:PersistentLevel.2DSideScrollerExampleMap'
[2018.01.24-20.05.44:907][862]LogTemp: Ranged Hit Detected
[2018.01.24-20.05.51:767][273]LogTemp: I was, ouch
[2018.01.24-20.05.54:772][459]LogTemp: I was, ouch
[2018.01.24-20.05.58:665][693]LogTemp: Ranged Hit Detected
[2018.01.24-20.05.58:665][693]LogTemp: I was hit
[2018.01.24-20.06.00:235][786]LogTemp: I was, ouch
[2018.01.24-20.06.00:958][828]LogTemp: I was, ouch
[2018.01.24-20.06.03:079][953]LogBlueprintUserMessages: Early EndPlayMap Detection: Level '/Game/2DSideScrollerCPP/Maps/2DSideScrollerExampleMap.2DSideScrollerExampleMap:PersistentLevel' has LevelScriptBlueprint '/Game/2DSideScrollerCPP/Maps/2DSideScrollerExampleMap.2DSideScrollerExampleMap:PersistentLevel.2DSideScrollerExampleMap' with GeneratedClass '/Game/2DSideScrollerCPP/Maps/2DSideScrollerExampleMap.2DSideScrollerExampleMap_C' with ClassGeneratedBy '/Game/2DSideScrollerCPP/Maps/2DSideScrollerExampleMap.2DSideScrollerExampleMap:PersistentLevel.2DSideScrollerExampleMap'
[2018.01.24-20.06.03:146][953]LogBlueprintUserMessages: Late EndPlayMap Detection: Level '/Game/2DSideScrollerCPP/Maps/2DSideScrollerExampleMap.2DSideScrollerExampleMap:PersistentLevel' has LevelScriptBlueprint '/Game/2DSideScrollerCPP/Maps/2DSideScrollerExampleMap.2DSideScrollerExampleMap:PersistentLevel.2DSideScrollerExampleMap' with GeneratedClass '/Game/2DSideScrollerCPP/Maps/2DSideScrollerExampleMap.2DSideScrollerExampleMap_C' with ClassGeneratedBy '/Game/2DSideScrollerCPP/Maps/2DSideScrollerExampleMap.2DSideScrollerExampleMap:PersistentLevel.2DSideScrollerExampleMap'
[2018.01.24-20.06.05:649][ 93]LogEditorViewport: Clicking on Actor (LMB): PaperSpriteActor (Background_Sprite)
[2018.01.24-20.06.13:112][319]LogSavePackage: Save=116.84ms
[2018.01.24-20.06.13:113][319]LogSavePackage: Moving '../../../../../../Users/MCall/Documents/GitHub/BANG/Bang 4.17/Saved/BP_2DSideScrollerCharacterCD75BB3C4685ABC029715ABB88E36973.tmp' to '../../../../../../Users/MCall/Documents/GitHub/BANG/Bang 4.17/Content/2DSideScrollerCPP/Blueprints/BP_2DSideScrollerCharacter.uasset'
[2018.01.24-20.06.13:122][319]LogSavePackage: Display: Finished SavePackage ../../../../../../Users/MCall/Documents/GitHub/BANG/Bang 4.17/Content/2DSideScrollerCPP/Blueprints/BP_2DSideScrollerCharacter.uasset
[2018.01.24-20.06.19:558][409]Cmd: QUIT_EDITOR
[2018.01.24-20.06.20:053][409]LogWindowsTextInputMethodSystem: Display: IME system now deactivated.
[2018.01.24-20.06.20:119][409]LogExit: Preparing to exit.
[2018.01.24-20.06.20:906][409]LogDirectoryWatcher: A directory notification for 'C:/Users/MCall/Documents/GitHub/BANG/Bang 4.17/Content/' was aborted.
[2018.01.24-20.06.21:086][409]LogExit: Editor shut down
[2018.01.24-20.06.21:123][409]LogExit: Transaction tracking system shut down
[2018.01.24-20.06.21:516][409]LogDirectoryWatcher: A directory notification for '../../../Engine/Content/' was aborted.
[2018.01.24-20.06.21:516][409]LogDirectoryWatcher: A directory notification for '../../../../../../Users/MCall/Documents/GitHub/BANG/Bang 4.17/Content/' was aborted.
[2018.01.24-20.06.21:517][409]LogDirectoryWatcher: A directory notification for '../../../Engine/Plugins/2D/Paper2D/Content/' was aborted.
[2018.01.24-20.06.21:517][409]LogDirectoryWatcher: A directory notification for '../../../Engine/Plugins/Runtime/Oculus/OculusVR/Content/' was aborted.
[2018.01.24-20.06.21:517][409]LogDirectoryWatcher: A directory notification for '../../../Engine/Plugins/Runtime/Steam/SteamVR/Content/' was aborted.
[2018.01.24-20.06.23:106][409]LogExit: Object subsystem successfully closed.
[2018.01.24-20.06.23:308][409]LogD3D11RHI: Shutdown
[2018.01.24-20.06.23:309][409]LogD3D11RHI: CleanupD3DDevice
[2018.01.24-20.06.23:696][409]LogD3D11RHI: ~FD3D11DynamicRHI
[2018.01.24-20.06.24:801][409]LogModuleManager: Shutting down and abandoning module BlueprintGraph (543)
[2018.01.24-20.06.24:801][409]LogModuleManager: Shutting down and abandoning module BlueprintProfiler (541)
[2018.01.24-20.06.24:816][409]LogModuleManager: Shutting down and abandoning module Bang (539)
[2018.01.24-20.06.24:816][409]LogModuleManager: Shutting down and abandoning module MovieSceneCapture (537)
[2018.01.24-20.06.24:817][409]LogModuleManager: Shutting down and abandoning module HierarchicalLODOutliner (534)
[2018.01.24-20.06.24:817][409]LogModuleManager: Shutting down and abandoning module ExternalImagePicker (532)
[2018.01.24-20.06.24:817][409]LogModuleManager: Shutting down and abandoning module AddContentDialog (530)
[2018.01.24-20.06.24:831][409]LogDirectoryWatcher: A directory notification for 'C:/Program Files/Epic Games/UE_4.17/FeaturePacks/' was aborted.
[2018.01.24-20.06.24:835][409]LogModuleManager: Shutting down and abandoning module WidgetCarousel (529)
[2018.01.24-20.06.24:836][409]LogModuleManager: Shutting down and abandoning module EditorWidgets (526)
[2018.01.24-20.06.24:836][409]LogModuleManager: Shutting down and abandoning module CollectionManager (524)
[2018.01.24-20.06.24:847][409]LogDirectoryWatcher: A directory notification for 'C:/Users/MCall/Documents/GitHub/BANG/Bang 4.17/Content/Collections/' was aborted.
[2018.01.24-20.06.24:848][409]LogDirectoryWatcher: A directory notification for 'C:/Users/MCall/Documents/GitHub/BANG/Bang 4.17/Content/Developers/MCall/Collections/' was aborted.
[2018.01.24-20.06.24:848][409]LogDirectoryWatcher: A directory notification for 'C:/Users/MCall/Documents/GitHub/BANG/Bang 4.17/Saved/Collections/' was aborted.
[2018.01.24-20.06.24:848][409]LogModuleManager: Shutting down and abandoning module SceneOutliner (522)
[2018.01.24-20.06.24:858][409]LogModuleManager: Shutting down and abandoning module StatsViewer (520)
[2018.01.24-20.06.24:879][409]LogModuleManager: Shutting down and abandoning module FoliageEdit (518)
[2018.01.24-20.06.24:879][409]LogModuleManager: Shutting down and abandoning module LandscapeEditor (516)
[2018.01.24-20.06.24:881][409]LogModuleManager: Shutting down and abandoning module MeshPaintMode (514)
[2018.01.24-20.06.24:881][409]LogModuleManager: Shutting down and abandoning module SceneDepthPickerMode (512)
[2018.01.24-20.06.24:881][409]LogModuleManager: Shutting down and abandoning module ActorPickerMode (510)
[2018.01.24-20.06.24:881][409]LogModuleManager: Shutting down and abandoning module GeometryMode (508)
[2018.01.24-20.06.24:881][409]LogModuleManager: Shutting down and abandoning module TextureAlignMode (506)
[2018.01.24-20.06.24:881][409]LogModuleManager: Shutting down and abandoning module BspMode (504)
[2018.01.24-20.06.24:892][409]LogModuleManager: Shutting down and abandoning module PIEPreviewDeviceProfileSelector (502)
[2018.01.24-20.06.24:892][409]LogModuleManager: Shutting down and abandoning module HardwareSurvey (500)
[2018.01.24-20.06.24:892][409]LogModuleManager: Shutting down and abandoning module SequenceRecorderSections (498)
[2018.01.24-20.06.24:901][409]LogModuleManager: Shutting down and abandoning module AutomationWorker (496)
[2018.01.24-20.06.24:914][409]LogModuleManager: Shutting down and abandoning module MatineeToLevelSequence (494)
[2018.01.24-20.06.24:915][409]LogModuleManager: Shutting down and abandoning module LevelSequenceEditor (492)
[2018.01.24-20.06.24:948][409]LogModuleManager: Shutting down and abandoning module PlacementMode (491)
[2018.01.24-20.06.24:948][409]LogModuleManager: Shutting down and abandoning module WmfMediaFactory (488)
[2018.01.24-20.06.24:948][409]LogModuleManager: Shutting down and abandoning module WmfMediaEditor (486)
[2018.01.24-20.06.24:948][409]LogModuleManager: Shutting down and abandoning module AvfMediaFactory (484)
[2018.01.24-20.06.24:948][409]LogModuleManager: Shutting down and abandoning module AvfMediaEditor (482)
[2018.01.24-20.06.24:948][409]LogModuleManager: Shutting down and abandoning module AndroidMediaFactory (480)
[2018.01.24-20.06.24:948][409]LogModuleManager: Shutting down and abandoning module Media (479)
[2018.01.24-20.06.24:948][409]LogModuleManager: Shutting down and abandoning module AndroidMediaEditor (476)
[2018.01.24-20.06.24:948][409]LogModuleManager: Shutting down and abandoning module CharacterAI (474)
[2018.01.24-20.06.24:948][409]LogModuleManager: Shutting down and abandoning module AudioCapture (472)
[2018.01.24-20.06.24:948][409]LogModuleManager: Shutting down and abandoning module SequenceRecorder (471)
[2018.01.24-20.06.24:949][409]LogModuleManager: Shutting down and abandoning module SmartSnapping (468)
[2018.01.24-20.06.24:949][409]LogModuleManager: Shutting down and abandoning module SessionServices (466)
[2018.01.24-20.06.24:949][409]LogModuleManager: Shutting down and abandoning module ViewportSnapping (464)
[2018.01.24-20.06.24:949][409]LogModuleManager: Shutting down and abandoning module ViewportInteraction (462)
[2018.01.24-20.06.24:949][409]LogModuleManager: Shutting down and abandoning module ClothPainter (460)
[2018.01.24-20.06.24:963][409]LogModuleManager: Shutting down and abandoning module LogVisualizer (458)
[2018.01.24-20.06.24:988][409]LogModuleManager: Shutting down and abandoning module IntroTutorials (456)
[2018.01.24-20.06.25:018][409]LogModuleManager: Shutting down and abandoning module GameProjectGeneration (455)
[2018.01.24-20.06.25:045][409]LogModuleManager: Shutting down and abandoning module IOSPlatformEditor (452)
[2018.01.24-20.06.25:046][409]LogModuleManager: Shutting down and abandoning module HTML5PlatformEditor (450)
[2018.01.24-20.06.25:046][409]LogModuleManager: Shutting down and abandoning module AndroidPlatformEditor (448)
[2018.01.24-20.06.25:046][409]LogModuleManager: Shutting down and abandoning module AndroidDeviceDetection (447)
[2018.01.24-20.06.25:994][409]LogModuleManager: Shutting down and abandoning module WindowsPlatformEditor (444)
[2018.01.24-20.06.25:994][409]LogModuleManager: Shutting down and abandoning module IOSRuntimeSettings (442)
[2018.01.24-20.06.25:994][409]LogModuleManager: Shutting down and abandoning module AndroidRuntimeSettings (440)
[2018.01.24-20.06.25:994][409]LogModuleManager: Shutting down and abandoning module InputBindingEditor (438)
[2018.01.24-20.06.26:004][409]LogModuleManager: Shutting down and abandoning module MergeActors (436)
[2018.01.24-20.06.26:018][409]LogModuleManager: Shutting down and abandoning module SizeMap (434)
[2018.01.24-20.06.26:019][409]LogModuleManager: Shutting down and abandoning module TreeMap (432)
[2018.01.24-20.06.26:045][409]LogModuleManager: Shutting down and abandoning module ReferenceViewer (430)
[2018.01.24-20.06.26:045][409]LogModuleManager: Shutting down and abandoning module LocalizationDashboard (428)
[2018.01.24-20.06.26:061][409]LogModuleManager: Shutting down and abandoning module LocalizationService (427)
[2018.01.24-20.06.26:079][409]LogModuleManager: Shutting down and abandoning module HardwareTargeting (424)
[2018.01.24-20.06.26:079][409]LogModuleManager: Shutting down and abandoning module DeviceProfileEditor (422)
[2018.01.24-20.06.26:093][409]LogModuleManager: Shutting down and abandoning module UndoHistory (420)
[2018.01.24-20.06.26:093][409]LogModuleManager: Shutting down and abandoning module XmlParser (418)
[2018.01.24-20.06.26:103][409]LogModuleManager: Shutting down and abandoning module Blutility (416)
[2018.01.24-20.06.26:103][409]LogModuleManager: Shutting down and abandoning module ProjectSettingsViewer (414)
[2018.01.24-20.06.26:103][409]LogModuleManager: Shutting down and abandoning module ProjectTargetPlatformEditor (413)
[2018.01.24-20.06.26:104][409]LogModuleManager: Shutting down and abandoning module EditorSettingsViewer (410)
[2018.01.24-20.06.26:104][409]LogModuleManager: Shutting down and abandoning module SettingsEditor (408)
[2018.01.24-20.06.26:105][409]LogModuleManager: Shutting down and abandoning module ProjectLauncher (406)
[2018.01.24-20.06.26:116][409]LogModuleManager: Shutting down and abandoning module SessionFrontend (404)
[2018.01.24-20.06.26:130][409]LogModuleManager: Shutting down and abandoning module ProfilerClient (402)
[2018.01.24-20.06.26:141][409]LogModuleManager: Shutting down and abandoning module DeviceManager (400)
[2018.01.24-20.06.26:159][409]LogModuleManager: Shutting down and abandoning module TargetDeviceServices (399)
[2018.01.24-20.06.26:229][409]LogModuleManager: Shutting down and abandoning module AutomationController (396)
[2018.01.24-20.06.26:256][409]LogModuleManager: Shutting down and abandoning module AutomationWindow (394)
[2018.01.24-20.06.26:284][409]LogModuleManager: Shutting down and abandoning module Layers (392)
[2018.01.24-20.06.26:314][409]LogModuleManager: Shutting down and abandoning module ComponentVisualizers (390)
[2018.01.24-20.06.26:314][409]LogModuleManager: Shutting down and abandoning module DetailCustomizations (388)
[2018.01.24-20.06.26:325][409]LogModuleManager: Shutting down and abandoning module PackagesDialog (386)
[2018.01.24-20.06.26:326][409]LogModuleManager: Shutting down and abandoning module Persona (384)
[2018.01.24-20.06.26:354][409]LogModuleManager: Shutting down and abandoning module AdvancedPreviewScene (383)
[2018.01.24-20.06.26:354][409]LogModuleManager: Shutting down and abandoning module AnimGraph (381)
[2018.01.24-20.06.26:355][409]LogModuleManager: Shutting down and abandoning module Kismet (378)
[2018.01.24-20.06.26:376][409]LogModuleManager: Shutting down and abandoning module ClassViewer (376)
[2018.01.24-20.06.26:376][409]LogModuleManager: Shutting down and abandoning module Toolbox (374)
[2018.01.24-20.06.26:376][409]LogModuleManager: Shutting down and abandoning module ModuleUI (372)
[2018.01.24-20.06.26:386][409]LogModuleManager: Shutting down and abandoning module MovieSceneTools (370)
[2018.01.24-20.06.26:423][409]LogModuleManager: Shutting down and abandoning module OutputLog (368)
[2018.01.24-20.06.26:423][409]LogModuleManager: Shutting down and abandoning module GammaUI (366)
[2018.01.24-20.06.26:437][409]LogModuleManager: Shutting down and abandoning module Documentation (364)
[2018.01.24-20.06.26:437][409]LogModuleManager: Shutting down and abandoning module MovieSceneTracks (362)
[2018.01.24-20.06.26:437][409]LogModuleManager: Shutting down and abandoning module MovieScene (360)
[2018.01.24-20.06.26:437][409]LogModuleManager: Shutting down and abandoning module Niagara (358)
[2018.01.24-20.06.26:437][409]LogModuleManager: Shutting down and abandoning module NiagaraEditor (357)
[2018.01.24-20.06.26:474][409]LogModuleManager: Shutting down and abandoning module StreamingPauseRendering (354)
[2018.01.24-20.06.26:474][409]LogModuleManager: Shutting down and abandoning module LauncherPlatform (352)
[2018.01.24-20.06.26:474][409]LogModuleManager: Shutting down and abandoning module AnalyticsET (350)
[2018.01.24-20.06.26:474][409]LogModuleManager: Shutting down and abandoning module PortalServices (348)
[2018.01.24-20.06.26:475][409]LogModuleManager: Shutting down and abandoning module PortalRpc (346)
[2018.01.24-20.06.26:475][409]LogModuleManager: Shutting down and abandoning module MessagingRpc (344)
[2018.01.24-20.06.26:475][409]LogModuleManager: Shutting down and abandoning module AIModule (342)
[2018.01.24-20.06.26:475][409]LogModuleManager: Shutting down and abandoning module GameplayDebugger (341)
[2018.01.24-20.06.26:475][409]LogModuleManager: Shutting down and abandoning module AITestSuite (339)
[2018.01.24-20.06.26:484][409]LogModuleManager: Shutting down and abandoning module ProfilerService (336)
[2018.01.24-20.06.26:508][409]LogModuleManager: Shutting down and abandoning module TaskGraph (334)
[2018.01.24-20.06.26:530][409]LogModuleManager: Shutting down and abandoning module SteamVRController (332)
[2018.01.24-20.06.26:530][409]LogModuleManager: Shutting down and abandoning module ProceduralMeshComponentEditor (330)
[2018.01.24-20.06.26:530][409]LogModuleManager: Shutting down and abandoning module ProceduralMeshComponent (328)
[2018.01.24-20.06.26:530][409]LogModuleManager: Shutting down and abandoning module OculusInput (326)
[2018.01.24-20.06.26:542][409]LogModuleManager: Shutting down and abandoning module MobilePatchingUtils (324)
[2018.01.24-20.06.26:543][409]LogModuleManager: Shutting down and abandoning module CustomMeshComponent (322)
[2018.01.24-20.06.26:543][409]LogModuleManager: Shutting down and abandoning module CableComponent (320)
[2018.01.24-20.06.26:555][409]LogModuleManager: Shutting down and abandoning module ArchVisCharacter (318)
[2018.01.24-20.06.26:556][409]LogModuleManager: Shutting down and abandoning module AndroidPermission (316)
[2018.01.24-20.06.26:556][409]LogModuleManager: Shutting down and abandoning module MediaPlayerEditor (312)
[2018.01.24-20.06.26:582][409]LogModuleManager: Shutting down and abandoning module HTML5Networking (310)
[2018.01.24-20.06.26:582][409]LogModuleManager: Shutting down and abandoning module AlembicImporter (308)
[2018.01.24-20.06.26:588][409]LogModuleManager: Shutting down and abandoning module AlembicLibrary (307)
[2018.01.24-20.06.26:588][409]LogModuleManager: Shutting down and abandoning module GeometryCache (306)
[2018.01.24-20.06.26:588][409]LogModuleManager: Shutting down and abandoning module GeometryCacheEd (305)
[2018.01.24-20.06.26:588][409]LogModuleManager: Shutting down and abandoning module SpeedTreeImporter (300)
[2018.01.24-20.06.26:589][409]LogModuleManager: Shutting down and abandoning module PluginBrowser (298)
[2018.01.24-20.06.26:618][409]LogModuleManager: Shutting down and abandoning module MobileLauncherProfileWizard (296)
[2018.01.24-20.06.26:626][409]LogModuleManager: Shutting down and abandoning module VisualStudioSourceCodeAccess (294)
[2018.01.24-20.06.26:626][409]LogModuleManager: Shutting down and abandoning module DesktopPlatform (293)
[2018.01.24-20.06.26:628][409]LogModuleManager: Shutting down and abandoning module UObjectPlugin (290)
[2018.01.24-20.06.26:628][409]LogModuleManager: Shutting down and abandoning module SubversionSourceControl (288)
[2018.01.24-20.06.26:629][409]LogModuleManager: Shutting down and abandoning module PerforceSourceControl (286)
[2018.01.24-20.06.26:656][409]LogModuleManager: Shutting down and abandoning module GitSourceControl (284)
[2018.01.24-20.06.26:683][409]LogModuleManager: Shutting down and abandoning module SourceControl (283)
[2018.01.24-20.06.26:698][409]LogModuleManager: Shutting down and abandoning module LightPropagationVolumeEditor (280)
[2018.01.24-20.06.26:698][409]LogModuleManager: Shutting down and abandoning module PaperTiledImporter (278)
[2018.01.24-20.06.26:698][409]LogModuleManager: Shutting down and abandoning module PaperSpriteSheetImporter (276)
[2018.01.24-20.06.26:698][409]LogModuleManager: Shutting down and abandoning module Paper2DEditor (274)
[2018.01.24-20.06.26:699][409]LogModuleManager: Shutting down and abandoning module MeshPaint (273)
[2018.01.24-20.06.26:706][409]LogModuleManager: Shutting down and abandoning module LevelEditor (271)
[2018.01.24-20.06.26:729][409]LogModuleManager: Shutting down and abandoning module PixelInspectorModule (270)
[2018.01.24-20.06.26:756][409]LogModuleManager: Shutting down and abandoning module MainFrame (268)
[2018.01.24-20.06.26:757][409]LogModuleManager: Shutting down and abandoning module HotReload (267)
[2018.01.24-20.06.26:757][409]LogDirectoryWatcher: A directory notification for 'C:/Users/MCall/Documents/GitHub/BANG/Bang 4.17/Binaries/Win64' was aborted.
[2018.01.24-20.06.26:759][409]LogModuleManager: Shutting down and abandoning module RuntimePhysXCooking (260)
[2018.01.24-20.06.26:759][409]LogModuleManager: Shutting down and abandoning module PhysXVehiclesEditor (258)
[2018.01.24-20.06.26:759][409]LogModuleManager: Shutting down and abandoning module PhysXVehicles (256)
[2018.01.24-20.06.26:759][409]LogModuleManager: Shutting down and abandoning module OculusEditor (254)
[2018.01.24-20.06.26:759][409]LogModuleManager: Shutting down and abandoning module LocationServicesBPLibrary (252)
[2018.01.24-20.06.26:759][409]LogModuleManager: Shutting down and abandoning module ImmediatePhysicsEditor (250)
[2018.01.24-20.06.26:759][409]LogModuleManager: Shutting down and abandoning module ImmediatePhysics (248)
[2018.01.24-20.06.26:776][409]LogModuleManager: Shutting down and abandoning module UdpMessaging (246)
[2018.01.24-20.06.26:877][409]LogModuleManager: Shutting down and abandoning module TcpMessaging (244)
[2018.01.24-20.06.27:001][409]LogModuleManager: Shutting down and abandoning module GameplayTagsEditor (242)
[2018.01.24-20.06.27:022][409]LogModuleManager: Shutting down and abandoning module FacialAnimationEditor (240)
[2018.01.24-20.06.27:023][409]LogModuleManager: Shutting down and abandoning module FacialAnimation (238)
[2018.01.24-20.06.27:023][409]LogModuleManager: Shutting down and abandoning module AssetManagerEditor (236)
[2018.01.24-20.06.27:045][409]LogModuleManager: Shutting down and abandoning module GraphEditor (235)
[2018.01.24-20.06.27:046][409]LogModuleManager: Shutting down and abandoning module ContentBrowser (233)
[2018.01.24-20.06.27:049][409]LogModuleManager: Shutting down and abandoning module LightPropagationVolumeRuntime (230)
[2018.01.24-20.06.27:049][409]LogModuleManager: Shutting down and abandoning module Paper2D (228)
[2018.01.24-20.06.27:049][409]LogModuleManager: Shutting down and abandoning module WindowsMoviePlayer (226)
[2018.01.24-20.06.27:063][409]LogModuleManager: Shutting down and abandoning module WmfMedia (224)
[2018.01.24-20.06.27:082][409]LogModuleManager: Shutting down and abandoning module PacketHandler (222)
[2018.01.24-20.06.27:083][409]LogModuleManager: Shutting down and abandoning module ClothingSystemEditor (220)
[2018.01.24-20.06.27:083][409]LogModuleManager: Shutting down and abandoning module ClothingSystemRuntime (218)
[2018.01.24-20.06.27:121][409]LogModuleManager: Shutting down and abandoning module Overlay (216)
[2018.01.24-20.06.27:121][409]LogModuleManager: Shutting down and abandoning module OverlayEditor (215)
[2018.01.24-20.06.27:121][409]LogModuleManager: Shutting down and abandoning module MediaAssets (212)
[2018.01.24-20.06.27:121][409]LogModuleManager: Shutting down and abandoning module VREditor (210)
[2018.01.24-20.06.27:142][409]LogModuleManager: Shutting down and abandoning module StringTableEditor (208)
[2018.01.24-20.06.27:150][409]LogModuleManager: Shutting down and abandoning module GameplayTasksEditor (206)
[2018.01.24-20.06.27:150][409]LogModuleManager: Shutting down and abandoning module BehaviorTreeEditor (204)
[2018.01.24-20.06.27:193][409]LogModuleManager: Shutting down and abandoning module FunctionalTesting (202)
[2018.01.24-20.06.27:193][409]LogModuleManager: Shutting down and abandoning module CollisionAnalyzer (200)
[2018.01.24-20.06.27:211][409]LogModuleManager: Shutting down and abandoning module WorkspaceMenuStructure (199)
[2018.01.24-20.06.27:212][409]LogModuleManager: Shutting down and abandoning module UMG (196)
[2018.01.24-20.06.27:226][409]LogModuleManager: Shutting down and abandoning module UMGEditor (195)
[2018.01.24-20.06.27:257][409]LogModuleManager: Shutting down and abandoning module Sequencer (194)
[2018.01.24-20.06.27:278][409]LogModuleManager: Shutting down and abandoning module MessageLog (191)
[2018.01.24-20.06.27:279][409]LogModuleManager: Shutting down and abandoning module SlateReflector (186)
[2018.01.24-20.06.27:341][409]LogModuleManager: Shutting down and abandoning module Slate (184)
[2018.01.24-20.06.27:341][409]LogModuleManager: Shutting down and abandoning module EditorStyle (182)
[2018.01.24-20.06.27:352][409]LogModuleManager: Shutting down and abandoning module MRMesh (180)
[2018.01.24-20.06.27:352][409]LogModuleManager: Shutting down and abandoning module SourceCodeAccess (178)
[2018.01.24-20.06.27:352][409]LogModuleManager: Shutting down and abandoning module HeadMountedDisplay (176)
[2018.01.24-20.06.27:352][409]LogModuleManager: Shutting down and abandoning module XAudio2 (174)
[2018.01.24-20.06.27:352][409]LogModuleManager: Shutting down and abandoning module Networking (172)
[2018.01.24-20.06.27:352][409]LogModuleManager: Shutting down and abandoning module Core (168)
[2018.01.24-20.06.27:352][409]LogModuleManager: Shutting down and abandoning module KismetCompiler (164)
[2018.01.24-20.06.27:352][409]LogModuleManager: Shutting down and abandoning module LevelSequence (162)
[2018.01.24-20.06.27:352][409]LogModuleManager: Shutting down and abandoning module MeshUtilities (160)
[2018.01.24-20.06.27:374][409]LogModuleManager: Shutting down and abandoning module MeshMergeUtilities (159)
[2018.01.24-20.06.27:389][409]LogModuleManager: Shutting down and abandoning module MeshReductionInterface (158)
[2018.01.24-20.06.27:389][409]LogModuleManager: Shutting down and abandoning module SimplygonSwarm (157)
[2018.01.24-20.06.27:400][409]LogModuleManager: Shutting down and abandoning module SimplygonMeshReduction (155)
[2018.01.24-20.06.27:400][409]LogModuleManager: Shutting down and abandoning module QuadricMeshReduction (153)
[2018.01.24-20.06.27:410][409]LogModuleManager: Shutting down and abandoning module MaterialBaking (149)
[2018.01.24-20.06.27:411][409]LogModuleManager: Shutting down and abandoning module DirectoryWatcher (146)
[2018.01.24-20.06.27:416][409]LogModuleManager: Shutting down and abandoning module DerivedDataCache (144)
[2018.01.24-20.06.27:512][409]LogDerivedDataCache: Shutdown
[2018.01.24-20.06.27:522][409]LogModuleManager: Shutting down and abandoning module TargetPlatform (142)
[2018.01.24-20.06.27:522][409]LogModuleManager: Shutting down and abandoning module VulkanShaderFormat (141)
[2018.01.24-20.06.27:550][409]LogModuleManager: Shutting down and abandoning module ShaderFormatVectorVM (139)
[2018.01.24-20.06.27:564][409]LogModuleManager: Shutting down and abandoning module ShaderFormatOpenGL (137)
[2018.01.24-20.06.27:568][409]LogModuleManager: Shutting down and abandoning module ShaderFormatD3D (135)
[2018.01.24-20.06.27:585][409]LogModuleManager: Shutting down and abandoning module MetalShaderFormat (133)
[2018.01.24-20.06.27:599][409]LogModuleManager: Shutting down and abandoning module TextureFormatUncompressed (131)
[2018.01.24-20.06.27:599][409]LogModuleManager: Shutting down and abandoning module TextureFormatPVR (129)
[2018.01.24-20.06.27:599][409]LogModuleManager: Shutting down and abandoning module TextureFormatDXT (127)
[2018.01.24-20.06.27:615][409]LogModuleManager: Shutting down and abandoning module TextureFormatIntelISPCTexComp (125)
[2018.01.24-20.06.27:637][409]LogModuleManager: Shutting down and abandoning module TextureFormatASTC (123)
[2018.01.24-20.06.27:637][409]LogModuleManager: Shutting down and abandoning module ImageWrapper (122)
[2018.01.24-20.06.27:637][409]LogModuleManager: Shutting down and abandoning module TextureFormatAndroid (119)
[2018.01.24-20.06.27:637][409]LogModuleManager: Shutting down and abandoning module AudioFormatOpus (117)
[2018.01.24-20.06.27:637][409]LogModuleManager: Shutting down and abandoning module AudioFormatOgg (115)
[2018.01.24-20.06.27:637][409]LogModuleManager: Shutting down and abandoning module AudioFormatADPCM (113)
[2018.01.24-20.06.27:637][409]LogModuleManager: Shutting down and abandoning module LinuxTargetPlatform (111)
[2018.01.24-20.06.27:637][409]LogModuleManager: Shutting down and abandoning module LinuxServerTargetPlatform (109)
[2018.01.24-20.06.27:637][409]LogModuleManager: Shutting down and abandoning module LinuxNoEditorTargetPlatform (107)
[2018.01.24-20.06.27:637][409]LogModuleManager: Shutting down and abandoning module LinuxClientTargetPlatform (105)
[2018.01.24-20.06.27:637][409]LogModuleManager: Shutting down and abandoning module TVOSTargetPlatform (103)
[2018.01.24-20.06.27:638][409]LogModuleManager: Shutting down and abandoning module Messaging (101)
[2018.01.24-20.06.27:638][409]LogModuleManager: Shutting down and abandoning module IOSTargetPlatform (99)
[2018.01.24-20.06.27:638][409]LogModuleManager: Shutting down and abandoning module HTML5TargetPlatform (97)
[2018.01.24-20.06.27:638][409]LogModuleManager: Shutting down and abandoning module Android_PVRTCTargetPlatform (95)
[2018.01.24-20.06.27:638][409]LogModuleManager: Shutting down and abandoning module Android_MultiTargetPlatform (93)
[2018.01.24-20.06.27:638][409]LogModuleManager: Shutting down and abandoning module Android_ETC2TargetPlatform (91)
[2018.01.24-20.06.27:638][409]LogModuleManager: Shutting down and abandoning module Android_ETC1TargetPlatform (89)
[2018.01.24-20.06.27:638][409]LogModuleManager: Shutting down and abandoning module Android_DXTTargetPlatform (87)
[2018.01.24-20.06.27:638][409]LogModuleManager: Shutting down and abandoning module Android_ATCTargetPlatform (85)
[2018.01.24-20.06.27:638][409]LogModuleManager: Shutting down and abandoning module Android_ASTCTargetPlatform (83)
[2018.01.24-20.06.27:638][409]LogModuleManager: Shutting down and abandoning module AndroidTargetPlatform (81)
[2018.01.24-20.06.27:638][409]LogModuleManager: Shutting down and abandoning module WindowsTargetPlatform (79)
[2018.01.24-20.06.27:638][409]LogModuleManager: Shutting down and abandoning module WindowsServerTargetPlatform (77)
[2018.01.24-20.06.27:638][409]LogModuleManager: Shutting down and abandoning module WindowsNoEditorTargetPlatform (75)
[2018.01.24-20.06.27:638][409]LogModuleManager: Shutting down and abandoning module WindowsClientTargetPlatform (73)
[2018.01.24-20.06.27:638][409]LogModuleManager: Shutting down and abandoning module MacTargetPlatform (71)
[2018.01.24-20.06.27:638][409]LogModuleManager: Shutting down and abandoning module MacServerTargetPlatform (69)
[2018.01.24-20.06.27:639][409]LogModuleManager: Shutting down and abandoning module MacNoEditorTargetPlatform (67)
[2018.01.24-20.06.27:639][409]LogModuleManager: Shutting down and abandoning module MacClientTargetPlatform (65)
[2018.01.24-20.06.27:639][409]LogModuleManager: Shutting down and abandoning module AllDesktopTargetPlatform (63)
[2018.01.24-20.06.27:639][409]LogModuleManager: Shutting down and abandoning module InputCore (60)
[2018.01.24-20.06.27:639][409]LogModuleManager: Shutting down and abandoning module Settings (58)
[2018.01.24-20.06.27:639][409]LogModuleManager: Shutting down and abandoning module PhysXCooking (56)
[2018.01.24-20.06.27:639][409]LogModuleManager: Shutting down and abandoning module SteamVR (54)
[2018.01.24-20.06.27:639][409]LogModuleManager: Shutting down and abandoning module OculusHMD (52)
[2018.01.24-20.06.27:651][409]LogModuleManager: Shutting down and abandoning module ExampleDeviceProfileSelector (50)
[2018.01.24-20.06.27:652][409]LogModuleManager: Shutting down and abandoning module OnlineBlueprintSupport (48)
[2018.01.24-20.06.27:652][409]LogModuleManager: Shutting down and abandoning module OnlineSubsystem (44)
[2018.01.24-20.06.27:652][409]LogOnline: Display: Unloading online subsystem: NULL
[2018.01.24-20.06.27:684][409]LogModuleManager: Shutting down and abandoning module XMPP (43)
[2018.01.24-20.06.27:710][409]LogModuleManager: Shutting down and abandoning module HTTP (41)
[2018.01.24-20.06.27:710][409]LogHttp: Display: Http module shutting down, but needs to wait on 1 outstanding Http requests:
[2018.01.24-20.06.27:725][409]LogHttp: Display: 	verb=[POST] url=[https://datarouter.ol.epicgames.com/datarouter/api/v1/public/data?SessionID=%7B21F91478-4345-6566-799D-769D675FB930%7D&AppID=UEEditor.Rocket.Release&AppVersion=4.17.2-3658906%2B%2B%2BUE4%2BRelease-4.17&UserID=589b9e244957518083a4ab849bd37a38%7C969837ba78db4a5a8b4180254925176e%7C66c79b72-df12-4fbc-a5c1-39c342e275b7&AppEnvironment=datacollector-binary&UploadType=eteventstream] status=Processing
[2018.01.24-20.06.27:742][409]LogModuleManager: Shutting down and abandoning module SSL (40)
[2018.01.24-20.06.27:761][409]LogModuleManager: Shutting down and abandoning module AnimationModifiers (36)
[2018.01.24-20.06.27:763][409]LogModuleManager: Shutting down and abandoning module PropertyEditor (35)
[2018.01.24-20.06.27:763][409]LogModuleManager: Shutting down and abandoning module AudioEditor (32)
[2018.01.24-20.06.27:777][409]LogModuleManager: Shutting down and abandoning module TextureCompressor (30)
[2018.01.24-20.06.27:778][409]LogModuleManager: Shutting down and abandoning module ShaderCore (28)
[2018.01.24-20.06.27:778][409]LogModuleManager: Shutting down and abandoning module Landscape (26)
[2018.01.24-20.06.27:778][409]LogModuleManager: Shutting down and abandoning module SlateRHIRenderer (24)
[2018.01.24-20.06.27:807][409]LogModuleManager: Shutting down and abandoning module OpenGLDrv (22)
[2018.01.24-20.06.27:825][409]LogModuleManager: Shutting down and abandoning module D3D11RHI (20)
[2018.01.24-20.06.27:825][409]LogModuleManager: Shutting down and abandoning module AnimGraphRuntime (18)
[2018.01.24-20.06.27:838][409]LogModuleManager: Shutting down and abandoning module Renderer (16)
[2018.01.24-20.06.27:838][409]LogModuleManager: Shutting down and abandoning module Engine (14)
[2018.01.24-20.06.27:838][409]LogModuleManager: Shutting down and abandoning module CoreUObject (12)
[2018.01.24-20.06.27:838][409]LogModuleManager: Shutting down and abandoning module NetworkFile (10)
[2018.01.24-20.06.27:853][409]LogModuleManager: Shutting down and abandoning module CookedIterativeFile (8)
[2018.01.24-20.06.27:854][409]LogModuleManager: Shutting down and abandoning module StreamingFile (6)
[2018.01.24-20.06.27:863][409]LogModuleManager: Shutting down and abandoning module SandboxFile (4)
[2018.01.24-20.06.27:864][409]LogModuleManager: Shutting down and abandoning module PakFile (2)
[2018.01.24-20.06.27:897][409]LogExit: Exiting.
[2018.01.24-20.06.27:980][409]Log file closed, 01/24/18 20:06:27
