Log file open, 12/31/17 16:15:27
LogWindows: Failed to load 'aqProf.dll' (GetLastError=126)
LogWindows: File 'aqProf.dll' does not exist
LogWindows: Failed to load 'VtuneApi.dll' (GetLastError=126)
LogWindows: File 'VtuneApi.dll' does not exist
LogWindows: Failed to load 'VtuneApi32e.dll' (GetLastError=126)
LogWindows: File 'VtuneApi32e.dll' does not exist
LogInit: Display: Running engine for game: Bang
LogPlatformFile: Not using cached read wrapper
LogInit: Display: RandInit(1375283070) SRandInit(1375283070).
LogTaskGraph: Started task graph with 5 named threads and 14 total threads with 3 sets of task threads.
LogStats: Stats thread started at 0.280830
LogD3D11RHI: Aftermath initialized
LogPluginManager: Mounting plugin Paper2D
LogPluginManager: Mounting plugin LightPropagationVolume
LogPluginManager: Mounting plugin CodeLiteSourceCodeAccess
LogPluginManager: Mounting plugin GitSourceControl
LogPluginManager: Mounting plugin KDevelopSourceCodeAccess
LogPluginManager: Mounting plugin NullSourceCodeAccess
LogPluginManager: Mounting plugin PerforceSourceControl
LogPluginManager: Mounting plugin SubversionSourceControl
LogPluginManager: Mounting plugin UObjectPlugin
LogPluginManager: Mounting plugin VisualStudioSourceCodeAccess
LogPluginManager: Mounting plugin XCodeSourceCodeAccess
LogPluginManager: Mounting plugin AssetManagerEditor
LogPluginManager: Mounting plugin AudioCapture
LogPluginManager: Mounting plugin FacialAnimation
LogPluginManager: Mounting plugin GameplayTagsEditor
LogPluginManager: Mounting plugin MobileLauncherProfileWizard
LogPluginManager: Mounting plugin PluginBrowser
LogPluginManager: Mounting plugin SpeedTreeImporter
LogPluginManager: Mounting plugin AlembicImporter
LogPluginManager: Mounting plugin CharacterAI
LogPluginManager: Mounting plugin HTML5Networking
LogPluginManager: Mounting plugin AndroidMedia
LogPluginManager: Mounting plugin AvfMedia
LogPluginManager: Mounting plugin MediaPlayerEditor
LogPluginManager: Mounting plugin WmfMedia
LogPluginManager: Mounting plugin TcpMessaging
LogPluginManager: Mounting plugin UdpMessaging
LogPluginManager: Mounting plugin LevelSequenceEditor
LogPluginManager: Mounting plugin MatineeToLevelSequence
LogPluginManager: Mounting plugin OnlineSubsystemGooglePlay
LogPluginManager: Mounting plugin OnlineSubsystemIOS
LogPluginManager: Mounting plugin OnlineSubsystem
LogPluginManager: Mounting plugin OnlineSubsystemNull
LogPluginManager: Mounting plugin OnlineSubsystemUtils
LogPluginManager: Mounting plugin AndroidDeviceProfileSelector
LogPluginManager: Mounting plugin AndroidMoviePlayer
LogPluginManager: Mounting plugin AndroidPermission
LogPluginManager: Mounting plugin AppleMoviePlayer
LogPluginManager: Mounting plugin ArchVisCharacter
LogPluginManager: Mounting plugin CableComponent
LogPluginManager: Mounting plugin CustomMeshComponent
LogPluginManager: Mounting plugin ExampleDeviceProfileSelector
LogPluginManager: Mounting plugin GoogleCloudMessaging
LogPluginManager: Mounting plugin ImmediatePhysics
LogPluginManager: Mounting plugin IOSDeviceProfileSelector
LogPluginManager: Mounting plugin LinuxDeviceProfileSelector
LogPluginManager: Mounting plugin LocationServicesBPLibrary
LogPluginManager: Mounting plugin MobilePatchingUtils
LogPluginManager: Mounting plugin OculusVR
LogPluginManager: Mounting plugin PhysXVehicles
LogPluginManager: Mounting plugin ProceduralMeshComponent
LogPluginManager: Mounting plugin RuntimePhysXCooking
LogPluginManager: Mounting plugin SteamVR
LogPluginManager: Mounting plugin WindowsMoviePlayer
LogInit: Using libcurl 7.47.1
LogInit:  - built for x86_64-pc-win32
LogInit:  - supports SSL with OpenSSL/1.0.2g
LogInit:  - supports HTTP deflate (compression) using libz 1.2.8
LogInit:  - other features:
LogInit:      CURL_VERSION_SSL
LogInit:      CURL_VERSION_LIBZ
LogInit:      CURL_VERSION_IPV6
LogInit:      CURL_VERSION_ASYNCHDNS
LogInit:      CURL_VERSION_LARGEFILE
LogInit:      CURL_VERSION_IDN
LogInit:  CurlRequestOptions (configurable via config and command line):
LogInit:  - bVerifyPeer = false  - Libcurl will NOT verify peer certificate
LogInit:  - bUseHttpProxy = false  - Libcurl will NOT use HTTP proxy
LogInit:  - bDontReuseConnections = false  - Libcurl will reuse connections
LogInit:  - CertBundlePath = nullptr  - Libcurl will use whatever was configured at build time.
LogInit: Build: ++UE4+Release-4.17-CL-3658906
LogInit: Engine Version: 4.17.2-3658906+++UE4+Release-4.17
LogInit: Compatible Engine Version: 4.17.0-3573198+++UE4+Release-4.17
LogInit: Net CL: 3573198
LogDevObjectVersion: Number of dev versions registered: 16
LogDevObjectVersion:   Dev-Blueprints (B0D832E4-1F89-4F0D-ACCF-7EB736FD4AA2): 10
LogDevObjectVersion:   Dev-Build (E1C64328-A22C-4D53-A36C-8E866417BD8C): 0
LogDevObjectVersion:   Dev-Core (375EC13C-06E4-48FB-B500-84F0262A717E): 2
LogDevObjectVersion:   Dev-Editor (E4B068ED-F494-42E9-A231-DA0B2E46BB41): 20
LogDevObjectVersion:   Dev-Framework (CFFC743F-43B0-4480-9391-14DF171D2073): 28
LogDevObjectVersion:   Dev-Mobile (B02B49B5-BB20-44E9-A304-32B752E40360): 0
LogDevObjectVersion:   Dev-Networking (A4E4105C-59A1-49B5-A7C5-40C4547EDFEE): 0
LogDevObjectVersion:   Dev-Online (39C831C9-5AE6-47DC-9A44-9C173E1C8E7C): 0
LogDevObjectVersion:   Dev-Physics (78F01B33-EBEA-4F98-B9B4-84EACCB95AA2): 0
LogDevObjectVersion:   Dev-Platform (6631380F-2D4D-43E0-8009-CF276956A95A): 0
LogDevObjectVersion:   Dev-Rendering (12F88B9F-8875-4AFC-A67C-D90C383ABD29): 19
LogDevObjectVersion:   Dev-Sequencer (7B5AE74C-D270-4C10-A958-57980B212A5A): 4
LogDevObjectVersion:   Dev-VR (D7296918-1DD6-4BDD-9DE2-64A83CC13884): 0
LogDevObjectVersion:   Dev-LoadTimes (C2A15278-BFE7-4AFE-6C17-90FF531DF755): 1
LogDevObjectVersion:   Private-Geometry (6EACA3D4-40EC-4CC1-B786-8BED09428FC5): 1
LogDevObjectVersion:   Dev-AnimPhys (29E575DD-E0A3-4627-9D10-D276232CDCEA): 7
LogInit: Compiled (64-bit): Sep 22 2017 13:47:16
LogInit: Compiled with Visual C++: 19.00.24215.01
LogInit: Build Configuration: Development
LogInit: Branch Name: ++UE4+Release-4.17
LogInit: Command line:  -skipcompile
LogInit: Base directory: C:/Program Files/Epic Games/UE_4.17/Engine/Binaries/Win64/
LogInit: Installed Engine Build: 1
LogInit: Presizing for max 8388607 objects, including 0 objects not considered by GC, pre-allocating 0 bytes for permanent pool.
LogInit: Object subsystem initialized
[2017.12.31-16.15.30:822][  0]LogInit: Selected Device Profile: [Windows]
[2017.12.31-16.15.30:822][  0]LogInit: Applying CVar settings loaded from the selected device profile: [Windows]
[2017.12.31-16.15.30:834][  0]LogInit: Computer: MARCUSPC
[2017.12.31-16.15.30:834][  0]LogInit: User: Marcus
[2017.12.31-16.15.30:834][  0]LogInit: CPU Page size=4096, Cores=4
[2017.12.31-16.15.30:834][  0]LogInit: High frequency timer resolution =2.929687 MHz
[2017.12.31-16.15.30:834][  0]LogMemory: Memory total: Physical=16.0GB (16GB approx)
[2017.12.31-16.15.30:834][  0]LogMemory: Platform Memory Stats for Windows
[2017.12.31-16.15.30:835][  0]LogMemory: Process Physical Memory: 279.95 MB used, 279.95 MB peak
[2017.12.31-16.15.30:835][  0]LogMemory: Process Virtual Memory: 278.18 MB used, 278.18 MB peak
[2017.12.31-16.15.30:835][  0]LogMemory: Physical Memory: 8760.45 MB used,  7575.98 MB free, 16336.43 MB total
[2017.12.31-16.15.30:835][  0]LogMemory: Virtual Memory: 710.39 MB used,  7575.98 MB free, 134217728.00 MB total
[2017.12.31-16.15.31:678][  0]LogInit: Using OS detected language (en-US).
[2017.12.31-16.15.31:678][  0]LogInit: Using OS detected locale (en-GB).
[2017.12.31-16.15.31:685][  0]LogTextLocalizationManager: No specific localization for 'en-US' exists, so the 'en' localization will be used.
[2017.12.31-16.15.32:691][  0]LogD3D11RHI: D3D11 adapters:
[2017.12.31-16.15.32:768][  0]LogD3D11RHI:    0. 'NVIDIA GeForce GTX 1050' (Feature Level 11_0)
[2017.12.31-16.15.32:768][  0]LogD3D11RHI:       1987/0/8168 MB DedicatedVideo/DedicatedSystem/SharedSystem, Outputs:2, VendorId:0x10de
[2017.12.31-16.15.32:778][  0]LogD3D11RHI:    1. 'Microsoft Basic Render Driver' (Feature Level 11_0)
[2017.12.31-16.15.32:778][  0]LogD3D11RHI:       0/0/8168 MB DedicatedVideo/DedicatedSystem/SharedSystem, Outputs:0, VendorId:0x1414
[2017.12.31-16.15.32:778][  0]LogD3D11RHI: Chosen D3D11 Adapter: 0
[2017.12.31-16.15.32:785][  0]LogD3D11RHI: Creating new Direct3DDevice
[2017.12.31-16.15.32:785][  0]LogD3D11RHI:     GPU DeviceId: 0x1c81 (for the marketing name, search the web for "GPU Device Id")
[2017.12.31-16.15.32:785][  0]LogWindows: EnumDisplayDevices:
[2017.12.31-16.15.32:785][  0]LogWindows:    0. 'NVIDIA GeForce GTX 1050' (P:1 D:1)
[2017.12.31-16.15.32:785][  0]LogWindows:    1. 'NVIDIA GeForce GTX 1050' (P:0 D:1)
[2017.12.31-16.15.32:786][  0]LogWindows:    2. 'NVIDIA GeForce GTX 1050' (P:0 D:0)
[2017.12.31-16.15.32:786][  0]LogWindows:    3. 'NVIDIA GeForce GTX 1050' (P:0 D:0)
[2017.12.31-16.15.32:786][  0]LogWindows: DebugString: GetVideoDriverDetailsInvalid PrimaryIsNotTheChoosenAdapter GetVideoDriverDetailsInvalid PrimaryIsNotTheChoosenAdapter GetVideoDriverDetailsInvalid PrimaryIsNotTheChoosenAdapter GetVideoDriverDetailsInvalid PrimaryIsNotTheChoosenAdapter FoundDriverCount:0 
[2017.12.31-16.15.32:786][  0]LogD3D11RHI:     Adapter Name: NVIDIA GeForce GTX 1050
[2017.12.31-16.15.32:786][  0]LogD3D11RHI:   Driver Version: Unknown (internal:Unknown, unified:Unknown)
[2017.12.31-16.15.32:786][  0]LogD3D11RHI:      Driver Date: Unknown
[2017.12.31-16.15.32:786][  0]LogRHI: Texture pool is 1361 MB (70% of 1945 MB)
[2017.12.31-16.15.32:813][  0]LogD3D11RHI: Async texture creation enabled
[2017.12.31-16.15.32:838][  0]LogD3D11RHI: GPU Timing Frequency: 1000.000000 (Debug: 2 1)
[2017.12.31-16.15.32:840][  0]LogShaderCompilers: Guid format shader working directory is -15 characters bigger than the processId version (../../../../../../Users/Marcus/Documents/GitHub/BANG/Bang 4.17/Intermediate/Shaders/WorkingDirectory/7688/).
[2017.12.31-16.15.32:841][  0]LogShaderCompilers: Cleaned the shader compiler working directory 'C:/Users/Marcus/AppData/Local/Temp/UnrealShaderWorkingDir/1A275CB943CD57C633B0B58DCECD0A21/'.
[2017.12.31-16.15.32:841][  0]LogShaderCompilers: Display: Using Local Shader Compiler.
[2017.12.31-16.15.34:175][  0]LogTemp: Display: Loaded TP AllDesktopTargetPlatform
[2017.12.31-16.15.34:374][  0]LogTemp: Display: Loaded TP MacClientTargetPlatform
[2017.12.31-16.15.34:576][  0]LogTemp: Display: Loaded TP MacNoEditorTargetPlatform
[2017.12.31-16.15.34:774][  0]LogTemp: Display: Loaded TP MacServerTargetPlatform
[2017.12.31-16.15.34:974][  0]LogTemp: Display: Loaded TP MacTargetPlatform
[2017.12.31-16.15.35:173][  0]LogTemp: Display: Loaded TP WindowsClientTargetPlatform
[2017.12.31-16.15.35:374][  0]LogTemp: Display: Loaded TP WindowsNoEditorTargetPlatform
[2017.12.31-16.15.35:568][  0]LogTemp: Display: Loaded TP WindowsServerTargetPlatform
[2017.12.31-16.15.35:754][  0]LogTemp: Display: Loaded TP WindowsTargetPlatform
[2017.12.31-16.15.35:948][  0]LogTemp: Display: Loaded TP AndroidTargetPlatform
[2017.12.31-16.15.36:139][  0]LogTemp: Display: Loaded TP Android_ASTCTargetPlatform
[2017.12.31-16.15.36:333][  0]LogTemp: Display: Loaded TP Android_ATCTargetPlatform
[2017.12.31-16.15.36:525][  0]LogTemp: Display: Loaded TP Android_DXTTargetPlatform
[2017.12.31-16.15.36:719][  0]LogTemp: Display: Loaded TP Android_ETC1TargetPlatform
[2017.12.31-16.15.36:912][  0]LogTemp: Display: Loaded TP Android_ETC2TargetPlatform
[2017.12.31-16.15.37:301][  0]LogTemp: Display: Loaded TP Android_MultiTargetPlatform
[2017.12.31-16.15.37:302][  0]LogTemp: Display: Loaded TP Android_PVRTCTargetPlatform
[2017.12.31-16.15.37:492][  0]LogTemp: Display: Loaded TP HTML5TargetPlatform
[2017.12.31-16.15.37:827][  0]LogTemp: Display: Loaded TP IOSTargetPlatform
[2017.12.31-16.15.37:949][  0]LogTemp: Display: Loaded TP TVOSTargetPlatform
[2017.12.31-16.15.38:152][  0]LogTemp: Display: Loaded TP LinuxClientTargetPlatform
[2017.12.31-16.15.38:352][  0]LogTemp: Display: Loaded TP LinuxNoEditorTargetPlatform
[2017.12.31-16.15.38:556][  0]LogTemp: Display: Loaded TP LinuxServerTargetPlatform
[2017.12.31-16.15.38:758][  0]LogTemp: Display: Loaded TP LinuxTargetPlatform
[2017.12.31-16.15.38:758][  0]LogTargetPlatformManager: Display: Building Assets For Windows
[2017.12.31-16.15.41:020][  0]LogDerivedDataCache: Display: Max Cache Size: 512 MB
[2017.12.31-16.15.41:102][  0]LogDerivedDataCache: Loaded boot cache 0.08s 93MB C:/Users/Marcus/AppData/Local/UnrealEngine/4.17/DerivedDataCache/Boot.ddc.
[2017.12.31-16.15.41:102][  0]LogDerivedDataCache: Display: Loaded Boot cache: C:/Users/Marcus/AppData/Local/UnrealEngine/4.17/DerivedDataCache/Boot.ddc
[2017.12.31-16.15.41:102][  0]LogDerivedDataCache: FDerivedDataBackendGraph:  Pak pak cache file ../../../../../../Users/Marcus/Documents/GitHub/BANG/Bang 4.17/DerivedDataCache/DDC.ddp not found, will not use a pak cache.
[2017.12.31-16.15.41:102][  0]LogDerivedDataCache: Unable to find inner node Pak for hierarchical cache Hierarchy.
[2017.12.31-16.15.41:102][  0]LogDerivedDataCache: FDerivedDataBackendGraph:  CompressedPak pak cache file ../../../../../../Users/Marcus/Documents/GitHub/BANG/Bang 4.17/DerivedDataCache/Compressed.ddp not found, will not use a pak cache.
[2017.12.31-16.15.41:102][  0]LogDerivedDataCache: Unable to find inner node CompressedPak for hierarchical cache Hierarchy.
[2017.12.31-16.15.41:118][  0]LogDerivedDataCache: Display: Pak cache opened for reading ../../../Engine/DerivedDataCache/Compressed.ddp.
[2017.12.31-16.15.41:133][  0]LogDerivedDataCache: Using Local data cache path C:/Users/Marcus/AppData/Local/UnrealEngine/Common/DerivedDataCache: Writable
[2017.12.31-16.15.41:142][  0]LogMaterial: Verifying Global Shaders for PCD3D_SM5
[2017.12.31-16.15.41:143][  0]LogSlate: Using Freetype 2.6.0
[2017.12.31-16.15.41:144][  0]LogSlate: SlateFontCache - WITH_FREETYPE: 1, WITH_HARFBUZZ: 1
[2017.12.31-16.15.41:144][  0]LogSlate: SlateFontCache - WITH_FREETYPE: 1, WITH_HARFBUZZ: 1
[2017.12.31-16.15.41:479][  0]LogAssetRegistry: FAssetRegistry took 0.0281 seconds to start up
[2017.12.31-16.15.41:732][  0]LogInit: Selected Device Profile: [Windows]
[2017.12.31-16.15.41:943][  0]LogContentStreaming: Texture pool size is 0.00 MB
[2017.12.31-16.15.43:079][  0]LogSimplygon: Simplygon DLL not present - disabling.
[2017.12.31-16.15.43:264][  0]LogMeshReduction: Using SimplygonSwarm for distributed automatic mesh merging
[2017.12.31-16.15.43:265][  0]LogMeshReduction: Using QuadricMeshReduction for automatic static mesh reduction
[2017.12.31-16.15.43:265][  0]LogMeshReduction: No automatic skeletal mesh reduction module available
[2017.12.31-16.15.43:265][  0]LogMeshReduction: No automatic mesh merging module available
[2017.12.31-16.15.43:265][  0]LogMeshMerging: No automatic mesh merging module available
[2017.12.31-16.15.43:839][  0]LogNetVersion: Bang , NetCL: 3573198, EngineNetVer: 2, GameNetVer: 0 (Checksum: 1517552222)
[2017.12.31-16.15.44:324][  0]LogPackageLocalizationCache: Processed 5 localized package path(s) for 2 prioritized culture(s) in 0.068874 seconds
[2017.12.31-16.15.44:330][  0]LogUObjectArray: 35825 objects as part of root set at end of initial load.
[2017.12.31-16.15.44:330][  0]LogUObjectAllocator: 7529104 out of 0 bytes used by permanent object pool.
[2017.12.31-16.15.44:331][  0]LogUObjectArray: CloseDisregardForGC: 0/0 objects in disregard for GC pool
[2017.12.31-16.15.44:637][  0]LogInit: WinSock: version 1.1 (2.2), MaxSocks=32767, MaxUdp=65467
[2017.12.31-16.15.52:436][  0]LogTcpMessaging: Initializing TcpMessaging bridge
[2017.12.31-16.15.52:576][  0]LogUdpMessaging: Initializing bridge on interface 0.0.0.0:0 to multicast group 230.0.0.1:6666.
[2017.12.31-16.15.55:386][  0]LogMaterial: Uniform references updated for custom material expression Custom.
[2017.12.31-16.15.56:868][  0]SourceControl: Source control is disabled
[2017.12.31-16.15.56:868][  0]SourceControl: Source control is disabled
[2017.12.31-16.15.57:073][  0]SourceControl: Source control is disabled
[2017.12.31-16.15.57:284][  0]SourceControl: Source control is disabled
[2017.12.31-16.15.59:889][  0]LogAndroidPermission: UAndroidPermissionCallbackProxy::GetInstance
[2017.12.31-16.16.00:926][  0]LogOcInput: OculusInput pre-init called
[2017.12.31-16.16.01:916][  0]LogEngine: Initializing Engine...
[2017.12.31-16.16.01:918][  0]LogHMD: Failed to initialize OpenVR with code 110
[2017.12.31-16.16.02:139][  0]LogStats: UGameplayTagsManager::ConstructGameplayTagTree: Construct from data asset -  0.000 s
[2017.12.31-16.16.02:139][  0]LogStats: UGameplayTagsManager::ConstructGameplayTagTree: GameplayTagTreeChangedEvent.Broadcast -  0.000 s
[2017.12.31-16.16.02:714][  0]LogAIModule: Creating AISystem for world Untitled
[2017.12.31-16.16.02:729][  0]LogInit: XAudio2 using 'Digital Audio (S/PDIF) (High Definition Audio Device)' : 2 channels at 44.1 kHz using 16 bits per sample (channel mask 0x3)
[2017.12.31-16.16.02:751][  0]LogInit: FAudioDevice initialized.
[2017.12.31-16.16.02:922][  0]LogDerivedDataCache: Saved boot cache 0.17s 93MB C:/Users/Marcus/AppData/Local/UnrealEngine/4.17/DerivedDataCache/Boot.ddc.
[2017.12.31-16.16.02:933][  0]LogInit: Texture streaming: Enabled
[2017.12.31-16.16.03:519][  0]LogEngineSessionManager: EngineSessionManager initialized
[2017.12.31-16.16.03:519][  0]LogEngineSessionManager: EngineSessionManager sent abnormal shutdown report. Type=Debugger, SessionId={B853AF38-4FA7-6E97-EEF5-C3AC408A96D7}
[2017.12.31-16.16.04:447][  0]LogInit: Transaction tracking system initialized
[2017.12.31-16.16.05:851][  0]BlueprintLog: New page: Editor Load
[2017.12.31-16.16.10:023][  0]LocalizationService: Localization service is disabled
[2017.12.31-16.16.13:113][  0]LogConsoleResponse: Display: 
[2017.12.31-16.16.13:434][  0]LogCook: Display: Max memory allowance for cook 16384mb min free memory 0mb
[2017.12.31-16.16.13:434][  0]LogCook: Display: Mobile HDR setting 1
[2017.12.31-16.16.13:434][  0]LogGameplayTags: Display: UGameplayTagsManager::DoneAddingNativeTags. DelegateIsBound: 0
[2017.12.31-16.16.13:561][  0]LogFileCache: Scanning file cache for directory 'C:/Users/Marcus/Documents/GitHub/BANG/Bang 4.17/Content/' took 0.02s
[2017.12.31-16.16.18:070][  0]SourceControl: Source control is disabled
[2017.12.31-16.16.18:070][  0]Cmd: MAP LOAD FILE="../../../../../../Users/Marcus/Documents/GitHub/BANG/Bang 4.17/Content/2DSideScrollerCPP/Maps/2DSideScrollerExampleMap.umap" TEMPLATE=0 SHOWPROGRESS=1 FEATURELEVEL=3
[2017.12.31-16.16.18:071][  0]LightingResults: New page: Lighting Build
[2017.12.31-16.16.18:257][  0]MapCheck: New page: Map Check
[2017.12.31-16.16.18:257][  0]LightingResults: New page: Lighting Build
[2017.12.31-16.16.18:555][  0]LogAIModule: Creating AISystem for world 2DSideScrollerExampleMap
[2017.12.31-16.16.18:561][  0]LogEditorServer: Finished looking for orphan Actors (0.000 secs)
[2017.12.31-16.16.18:572][  0]Cmd: MAP CHECKDEP NOCLEARLOG
[2017.12.31-16.16.18:725][  0]MapCheck: Map check complete: 0 Error(s), 0 Warning(s), took 153.78ms to complete.
[2017.12.31-16.16.18:725][  0]LogFileHelpers: Loading map '2DSideScrollerExampleMap' took 0.656
[2017.12.31-16.16.18:792][  0]LogWindowsTextInputMethodSystem: Display: IME system now deactivated.
[2017.12.31-16.16.19:176][  0]LogCollectionManager: Loaded 0 collections in 0.002381 seconds
[2017.12.31-16.16.19:413][  0]LogFileCache: Scanning file cache for directory 'C:/Users/Marcus/Documents/GitHub/BANG/Bang 4.17/Saved/Collections/' took 0.01s
[2017.12.31-16.16.19:413][  0]LogFileCache: Scanning file cache for directory 'C:/Users/Marcus/Documents/GitHub/BANG/Bang 4.17/Content/Developers/Marcus/Collections/' took 0.01s
[2017.12.31-16.16.19:413][  0]LogFileCache: Scanning file cache for directory 'C:/Users/Marcus/Documents/GitHub/BANG/Bang 4.17/Content/Collections/' took 0.01s
[2017.12.31-16.16.19:413][  0]LogCollectionManager: Rebuilt the GUID cache for 0 collections in 0.000000 seconds
[2017.12.31-16.16.19:425][  0]LogContentBrowser: Native class hierarchy populated in 0.0113 seconds. Added 2391 classes and 504 folders.
[2017.12.31-16.16.19:724][  0]LogContentBrowser: Native class hierarchy updated for 'WidgetCarousel' in 0.0035 seconds. Added 0 classes and 0 folders.
[2017.12.31-16.16.19:819][  0]LogContentBrowser: Native class hierarchy updated for 'AddContentDialog' in 0.0036 seconds. Added 0 classes and 0 folders.
[2017.12.31-16.16.21:076][  0]LogSlate: Took 0.000385 seconds to synchronously load lazily loaded font '../../../Engine/Content/Slate/Fonts/Roboto-Regular.ttf' (155K)
[2017.12.31-16.16.21:084][  0]LogSlate: Took 0.000474 seconds to synchronously load lazily loaded font '../../../Engine/Content/Slate/Fonts/Roboto-Bold.ttf' (160K)
[2017.12.31-16.16.21:089][  0]LogSlate: Took 0.000300 seconds to synchronously load lazily loaded font '../../../Engine/Content/Editor/Slate/Fonts/FontAwesome.ttf' (139K)
[2017.12.31-16.16.21:090][  0]LogSlate: Took 0.000262 seconds to synchronously load lazily loaded font '../../../Engine/Content/Editor/Slate/Fonts/DroidSansMono.ttf' (77K)
[2017.12.31-16.16.21:244][  0]LogTemp: Executing iPhonePackager certificates Engine -bundlename com.YourCompany.Bang
[2017.12.31-16.16.21:244][  0]LogTemp: CWD: C:\Program Files\Epic Games\UE_4.17\Engine\Binaries\DotNET\IOS
[2017.12.31-16.16.21:244][  0]LogTemp: Initial Dir: C:\Program Files\Epic Games\UE_4.17
[2017.12.31-16.16.21:244][  0]LogTemp: Env CWD: C:\Program Files\Epic Games\UE_4.17\Engine\Binaries\DotNET\IOS
[2017.12.31-16.16.21:245][  0]LogTemp: BranchPath = MARCUSPC/C/Program Files/Epic Games/UE_4.17/Engine/Binaries --- GameBranchPath = MARCUSPC/C/Program Files/Epic Games/UE_4.17/Engine/Binaries
[2017.12.31-16.16.21:245][  0]LogTemp: IPP ERROR: Could not find provision directory 'C:\Users\Marcus\AppData\Local/Apple Computer/MobileDevice/Provisioning Profiles/'.
[2017.12.31-16.16.21:245][  0]LogRenderer: Reallocating scene render targets to support 1208x576 Format 10 NumSamples 1 (Frame:1).
[2017.12.31-16.16.21:589][  0]LogContentBrowser: Native class hierarchy updated for 'HierarchicalLODOutliner' in 0.0037 seconds. Added 1 classes and 2 folders.
[2017.12.31-16.16.21:590][  0]LogLoad: (Engine Initialization) Total time: 56.18 seconds
[2017.12.31-16.16.21:590][  0]LogLoad: (Engine Initialization) Total Blueprint compile time: 0.00 seconds
[2017.12.31-16.16.21:591][  0]LogExternalProfiler: Found external profiler: VSPerf
[2017.12.31-16.16.21:591][  0]LogExternalProfiler: Using external profiler: VSPerf
[2017.12.31-16.16.21:624][  0]LogContentStreaming: Texture pool size now 1000 MB
[2017.12.31-16.16.21:657][  1]LogAssetRegistry: Asset discovery search completed in 40.2013 seconds
[2017.12.31-16.16.21:659][  1]LogCollectionManager: Rebuilt the object cache for 0 collections in 0.000001 seconds (found 0 objects)
[2017.12.31-16.16.21:660][  1]LogCollectionManager: Fixed up redirectors for 0 collections in 0.000298 seconds (updated 0 objects)
[2017.12.31-16.16.22:623][112]LogSlate: Took 0.000308 seconds to synchronously load lazily loaded font '../../../Engine/Content/Slate/Fonts/Roboto-Light.ttf' (159K)
[2017.12.31-16.16.25:279][420]LogSlate: Took 0.000193 seconds to synchronously load lazily loaded font '../../../Engine/Content/Slate/Fonts/Roboto-Light.ttf' (159K)
[2017.12.31-16.16.25:941][420]LogContentBrowser: Native class hierarchy updated for 'BlueprintGraph' in 0.0040 seconds. Added 113 classes and 0 folders.
[2017.12.31-16.16.47:957][420]LogTemp: Overlap Detected
[2017.12.31-16.16.48:534][420]LogTemp: Overlap Detected
[2017.12.31-16.16.48:539][420]LogSlate: Took 0.000334 seconds to synchronously load lazily loaded font '../../../Engine/Content/Editor/Slate/Fonts/Roboto-BoldCondensed.ttf' (158K)
[2017.12.31-16.16.48:801][421]LogTemp: Overlap Detected
[2017.12.31-16.16.49:461][421]LogTemp: Overlap Detected
[2017.12.31-16.16.49:651][422]LogTemp: Overlap Detected
[2017.12.31-16.16.49:859][422]LogTemp: Overlap Detected
