Log file open, 01/14/18 20:28:44
LogWindows: Failed to load 'aqProf.dll' (GetLastError=126)
LogWindows: File 'aqProf.dll' does not exist
LogWindows: Failed to load 'VtuneApi.dll' (GetLastError=126)
LogWindows: File 'VtuneApi.dll' does not exist
LogWindows: Failed to load 'VtuneApi32e.dll' (GetLastError=126)
LogWindows: File 'VtuneApi32e.dll' does not exist
LogInit: Display: Running engine for game: Bang
LogPlatformFile: Not using cached read wrapper
LogInit: Display: RandInit(1141058001) SRandInit(1141058001).
LogTaskGraph: Started task graph with 5 named threads and 14 total threads with 3 sets of task threads.
LogStats: Stats thread started at 0.378352
LogD3D11RHI: Aftermath initialized
LogPluginManager: Mounting plugin Paper2D
LogPluginManager: Mounting plugin LightPropagationVolume
LogPluginManager: Mounting plugin CodeLiteSourceCodeAccess
LogPluginManager: Mounting plugin GitSourceControl
LogPluginManager: Mounting plugin KDevelopSourceCodeAccess
LogPluginManager: Mounting plugin NullSourceCodeAccess
LogPluginManager: Mounting plugin PerforceSourceControl
LogPluginManager: Mounting plugin SubversionSourceControl
LogPluginManager: Mounting plugin UObjectPlugin
LogPluginManager: Mounting plugin VisualStudioSourceCodeAccess
LogPluginManager: Mounting plugin XCodeSourceCodeAccess
LogPluginManager: Mounting plugin AssetManagerEditor
LogPluginManager: Mounting plugin AudioCapture
LogPluginManager: Mounting plugin FacialAnimation
LogPluginManager: Mounting plugin GameplayTagsEditor
LogPluginManager: Mounting plugin MobileLauncherProfileWizard
LogPluginManager: Mounting plugin PluginBrowser
LogPluginManager: Mounting plugin SpeedTreeImporter
LogPluginManager: Mounting plugin AlembicImporter
LogPluginManager: Mounting plugin CharacterAI
LogPluginManager: Mounting plugin HTML5Networking
LogPluginManager: Mounting plugin AndroidMedia
LogPluginManager: Mounting plugin AvfMedia
LogPluginManager: Mounting plugin MediaPlayerEditor
LogPluginManager: Mounting plugin WmfMedia
LogPluginManager: Mounting plugin TcpMessaging
LogPluginManager: Mounting plugin UdpMessaging
LogPluginManager: Mounting plugin LevelSequenceEditor
LogPluginManager: Mounting plugin MatineeToLevelSequence
LogPluginManager: Mounting plugin OnlineSubsystemGooglePlay
LogPluginManager: Mounting plugin OnlineSubsystemIOS
LogPluginManager: Mounting plugin OnlineSubsystem
LogPluginManager: Mounting plugin OnlineSubsystemNull
LogPluginManager: Mounting plugin OnlineSubsystemUtils
LogPluginManager: Mounting plugin AndroidDeviceProfileSelector
LogPluginManager: Mounting plugin AndroidMoviePlayer
LogPluginManager: Mounting plugin AndroidPermission
LogPluginManager: Mounting plugin AppleMoviePlayer
LogPluginManager: Mounting plugin ArchVisCharacter
LogPluginManager: Mounting plugin CableComponent
LogPluginManager: Mounting plugin CustomMeshComponent
LogPluginManager: Mounting plugin ExampleDeviceProfileSelector
LogPluginManager: Mounting plugin GoogleCloudMessaging
LogPluginManager: Mounting plugin ImmediatePhysics
LogPluginManager: Mounting plugin IOSDeviceProfileSelector
LogPluginManager: Mounting plugin LinuxDeviceProfileSelector
LogPluginManager: Mounting plugin LocationServicesBPLibrary
LogPluginManager: Mounting plugin MobilePatchingUtils
LogPluginManager: Mounting plugin OculusVR
LogPluginManager: Mounting plugin PhysXVehicles
LogPluginManager: Mounting plugin ProceduralMeshComponent
LogPluginManager: Mounting plugin RuntimePhysXCooking
LogPluginManager: Mounting plugin SteamVR
LogPluginManager: Mounting plugin WindowsMoviePlayer
LogInit: Using libcurl 7.47.1
LogInit:  - built for x86_64-pc-win32
LogInit:  - supports SSL with OpenSSL/1.0.2g
LogInit:  - supports HTTP deflate (compression) using libz 1.2.8
LogInit:  - other features:
LogInit:      CURL_VERSION_SSL
LogInit:      CURL_VERSION_LIBZ
LogInit:      CURL_VERSION_IPV6
LogInit:      CURL_VERSION_ASYNCHDNS
LogInit:      CURL_VERSION_LARGEFILE
LogInit:      CURL_VERSION_IDN
LogInit:  CurlRequestOptions (configurable via config and command line):
LogInit:  - bVerifyPeer = false  - Libcurl will NOT verify peer certificate
LogInit:  - bUseHttpProxy = false  - Libcurl will NOT use HTTP proxy
LogInit:  - bDontReuseConnections = false  - Libcurl will reuse connections
LogInit:  - CertBundlePath = nullptr  - Libcurl will use whatever was configured at build time.
LogInit: Build: ++UE4+Release-4.17-CL-3658906
LogInit: Engine Version: 4.17.2-3658906+++UE4+Release-4.17
LogInit: Compatible Engine Version: 4.17.0-3573198+++UE4+Release-4.17
LogInit: Net CL: 3573198
LogDevObjectVersion: Number of dev versions registered: 16
LogDevObjectVersion:   Dev-Blueprints (B0D832E4-1F89-4F0D-ACCF-7EB736FD4AA2): 10
LogDevObjectVersion:   Dev-Build (E1C64328-A22C-4D53-A36C-8E866417BD8C): 0
LogDevObjectVersion:   Dev-Core (375EC13C-06E4-48FB-B500-84F0262A717E): 2
LogDevObjectVersion:   Dev-Editor (E4B068ED-F494-42E9-A231-DA0B2E46BB41): 20
LogDevObjectVersion:   Dev-Framework (CFFC743F-43B0-4480-9391-14DF171D2073): 28
LogDevObjectVersion:   Dev-Mobile (B02B49B5-BB20-44E9-A304-32B752E40360): 0
LogDevObjectVersion:   Dev-Networking (A4E4105C-59A1-49B5-A7C5-40C4547EDFEE): 0
LogDevObjectVersion:   Dev-Online (39C831C9-5AE6-47DC-9A44-9C173E1C8E7C): 0
LogDevObjectVersion:   Dev-Physics (78F01B33-EBEA-4F98-B9B4-84EACCB95AA2): 0
LogDevObjectVersion:   Dev-Platform (6631380F-2D4D-43E0-8009-CF276956A95A): 0
LogDevObjectVersion:   Dev-Rendering (12F88B9F-8875-4AFC-A67C-D90C383ABD29): 19
LogDevObjectVersion:   Dev-Sequencer (7B5AE74C-D270-4C10-A958-57980B212A5A): 4
LogDevObjectVersion:   Dev-VR (D7296918-1DD6-4BDD-9DE2-64A83CC13884): 0
LogDevObjectVersion:   Dev-LoadTimes (C2A15278-BFE7-4AFE-6C17-90FF531DF755): 1
LogDevObjectVersion:   Private-Geometry (6EACA3D4-40EC-4CC1-B786-8BED09428FC5): 1
LogDevObjectVersion:   Dev-AnimPhys (29E575DD-E0A3-4627-9D10-D276232CDCEA): 7
LogInit: Compiled (64-bit): Sep 22 2017 13:47:16
LogInit: Compiled with Visual C++: 19.00.24215.01
LogInit: Build Configuration: Development
LogInit: Branch Name: ++UE4+Release-4.17
LogInit: Command line: -EpicPortal 
LogInit: Base directory: C:/Program Files/Epic Games/UE_4.17/Engine/Binaries/Win64/
LogInit: Installed Engine Build: 1
LogInit: Presizing for max 8388607 objects, including 0 objects not considered by GC, pre-allocating 0 bytes for permanent pool.
LogInit: Object subsystem initialized
[2018.01.14-20.28.47:617][  0]LogInit: Selected Device Profile: [Windows]
[2018.01.14-20.28.47:618][  0]LogInit: Applying CVar settings loaded from the selected device profile: [Windows]
[2018.01.14-20.28.47:666][  0]LogInit: Computer: TOKIE
[2018.01.14-20.28.47:666][  0]LogInit: User: MCall
[2018.01.14-20.28.47:666][  0]LogInit: CPU Page size=4096, Cores=4
[2018.01.14-20.28.47:666][  0]LogInit: High frequency timer resolution =2.240901 MHz
[2018.01.14-20.28.47:666][  0]LogMemory: Memory total: Physical=15.9GB (16GB approx)
[2018.01.14-20.28.47:666][  0]LogMemory: Platform Memory Stats for Windows
[2018.01.14-20.28.47:666][  0]LogMemory: Process Physical Memory: 282.69 MB used, 282.69 MB peak
[2018.01.14-20.28.47:666][  0]LogMemory: Process Virtual Memory: 290.37 MB used, 290.37 MB peak
[2018.01.14-20.28.47:666][  0]LogMemory: Physical Memory: 5543.34 MB used,  10748.99 MB free, 16292.33 MB total
[2018.01.14-20.28.47:666][  0]LogMemory: Virtual Memory: 718.93 MB used,  10748.99 MB free, 134217728.00 MB total
[2018.01.14-20.28.47:896][  0]LogInit: Using OS detected language (en-US).
[2018.01.14-20.28.47:896][  0]LogInit: Using OS detected locale (en-GB).
[2018.01.14-20.28.47:924][  0]LogTextLocalizationManager: No specific localization for 'en-US' exists, so the 'en' localization will be used.
[2018.01.14-20.28.48:803][  0]LogD3D11RHI: D3D11 adapters:
[2018.01.14-20.28.48:852][  0]LogD3D11RHI:    0. 'NVIDIA GeForce GT 745M' (Feature Level 11_0)
[2018.01.14-20.28.48:852][  0]LogD3D11RHI:       2009/0/8146 MB DedicatedVideo/DedicatedSystem/SharedSystem, Outputs:1, VendorId:0x10de
[2018.01.14-20.28.48:859][  0]LogD3D11RHI:    1. 'Intel(R) HD Graphics 4600' (Feature Level 11_0)
[2018.01.14-20.28.48:859][  0]LogD3D11RHI:       112/0/2048 MB DedicatedVideo/DedicatedSystem/SharedSystem, Outputs:0, VendorId:0x8086
[2018.01.14-20.28.48:863][  0]LogD3D11RHI:    2. 'Microsoft Basic Render Driver' (Feature Level 11_0)
[2018.01.14-20.28.48:863][  0]LogD3D11RHI:       0/0/8146 MB DedicatedVideo/DedicatedSystem/SharedSystem, Outputs:0, VendorId:0x1414
[2018.01.14-20.28.48:863][  0]LogD3D11RHI: Chosen D3D11 Adapter: 0
[2018.01.14-20.28.48:869][  0]LogD3D11RHI: Creating new Direct3DDevice
[2018.01.14-20.28.48:869][  0]LogD3D11RHI:     GPU DeviceId: 0xfe3 (for the marketing name, search the web for "GPU Device Id")
[2018.01.14-20.28.48:869][  0]LogWindows: EnumDisplayDevices:
[2018.01.14-20.28.48:870][  0]LogWindows:    0. 'Intel(R) HD Graphics 4600' (P:1 D:1)
[2018.01.14-20.28.48:870][  0]LogWindows:    1. 'Intel(R) HD Graphics 4600' (P:0 D:0)
[2018.01.14-20.28.48:870][  0]LogWindows:    2. 'Intel(R) HD Graphics 4600' (P:0 D:0)
[2018.01.14-20.28.48:870][  0]LogWindows: DebugString: GetVideoDriverDetailsInvalid PrimaryIsNotTheChoosenAdapter GetVideoDriverDetailsInvalid PrimaryIsNotTheChoosenAdapter GetVideoDriverDetailsInvalid PrimaryIsNotTheChoosenAdapter FoundDriverCount:0 
[2018.01.14-20.28.48:870][  0]LogD3D11RHI:     Adapter Name: NVIDIA GeForce GT 745M
[2018.01.14-20.28.48:870][  0]LogD3D11RHI:   Driver Version: Unknown (internal:Unknown, unified:Unknown)
[2018.01.14-20.28.48:870][  0]LogD3D11RHI:      Driver Date: Unknown
[2018.01.14-20.28.48:870][  0]LogRHI: Texture pool is 1361 MB (70% of 1945 MB)
[2018.01.14-20.28.48:901][  0]LogD3D11RHI: Async texture creation enabled
[2018.01.14-20.28.48:922][  0]LogD3D11RHI: GPU Timing Frequency: 1000.000000 (Debug: 2 2)
[2018.01.14-20.28.48:923][  0]LogShaderCompilers: Guid format shader working directory is -15 characters bigger than the processId version (../../../../../../Users/MCall/Documents/GitHub/BANG/Bang 4.17/Intermediate/Shaders/WorkingDirectory/1672/).
[2018.01.14-20.28.48:923][  0]LogShaderCompilers: Cleaned the shader compiler working directory 'C:/Users/MCall/AppData/Local/Temp/UnrealShaderWorkingDir/D48185864C13A56F3FBF8BB6791B46B7/'.
[2018.01.14-20.28.48:923][  0]LogShaderCompilers: Display: Using Local Shader Compiler.
[2018.01.14-20.28.50:895][  0]LogTemp: Display: Loaded TP AllDesktopTargetPlatform
[2018.01.14-20.28.51:105][  0]LogTemp: Display: Loaded TP MacClientTargetPlatform
[2018.01.14-20.28.51:411][  0]LogTemp: Display: Loaded TP MacNoEditorTargetPlatform
[2018.01.14-20.28.51:711][  0]LogTemp: Display: Loaded TP MacServerTargetPlatform
[2018.01.14-20.28.52:042][  0]LogTemp: Display: Loaded TP MacTargetPlatform
[2018.01.14-20.28.52:365][  0]LogTemp: Display: Loaded TP WindowsClientTargetPlatform
[2018.01.14-20.28.52:727][  0]LogTemp: Display: Loaded TP WindowsNoEditorTargetPlatform
[2018.01.14-20.28.53:063][  0]LogTemp: Display: Loaded TP WindowsServerTargetPlatform
[2018.01.14-20.28.53:385][  0]LogTemp: Display: Loaded TP WindowsTargetPlatform
[2018.01.14-20.28.53:703][  0]LogTemp: Display: Loaded TP AndroidTargetPlatform
[2018.01.14-20.28.54:042][  0]LogTemp: Display: Loaded TP Android_ASTCTargetPlatform
[2018.01.14-20.28.54:365][  0]LogTemp: Display: Loaded TP Android_ATCTargetPlatform
[2018.01.14-20.28.54:724][  0]LogTemp: Display: Loaded TP Android_DXTTargetPlatform
[2018.01.14-20.28.55:035][  0]LogTemp: Display: Loaded TP Android_ETC1TargetPlatform
[2018.01.14-20.28.55:379][  0]LogTemp: Display: Loaded TP Android_ETC2TargetPlatform
[2018.01.14-20.28.56:038][  0]LogTemp: Display: Loaded TP Android_MultiTargetPlatform
[2018.01.14-20.28.56:038][  0]LogTemp: Display: Loaded TP Android_PVRTCTargetPlatform
[2018.01.14-20.28.56:325][  0]LogTemp: Display: Loaded TP HTML5TargetPlatform
[2018.01.14-20.28.56:796][  0]LogTemp: Display: Loaded TP IOSTargetPlatform
[2018.01.14-20.28.57:020][  0]LogTemp: Display: Loaded TP TVOSTargetPlatform
[2018.01.14-20.28.57:350][  0]LogTemp: Display: Loaded TP LinuxClientTargetPlatform
[2018.01.14-20.28.57:711][  0]LogTemp: Display: Loaded TP LinuxNoEditorTargetPlatform
[2018.01.14-20.28.58:061][  0]LogTemp: Display: Loaded TP LinuxServerTargetPlatform
[2018.01.14-20.28.58:393][  0]LogTemp: Display: Loaded TP LinuxTargetPlatform
[2018.01.14-20.28.58:393][  0]LogTargetPlatformManager: Display: Building Assets For Windows
[2018.01.14-20.29.01:953][  0]LogDerivedDataCache: Display: Max Cache Size: 512 MB
[2018.01.14-20.29.02:322][  0]LogDerivedDataCache: Loaded boot cache 0.37s 93MB C:/Users/MCall/AppData/Local/UnrealEngine/4.17/DerivedDataCache/Boot.ddc.
[2018.01.14-20.29.02:322][  0]LogDerivedDataCache: Display: Loaded Boot cache: C:/Users/MCall/AppData/Local/UnrealEngine/4.17/DerivedDataCache/Boot.ddc
[2018.01.14-20.29.02:323][  0]LogDerivedDataCache: FDerivedDataBackendGraph:  Pak pak cache file ../../../../../../Users/MCall/Documents/GitHub/BANG/Bang 4.17/DerivedDataCache/DDC.ddp not found, will not use a pak cache.
[2018.01.14-20.29.02:323][  0]LogDerivedDataCache: Unable to find inner node Pak for hierarchical cache Hierarchy.
[2018.01.14-20.29.02:323][  0]LogDerivedDataCache: FDerivedDataBackendGraph:  CompressedPak pak cache file ../../../../../../Users/MCall/Documents/GitHub/BANG/Bang 4.17/DerivedDataCache/Compressed.ddp not found, will not use a pak cache.
[2018.01.14-20.29.02:323][  0]LogDerivedDataCache: Unable to find inner node CompressedPak for hierarchical cache Hierarchy.
[2018.01.14-20.29.02:398][  0]LogDerivedDataCache: Display: Pak cache opened for reading ../../../Engine/DerivedDataCache/Compressed.ddp.
[2018.01.14-20.29.02:414][  0]LogDerivedDataCache: Using Local data cache path C:/Users/MCall/AppData/Local/UnrealEngine/Common/DerivedDataCache: Writable
[2018.01.14-20.29.02:457][  0]LogMaterial: Verifying Global Shaders for PCD3D_SM5
[2018.01.14-20.29.02:458][  0]LogSlate: Using Freetype 2.6.0
[2018.01.14-20.29.02:460][  0]LogSlate: SlateFontCache - WITH_FREETYPE: 1, WITH_HARFBUZZ: 1
[2018.01.14-20.29.02:461][  0]LogSlate: SlateFontCache - WITH_FREETYPE: 1, WITH_HARFBUZZ: 1
[2018.01.14-20.29.05:225][  0]LogAssetRegistry: FAssetRegistry took 0.0475 seconds to start up
[2018.01.14-20.29.05:880][  0]LogInit: Selected Device Profile: [Windows]
[2018.01.14-20.29.06:551][  0]LogContentStreaming: Texture pool size is 0.00 MB
[2018.01.14-20.29.08:191][  0]LogSimplygon: Simplygon DLL not present - disabling.
[2018.01.14-20.29.08:413][  0]LogMeshReduction: Using SimplygonSwarm for distributed automatic mesh merging
[2018.01.14-20.29.08:413][  0]LogMeshReduction: Using QuadricMeshReduction for automatic static mesh reduction
[2018.01.14-20.29.08:413][  0]LogMeshReduction: No automatic skeletal mesh reduction module available
[2018.01.14-20.29.08:413][  0]LogMeshReduction: No automatic mesh merging module available
[2018.01.14-20.29.08:413][  0]LogMeshMerging: No automatic mesh merging module available
[2018.01.14-20.29.10:005][  0]LogNetVersion: Bang , NetCL: 3573198, EngineNetVer: 2, GameNetVer: 0 (Checksum: 1517552222)
[2018.01.14-20.29.10:997][  0]LogPackageLocalizationCache: Processed 5 localized package path(s) for 2 prioritized culture(s) in 0.163055 seconds
[2018.01.14-20.29.11:019][  0]LogUObjectArray: 35825 objects as part of root set at end of initial load.
[2018.01.14-20.29.11:020][  0]LogUObjectAllocator: 7529112 out of 0 bytes used by permanent object pool.
[2018.01.14-20.29.11:020][  0]LogUObjectArray: CloseDisregardForGC: 0/0 objects in disregard for GC pool
[2018.01.14-20.29.11:351][  0]LogInit: WinSock: version 1.1 (2.2), MaxSocks=32767, MaxUdp=65467
[2018.01.14-20.29.25:279][  0]LogTcpMessaging: Initializing TcpMessaging bridge
[2018.01.14-20.29.25:504][  0]LogUdpMessaging: Initializing bridge on interface 0.0.0.0:0 to multicast group 230.0.0.1:6666.
[2018.01.14-20.29.29:817][  0]LogMaterial: Uniform references updated for custom material expression Custom.
[2018.01.14-20.29.32:059][  0]SourceControl: Source control is disabled
[2018.01.14-20.29.32:059][  0]SourceControl: Source control is disabled
[2018.01.14-20.29.32:363][  0]SourceControl: Source control is disabled
[2018.01.14-20.29.32:663][  0]SourceControl: Source control is disabled
[2018.01.14-20.29.36:062][  0]LogAndroidPermission: UAndroidPermissionCallbackProxy::GetInstance
[2018.01.14-20.29.37:539][  0]LogOcInput: OculusInput pre-init called
[2018.01.14-20.29.38:930][  0]LogEngine: Initializing Engine...
[2018.01.14-20.29.38:943][  0]LogHMD: Failed to initialize OpenVR with code 110
[2018.01.14-20.29.39:839][  0]LogStats: UGameplayTagsManager::ConstructGameplayTagTree: Construct from data asset -  0.000 s
[2018.01.14-20.29.39:839][  0]LogStats: UGameplayTagsManager::ConstructGameplayTagTree: GameplayTagTreeChangedEvent.Broadcast -  0.000 s
[2018.01.14-20.29.40:596][  0]LogAIModule: Creating AISystem for world Untitled
[2018.01.14-20.29.40:619][  0]LogInit: XAudio2 using 'Speakers (Realtek High Definition Audio)' : 2 channels at 48 kHz using 32 bits per sample (channel mask 0x3)
[2018.01.14-20.29.40:688][  0]LogInit: FAudioDevice initialized.
[2018.01.14-20.29.41:084][  0]LogDerivedDataCache: Saved boot cache 0.39s 93MB C:/Users/MCall/AppData/Local/UnrealEngine/4.17/DerivedDataCache/Boot.ddc.
[2018.01.14-20.29.41:117][  0]LogInit: Texture streaming: Enabled
[2018.01.14-20.29.41:738][  0]LogEngineSessionManager: EngineSessionManager initialized
[2018.01.14-20.29.42:991][  0]LogInit: Transaction tracking system initialized
[2018.01.14-20.29.44:773][  0]BlueprintLog: New page: Editor Load
[2018.01.14-20.29.49:743][  0]LocalizationService: Localization service is disabled
[2018.01.14-20.29.53:600][  0]LogConsoleResponse: Display: 
[2018.01.14-20.29.54:506][  0]LogCook: Display: Max memory allowance for cook 16384mb min free memory 0mb
[2018.01.14-20.29.54:506][  0]LogCook: Display: Mobile HDR setting 1
[2018.01.14-20.29.54:506][  0]LogGameplayTags: Display: UGameplayTagsManager::DoneAddingNativeTags. DelegateIsBound: 0
[2018.01.14-20.29.54:696][  0]LogFileCache: Scanning file cache for directory 'C:/Users/MCall/Documents/GitHub/BANG/Bang 4.17/Content/' took 0.05s
[2018.01.14-20.30.00:907][  0]SourceControl: Source control is disabled
[2018.01.14-20.30.00:908][  0]Cmd: MAP LOAD FILE="../../../../../../Users/MCall/Documents/GitHub/BANG/Bang 4.17/Content/2DSideScrollerCPP/Maps/2DSideScrollerExampleMap.umap" TEMPLATE=0 SHOWPROGRESS=1 FEATURELEVEL=3
[2018.01.14-20.30.00:910][  0]LightingResults: New page: Lighting Build
[2018.01.14-20.30.01:138][  0]MapCheck: New page: Map Check
[2018.01.14-20.30.01:138][  0]LightingResults: New page: Lighting Build
[2018.01.14-20.30.03:075][  0]LogTexture: Display: Building textures: damage (BGRA8, 743X149)
[2018.01.14-20.30.03:075][  0]LogAIModule: Creating AISystem for world 2DSideScrollerExampleMap
[2018.01.14-20.30.03:207][  0]LogEditorServer: Finished looking for orphan Actors (0.000 secs)
[2018.01.14-20.30.03:253][  0]Cmd: MAP CHECKDEP NOCLEARLOG
[2018.01.14-20.30.03:606][  0]MapCheck: Map check complete: 0 Error(s), 0 Warning(s), took 353.151ms to complete.
[2018.01.14-20.30.03:607][  0]LogFileHelpers: Loading map '2DSideScrollerExampleMap' took 2.700
[2018.01.14-20.30.06:168][  0]LogCollectionManager: Loaded 0 collections in 0.008745 seconds
[2018.01.14-20.30.06:810][  0]LogFileCache: Scanning file cache for directory 'C:/Users/MCall/Documents/GitHub/BANG/Bang 4.17/Saved/Collections/' took 0.01s
[2018.01.14-20.30.06:810][  0]LogFileCache: Scanning file cache for directory 'C:/Users/MCall/Documents/GitHub/BANG/Bang 4.17/Content/Developers/MCall/Collections/' took 0.01s
[2018.01.14-20.30.06:810][  0]LogFileCache: Scanning file cache for directory 'C:/Users/MCall/Documents/GitHub/BANG/Bang 4.17/Content/Collections/' took 0.01s
[2018.01.14-20.30.06:810][  0]LogCollectionManager: Rebuilt the GUID cache for 0 collections in 0.000001 seconds
[2018.01.14-20.30.06:887][  0]LogContentBrowser: Native class hierarchy populated in 0.0636 seconds. Added 2391 classes and 504 folders.
[2018.01.14-20.30.07:347][  0]LogContentBrowser: Native class hierarchy updated for 'WidgetCarousel' in 0.0279 seconds. Added 0 classes and 0 folders.
[2018.01.14-20.30.10:884][  0]LogContentBrowser: Native class hierarchy updated for 'AddContentDialog' in 0.0092 seconds. Added 0 classes and 0 folders.
[2018.01.14-20.30.22:304][  0]LogSlate: Took 0.000980 seconds to synchronously load lazily loaded font '../../../Engine/Content/Slate/Fonts/Roboto-Regular.ttf' (155K)
[2018.01.14-20.30.22:393][  0]LogSlate: Took 0.000858 seconds to synchronously load lazily loaded font '../../../Engine/Content/Slate/Fonts/Roboto-Bold.ttf' (160K)
[2018.01.14-20.30.22:509][  0]LogSlate: Took 0.065644 seconds to synchronously load lazily loaded font '../../../Engine/Content/Editor/Slate/Fonts/FontAwesome.ttf' (139K)
[2018.01.14-20.30.22:577][  0]LogSlate: Took 0.052296 seconds to synchronously load lazily loaded font '../../../Engine/Content/Editor/Slate/Fonts/DroidSansMono.ttf' (77K)
[2018.01.14-20.30.23:686][  0]LogTemp: Executing iPhonePackager certificates Engine -bundlename com.YourCompany.Bang
[2018.01.14-20.30.23:687][  0]LogTemp: CWD: C:\Program Files\Epic Games\UE_4.17\Engine\Binaries\DotNET\IOS
[2018.01.14-20.30.23:688][  0]LogTemp: Initial Dir: C:\Program Files\Epic Games\UE_4.17
[2018.01.14-20.30.23:688][  0]LogTemp: Env CWD: C:\Program Files\Epic Games\UE_4.17\Engine\Binaries\DotNET\IOS
[2018.01.14-20.30.23:689][  0]LogTemp: BranchPath = TOKIE/C/Program Files/Epic Games/UE_4.17/Engine/Binaries --- GameBranchPath = TOKIE/C/Program Files/Epic Games/UE_4.17/Engine/Binaries
[2018.01.14-20.30.23:690][  0]LogRenderer: Reallocating scene render targets to support 808x372 Format 10 NumSamples 1 (Frame:1).
[2018.01.14-20.30.24:947][  0]LogTemp: IPP ERROR: Could not find provision directory 'C:\Users\MCall\AppData\Local/Apple Computer/MobileDevice/Provisioning Profiles/'.
[2018.01.14-20.30.25:224][  0]LogContentBrowser: Native class hierarchy updated for 'HierarchicalLODOutliner' in 0.0112 seconds. Added 1 classes and 2 folders.
[2018.01.14-20.30.25:226][  0]LogLoad: (Engine Initialization) Total time: 104.54 seconds
[2018.01.14-20.30.25:227][  0]LogLoad: (Engine Initialization) Total Blueprint compile time: 0.00 seconds
[2018.01.14-20.30.25:228][  0]LogExternalProfiler: Found external profiler: VSPerf
[2018.01.14-20.30.25:228][  0]LogExternalProfiler: Using external profiler: VSPerf
[2018.01.14-20.30.25:647][  0]LogContentStreaming: Texture pool size now 1000 MB
[2018.01.14-20.30.27:987][  7]LogAssetRegistry: Asset discovery search completed in 82.7857 seconds
[2018.01.14-20.30.27:995][  7]LogCollectionManager: Rebuilt the object cache for 0 collections in 0.000001 seconds (found 0 objects)
[2018.01.14-20.30.27:996][  7]LogCollectionManager: Fixed up redirectors for 0 collections in 0.000681 seconds (updated 0 objects)
[2018.01.14-20.31.50:292][253]LogVSAccessor: Warning: Couldn't access Visual Studio
[2018.01.14-20.31.50:537][253]Candidate modules for hot reload:
[2018.01.14-20.31.50:538][253]  Bang
[2018.01.14-20.31.50:538][253]Launching UnrealBuildTool... [C:/Program Files/Epic Games/UE_4.17/Engine/Binaries/DotNET/UnrealBuildTool.exe Bang -ModuleWithSuffix Bang 9324 Win64 Development -editorrecompile -canskiplink "C:/Users/MCall/Documents/GitHub/BANG/Bang 4.17/Bang.uproject" ]
[2018.01.14-20.31.50:564][253]Warning: Starting HotReload took  0.6s.
[2018.01.14-20.41.16:107][337]CompilerResultsLog: New page: Compilation - 14 Jan 2018 20:41:15
[2018.01.14-20.41.16:182][337]CompilerResultsLog: Messages while compiling C:\Users\MCall\Documents\GitHub\BANG\Bang 4.17\Intermediate\Build\BuildRules\BangModuleRules.dll:
[2018.01.14-20.41.16:183][337]CompilerResultsLog: c:\Users\MCall\Documents\GitHub\BANG\Bang 4.17\Source\Bang\Bang.Build.cs(7,9) : warning CS0618: 'UnrealBuildTool.ModuleRules.ModuleRules()' is obsolete: 'Please change your module constructor to take a ReadOnlyTargetRules parameter, and pass it to the base class constructor (eg. "MyModuleRules(ReadOnlyTargetRules Target) : base(Target)").'
[2018.01.14-20.41.16:186][337]CompilerResultsLog: c:\Users\MCall\Documents\GitHub\BANG\Bang 4.17\Source\Bang.Target.cs(8,9) : warning CS0618: 'UnrealBuildTool.TargetRules.TargetRules()' is obsolete: 'Please pass the TargetInfo parameter to the base class constructor (eg. "MyTargetRules(TargetInfo Target) : base(Target)").'
[2018.01.14-20.41.16:188][337]CompilerResultsLog: c:\Users\MCall\Documents\GitHub\BANG\Bang 4.17\Source\BangEditor.Target.cs(8,9) : warning CS0618: 'UnrealBuildTool.TargetRules.TargetRules()' is obsolete: 'Please pass the TargetInfo parameter to the base class constructor (eg. "MyTargetRules(TargetInfo Target) : base(Target)").'
[2018.01.14-20.41.16:189][337]CompilerResultsLog: C:\Users\MCall\Documents\GitHub\BANG\Bang 4.17\Source\Bang\Bang.Build.cs: warning: Module constructors should take a ReadOnlyTargetRules argument (rather than a TargetInfo argument) and pass it to the base class constructor from 4.15 onwards. Please update the method signature.
[2018.01.14-20.41.16:191][337]CompilerResultsLog: C:\Users\MCall\Documents\GitHub\BANG\Bang 4.17\Source\Bang.Target.cs: warning: SetupBinaries() is deprecated in the 4.16 release. From the constructor in your .target.cs file, use ExtraModuleNames.Add("Foo") to add modules to your target, or set LaunchModuleName = "Foo" to override the name of the launch module for program targets.
[2018.01.14-20.41.16:193][337]CompilerResultsLog: C:\Users\MCall\Documents\GitHub\BANG\Bang 4.17\Source\BangEditor.Target.cs: warning: SetupBinaries() is deprecated in the 4.16 release. From the constructor in your .target.cs file, use ExtraModuleNames.Add("Foo") to add modules to your target, or set LaunchModuleName = "Foo" to override the name of the launch module for program targets.
[2018.01.14-20.41.16:195][337]CompilerResultsLog: Compiling game modules for hot reload
[2018.01.14-20.41.16:196][337]CompilerResultsLog: Parsing headers for BangEditor
[2018.01.14-20.41.16:196][337]CompilerResultsLog:   Running UnrealHeaderTool "C:\Users\MCall\Documents\GitHub\BANG\Bang 4.17\Bang.uproject" "C:\Users\MCall\Documents\GitHub\BANG\Bang 4.17\Intermediate\Build\Win64\BangEditor\Development\BangEditor.uhtmanifest" -LogCmds="loginit warning, logexit warning, logdatabase error" -Unattended -WarningsAsErrors -installed
[2018.01.14-20.41.16:198][337]CompilerResultsLog: Reflection code generated for BangEditor in 68.1763678 seconds
[2018.01.14-20.41.16:198][337]CompilerResultsLog: Performing 13 actions (4 in parallel)
[2018.01.14-20.41.16:198][337]CompilerResultsLog: PCH.Bang.cpp
[2018.01.14-20.41.16:199][337]CompilerResultsLog: BangCharacter.cpp
[2018.01.14-20.41.16:199][337]CompilerResultsLog: BangGameMode.cpp
[2018.01.14-20.41.16:199][337]CompilerResultsLog: MeleeHitbox.cpp
[2018.01.14-20.41.16:199][337]CompilerResultsLog: Bang.cpp
[2018.01.14-20.41.16:200][337]CompilerResultsLog: PistolBulletActor.cpp
[2018.01.14-20.41.16:200][337]CompilerResultsLog: Error: C:\Users\MCall\Documents\GitHub\BANG\Bang 4.17\Source\Bang\BangCharacter.cpp(154) : warning C4996: 'AActor::AttachRootComponentToActor': Please use AttachToActor. Please update your code to the new API before upgrading to the next release, otherwise your project will no longer compile.
[2018.01.14-20.41.16:201][337]CompilerResultsLog: Error: C:\Program Files\Epic Games\UE_4.17\Engine\Source\Runtime\Engine\Classes\GameFramework/Actor.h(1177) : note: see declaration of 'AActor::AttachRootComponentToActor'
[2018.01.14-20.41.16:202][337]CompilerResultsLog: Bang.init.gen.cpp
[2018.01.14-20.41.16:203][337]CompilerResultsLog: BangCharacter.gen.cpp
[2018.01.14-20.41.16:203][337]CompilerResultsLog: MeleeHitbox.gen.cpp
[2018.01.14-20.41.16:203][337]CompilerResultsLog: BangGameMode.gen.cpp
[2018.01.14-20.41.16:204][337]CompilerResultsLog: PistolBulletActor.gen.cpp
[2018.01.14-20.41.16:204][337]CompilerResultsLog: [12/13] Link UE4Editor-Bang-9324.dll
[2018.01.14-20.41.16:205][337]CompilerResultsLog: [13/13] Link UE4Editor-Bang-9324.lib
[2018.01.14-20.41.16:205][337]CompilerResultsLog:    Creating library C:\Users\MCall\Documents\GitHub\BANG\Bang 4.17\Intermediate\Build\Win64\UE4Editor\Development\UE4Editor-Bang-9324.lib and object C:\Users\MCall\Documents\GitHub\BANG\Bang 4.17\Intermediate\Build\Win64\UE4Editor\Development\UE4Editor-Bang-9324.exp
[2018.01.14-20.41.16:207][337]CompilerResultsLog:    Creating library C:\Users\MCall\Documents\GitHub\BANG\Bang 4.17\Intermediate\Build\Win64\UE4Editor\Development\UE4Editor-Bang-9324.suppressed.lib and object C:\Users\MCall\Documents\GitHub\BANG\Bang 4.17\Intermediate\Build\Win64\UE4Editor\Development\UE4Editor-Bang-9324.suppressed.exp
[2018.01.14-20.41.16:209][337]CompilerResultsLog: Failed to write dependency cache: Access to the path 'C:\Users\Marcus\Documents\GitHub\BANG\Bang 4.17\Intermediate\Build\Win64\BangEditor' is denied.
[2018.01.14-20.41.16:209][337]CompilerResultsLog: Failed to write FlatCPPIncludeDependencyCache: Access to the path 'C:\Users\Marcus\Documents\GitHub\BANG\Bang 4.17\Intermediate\Build\Win64\BangEditor' is denied.
[2018.01.14-20.41.16:210][337]CompilerResultsLog: Total build time: 563.80 seconds (Local executor: 221.63 seconds)
[2018.01.14-20.41.16:240][337]LogMainFrame: MainFrame: Module compiling took 565.947 seconds
[2018.01.14-20.41.16:917][337]LogClass: Could not find existing class BangCharacter in package /Script/Bang for HotReload, assuming new class
[2018.01.14-20.41.16:920][337]LogClass: Could not find existing class MeleeHitbox in package /Script/Bang for HotReload, assuming new class
[2018.01.14-20.41.16:921][337]LogClass: Function OnHit is new.
[2018.01.14-20.41.16:936][337]LogHotReload: Re-instancing BangCharacter after hot-reload.
[2018.01.14-20.41.19:962][337]LogHotReload: Re-instancing MeleeHitbox after hot-reload.
[2018.01.14-20.41.20:125][337]LogContentBrowser: Native class hierarchy updated for 'Bang' in 0.0105 seconds. Added 4 classes and 2 folders.
[2018.01.14-20.41.20:148][337]Display: HotReload successful (1 functions remapped  0 scriptstructs remapped)
[2018.01.14-20.41.20:377][337]LogContentBrowser: Native class hierarchy populated in 0.0432 seconds. Added 2392 classes and 506 folders.
[2018.01.14-20.41.20:504][337]Display: HotReload took 570.5s.
[2018.01.14-20.56.13:483][434]LogTemp: Repeating last play command: Selected Viewport
[2018.01.14-20.56.23:794][434]LogBlueprintUserMessages: Early PlayInEditor Detection: Level '/Game/2DSideScrollerCPP/Maps/2DSideScrollerExampleMap.2DSideScrollerExampleMap:PersistentLevel' has LevelScriptBlueprint '/Game/2DSideScrollerCPP/Maps/2DSideScrollerExampleMap.2DSideScrollerExampleMap:PersistentLevel.2DSideScrollerExampleMap' with GeneratedClass '/Game/2DSideScrollerCPP/Maps/2DSideScrollerExampleMap.2DSideScrollerExampleMap_C' with ClassGeneratedBy '/Game/2DSideScrollerCPP/Maps/2DSideScrollerExampleMap.2DSideScrollerExampleMap:PersistentLevel.2DSideScrollerExampleMap'
[2018.01.14-20.56.23:802][434]LogPlayLevel: PlayLevel: No blueprints needed recompiling
[2018.01.14-20.56.23:876][434]PIE: New page: PIE session: 2DSideScrollerExampleMap (14 Jan 2018 20:56:23)
[2018.01.14-20.56.23:896][434]LogPlayLevel: Creating play world package: /Game/2DSideScrollerCPP/Maps/UEDPIE_0_2DSideScrollerExampleMap
[2018.01.14-20.56.24:015][434]LogPlayLevel: PIE: StaticDuplicateObject took: (0.118216s)
[2018.01.14-20.56.24:030][434]LogAIModule: Creating AISystem for world 2DSideScrollerExampleMap
[2018.01.14-20.56.24:031][434]LogPlayLevel: PIE: World Init took: (0.015636s)
[2018.01.14-20.56.24:033][434]LogPlayLevel: PIE: Created PIE world by copying editor world from /Game/2DSideScrollerCPP/Maps/2DSideScrollerExampleMap.2DSideScrollerExampleMap to /Game/2DSideScrollerCPP/Maps/UEDPIE_0_2DSideScrollerExampleMap.2DSideScrollerExampleMap (0.142305s)
[2018.01.14-20.56.24:118][434]LogInit: XAudio2 using 'Speakers (Realtek High Definition Audio)' : 2 channels at 48 kHz using 32 bits per sample (channel mask 0x3)
[2018.01.14-20.56.24:160][434]LogInit: FAudioDevice initialized.
[2018.01.14-20.56.24:364][434]LogLoad: Game class is 'BangGameMode'
[2018.01.14-20.56.24:581][434]LogWorld: Bringing World /Game/2DSideScrollerCPP/Maps/UEDPIE_0_2DSideScrollerExampleMap.2DSideScrollerExampleMap up for play (max tick rate 0) at 2018.01.14-20.56.24
[2018.01.14-20.56.24:790][434]LogWorld: Bringing up level for play took: 0.228795
[2018.01.14-20.56.25:384][434]LogContentBrowser: Native class hierarchy updated for 'MovieSceneCapture' in 0.0106 seconds. Added 11 classes and 0 folders.
[2018.01.14-20.56.25:480][434]PIE: Play in editor start time for /Game/2DSideScrollerCPP/Maps/UEDPIE_0_2DSideScrollerExampleMap 0.748
[2018.01.14-20.56.25:483][434]LogBlueprintUserMessages: Late PlayInEditor Detection: Level '/Game/2DSideScrollerCPP/Maps/2DSideScrollerExampleMap.2DSideScrollerExampleMap:PersistentLevel' has LevelScriptBlueprint '/Game/2DSideScrollerCPP/Maps/2DSideScrollerExampleMap.2DSideScrollerExampleMap:PersistentLevel.2DSideScrollerExampleMap' with GeneratedClass '/Game/2DSideScrollerCPP/Maps/2DSideScrollerExampleMap.2DSideScrollerExampleMap_C' with ClassGeneratedBy '/Game/2DSideScrollerCPP/Maps/2DSideScrollerExampleMap.2DSideScrollerExampleMap:PersistentLevel.2DSideScrollerExampleMap'
[2018.01.14-20.56.26:268][435]LogTemp: Ranged Hit Detected
[2018.01.14-20.56.26:268][435]LogTemp: I was hit
[2018.01.14-20.56.28:461][453]LogTemp: Ranged Hit Detected
[2018.01.14-20.56.30:798][608]LogTemp: Ranged Hit Detected
[2018.01.14-20.56.34:306][844]LogTemp: Ranged Hit Detected
[2018.01.14-20.56.34:306][844]LogTemp: I was hit
[2018.01.14-20.56.34:892][882]LogBlueprintUserMessages: Early EndPlayMap Detection: Level '/Game/2DSideScrollerCPP/Maps/2DSideScrollerExampleMap.2DSideScrollerExampleMap:PersistentLevel' has LevelScriptBlueprint '/Game/2DSideScrollerCPP/Maps/2DSideScrollerExampleMap.2DSideScrollerExampleMap:PersistentLevel.2DSideScrollerExampleMap' with GeneratedClass '/Game/2DSideScrollerCPP/Maps/2DSideScrollerExampleMap.2DSideScrollerExampleMap_C' with ClassGeneratedBy '/Game/2DSideScrollerCPP/Maps/2DSideScrollerExampleMap.2DSideScrollerExampleMap:PersistentLevel.2DSideScrollerExampleMap'
[2018.01.14-20.56.35:046][882]LogBlueprintUserMessages: Late EndPlayMap Detection: Level '/Game/2DSideScrollerCPP/Maps/2DSideScrollerExampleMap.2DSideScrollerExampleMap:PersistentLevel' has LevelScriptBlueprint '/Game/2DSideScrollerCPP/Maps/2DSideScrollerExampleMap.2DSideScrollerExampleMap:PersistentLevel.2DSideScrollerExampleMap' with GeneratedClass '/Game/2DSideScrollerCPP/Maps/2DSideScrollerExampleMap.2DSideScrollerExampleMap_C' with ClassGeneratedBy '/Game/2DSideScrollerCPP/Maps/2DSideScrollerExampleMap.2DSideScrollerExampleMap:PersistentLevel.2DSideScrollerExampleMap'
[2018.01.14-20.56.36:830][947]LogWindowsTextInputMethodSystem: Display: IME system now deactivated.
[2018.01.14-20.56.37:706][948]Cmd: QUIT_EDITOR
[2018.01.14-20.56.38:728][948]LogExit: Preparing to exit.
[2018.01.14-20.56.39:393][948]LogDirectoryWatcher: A directory notification for 'C:/Users/MCall/Documents/GitHub/BANG/Bang 4.17/Content/' was aborted.
[2018.01.14-20.56.39:561][948]LogExit: Editor shut down
[2018.01.14-20.56.39:595][948]LogExit: Transaction tracking system shut down
[2018.01.14-20.56.39:868][948]LogDirectoryWatcher: A directory notification for '../../../Engine/Content/' was aborted.
[2018.01.14-20.56.39:868][948]LogDirectoryWatcher: A directory notification for '../../../../../../Users/MCall/Documents/GitHub/BANG/Bang 4.17/Content/' was aborted.
[2018.01.14-20.56.39:868][948]LogDirectoryWatcher: A directory notification for '../../../Engine/Plugins/2D/Paper2D/Content/' was aborted.
[2018.01.14-20.56.39:868][948]LogDirectoryWatcher: A directory notification for '../../../Engine/Plugins/Runtime/Oculus/OculusVR/Content/' was aborted.
[2018.01.14-20.56.39:870][948]LogDirectoryWatcher: A directory notification for '../../../Engine/Plugins/Runtime/Steam/SteamVR/Content/' was aborted.
[2018.01.14-20.56.41:109][948]LogExit: Object subsystem successfully closed.
[2018.01.14-20.56.41:310][948]LogD3D11RHI: Shutdown
[2018.01.14-20.56.41:329][948]LogD3D11RHI: CleanupD3DDevice
[2018.01.14-20.56.41:602][948]LogD3D11RHI: ~FD3D11DynamicRHI
[2018.01.14-20.56.42:416][948]LogModuleManager: Shutting down and abandoning module MovieSceneCapture (537)
[2018.01.14-20.56.42:416][948]LogModuleManager: Shutting down and abandoning module Bang (535)
[2018.01.14-20.56.42:416][948]LogModuleManager: Shutting down and abandoning module HierarchicalLODOutliner (534)
[2018.01.14-20.56.42:416][948]LogModuleManager: Shutting down and abandoning module ExternalImagePicker (532)
[2018.01.14-20.56.42:416][948]LogModuleManager: Shutting down and abandoning module AddContentDialog (530)
[2018.01.14-20.56.42:431][948]LogDirectoryWatcher: A directory notification for 'C:/Program Files/Epic Games/UE_4.17/FeaturePacks/' was aborted.
[2018.01.14-20.56.42:435][948]LogModuleManager: Shutting down and abandoning module WidgetCarousel (529)
[2018.01.14-20.56.42:436][948]LogModuleManager: Shutting down and abandoning module EditorWidgets (526)
[2018.01.14-20.56.42:436][948]LogModuleManager: Shutting down and abandoning module CollectionManager (524)
[2018.01.14-20.56.42:449][948]LogDirectoryWatcher: A directory notification for 'C:/Users/MCall/Documents/GitHub/BANG/Bang 4.17/Content/Collections/' was aborted.
[2018.01.14-20.56.42:449][948]LogDirectoryWatcher: A directory notification for 'C:/Users/MCall/Documents/GitHub/BANG/Bang 4.17/Content/Developers/MCall/Collections/' was aborted.
[2018.01.14-20.56.42:449][948]LogDirectoryWatcher: A directory notification for 'C:/Users/MCall/Documents/GitHub/BANG/Bang 4.17/Saved/Collections/' was aborted.
[2018.01.14-20.56.42:450][948]LogModuleManager: Shutting down and abandoning module SceneOutliner (522)
[2018.01.14-20.56.42:462][948]LogModuleManager: Shutting down and abandoning module StatsViewer (520)
[2018.01.14-20.56.42:472][948]LogModuleManager: Shutting down and abandoning module FoliageEdit (518)
[2018.01.14-20.56.42:472][948]LogModuleManager: Shutting down and abandoning module LandscapeEditor (516)
[2018.01.14-20.56.42:489][948]LogModuleManager: Shutting down and abandoning module MeshPaintMode (514)
[2018.01.14-20.56.42:489][948]LogModuleManager: Shutting down and abandoning module SceneDepthPickerMode (512)
[2018.01.14-20.56.42:489][948]LogModuleManager: Shutting down and abandoning module ActorPickerMode (510)
[2018.01.14-20.56.42:489][948]LogModuleManager: Shutting down and abandoning module GeometryMode (508)
[2018.01.14-20.56.42:489][948]LogModuleManager: Shutting down and abandoning module TextureAlignMode (506)
[2018.01.14-20.56.42:489][948]LogModuleManager: Shutting down and abandoning module BspMode (504)
[2018.01.14-20.56.42:498][948]LogModuleManager: Shutting down and abandoning module PIEPreviewDeviceProfileSelector (502)
[2018.01.14-20.56.42:498][948]LogModuleManager: Shutting down and abandoning module HardwareSurvey (500)
[2018.01.14-20.56.42:498][948]LogModuleManager: Shutting down and abandoning module SequenceRecorderSections (498)
[2018.01.14-20.56.42:509][948]LogModuleManager: Shutting down and abandoning module AutomationWorker (496)
[2018.01.14-20.56.42:514][948]LogModuleManager: Shutting down and abandoning module MatineeToLevelSequence (494)
[2018.01.14-20.56.42:529][948]LogModuleManager: Shutting down and abandoning module LevelSequenceEditor (492)
[2018.01.14-20.56.42:625][948]LogModuleManager: Shutting down and abandoning module PlacementMode (491)
[2018.01.14-20.56.42:626][948]LogModuleManager: Shutting down and abandoning module WmfMediaFactory (488)
[2018.01.14-20.56.42:626][948]LogModuleManager: Shutting down and abandoning module WmfMediaEditor (486)
[2018.01.14-20.56.42:626][948]LogModuleManager: Shutting down and abandoning module AvfMediaFactory (484)
[2018.01.14-20.56.42:626][948]LogModuleManager: Shutting down and abandoning module AvfMediaEditor (482)
[2018.01.14-20.56.42:626][948]LogModuleManager: Shutting down and abandoning module AndroidMediaFactory (480)
[2018.01.14-20.56.42:626][948]LogModuleManager: Shutting down and abandoning module Media (479)
[2018.01.14-20.56.42:626][948]LogModuleManager: Shutting down and abandoning module AndroidMediaEditor (476)
[2018.01.14-20.56.42:626][948]LogModuleManager: Shutting down and abandoning module CharacterAI (474)
[2018.01.14-20.56.42:626][948]LogModuleManager: Shutting down and abandoning module AudioCapture (472)
[2018.01.14-20.56.42:626][948]LogModuleManager: Shutting down and abandoning module SequenceRecorder (471)
[2018.01.14-20.56.42:626][948]LogModuleManager: Shutting down and abandoning module SmartSnapping (468)
[2018.01.14-20.56.42:626][948]LogModuleManager: Shutting down and abandoning module SessionServices (466)
[2018.01.14-20.56.42:628][948]LogModuleManager: Shutting down and abandoning module ViewportSnapping (464)
[2018.01.14-20.56.42:628][948]LogModuleManager: Shutting down and abandoning module ViewportInteraction (462)
[2018.01.14-20.56.42:628][948]LogModuleManager: Shutting down and abandoning module ClothPainter (460)
[2018.01.14-20.56.42:684][948]LogModuleManager: Shutting down and abandoning module LogVisualizer (458)
[2018.01.14-20.56.42:807][948]LogModuleManager: Shutting down and abandoning module IntroTutorials (456)
[2018.01.14-20.56.42:861][948]LogModuleManager: Shutting down and abandoning module GameProjectGeneration (455)
[2018.01.14-20.56.42:901][948]LogModuleManager: Shutting down and abandoning module IOSPlatformEditor (452)
[2018.01.14-20.56.42:901][948]LogModuleManager: Shutting down and abandoning module HTML5PlatformEditor (450)
[2018.01.14-20.56.42:901][948]LogModuleManager: Shutting down and abandoning module AndroidPlatformEditor (448)
[2018.01.14-20.56.42:901][948]LogModuleManager: Shutting down and abandoning module AndroidDeviceDetection (447)
[2018.01.14-20.56.43:558][948]LogModuleManager: Shutting down and abandoning module WindowsPlatformEditor (444)
[2018.01.14-20.56.43:558][948]LogModuleManager: Shutting down and abandoning module IOSRuntimeSettings (442)
[2018.01.14-20.56.43:558][948]LogModuleManager: Shutting down and abandoning module AndroidRuntimeSettings (440)
[2018.01.14-20.56.43:558][948]LogModuleManager: Shutting down and abandoning module InputBindingEditor (438)
[2018.01.14-20.56.43:581][948]LogModuleManager: Shutting down and abandoning module MergeActors (436)
[2018.01.14-20.56.43:605][948]LogModuleManager: Shutting down and abandoning module SizeMap (434)
[2018.01.14-20.56.43:605][948]LogModuleManager: Shutting down and abandoning module TreeMap (432)
[2018.01.14-20.56.43:631][948]LogModuleManager: Shutting down and abandoning module ReferenceViewer (430)
[2018.01.14-20.56.43:631][948]LogModuleManager: Shutting down and abandoning module LocalizationDashboard (428)
[2018.01.14-20.56.43:643][948]LogModuleManager: Shutting down and abandoning module LocalizationService (427)
[2018.01.14-20.56.43:655][948]LogModuleManager: Shutting down and abandoning module HardwareTargeting (424)
[2018.01.14-20.56.43:655][948]LogModuleManager: Shutting down and abandoning module DeviceProfileEditor (422)
[2018.01.14-20.56.43:668][948]LogModuleManager: Shutting down and abandoning module UndoHistory (420)
[2018.01.14-20.56.43:668][948]LogModuleManager: Shutting down and abandoning module XmlParser (418)
[2018.01.14-20.56.43:674][948]LogModuleManager: Shutting down and abandoning module Blutility (416)
[2018.01.14-20.56.43:674][948]LogModuleManager: Shutting down and abandoning module ProjectSettingsViewer (414)
[2018.01.14-20.56.43:675][948]LogModuleManager: Shutting down and abandoning module ProjectTargetPlatformEditor (413)
[2018.01.14-20.56.43:675][948]LogModuleManager: Shutting down and abandoning module EditorSettingsViewer (410)
[2018.01.14-20.56.43:675][948]LogModuleManager: Shutting down and abandoning module SettingsEditor (408)
[2018.01.14-20.56.43:685][948]LogModuleManager: Shutting down and abandoning module ProjectLauncher (406)
[2018.01.14-20.56.43:698][948]LogModuleManager: Shutting down and abandoning module SessionFrontend (404)
[2018.01.14-20.56.43:706][948]LogModuleManager: Shutting down and abandoning module ProfilerClient (402)
[2018.01.14-20.56.43:716][948]LogModuleManager: Shutting down and abandoning module DeviceManager (400)
[2018.01.14-20.56.43:752][948]LogModuleManager: Shutting down and abandoning module TargetDeviceServices (399)
[2018.01.14-20.56.43:818][948]LogModuleManager: Shutting down and abandoning module AutomationController (396)
[2018.01.14-20.56.43:836][948]LogModuleManager: Shutting down and abandoning module AutomationWindow (394)
[2018.01.14-20.56.43:867][948]LogModuleManager: Shutting down and abandoning module Layers (392)
[2018.01.14-20.56.43:985][948]LogModuleManager: Shutting down and abandoning module ComponentVisualizers (390)
[2018.01.14-20.56.43:985][948]LogModuleManager: Shutting down and abandoning module DetailCustomizations (388)
[2018.01.14-20.56.44:025][948]LogModuleManager: Shutting down and abandoning module PackagesDialog (386)
[2018.01.14-20.56.44:040][948]LogModuleManager: Shutting down and abandoning module Persona (384)
[2018.01.14-20.56.44:073][948]LogModuleManager: Shutting down and abandoning module AdvancedPreviewScene (383)
[2018.01.14-20.56.44:073][948]LogModuleManager: Shutting down and abandoning module AnimGraph (381)
[2018.01.14-20.56.44:081][948]LogModuleManager: Shutting down and abandoning module Kismet (378)
[2018.01.14-20.56.44:093][948]LogModuleManager: Shutting down and abandoning module ClassViewer (376)
[2018.01.14-20.56.44:093][948]LogModuleManager: Shutting down and abandoning module Toolbox (374)
[2018.01.14-20.56.44:093][948]LogModuleManager: Shutting down and abandoning module ModuleUI (372)
[2018.01.14-20.56.44:105][948]LogModuleManager: Shutting down and abandoning module MovieSceneTools (370)
[2018.01.14-20.56.44:125][948]LogModuleManager: Shutting down and abandoning module OutputLog (368)
[2018.01.14-20.56.44:126][948]LogModuleManager: Shutting down and abandoning module GammaUI (366)
[2018.01.14-20.56.44:135][948]LogModuleManager: Shutting down and abandoning module Documentation (364)
[2018.01.14-20.56.44:135][948]LogModuleManager: Shutting down and abandoning module MovieSceneTracks (362)
[2018.01.14-20.56.44:136][948]LogModuleManager: Shutting down and abandoning module MovieScene (360)
[2018.01.14-20.56.44:136][948]LogModuleManager: Shutting down and abandoning module Niagara (358)
[2018.01.14-20.56.44:136][948]LogModuleManager: Shutting down and abandoning module NiagaraEditor (357)
[2018.01.14-20.56.44:174][948]LogModuleManager: Shutting down and abandoning module StreamingPauseRendering (354)
[2018.01.14-20.56.44:174][948]LogModuleManager: Shutting down and abandoning module LauncherPlatform (352)
[2018.01.14-20.56.44:174][948]LogModuleManager: Shutting down and abandoning module AnalyticsET (350)
[2018.01.14-20.56.44:174][948]LogModuleManager: Shutting down and abandoning module PortalServices (348)
[2018.01.14-20.56.44:174][948]LogModuleManager: Shutting down and abandoning module PortalRpc (346)
[2018.01.14-20.56.44:174][948]LogModuleManager: Shutting down and abandoning module MessagingRpc (344)
[2018.01.14-20.56.44:174][948]LogModuleManager: Shutting down and abandoning module AIModule (342)
[2018.01.14-20.56.44:174][948]LogModuleManager: Shutting down and abandoning module GameplayDebugger (341)
[2018.01.14-20.56.44:175][948]LogModuleManager: Shutting down and abandoning module AITestSuite (339)
[2018.01.14-20.56.44:183][948]LogModuleManager: Shutting down and abandoning module ProfilerService (336)
[2018.01.14-20.56.44:345][948]LogModuleManager: Shutting down and abandoning module TaskGraph (334)
[2018.01.14-20.56.44:360][948]LogModuleManager: Shutting down and abandoning module SteamVRController (332)
[2018.01.14-20.56.44:360][948]LogModuleManager: Shutting down and abandoning module ProceduralMeshComponentEditor (330)
[2018.01.14-20.56.44:360][948]LogModuleManager: Shutting down and abandoning module ProceduralMeshComponent (328)
[2018.01.14-20.56.44:360][948]LogModuleManager: Shutting down and abandoning module OculusInput (326)
[2018.01.14-20.56.44:367][948]LogModuleManager: Shutting down and abandoning module MobilePatchingUtils (324)
[2018.01.14-20.56.44:367][948]LogModuleManager: Shutting down and abandoning module CustomMeshComponent (322)
[2018.01.14-20.56.44:367][948]LogModuleManager: Shutting down and abandoning module CableComponent (320)
[2018.01.14-20.56.44:381][948]LogModuleManager: Shutting down and abandoning module ArchVisCharacter (318)
[2018.01.14-20.56.44:381][948]LogModuleManager: Shutting down and abandoning module AndroidPermission (316)
[2018.01.14-20.56.44:381][948]LogModuleManager: Shutting down and abandoning module MediaPlayerEditor (312)
[2018.01.14-20.56.44:439][948]LogModuleManager: Shutting down and abandoning module HTML5Networking (310)
[2018.01.14-20.56.44:439][948]LogModuleManager: Shutting down and abandoning module AlembicImporter (308)
[2018.01.14-20.56.44:449][948]LogModuleManager: Shutting down and abandoning module AlembicLibrary (307)
[2018.01.14-20.56.44:449][948]LogModuleManager: Shutting down and abandoning module GeometryCache (306)
[2018.01.14-20.56.44:449][948]LogModuleManager: Shutting down and abandoning module GeometryCacheEd (305)
[2018.01.14-20.56.44:450][948]LogModuleManager: Shutting down and abandoning module SpeedTreeImporter (300)
[2018.01.14-20.56.44:450][948]LogModuleManager: Shutting down and abandoning module PluginBrowser (298)
[2018.01.14-20.56.44:490][948]LogModuleManager: Shutting down and abandoning module MobileLauncherProfileWizard (296)
[2018.01.14-20.56.44:515][948]LogModuleManager: Shutting down and abandoning module VisualStudioSourceCodeAccess (294)
[2018.01.14-20.56.44:516][948]LogModuleManager: Shutting down and abandoning module DesktopPlatform (293)
[2018.01.14-20.56.44:517][948]LogModuleManager: Shutting down and abandoning module UObjectPlugin (290)
[2018.01.14-20.56.44:517][948]LogModuleManager: Shutting down and abandoning module SubversionSourceControl (288)
[2018.01.14-20.56.44:528][948]LogModuleManager: Shutting down and abandoning module PerforceSourceControl (286)
[2018.01.14-20.56.44:536][948]LogModuleManager: Shutting down and abandoning module GitSourceControl (284)
[2018.01.14-20.56.44:557][948]LogModuleManager: Shutting down and abandoning module SourceControl (283)
[2018.01.14-20.56.44:558][948]LogModuleManager: Shutting down and abandoning module LightPropagationVolumeEditor (280)
[2018.01.14-20.56.44:559][948]LogModuleManager: Shutting down and abandoning module PaperTiledImporter (278)
[2018.01.14-20.56.44:559][948]LogModuleManager: Shutting down and abandoning module PaperSpriteSheetImporter (276)
[2018.01.14-20.56.44:559][948]LogModuleManager: Shutting down and abandoning module Paper2DEditor (274)
[2018.01.14-20.56.44:572][948]LogModuleManager: Shutting down and abandoning module MeshPaint (273)
[2018.01.14-20.56.44:584][948]LogModuleManager: Shutting down and abandoning module LevelEditor (271)
[2018.01.14-20.56.44:592][948]LogModuleManager: Shutting down and abandoning module PixelInspectorModule (270)
[2018.01.14-20.56.44:604][948]LogModuleManager: Shutting down and abandoning module MainFrame (268)
[2018.01.14-20.56.44:605][948]LogModuleManager: Shutting down and abandoning module HotReload (267)
[2018.01.14-20.56.44:605][948]LogDirectoryWatcher: A directory notification for 'C:/Users/MCall/Documents/GitHub/BANG/Bang 4.17/Binaries/Win64' was aborted.
[2018.01.14-20.56.44:607][948]LogModuleManager: Shutting down and abandoning module RuntimePhysXCooking (260)
[2018.01.14-20.56.44:607][948]LogModuleManager: Shutting down and abandoning module PhysXVehiclesEditor (258)
[2018.01.14-20.56.44:607][948]LogModuleManager: Shutting down and abandoning module PhysXVehicles (256)
[2018.01.14-20.56.44:607][948]LogModuleManager: Shutting down and abandoning module OculusEditor (254)
[2018.01.14-20.56.44:607][948]LogModuleManager: Shutting down and abandoning module LocationServicesBPLibrary (252)
[2018.01.14-20.56.44:607][948]LogModuleManager: Shutting down and abandoning module ImmediatePhysicsEditor (250)
[2018.01.14-20.56.44:607][948]LogModuleManager: Shutting down and abandoning module ImmediatePhysics (248)
[2018.01.14-20.56.44:613][948]LogModuleManager: Shutting down and abandoning module UdpMessaging (246)
[2018.01.14-20.56.44:714][948]LogModuleManager: Shutting down and abandoning module TcpMessaging (244)
[2018.01.14-20.56.44:826][948]LogModuleManager: Shutting down and abandoning module GameplayTagsEditor (242)
[2018.01.14-20.56.44:843][948]LogModuleManager: Shutting down and abandoning module FacialAnimationEditor (240)
[2018.01.14-20.56.44:843][948]LogModuleManager: Shutting down and abandoning module FacialAnimation (238)
[2018.01.14-20.56.44:843][948]LogModuleManager: Shutting down and abandoning module AssetManagerEditor (236)
[2018.01.14-20.56.44:869][948]LogModuleManager: Shutting down and abandoning module GraphEditor (235)
[2018.01.14-20.56.44:909][948]LogModuleManager: Shutting down and abandoning module ContentBrowser (233)
[2018.01.14-20.56.44:923][948]LogModuleManager: Shutting down and abandoning module LightPropagationVolumeRuntime (230)
[2018.01.14-20.56.44:923][948]LogModuleManager: Shutting down and abandoning module Paper2D (228)
[2018.01.14-20.56.44:923][948]LogModuleManager: Shutting down and abandoning module WindowsMoviePlayer (226)
[2018.01.14-20.56.44:930][948]LogModuleManager: Shutting down and abandoning module WmfMedia (224)
[2018.01.14-20.56.44:948][948]LogModuleManager: Shutting down and abandoning module PacketHandler (222)
[2018.01.14-20.56.44:949][948]LogModuleManager: Shutting down and abandoning module ClothingSystemEditor (220)
[2018.01.14-20.56.44:949][948]LogModuleManager: Shutting down and abandoning module ClothingSystemRuntime (218)
[2018.01.14-20.56.44:977][948]LogModuleManager: Shutting down and abandoning module Overlay (216)
[2018.01.14-20.56.44:977][948]LogModuleManager: Shutting down and abandoning module OverlayEditor (215)
[2018.01.14-20.56.44:977][948]LogModuleManager: Shutting down and abandoning module MediaAssets (212)
[2018.01.14-20.56.44:978][948]LogModuleManager: Shutting down and abandoning module VREditor (210)
[2018.01.14-20.56.44:998][948]LogModuleManager: Shutting down and abandoning module StringTableEditor (208)
[2018.01.14-20.56.45:002][948]LogModuleManager: Shutting down and abandoning module GameplayTasksEditor (206)
[2018.01.14-20.56.45:002][948]LogModuleManager: Shutting down and abandoning module BehaviorTreeEditor (204)
[2018.01.14-20.56.45:035][948]LogModuleManager: Shutting down and abandoning module FunctionalTesting (202)
[2018.01.14-20.56.45:035][948]LogModuleManager: Shutting down and abandoning module CollisionAnalyzer (200)
[2018.01.14-20.56.45:050][948]LogModuleManager: Shutting down and abandoning module WorkspaceMenuStructure (199)
[2018.01.14-20.56.45:050][948]LogModuleManager: Shutting down and abandoning module UMG (196)
[2018.01.14-20.56.45:071][948]LogModuleManager: Shutting down and abandoning module UMGEditor (195)
[2018.01.14-20.56.45:107][948]LogModuleManager: Shutting down and abandoning module Sequencer (194)
[2018.01.14-20.56.45:124][948]LogModuleManager: Shutting down and abandoning module MessageLog (191)
[2018.01.14-20.56.45:124][948]LogModuleManager: Shutting down and abandoning module SlateReflector (186)
[2018.01.14-20.56.45:161][948]LogModuleManager: Shutting down and abandoning module Slate (184)
[2018.01.14-20.56.45:162][948]LogModuleManager: Shutting down and abandoning module EditorStyle (182)
[2018.01.14-20.56.45:171][948]LogModuleManager: Shutting down and abandoning module MRMesh (180)
[2018.01.14-20.56.45:171][948]LogModuleManager: Shutting down and abandoning module SourceCodeAccess (178)
[2018.01.14-20.56.45:172][948]LogModuleManager: Shutting down and abandoning module HeadMountedDisplay (176)
[2018.01.14-20.56.45:172][948]LogModuleManager: Shutting down and abandoning module XAudio2 (174)
[2018.01.14-20.56.45:172][948]LogModuleManager: Shutting down and abandoning module Networking (172)
[2018.01.14-20.56.45:172][948]LogModuleManager: Shutting down and abandoning module Core (168)
[2018.01.14-20.56.45:172][948]LogModuleManager: Shutting down and abandoning module KismetCompiler (164)
[2018.01.14-20.56.45:172][948]LogModuleManager: Shutting down and abandoning module LevelSequence (162)
[2018.01.14-20.56.45:172][948]LogModuleManager: Shutting down and abandoning module MeshUtilities (160)
[2018.01.14-20.56.45:198][948]LogModuleManager: Shutting down and abandoning module MeshMergeUtilities (159)
[2018.01.14-20.56.45:213][948]LogModuleManager: Shutting down and abandoning module MeshReductionInterface (158)
[2018.01.14-20.56.45:213][948]LogModuleManager: Shutting down and abandoning module SimplygonSwarm (157)
[2018.01.14-20.56.45:217][948]LogModuleManager: Shutting down and abandoning module SimplygonMeshReduction (155)
[2018.01.14-20.56.45:217][948]LogModuleManager: Shutting down and abandoning module QuadricMeshReduction (153)
[2018.01.14-20.56.45:226][948]LogModuleManager: Shutting down and abandoning module MaterialBaking (149)
[2018.01.14-20.56.45:235][948]LogModuleManager: Shutting down and abandoning module DirectoryWatcher (146)
[2018.01.14-20.56.45:240][948]LogModuleManager: Shutting down and abandoning module DerivedDataCache (144)
[2018.01.14-20.56.45:326][948]LogDerivedDataCache: Shutdown
[2018.01.14-20.56.45:326][948]LogModuleManager: Shutting down and abandoning module TargetPlatform (142)
[2018.01.14-20.56.45:326][948]LogModuleManager: Shutting down and abandoning module VulkanShaderFormat (141)
[2018.01.14-20.56.45:360][948]LogModuleManager: Shutting down and abandoning module ShaderFormatVectorVM (139)
[2018.01.14-20.56.45:386][948]LogModuleManager: Shutting down and abandoning module ShaderFormatOpenGL (137)
[2018.01.14-20.56.45:397][948]LogModuleManager: Shutting down and abandoning module ShaderFormatD3D (135)
[2018.01.14-20.56.45:406][948]LogModuleManager: Shutting down and abandoning module MetalShaderFormat (133)
[2018.01.14-20.56.45:425][948]LogModuleManager: Shutting down and abandoning module TextureFormatUncompressed (131)
[2018.01.14-20.56.45:425][948]LogModuleManager: Shutting down and abandoning module TextureFormatPVR (129)
[2018.01.14-20.56.45:425][948]LogModuleManager: Shutting down and abandoning module TextureFormatDXT (127)
[2018.01.14-20.56.45:435][948]LogModuleManager: Shutting down and abandoning module TextureFormatIntelISPCTexComp (125)
[2018.01.14-20.56.45:437][948]LogModuleManager: Shutting down and abandoning module TextureFormatASTC (123)
[2018.01.14-20.56.45:437][948]LogModuleManager: Shutting down and abandoning module ImageWrapper (122)
[2018.01.14-20.56.45:437][948]LogModuleManager: Shutting down and abandoning module TextureFormatAndroid (119)
[2018.01.14-20.56.45:437][948]LogModuleManager: Shutting down and abandoning module AudioFormatOpus (117)
[2018.01.14-20.56.45:437][948]LogModuleManager: Shutting down and abandoning module AudioFormatOgg (115)
[2018.01.14-20.56.45:437][948]LogModuleManager: Shutting down and abandoning module AudioFormatADPCM (113)
[2018.01.14-20.56.45:437][948]LogModuleManager: Shutting down and abandoning module LinuxTargetPlatform (111)
[2018.01.14-20.56.45:437][948]LogModuleManager: Shutting down and abandoning module LinuxServerTargetPlatform (109)
[2018.01.14-20.56.45:437][948]LogModuleManager: Shutting down and abandoning module LinuxNoEditorTargetPlatform (107)
[2018.01.14-20.56.45:437][948]LogModuleManager: Shutting down and abandoning module LinuxClientTargetPlatform (105)
[2018.01.14-20.56.45:437][948]LogModuleManager: Shutting down and abandoning module TVOSTargetPlatform (103)
[2018.01.14-20.56.45:437][948]LogModuleManager: Shutting down and abandoning module Messaging (101)
[2018.01.14-20.56.45:438][948]LogModuleManager: Shutting down and abandoning module IOSTargetPlatform (99)
[2018.01.14-20.56.45:438][948]LogModuleManager: Shutting down and abandoning module HTML5TargetPlatform (97)
[2018.01.14-20.56.45:438][948]LogModuleManager: Shutting down and abandoning module Android_PVRTCTargetPlatform (95)
[2018.01.14-20.56.45:438][948]LogModuleManager: Shutting down and abandoning module Android_MultiTargetPlatform (93)
[2018.01.14-20.56.45:438][948]LogModuleManager: Shutting down and abandoning module Android_ETC2TargetPlatform (91)
[2018.01.14-20.56.45:438][948]LogModuleManager: Shutting down and abandoning module Android_ETC1TargetPlatform (89)
[2018.01.14-20.56.45:438][948]LogModuleManager: Shutting down and abandoning module Android_DXTTargetPlatform (87)
[2018.01.14-20.56.45:438][948]LogModuleManager: Shutting down and abandoning module Android_ATCTargetPlatform (85)
[2018.01.14-20.56.45:438][948]LogModuleManager: Shutting down and abandoning module Android_ASTCTargetPlatform (83)
[2018.01.14-20.56.45:438][948]LogModuleManager: Shutting down and abandoning module AndroidTargetPlatform (81)
[2018.01.14-20.56.45:438][948]LogModuleManager: Shutting down and abandoning module WindowsTargetPlatform (79)
[2018.01.14-20.56.45:438][948]LogModuleManager: Shutting down and abandoning module WindowsServerTargetPlatform (77)
[2018.01.14-20.56.45:438][948]LogModuleManager: Shutting down and abandoning module WindowsNoEditorTargetPlatform (75)
[2018.01.14-20.56.45:438][948]LogModuleManager: Shutting down and abandoning module WindowsClientTargetPlatform (73)
[2018.01.14-20.56.45:438][948]LogModuleManager: Shutting down and abandoning module MacTargetPlatform (71)
[2018.01.14-20.56.45:439][948]LogModuleManager: Shutting down and abandoning module MacServerTargetPlatform (69)
[2018.01.14-20.56.45:439][948]LogModuleManager: Shutting down and abandoning module MacNoEditorTargetPlatform (67)
[2018.01.14-20.56.45:439][948]LogModuleManager: Shutting down and abandoning module MacClientTargetPlatform (65)
[2018.01.14-20.56.45:439][948]LogModuleManager: Shutting down and abandoning module AllDesktopTargetPlatform (63)
[2018.01.14-20.56.45:439][948]LogModuleManager: Shutting down and abandoning module InputCore (60)
[2018.01.14-20.56.45:439][948]LogModuleManager: Shutting down and abandoning module Settings (58)
[2018.01.14-20.56.45:439][948]LogModuleManager: Shutting down and abandoning module PhysXCooking (56)
[2018.01.14-20.56.45:439][948]LogModuleManager: Shutting down and abandoning module SteamVR (54)
[2018.01.14-20.56.45:439][948]LogModuleManager: Shutting down and abandoning module OculusHMD (52)
[2018.01.14-20.56.45:451][948]LogModuleManager: Shutting down and abandoning module ExampleDeviceProfileSelector (50)
[2018.01.14-20.56.45:451][948]LogModuleManager: Shutting down and abandoning module OnlineBlueprintSupport (48)
[2018.01.14-20.56.45:452][948]LogModuleManager: Shutting down and abandoning module OnlineSubsystem (44)
[2018.01.14-20.56.45:452][948]LogOnline: Display: Unloading online subsystem: NULL
[2018.01.14-20.56.45:478][948]LogModuleManager: Shutting down and abandoning module XMPP (43)
[2018.01.14-20.56.45:488][948]LogModuleManager: Shutting down and abandoning module HTTP (41)
[2018.01.14-20.56.45:488][948]LogHttp: Display: Http module shutting down, but needs to wait on 1 outstanding Http requests:
[2018.01.14-20.56.45:489][948]LogHttp: Display: 	verb=[POST] url=[https://datarouter.ol.epicgames.com/datarouter/api/v1/public/data?SessionID=%7B05A9DF96-433B-B47F-084C-6C8C37973B14%7D&AppID=UEEditor.Rocket.Release&AppVersion=4.17.2-3658906%2B%2B%2BUE4%2BRelease-4.17&UserID=589b9e244957518083a4ab849bd37a38%7C969837ba78db4a5a8b4180254925176e%7C66c79b72-df12-4fbc-a5c1-39c342e275b7&AppEnvironment=datacollector-binary&UploadType=eteventstream] status=Processing
[2018.01.14-20.56.45:519][948]LogModuleManager: Shutting down and abandoning module SSL (40)
[2018.01.14-20.56.45:538][948]LogModuleManager: Shutting down and abandoning module AnimationModifiers (36)
[2018.01.14-20.56.45:550][948]LogModuleManager: Shutting down and abandoning module PropertyEditor (35)
[2018.01.14-20.56.45:550][948]LogModuleManager: Shutting down and abandoning module AudioEditor (32)
[2018.01.14-20.56.45:564][948]LogModuleManager: Shutting down and abandoning module TextureCompressor (30)
[2018.01.14-20.56.45:564][948]LogModuleManager: Shutting down and abandoning module ShaderCore (28)
[2018.01.14-20.56.45:564][948]LogModuleManager: Shutting down and abandoning module Landscape (26)
[2018.01.14-20.56.45:564][948]LogModuleManager: Shutting down and abandoning module SlateRHIRenderer (24)
[2018.01.14-20.56.45:577][948]LogModuleManager: Shutting down and abandoning module OpenGLDrv (22)
[2018.01.14-20.56.45:580][948]LogModuleManager: Shutting down and abandoning module D3D11RHI (20)
[2018.01.14-20.56.45:580][948]LogModuleManager: Shutting down and abandoning module AnimGraphRuntime (18)
[2018.01.14-20.56.45:588][948]LogModuleManager: Shutting down and abandoning module Renderer (16)
[2018.01.14-20.56.45:588][948]LogModuleManager: Shutting down and abandoning module Engine (14)
[2018.01.14-20.56.45:588][948]LogModuleManager: Shutting down and abandoning module CoreUObject (12)
[2018.01.14-20.56.45:588][948]LogModuleManager: Shutting down and abandoning module NetworkFile (10)
[2018.01.14-20.56.45:589][948]LogModuleManager: Shutting down and abandoning module CookedIterativeFile (8)
[2018.01.14-20.56.45:589][948]LogModuleManager: Shutting down and abandoning module StreamingFile (6)
[2018.01.14-20.56.45:590][948]LogModuleManager: Shutting down and abandoning module SandboxFile (4)
[2018.01.14-20.56.45:590][948]LogModuleManager: Shutting down and abandoning module PakFile (2)
[2018.01.14-20.56.45:614][948]LogExit: Exiting.
[2018.01.14-20.56.45:692][948]Log file closed, 01/14/18 20:56:45
