Log file open, 12/03/17 13:47:45
LogInit:Display: Running engine for game: Bang
LogPlatformFile: Not using cached read wrapper
LogInit:Display: RandInit(1301033786) SRandInit(1301033786).
LogTaskGraph: Started task graph with 5 named threads and 8 total threads with 1 sets of task threads.
LogStats: Stats thread started at 0.093821
LogInit: Using libcurl 7.47.1
LogInit:  - built for x86_64-pc-win32
LogInit:  - supports SSL with OpenSSL/1.0.2g
LogInit:  - supports HTTP deflate (compression) using libz 1.2.8
LogInit:  - other features:
LogInit:      CURL_VERSION_SSL
LogInit:      CURL_VERSION_LIBZ
LogInit:      CURL_VERSION_IPV6
LogInit:      CURL_VERSION_ASYNCHDNS
LogInit:      CURL_VERSION_LARGEFILE
LogInit:      CURL_VERSION_IDN
LogInit:  CurlRequestOptions (configurable via config and command line):
LogInit:  - bVerifyPeer = false  - Libcurl will NOT verify peer certificate
LogInit:  - bUseHttpProxy = false  - Libcurl will NOT use HTTP proxy
LogInit:  - bDontReuseConnections = false  - Libcurl will reuse connections
LogInit:  - CertBundlePath = nullptr  - Libcurl will use whatever was configured at build time.
LogInit: Build: ++UE4+Release-4.15-CL-3450819
LogInit: Engine Version: 4.15.3-3450819+++UE4+Release-4.15
LogInit: Compatible Engine Version: 4.15.0-3299760+++UE4+Release-4.15
LogInit: Net CL: 3299760
LogDevObjectVersion: Number of dev versions registered: 14
LogDevObjectVersion:   Dev-Blueprints (B0D832E4-1F89-4F0D-ACCF-7EB736FD4AA2): 8
LogDevObjectVersion:   Dev-Build (E1C64328-A22C-4D53-A36C-8E866417BD8C): 0
LogDevObjectVersion:   Dev-Core (375EC13C-06E4-48FB-B500-84F0262A717E): 2
LogDevObjectVersion:   Dev-Editor (E4B068ED-F494-42E9-A231-DA0B2E46BB41): 14
LogDevObjectVersion:   Dev-Framework (CFFC743F-43B0-4480-9391-14DF171D2073): 22
LogDevObjectVersion:   Dev-Mobile (B02B49B5-BB20-44E9-A304-32B752E40360): 0
LogDevObjectVersion:   Dev-Networking (A4E4105C-59A1-49B5-A7C5-40C4547EDFEE): 0
LogDevObjectVersion:   Dev-Online (39C831C9-5AE6-47DC-9A44-9C173E1C8E7C): 0
LogDevObjectVersion:   Dev-Physics (78F01B33-EBEA-4F98-B9B4-84EACCB95AA2): 0
LogDevObjectVersion:   Dev-Platform (6631380F-2D4D-43E0-8009-CF276956A95A): 0
LogDevObjectVersion:   Dev-Rendering (12F88B9F-8875-4AFC-A67C-D90C383ABD29): 12
LogDevObjectVersion:   Dev-Sequencer (7B5AE74C-D270-4C10-A958-57980B212A5A): 3
LogDevObjectVersion:   Dev-VR (D7296918-1DD6-4BDD-9DE2-64A83CC13884): 0
LogDevObjectVersion:   Dev-LoadTimes (C2A15278-BFE7-4AFE-6C17-90FF531DF755): 1
LogInit: Compiled (64-bit): May 21 2017 11:02:34
LogInit: Compiled with Visual C++: 19.00.23026.00
LogInit: Build Configuration: Development
LogInit: Branch Name: ++UE4+Release-4.15
LogInit: Command line: -EpicPortal 
LogInit: Base directory: C:/Program Files/Epic Games/UE_4.15/Engine/Binaries/Win64/
LogInit: Installed Engine Build: 1
LogInit: Presizing for max 8388607 objects, including 0 objects not considered by GC, pre-allocating 0 bytes for permanent pool.
LogInit: Object subsystem initialized
[2017.12.03-13.47.46:980][  0]LogInit: Selected Device Profile: [Windows]
[2017.12.03-13.47.46:980][  0]LogInit: Applying CVar settings loaded from the selected device profile: [Windows]
[2017.12.03-13.47.46:996][  0]LogInit: Computer: MARCUSPC
[2017.12.03-13.47.46:996][  0]LogInit: User: Marcus
[2017.12.03-13.47.46:996][  0]LogInit: CPU Page size=65536, Cores=4
[2017.12.03-13.47.46:996][  0]LogInit: High frequency timer resolution =2.929686 MHz
[2017.12.03-13.47.46:996][  0]LogMemory: Memory total: Physical=16.0GB (16GB approx)
[2017.12.03-13.47.46:996][  0]LogMemory: Platform Memory Stats for Windows
[2017.12.03-13.47.46:996][  0]LogMemory: Process Physical Memory: 263.00 MB used, 263.00 MB peak
[2017.12.03-13.47.46:996][  0]LogMemory: Process Virtual Memory: 262.24 MB used, 262.24 MB peak
[2017.12.03-13.47.46:996][  0]LogMemory: Physical Memory: 4665.11 MB used,  11671.32 MB free, 16336.43 MB total
[2017.12.03-13.47.46:996][  0]LogMemory: Virtual Memory: 682.38 MB used,  11671.32 MB free, 134217728.00 MB total
[2017.12.03-13.47.47:259][  0]LogTextLocalizationManager: No specific translations for ('en-GB') exist, so ('en') translations will be used.
[2017.12.03-13.47.48:097][  0]LogD3D11RHI: D3D11 adapters:
[2017.12.03-13.47.48:230][  0]LogD3D11RHI:    0. 'NVIDIA GeForce GTX 1050' (Feature Level 11_0)
[2017.12.03-13.47.48:230][  0]LogD3D11RHI:       1987/0/8168 MB DedicatedVideo/DedicatedSystem/SharedSystem, Outputs:2, VendorId:0x10de
[2017.12.03-13.47.48:232][  0]LogD3D11RHI:    1. 'Microsoft Basic Render Driver' (Feature Level 11_0)
[2017.12.03-13.47.48:232][  0]LogD3D11RHI:       0/0/8168 MB DedicatedVideo/DedicatedSystem/SharedSystem, Outputs:0, VendorId:0x1414
[2017.12.03-13.47.48:232][  0]LogD3D11RHI: Chosen D3D11 Adapter: 0
[2017.12.03-13.47.48:237][  0]LogD3D11RHI: Creating new Direct3DDevice
[2017.12.03-13.47.48:237][  0]LogD3D11RHI:     GPU DeviceId: 0x1c81 (for the marketing name, search the web for "GPU Device Id")
[2017.12.03-13.47.48:237][  0]LogWindows: EnumDisplayDevices:
[2017.12.03-13.47.48:237][  0]LogWindows:    0. 'NVIDIA GeForce GTX 1050' (P:1 D:1)
[2017.12.03-13.47.48:237][  0]LogWindows:    1. 'NVIDIA GeForce GTX 1050' (P:0 D:1)
[2017.12.03-13.47.48:237][  0]LogWindows:    2. 'NVIDIA GeForce GTX 1050' (P:0 D:0)
[2017.12.03-13.47.48:237][  0]LogWindows:    3. 'NVIDIA GeForce GTX 1050' (P:0 D:0)
[2017.12.03-13.47.48:237][  0]LogWindows: DebugString: GetVideoDriverDetailsInvalid PrimaryIsNotTheChoosenAdapter GetVideoDriverDetailsInvalid PrimaryIsNotTheChoosenAdapter GetVideoDriverDetailsInvalid PrimaryIsNotTheChoosenAdapter GetVideoDriverDetailsInvalid PrimaryIsNotTheChoosenAdapter FoundDriverCount:0 
[2017.12.03-13.47.48:237][  0]LogD3D11RHI:     Adapter Name: NVIDIA GeForce GTX 1050
[2017.12.03-13.47.48:237][  0]LogD3D11RHI:   Driver Version: Unknown (internal:Unknown, unified:Unknown)
[2017.12.03-13.47.48:237][  0]LogD3D11RHI:      Driver Date: Unknown
[2017.12.03-13.47.48:237][  0]LogRHI: Texture pool is 1361 MB (70% of 1945 MB)
[2017.12.03-13.47.48:259][  0]LogD3D11RHI: Async texture creation enabled
[2017.12.03-13.47.48:270][  0]LogD3D11RHI: GPU Timing Frequency: 1000.000000 (Debug: 2 1)
[2017.12.03-13.47.48:272][  0]LogShaderCompilers: Guid format shader working directory is -10 characters bigger than the processId version (../../../../../../Users/Marcus/Documents/GitHub/BANG/Bang/Intermediate/Shaders/WorkingDirectory/3584/).
[2017.12.03-13.47.48:273][  0]LogShaderCompilers: Cleaned the shader compiler working directory 'C:/Users/Marcus/AppData/Local/Temp/UnrealShaderWorkingDir/E9D6B1A9431D84DD87B700B000EA6C11/'.
[2017.12.03-13.47.48:273][  0]LogShaderCompilers:Display: Using Local Shader Compiler.
[2017.12.03-13.47.49:541][  0]LogTemp:Display: Loaded TP AllDesktopTargetPlatform
[2017.12.03-13.47.49:694][  0]LogTemp:Display: Loaded TP MacClientTargetPlatform
[2017.12.03-13.47.49:845][  0]LogTemp:Display: Loaded TP MacNoEditorTargetPlatform
[2017.12.03-13.47.50:003][  0]LogTemp:Display: Loaded TP MacServerTargetPlatform
[2017.12.03-13.47.50:168][  0]LogTemp:Display: Loaded TP MacTargetPlatform
[2017.12.03-13.47.50:334][  0]LogTemp:Display: Loaded TP WindowsClientTargetPlatform
[2017.12.03-13.47.50:501][  0]LogTemp:Display: Loaded TP WindowsNoEditorTargetPlatform
[2017.12.03-13.47.50:666][  0]LogTemp:Display: Loaded TP WindowsServerTargetPlatform
[2017.12.03-13.47.50:818][  0]LogTemp:Display: Loaded TP WindowsTargetPlatform
[2017.12.03-13.47.50:974][  0]LogTemp:Display: Loaded TP AndroidTargetPlatform
[2017.12.03-13.47.51:125][  0]LogTemp:Display: Loaded TP Android_ASTCTargetPlatform
[2017.12.03-13.47.51:276][  0]LogTemp:Display: Loaded TP Android_ATCTargetPlatform
[2017.12.03-13.47.51:426][  0]LogTemp:Display: Loaded TP Android_DXTTargetPlatform
[2017.12.03-13.47.51:575][  0]LogTemp:Display: Loaded TP Android_ETC1TargetPlatform
[2017.12.03-13.47.51:724][  0]LogTemp:Display: Loaded TP Android_ETC2TargetPlatform
[2017.12.03-13.47.52:033][  0]LogTemp:Display: Loaded TP Android_MultiTargetPlatform
[2017.12.03-13.47.52:033][  0]LogTemp:Display: Loaded TP Android_PVRTCTargetPlatform
[2017.12.03-13.47.52:183][  0]LogTemp:Display: Loaded TP HTML5TargetPlatform
[2017.12.03-13.47.52:453][  0]LogTemp:Display: Loaded TP IOSTargetPlatform
[2017.12.03-13.47.52:556][  0]LogTemp:Display: Loaded TP TVOSTargetPlatform
[2017.12.03-13.47.52:718][  0]LogTemp:Display: Loaded TP LinuxClientTargetPlatform
[2017.12.03-13.47.52:873][  0]LogTemp:Display: Loaded TP LinuxNoEditorTargetPlatform
[2017.12.03-13.47.53:029][  0]LogTemp:Display: Loaded TP LinuxServerTargetPlatform
[2017.12.03-13.47.53:179][  0]LogTemp:Display: Loaded TP LinuxTargetPlatform
[2017.12.03-13.47.53:179][  0]LogTargetPlatformManager:Display: Building Assets For Windows
[2017.12.03-13.47.54:813][  0]LogDerivedDataCache:Display: Max Cache Size: 512 MB
[2017.12.03-13.47.54:850][  0]LogDerivedDataCache: Loaded boot cache 0.04s 50MB C:/Users/Marcus/AppData/Local/UnrealEngine/4.15/DerivedDataCache/Boot.ddc.
[2017.12.03-13.47.54:850][  0]LogDerivedDataCache:Display: Loaded Boot cache: C:/Users/Marcus/AppData/Local/UnrealEngine/4.15/DerivedDataCache/Boot.ddc
[2017.12.03-13.47.54:851][  0]LogDerivedDataCache: FDerivedDataBackendGraph:  Pak pak cache file ../../../../../../Users/Marcus/Documents/GitHub/BANG/Bang/DerivedDataCache/DDC.ddp not found, will not use a pak cache.
[2017.12.03-13.47.54:851][  0]LogDerivedDataCache: Unable to find inner node Pak for hierarchical cache Hierarchy.
[2017.12.03-13.47.54:851][  0]LogDerivedDataCache: FDerivedDataBackendGraph:  CompressedPak pak cache file ../../../../../../Users/Marcus/Documents/GitHub/BANG/Bang/DerivedDataCache/Compressed.ddp not found, will not use a pak cache.
[2017.12.03-13.47.54:851][  0]LogDerivedDataCache: Unable to find inner node CompressedPak for hierarchical cache Hierarchy.
[2017.12.03-13.47.54:866][  0]LogDerivedDataCache:Display: Pak cache opened for reading ../../../Engine/DerivedDataCache/Compressed.ddp.
[2017.12.03-13.47.54:879][  0]LogDerivedDataCache: Using Local data cache path C:/Users/Marcus/AppData/Local/UnrealEngine/Common/DerivedDataCache: Writable
[2017.12.03-13.47.54:887][  0]LogSlate: Using Freetype 2.6.0
[2017.12.03-13.47.54:888][  0]LogSlate: SlateFontCache - WITH_FREETYPE: 1, WITH_HARFBUZZ: 1
[2017.12.03-13.47.54:888][  0]LogSlate: SlateFontCache - WITH_FREETYPE: 1, WITH_HARFBUZZ: 1
[2017.12.03-13.47.55:187][  0]LogInit: Selected Device Profile: [Windows]
[2017.12.03-13.47.55:189][  0]LogContentStreaming: Texture pool size is 0.00 MB
[2017.12.03-13.47.55:668][  0]LogMeshUtilities: Using QuadricMeshReduction for automatic static mesh reduction
[2017.12.03-13.47.55:819][  0]LogSimplygon: Simplygon DLL not present - disabling.
[2017.12.03-13.47.55:973][  0]LogMeshUtilities: Using SimplygonSwarm for distributed automatic mesh merging
[2017.12.03-13.47.55:973][  0]LogMeshUtilities: No automatic skeletal mesh reduction module available
[2017.12.03-13.47.55:973][  0]LogMeshUtilities: No automatic mesh merging module available
[2017.12.03-13.47.56:929][  0]LogNetVersion: GetLocalNetworkVersion: CL: 3299760, ProjectName: bang, ProjectVersion: , EngineNetworkVersion: 2, GameNetworkVersion: 0, NetworkChecksum: 3018941388
[2017.12.03-13.47.57:037][  0]LogAssetRegistry: FAssetRegistry took 0.0223 seconds to start up
[2017.12.03-13.47.57:162][  0]LogPackageLocalizationCache: Processed 3 localized package path(s) for 2 prioritized culture(s) in 0.040972 seconds
[2017.12.03-13.47.57:167][  0]LogUObjectArray: 32493 objects as part of root set at end of initial load.
[2017.12.03-13.47.57:167][  0]LogUObjectAllocator: 7077024 out of 0 bytes used by permanent object pool.
[2017.12.03-13.47.57:167][  0]LogUObjectArray: CloseDisregardForGC: 0/0 objects in disregard for GC pool
[2017.12.03-13.47.57:412][  0]LogInit: WinSock: version 1.1 (2.2), MaxSocks=32767, MaxUdp=65467
[2017.12.03-13.48.01:854][  0]LogTcpMessaging: Initializing TcpMessaging bridge
[2017.12.03-13.48.01:968][  0]LogUdpMessaging: Initializing bridge on interface 0.0.0.0:0 to multicast group 230.0.0.1:6666.
[2017.12.03-13.48.03:446][  0]LogMaterial: Uniform references updated for custom material expression Custom.
[2017.12.03-13.48.04:611][  0]SourceControl: Info Source control is disabled
[2017.12.03-13.48.04:612][  0]SourceControl: Info Source control is disabled
[2017.12.03-13.48.04:769][  0]SourceControl: Info Source control is disabled
[2017.12.03-13.48.04:922][  0]SourceControl: Info Source control is disabled
[2017.12.03-13.48.09:091][  0]LogEngine: Initializing Engine...
[2017.12.03-13.48.09:092][  0]LogHMD: Failed to initialize OpenVR with code 110
[2017.12.03-13.48.09:204][  0]LogStats: UGameplayTagsManager::ConstructGameplayTagTree: Construct from data asset -  0.000 s
[2017.12.03-13.48.09:204][  0]LogStats: UGameplayTagsManager::ConstructGameplayTagTree: GameplayTagTreeChangedEvent.Broadcast -  0.000 s
[2017.12.03-13.48.09:627][  0]LogAIModule: Creating AISystem for world Untitled
[2017.12.03-13.48.09:633][  0]LogInit: XAudio2 using 'Digital Audio (S/PDIF) (High Definition Audio Device)' : 2 channels at 44.1 kHz using 16 bits per sample (channel mask 0x3)
[2017.12.03-13.48.09:651][  0]LogInit: FAudioDevice initialized.
[2017.12.03-13.48.09:674][  0]LogDerivedDataCache: Saved boot cache 0.02s 50MB C:/Users/Marcus/AppData/Local/UnrealEngine/4.15/DerivedDataCache/Boot.ddc.
[2017.12.03-13.48.09:678][  0]LogInit: Texture streaming: Enabled
[2017.12.03-13.48.10:028][  0]LogEngineSessionManager: EngineSessionManager initialized
[2017.12.03-13.48.10:318][  0]LogInit: Transaction tracking system initialized
[2017.12.03-13.48.11:539][  0]BlueprintLog: New page: Editor Load
[2017.12.03-13.48.14:631][  0]LocalizationService: Info Localization service is disabled
[2017.12.03-13.48.16:998][  0]LogConsoleResponse:Display: 
[2017.12.03-13.48.17:211][  0]LogCook:Display: Max memory allowance for cook 16384mb min free memory 0mb
[2017.12.03-13.48.17:211][  0]LogCook:Display: Mobile HDR setting 1
[2017.12.03-13.48.17:721][  0]LogFileCache: Scanning file cache for directory 'C:/Users/Marcus/Documents/GitHub/BANG/Bang/Content/' took 0.01s
[2017.12.03-13.48.20:923][  0]SourceControl: Info Source control is disabled
[2017.12.03-13.48.20:923][  0]Cmd: MAP LOAD FILE="../../../../../../Users/Marcus/Documents/GitHub/BANG/Bang/Content/2DSideScrollerCPP/Maps/2DSideScrollerExampleMap.umap" TEMPLATE=0 SHOWPROGRESS=1 FEATURELEVEL=3
[2017.12.03-13.48.20:924][  0]LightingResults: New page: Lighting Build
[2017.12.03-13.48.21:076][  0]MapCheck: New page: Map Check
[2017.12.03-13.48.21:076][  0]LightingResults: New page: Lighting Build
[2017.12.03-13.48.21:201][  0]LogAIModule: Creating AISystem for world 2DSideScrollerExampleMap
[2017.12.03-13.48.21:218][  0]LogEditorServer: Finished looking for orphan Actors (0.000 secs)
[2017.12.03-13.48.21:219][  0]Cmd: MAP CHECKDEP NOCLEARLOG
[2017.12.03-13.48.21:324][  0]MapCheck: Info Map check complete: 0 Error(s), 0 Warning(s), took 105.265ms to complete.
[2017.12.03-13.48.21:324][  0]LogFileHelpers: Loading map '2DSideScrollerExampleMap' took 0.401
[2017.12.03-13.48.21:436][  0]LogWindowsTextInputMethodSystem:Display: IME system now deactivated.
[2017.12.03-13.48.21:625][  0]LogCollectionManager: Loaded 0 collections in 0.002810 seconds
[2017.12.03-13.48.21:814][  0]LogFileCache: Scanning file cache for directory 'C:/Users/Marcus/Documents/GitHub/BANG/Bang/Saved/Collections/' took 0.01s
[2017.12.03-13.48.21:814][  0]LogFileCache: Scanning file cache for directory 'C:/Users/Marcus/Documents/GitHub/BANG/Bang/Content/Developers/Marcus/Collections/' took 0.01s
[2017.12.03-13.48.21:814][  0]LogFileCache: Scanning file cache for directory 'C:/Users/Marcus/Documents/GitHub/BANG/Bang/Content/Collections/' took 0.01s
[2017.12.03-13.48.21:814][  0]LogCollectionManager: Rebuilt the GUID cache for 0 collections in 0.000002 seconds
[2017.12.03-13.48.21:824][  0]LogContentBrowser: Native class hierarchy populated in 0.0097 seconds. Added 2247 classes and 455 folders.
[2017.12.03-13.48.22:053][  0]LogContentBrowser: Native class hierarchy updated for 'WidgetCarousel' in 0.0023 seconds. Added 0 classes and 0 folders.
[2017.12.03-13.48.22:129][  0]LogContentBrowser: Native class hierarchy updated for 'AddContentDialog' in 0.0024 seconds. Added 0 classes and 0 folders.
[2017.12.03-13.48.22:279][  0]LogContentBrowser: Native class hierarchy updated for 'SceneOutliner' in 0.0026 seconds. Added 1 classes and 2 folders.
[2017.12.03-13.48.22:429][  0]LogCrashTracker: Crashtracker disabled due to settings.
[2017.12.03-13.48.23:441][  0]LogSlate: Only BGRA pngs, bmps or icos are supported in by External Image Picker
[2017.12.03-13.48.23:477][  0]LogSlate: Took 0.000185 seconds to synchronously load lazily loaded font '../../../Engine/Content/Slate/Fonts/Roboto-Regular.ttf' (155K)
[2017.12.03-13.48.24:053][  0]LogTemp:Display: Executing iPhonePackager certificates Engine -bundlename com.YourCompany.Bang

[2017.12.03-13.48.24:053][  0]LogTemp:Display: CWD: C:\Program Files\Epic Games\UE_4.15\Engine\Binaries\DotNET\IOS

[2017.12.03-13.48.24:053][  0]LogTemp:Display: Initial Dir: C:\Program Files\Epic Games\UE_4.15

[2017.12.03-13.48.24:053][  0]LogTemp:Display: Env CWD: C:\Program Files\Epic Games\UE_4.15\Engine\Binaries\DotNET\IOS

[2017.12.03-13.48.24:053][  0]LogTemp:Display: BranchPath = MARCUSPC/C/Program Files/Epic Games/UE_4.15/Engine/Binaries --- GameBranchPath = MARCUSPC/C/Program Files/Epic Games/UE_4.15/Engine/Binaries

[2017.12.03-13.48.24:053][  0]LogTemp:Display: IPP ERROR: Application exception: System.IO.DirectoryNotFoundException: Could not find a part of the path 'C:\Users\Marcus\AppData\Local\Apple Computer\MobileDevice\Provisioning Profiles'.

[2017.12.03-13.48.24:053][  0]LogTemp:Display:    at System.IO.__Error.WinIOError(Int32 errorCode, String maybeFullPath)

[2017.12.03-13.48.24:053][  0]LogTemp:Display:    at System.IO.FileSystemEnumerableIterator`1.CommonInit()

[2017.12.03-13.48.24:053][  0]LogTemp:Display:    at System.IO.Directory.EnumerateFiles(String path, String searchPattern)

[2017.12.03-13.48.24:053][  0]LogTemp:Display:    at iPhonePackager.CodeSignatureBuilder.FindProvisions(String CFBundleIdentifier)

[2017.12.03-13.48.24:053][  0]LogTemp:Display:    at iPhonePackager.Program.Main(String[] args)

[2017.12.03-13.48.24:053][  0]LogUObjectGlobals:Warning: Failed to find object 'Class None.'
[2017.12.03-13.48.24:799][  0]LogContentBrowser: Native class hierarchy updated for 'HierarchicalLODOutliner' in 0.0027 seconds. Added 1 classes and 2 folders.
[2017.12.03-13.48.24:799][  0]LogLoad: (Engine Initialization) Total time: 41.52 seconds
[2017.12.03-13.48.24:799][  0]LogLoad: (Engine Initialization) Total Blueprint compile time: 0.15 seconds
[2017.12.03-13.48.24:799][  0]LogExternalProfiler: Found external profiler: VSPerf
[2017.12.03-13.48.24:799][  0]LogExternalProfiler: Using external profiler: VSPerf
[2017.12.03-13.48.24:808][  0]LogOcInput: OculusInput pre-init called
[2017.12.03-13.48.24:824][  0]LogAssetRegistry: Asset discovery search completed in 27.8085 seconds
[2017.12.03-13.48.24:824][  0]LogCollectionManager: Rebuilt the object cache for 0 collections in 0.000003 seconds (found 0 objects)
[2017.12.03-13.48.24:824][  0]LogCollectionManager: Fixed up redirectors for 0 collections in 0.000019 seconds (updated 0 objects)
[2017.12.03-13.48.24:829][  0]LogContentStreaming: Texture pool size now 1000 MB
[2017.12.03-13.48.24:837][  0]LogSlate: Took 0.000210 seconds to synchronously load lazily loaded font '../../../Engine/Content/Slate/Fonts/Roboto-Bold.ttf' (160K)
[2017.12.03-13.48.24:842][  0]LogSlate: Took 0.000195 seconds to synchronously load lazily loaded font '../../../Engine/Content/Editor/Slate/Fonts/FontAwesome.ttf' (139K)
[2017.12.03-13.48.24:963][  0]LogSlate: Took 0.000258 seconds to synchronously load lazily loaded font '../../../Engine/Content/Slate/Fonts/Roboto-Light.ttf' (159K)
[2017.12.03-13.48.25:011][  0]LogRenderer: Reallocating scene render targets to support 1208x580 NumSamples 1 (Frame:2).
[2017.12.03-13.50.06:164][772]Recompiling Bang...
[2017.12.03-13.50.06:164][772]Launching UnrealBuildTool... [C:/Program Files/Epic Games/UE_4.15/Engine/Binaries/DotNET/UnrealBuildTool.exe Bang -ModuleWithSuffix Bang 6517 Win64 Development -editorrecompile -canskiplink "C:/Users/Marcus/Documents/GitHub/BANG/Bang/Bang.uproject" ]
[2017.12.03-13.50.06:172][772]Warning: Starting HotReload took  4.0s.
[2017.12.03-13.51.05:312][175]CompilerResultsLog: New page: Compilation - 3 Dec 2017 13:51:05
[2017.12.03-13.51.05:312][175]CompilerResultsLog: Info Compiling game modules for hot reload
[2017.12.03-13.51.05:312][175]CompilerResultsLog: Info Parsing headers for BangEditor
[2017.12.03-13.51.05:312][175]CompilerResultsLog: Info   Running UnrealHeaderTool "C:\Users\Marcus\Documents\GitHub\BANG\Bang\Bang.uproject" "C:\Users\Marcus\Documents\GitHub\BANG\Bang\Intermediate\Build\Win64\BangEditor\Development\BangEditor.uhtmanifest" -LogCmds="loginit warning, logexit warning, logdatabase error" -Unattended -WarningsAsErrors -installed
[2017.12.03-13.51.05:312][175]CompilerResultsLog: Info Reflection code generated for BangEditor in 7.0736782 seconds
[2017.12.03-13.51.05:312][175]CompilerResultsLog: Info Performing 3 actions (4 in parallel)
[2017.12.03-13.51.05:312][175]CompilerResultsLog: Info BangCharacter.cpp
[2017.12.03-13.51.05:312][175]LogMainFrame: MainFrame: Module compiling took 59.166 seconds
[2017.12.03-13.51.05:312][175]Warning: HotReload failed, recompile failed
[2017.12.03-13.51.27:499][361]Recompiling Bang...
[2017.12.03-13.51.27:499][361]Launching UnrealBuildTool... [C:/Program Files/Epic Games/UE_4.15/Engine/Binaries/DotNET/UnrealBuildTool.exe Bang -ModuleWithSuffix Bang 2204 Win64 Development -editorrecompile -canskiplink "C:/Users/Marcus/Documents/GitHub/BANG/Bang/Bang.uproject" ]
[2017.12.03-13.51.27:508][361]Warning: Starting HotReload took  0.0s.
[2017.12.03-13.51.41:668][ 57]CompilerResultsLog: New page: Compilation - 3 Dec 2017 13:51:41
[2017.12.03-13.51.41:668][ 57]CompilerResultsLog: Info Compiling game modules for hot reload
[2017.12.03-13.51.41:668][ 57]CompilerResultsLog: Info Performing full C++ include scan (no include cache file)
[2017.12.03-13.51.41:668][ 57]CompilerResultsLog: Info Parsing headers for BangEditor
[2017.12.03-13.51.41:668][ 57]CompilerResultsLog: Info   Running UnrealHeaderTool "C:\Users\Marcus\Documents\GitHub\BANG\Bang\Bang.uproject" "C:\Users\Marcus\Documents\GitHub\BANG\Bang\Intermediate\Build\Win64\BangEditor\Development\BangEditor.uhtmanifest" -LogCmds="loginit warning, logexit warning, logdatabase error" -Unattended -WarningsAsErrors -installed
[2017.12.03-13.51.41:668][ 57]CompilerResultsLog: Info Reflection code generated for BangEditor in 6.7254115 seconds
[2017.12.03-13.51.41:668][ 57]CompilerResultsLog: Info Target is up to date
[2017.12.03-13.51.41:668][ 57]CompilerResultsLog: Info Total build time: 13.84 seconds (NoActionsToExecute executor: 0.00 seconds)
[2017.12.03-13.51.41:668][ 57]LogMainFrame: MainFrame: Module compiling took 14.183 seconds
[2017.12.03-13.51.41:690][ 57]LogContentBrowser: Native class hierarchy populated in 0.0103 seconds. Added 2249 classes and 459 folders.
[2017.12.03-13.51.41:691][ 57]Display: HotReload took 14.2s.
[2017.12.03-13.52.36:695][657]LogTemp: Repeting last play command: Selected Viewport
[2017.12.03-13.52.36:706][657]LogBlueprintUserMessages: Early PlayInEditor Detection: Level '/Game/2DSideScrollerCPP/Maps/2DSideScrollerExampleMap.2DSideScrollerExampleMap:PersistentLevel' has LevelScriptBlueprint '/Game/2DSideScrollerCPP/Maps/2DSideScrollerExampleMap.2DSideScrollerExampleMap:PersistentLevel.2DSideScrollerExampleMap' with GeneratedClass '/Game/2DSideScrollerCPP/Maps/2DSideScrollerExampleMap.2DSideScrollerExampleMap_C' with ClassGeneratedBy '/Game/2DSideScrollerCPP/Maps/2DSideScrollerExampleMap.2DSideScrollerExampleMap:PersistentLevel.2DSideScrollerExampleMap'
[2017.12.03-13.52.36:706][657]LogPlayLevel: PlayLevel: No blueprints needed recompiling
[2017.12.03-13.52.36:706][657]PIE: New page: PIE session: 2DSideScrollerExampleMap (3 Dec 2017 13:52:36)
[2017.12.03-13.52.36:706][657]LogPlayLevel: Creating play world package: /Game/2DSideScrollerCPP/Maps/UEDPIE_0_2DSideScrollerExampleMap
[2017.12.03-13.52.36:711][657]LogPlayLevel: PIE: StaticDuplicateObject took: (0.005000s)
[2017.12.03-13.52.36:712][657]LogAIModule: Creating AISystem for world 2DSideScrollerExampleMap
[2017.12.03-13.52.36:712][657]LogPlayLevel: PIE: World Init took: (0.000815s)
[2017.12.03-13.52.36:712][657]LogPlayLevel: PIE: Created PIE world by copying editor world from /Game/2DSideScrollerCPP/Maps/2DSideScrollerExampleMap.2DSideScrollerExampleMap to /Game/2DSideScrollerCPP/Maps/UEDPIE_0_2DSideScrollerExampleMap.2DSideScrollerExampleMap (0.006081s)
[2017.12.03-13.52.36:722][657]LogInit: XAudio2 using 'Digital Audio (S/PDIF) (High Definition Audio Device)' : 2 channels at 44.1 kHz using 16 bits per sample (channel mask 0x3)
[2017.12.03-13.52.36:730][657]LogInit: FAudioDevice initialized.
[2017.12.03-13.52.36:877][657]LogLoad: Game class is 'BangGameMode'
[2017.12.03-13.52.36:879][657]LogWorld: Bringing World /Game/2DSideScrollerCPP/Maps/UEDPIE_0_2DSideScrollerExampleMap.2DSideScrollerExampleMap up for play (max tick rate 0) at 2017.12.03-13.52.36
[2017.12.03-13.52.36:880][657]LogWorld: Bringing up level for play took: 0.001615
[2017.12.03-13.52.37:066][657]LogContentBrowser: Native class hierarchy updated for 'MovieSceneCapture' in 0.0029 seconds. Added 11 classes and 0 folders.
[2017.12.03-13.52.37:067][657]PIE: Info Play in editor start time for /Game/2DSideScrollerCPP/Maps/UEDPIE_0_2DSideScrollerExampleMap -0.123
[2017.12.03-13.52.37:067][657]LogBlueprintUserMessages: Late PlayInEditor Detection: Level '/Game/2DSideScrollerCPP/Maps/2DSideScrollerExampleMap.2DSideScrollerExampleMap:PersistentLevel' has LevelScriptBlueprint '/Game/2DSideScrollerCPP/Maps/2DSideScrollerExampleMap.2DSideScrollerExampleMap:PersistentLevel.2DSideScrollerExampleMap' with GeneratedClass '/Game/2DSideScrollerCPP/Maps/2DSideScrollerExampleMap.2DSideScrollerExampleMap_C' with ClassGeneratedBy '/Game/2DSideScrollerCPP/Maps/2DSideScrollerExampleMap.2DSideScrollerExampleMap:PersistentLevel.2DSideScrollerExampleMap'
[2017.12.03-13.53.35:084][657]LogCrashTracker: 


[2017.12.03-13.53.35:084][657]LogCrashTracker: 


[2017.12.03-13.53.35:084][657]LogWindows:Error: === Critical error: ===
[2017.12.03-13.53.35:084][657]LogWindows:Error: 
[2017.12.03-13.53.35:084][657]LogWindows:Error: Fatal error!
[2017.12.03-13.53.35:084][657]LogWindows:Error: 
[2017.12.03-13.53.35:084][657]LogWindows:Error: Unhandled Exception: EXCEPTION_ACCESS_VIOLATION reading address 0x00000000
[2017.12.03-13.53.35:084][657]LogWindows:Error: 
[2017.12.03-13.53.35:084][657]LogWindows:Error: UE4Editor-Bang-8909.dll!ABangCharacter::UpdateAnimation() [c:\users\marcus\documents\github\bang\bang\source\bang\bangcharacter.cpp:102]
[2017.12.03-13.53.35:084][657]LogWindows:Error: UE4Editor-Bang-8909.dll!ABangCharacter::UpdateCharacter() [c:\users\marcus\documents\github\bang\bang\source\bang\bangcharacter.cpp:155]
[2017.12.03-13.53.35:084][657]LogWindows:Error: UE4Editor-Engine.dll!AActor::TickActor() [d:\build\++ue4+release-4.15+compile\sync\engine\source\runtime\engine\private\actor.cpp:863]
[2017.12.03-13.53.35:084][657]LogWindows:Error: UE4Editor-Engine.dll!FActorTickFunction::ExecuteTick() [d:\build\++ue4+release-4.15+compile\sync\engine\source\runtime\engine\private\actor.cpp:125]
[2017.12.03-13.53.35:084][657]LogWindows:Error: UE4Editor-Engine.dll!FTickFunctionTask::DoTask() [d:\build\++ue4+release-4.15+compile\sync\engine\source\runtime\engine\private\ticktaskmanager.cpp:269]
[2017.12.03-13.53.35:084][657]LogWindows:Error: UE4Editor-Engine.dll!TGraphTask<FTickFunctionTask>::ExecuteTask() [d:\build\++ue4+release-4.15+compile\sync\engine\source\runtime\core\public\async\taskgraphinterfaces.h:883]
[2017.12.03-13.53.35:084][657]LogWindows:Error: UE4Editor-Core.dll!FNamedTaskThread::ProcessTasksNamedThread() [d:\build\++ue4+release-4.15+compile\sync\engine\source\runtime\core\private\async\taskgraph.cpp:954]
[2017.12.03-13.53.35:084][657]LogWindows:Error: UE4Editor-Core.dll!FNamedTaskThread::ProcessTasksUntilQuit() [d:\build\++ue4+release-4.15+compile\sync\engine\source\runtime\core\private\async\taskgraph.cpp:701]
[2017.12.03-13.53.35:084][657]LogWindows:Error: UE4Editor-Core.dll!FTaskGraphImplementation::WaitUntilTasksComplete() [d:\build\++ue4+release-4.15+compile\sync\engine\source\runtime\core\private\async\taskgraph.cpp:1798]
[2017.12.03-13.53.35:084][657]LogWindows:Error: UE4Editor-Engine.dll!FTickTaskSequencer::ReleaseTickGroup() [d:\build\++ue4+release-4.15+compile\sync\engine\source\runtime\engine\private\ticktaskmanager.cpp:538]
[2017.12.03-13.53.35:084][657]LogWindows:Error: UE4Editor-Engine.dll!FTickTaskManager::RunTickGroup() [d:\build\++ue4+release-4.15+compile\sync\engine\source\runtime\engine\private\ticktaskmanager.cpp:1450]
[2017.12.03-13.53.35:084][657]LogWindows:Error: UE4Editor-Engine.dll!UWorld::RunTickGroup() [d:\build\++ue4+release-4.15+compile\sync\engine\source\runtime\engine\private\leveltick.cpp:758]
[2017.12.03-13.53.35:084][657]LogWindows:Error: UE4Editor-Engine.dll!UWorld::Tick() [d:\build\++ue4+release-4.15+compile\sync\engine\source\runtime\engine\private\leveltick.cpp:1373]
[2017.12.03-13.53.35:084][657]LogWindows:Error: UE4Editor-UnrealEd.dll!UEditorEngine::Tick() [d:\build\++ue4+release-4.15+compile\sync\engine\source\editor\unrealed\private\editorengine.cpp:1630]
[2017.12.03-13.53.35:084][657]LogWindows:Error: UE4Editor-UnrealEd.dll!UUnrealEdEngine::Tick() [d:\build\++ue4+release-4.15+compile\sync\engine\source\editor\unrealed\private\unrealedengine.cpp:391]
[2017.12.03-13.53.35:084][657]LogWindows:Error: UE4Editor.exe!FEngineLoop::Tick() [d:\build\++ue4+release-4.15+compile\sync\engine\source\runtime\launch\private\launchengineloop.cpp:3025]
[2017.12.03-13.53.35:084][657]LogWindows:Error: UE4Editor.exe!GuardedMain() [d:\build\++ue4+release-4.15+compile\sync\engine\source\runtime\launch\private\launch.cpp:166]
[2017.12.03-13.53.35:084][657]LogWindows:Error: UE4Editor.exe!GuardedMainWrapper() [d:\build\++ue4+release-4.15+compile\sync\engine\source\runtime\launch\private\windows\launchwindows.cpp:134]
[2017.12.03-13.53.35:084][657]LogWindows:Error: UE4Editor.exe!WinMain() [d:\build\++ue4+release-4.15+compile\sync\engine\source\runtime\launch\private\windows\launchwindows.cpp:210]
[2017.12.03-13.53.35:084][657]LogWindows:Error: UE4Editor.exe!__scrt_common_main_seh() [f:\dd\vctools\crt\vcstartup\src\startup\exe_common.inl:264]
[2017.12.03-13.53.35:084][657]LogWindows:Error: KERNEL32.DLL!0x00000000D4BD1FE4
[2017.12.03-13.53.35:084][657]LogWindows:Error: ntdll.dll!0x00000000D562EF91
[2017.12.03-13.53.35:084][657]LogWindows:Error: ntdll.dll!0x00000000D562EF91
[2017.12.03-13.53.35:084][657]LogWindows:Error: 
[2017.12.03-13.53.35:147][657]LogExit: Executing StaticShutdownAfterError
[2017.12.03-13.53.35:151][657]LogWindows: FPlatformMisc::RequestExit(1)
[2017.12.03-13.53.35:151][657]Log file closed, 12/03/17 13:53:35
