Log file open, 12/03/17 13:41:47
LogPlatformFile: Not using cached read wrapper
LogInit:Display: RandInit(257191812) SRandInit(257191812).
LogTaskGraph: Started task graph with 5 named threads and 8 total threads with 1 sets of task threads.
LogStats: Stats thread started at 0.843507
LogInit: Using libcurl 7.47.1
LogInit:  - built for x86_64-pc-win32
LogInit:  - supports SSL with OpenSSL/1.0.2g
LogInit:  - supports HTTP deflate (compression) using libz 1.2.8
LogInit:  - other features:
LogInit:      CURL_VERSION_SSL
LogInit:      CURL_VERSION_LIBZ
LogInit:      CURL_VERSION_IPV6
LogInit:      CURL_VERSION_ASYNCHDNS
LogInit:      CURL_VERSION_LARGEFILE
LogInit:      CURL_VERSION_IDN
LogInit:  CurlRequestOptions (configurable via config and command line):
LogInit:  - bVerifyPeer = false  - Libcurl will NOT verify peer certificate
LogInit:  - bUseHttpProxy = false  - Libcurl will NOT use HTTP proxy
LogInit:  - bDontReuseConnections = false  - Libcurl will reuse connections
LogInit:  - CertBundlePath = nullptr  - Libcurl will use whatever was configured at build time.
LogInit: Build: ++UE4+Release-4.15-CL-3450819
LogInit: Engine Version: 4.15.3-3450819+++UE4+Release-4.15
LogInit: Compatible Engine Version: 4.15.0-3299760+++UE4+Release-4.15
LogInit: Net CL: 3299760
LogDevObjectVersion: Number of dev versions registered: 14
LogDevObjectVersion:   Dev-Blueprints (B0D832E4-1F89-4F0D-ACCF-7EB736FD4AA2): 8
LogDevObjectVersion:   Dev-Build (E1C64328-A22C-4D53-A36C-8E866417BD8C): 0
LogDevObjectVersion:   Dev-Core (375EC13C-06E4-48FB-B500-84F0262A717E): 2
LogDevObjectVersion:   Dev-Editor (E4B068ED-F494-42E9-A231-DA0B2E46BB41): 14
LogDevObjectVersion:   Dev-Framework (CFFC743F-43B0-4480-9391-14DF171D2073): 22
LogDevObjectVersion:   Dev-Mobile (B02B49B5-BB20-44E9-A304-32B752E40360): 0
LogDevObjectVersion:   Dev-Networking (A4E4105C-59A1-49B5-A7C5-40C4547EDFEE): 0
LogDevObjectVersion:   Dev-Online (39C831C9-5AE6-47DC-9A44-9C173E1C8E7C): 0
LogDevObjectVersion:   Dev-Physics (78F01B33-EBEA-4F98-B9B4-84EACCB95AA2): 0
LogDevObjectVersion:   Dev-Platform (6631380F-2D4D-43E0-8009-CF276956A95A): 0
LogDevObjectVersion:   Dev-Rendering (12F88B9F-8875-4AFC-A67C-D90C383ABD29): 12
LogDevObjectVersion:   Dev-Sequencer (7B5AE74C-D270-4C10-A958-57980B212A5A): 3
LogDevObjectVersion:   Dev-VR (D7296918-1DD6-4BDD-9DE2-64A83CC13884): 0
LogDevObjectVersion:   Dev-LoadTimes (C2A15278-BFE7-4AFE-6C17-90FF531DF755): 1
LogInit: Compiled (64-bit): May 21 2017 11:06:29
LogInit: Compiled with Visual C++: 19.00.23026.00
LogInit: Build Configuration: DebugGame
LogInit: Branch Name: ++UE4+Release-4.15
LogInit: Command line: 
LogInit: Base directory: C:/Users/Marcus/Documents/GitHub/BANG/Bang/Binaries/Win64/
LogInit: Installed Engine Build: 1
LogInit: Presizing for max 2097152 objects, including 0 objects not considered by GC, pre-allocating 0 bytes for permanent pool.
LogStreaming:Display: Async Loading initialized: New Async IO: false, Event Driven Loader: false, Async Loading Thread: false
LogInit: Object subsystem initialized
[2017.12.03-13.41.47:593][  0]LogInit: Selected Device Profile: [WindowsNoEditor]
[2017.12.03-13.41.47:593][  0]LogInit: Applying CVar settings loaded from the selected device profile: [WindowsNoEditor]
[2017.12.03-13.41.47:603][  0]LogInit: Computer: MARCUSPC
[2017.12.03-13.41.47:603][  0]LogInit: User: Marcus
[2017.12.03-13.41.47:603][  0]LogInit: CPU Page size=65536, Cores=4
[2017.12.03-13.41.47:603][  0]LogInit: High frequency timer resolution =2.929686 MHz
[2017.12.03-13.41.47:604][  0]LogMemory: Memory total: Physical=16.0GB (16GB approx)
[2017.12.03-13.41.47:604][  0]LogMemory: Platform Memory Stats for WindowsNoEditor
[2017.12.03-13.41.47:604][  0]LogMemory: Process Physical Memory: 92.90 MB used, 92.90 MB peak
[2017.12.03-13.41.47:604][  0]LogMemory: Process Virtual Memory: 102.88 MB used, 102.88 MB peak
[2017.12.03-13.41.47:604][  0]LogMemory: Physical Memory: 4491.87 MB used,  11844.56 MB free, 16336.43 MB total
[2017.12.03-13.41.47:604][  0]LogMemory: Virtual Memory: 361.13 MB used,  11844.56 MB free, 134217728.00 MB total
[2017.12.03-13.41.48:712][  0]LogTextLocalizationManager: No translations for ('en-GB') exist, falling back to 'en' for localization and internationalization data.
[2017.12.03-13.41.48:802][  0]LogD3D11RHI: D3D11 adapters:
[2017.12.03-13.41.48:922][  0]LogD3D11RHI:    0. 'NVIDIA GeForce GTX 1050' (Feature Level 11_0)
[2017.12.03-13.41.48:922][  0]LogD3D11RHI:       1987/0/8168 MB DedicatedVideo/DedicatedSystem/SharedSystem, Outputs:2, VendorId:0x10de
[2017.12.03-13.41.48:968][  0]LogD3D11RHI:    1. 'Microsoft Basic Render Driver' (Feature Level 11_0)
[2017.12.03-13.41.48:968][  0]LogD3D11RHI:       0/0/8168 MB DedicatedVideo/DedicatedSystem/SharedSystem, Outputs:0, VendorId:0x1414
[2017.12.03-13.41.48:968][  0]LogD3D11RHI: Chosen D3D11 Adapter: 0
[2017.12.03-13.41.48:973][  0]LogD3D11RHI: Creating new Direct3DDevice
[2017.12.03-13.41.48:973][  0]LogD3D11RHI:     GPU DeviceId: 0x1c81 (for the marketing name, search the web for "GPU Device Id")
[2017.12.03-13.41.48:974][  0]LogWindows: EnumDisplayDevices:
[2017.12.03-13.41.48:974][  0]LogWindows:    0. 'NVIDIA GeForce GTX 1050' (P:1 D:1)
[2017.12.03-13.41.48:974][  0]LogWindows:    1. 'NVIDIA GeForce GTX 1050' (P:0 D:1)
[2017.12.03-13.41.48:974][  0]LogWindows:    2. 'NVIDIA GeForce GTX 1050' (P:0 D:0)
[2017.12.03-13.41.48:974][  0]LogWindows:    3. 'NVIDIA GeForce GTX 1050' (P:0 D:0)
[2017.12.03-13.41.48:975][  0]LogWindows: DebugString: GetVideoDriverDetailsInvalid PrimaryIsNotTheChoosenAdapter GetVideoDriverDetailsInvalid PrimaryIsNotTheChoosenAdapter GetVideoDriverDetailsInvalid PrimaryIsNotTheChoosenAdapter GetVideoDriverDetailsInvalid PrimaryIsNotTheChoosenAdapter FoundDriverCount:0 
[2017.12.03-13.41.48:975][  0]LogD3D11RHI:     Adapter Name: NVIDIA GeForce GTX 1050
[2017.12.03-13.41.48:975][  0]LogD3D11RHI:   Driver Version: Unknown (internal:Unknown, unified:Unknown)
[2017.12.03-13.41.48:975][  0]LogD3D11RHI:      Driver Date: Unknown
[2017.12.03-13.41.48:975][  0]LogRHI: Texture pool is 1361 MB (70% of 1945 MB)
[2017.12.03-13.41.49:003][  0]LogD3D11RHI: Async texture creation enabled
[2017.12.03-13.41.49:014][  0]LogD3D11RHI: GPU Timing Frequency: 1000.000000 (Debug: 2 1)
[2017.12.03-13.41.49:016][  0]LogMaterial:Error: The global shader cache file 'C:/Program Files/Epic Games/UE_4.15/Engine/GlobalShaderCache-PCD3D_SM5.bin' is missing.

Your application is built to load COOKED content. No COOKED content was found; This usually means you did not cook content for this build.
It also may indicate missing cooked data for a shader platform(e.g., OpenGL under Windows): Make sure your platform's packaging settings include this Targeted RHI.

Alternatively build and run the UNCOOKED version instead.
[2017.12.03-13.41.49:023][  0]LogWindowsTextInputMethodSystem:Display: IME system now deactivated.
[2017.12.03-13.45.35:561][  0]LogWindowsTextInputMethodSystem:Display: IME system now deactivated.
[2017.12.03-13.45.35:561][  0]LogWindowsTextInputMethodSystem:Display: IME system now deactivated.
[2017.12.03-13.45.35:562][  0]LogWindows: FPlatformMisc::RequestExit(0)
[2017.12.03-13.45.35:562][  0]LogMoviePlayer: Shutting down movie player
[2017.12.03-13.45.35:563][  0]LogContentStreaming: Texture pool size is 1000.00 MB
[2017.12.03-13.45.35:563][  0]LogInit: Selected Device Profile: [WindowsNoEditor]
[2017.12.03-13.45.35:587][  0]LogExit: Preparing to exit.
[2017.12.03-13.45.35:588][  0]LogUObjectArray: 1512 objects as part of root set at end of initial load.
[2017.12.03-13.45.35:588][  0]LogUObjectAllocator: 21168 out of 0 bytes used by permanent object pool.
[2017.12.03-13.45.35:588][  0]LogUObjectArray: CloseDisregardForGC: 0/0 objects in disregard for GC pool
[2017.12.03-13.45.35:590][  0]LogObj: Freed 0b from 0 cluster array pools.
[2017.12.03-13.45.35:590][  0]LogExit: Object subsystem successfully closed.
[2017.12.03-13.45.35:594][  0]LogD3D11RHI: Shutdown
[2017.12.03-13.45.35:594][  0]LogD3D11RHI: CleanupD3DDevice
[2017.12.03-13.45.35:609][  0]LogD3D11RHI: ~FD3D11DynamicRHI
[2017.12.03-13.45.35:610][  0]LogModuleManager: Shutting down and abandoning module InputCore (42)
[2017.12.03-13.45.35:610][  0]LogModuleManager: Shutting down and abandoning module OculusRift (40)
[2017.12.03-13.45.35:611][  0]LogModuleManager: Shutting down and abandoning module GearVR (38)
[2017.12.03-13.45.35:611][  0]LogModuleManager: Shutting down and abandoning module ExampleDeviceProfileSelector (36)
[2017.12.03-13.45.35:611][  0]LogModuleManager: Shutting down and abandoning module OnlineSubsystem (32)
[2017.12.03-13.45.35:611][  0]LogModuleManager: Shutting down and abandoning module HTTP (31)
[2017.12.03-13.45.35:631][  0]LogModuleManager: Shutting down and abandoning module SSL (30)
[2017.12.03-13.45.35:632][  0]LogModuleManager: Shutting down and abandoning module ShaderCore (26)
[2017.12.03-13.45.35:632][  0]LogModuleManager: Shutting down and abandoning module Landscape (24)
[2017.12.03-13.45.35:632][  0]LogModuleManager: Shutting down and abandoning module SlateRHIRenderer (22)
[2017.12.03-13.45.35:632][  0]LogModuleManager: Shutting down and abandoning module OpenGLDrv (20)
[2017.12.03-13.45.35:632][  0]LogModuleManager: Shutting down and abandoning module D3D11RHI (18)
[2017.12.03-13.45.35:633][  0]LogModuleManager: Shutting down and abandoning module AnimGraphRuntime (16)
[2017.12.03-13.45.35:633][  0]LogModuleManager: Shutting down and abandoning module Renderer (14)
[2017.12.03-13.45.35:633][  0]LogModuleManager: Shutting down and abandoning module Engine (12)
[2017.12.03-13.45.35:633][  0]LogModuleManager: Shutting down and abandoning module CoreUObject (10)
[2017.12.03-13.45.35:633][  0]LogModuleManager: Shutting down and abandoning module NetworkFile (8)
[2017.12.03-13.45.35:633][  0]LogModuleManager: Shutting down and abandoning module StreamingFile (6)
[2017.12.03-13.45.35:633][  0]LogModuleManager: Shutting down and abandoning module SandboxFile (4)
[2017.12.03-13.45.35:633][  0]LogModuleManager: Shutting down and abandoning module PakFile (2)
[2017.12.03-13.45.35:638][  0]LogExit: Exiting.
[2017.12.03-13.45.35:639][  0]Log file closed, 12/03/17 13:45:35
