Log file open, 12/02/17 11:25:21
LogInit:Display: Running engine for game: Bang
LogPlatformFile: Not using cached read wrapper
LogInit:Display: RandInit(282272430) SRandInit(282272430).
LogTaskGraph: Started task graph with 5 named threads and 8 total threads with 1 sets of task threads.
LogStats: Stats thread started at 0.099829
LogInit: Using libcurl 7.47.1
LogInit:  - built for x86_64-pc-win32
LogInit:  - supports SSL with OpenSSL/1.0.2g
LogInit:  - supports HTTP deflate (compression) using libz 1.2.8
LogInit:  - other features:
LogInit:      CURL_VERSION_SSL
LogInit:      CURL_VERSION_LIBZ
LogInit:      CURL_VERSION_IPV6
LogInit:      CURL_VERSION_ASYNCHDNS
LogInit:      CURL_VERSION_LARGEFILE
LogInit:      CURL_VERSION_IDN
LogInit:  CurlRequestOptions (configurable via config and command line):
LogInit:  - bVerifyPeer = false  - Libcurl will NOT verify peer certificate
LogInit:  - bUseHttpProxy = false  - Libcurl will NOT use HTTP proxy
LogInit:  - bDontReuseConnections = false  - Libcurl will reuse connections
LogInit:  - CertBundlePath = nullptr  - Libcurl will use whatever was configured at build time.
LogInit: Build: ++UE4+Release-4.15-CL-3450819
LogInit: Engine Version: 4.15.3-3450819+++UE4+Release-4.15
LogInit: Compatible Engine Version: 4.15.0-3299760+++UE4+Release-4.15
LogInit: Net CL: 3299760
LogDevObjectVersion: Number of dev versions registered: 14
LogDevObjectVersion:   Dev-Blueprints (B0D832E4-1F89-4F0D-ACCF-7EB736FD4AA2): 8
LogDevObjectVersion:   Dev-Build (E1C64328-A22C-4D53-A36C-8E866417BD8C): 0
LogDevObjectVersion:   Dev-Core (375EC13C-06E4-48FB-B500-84F0262A717E): 2
LogDevObjectVersion:   Dev-Editor (E4B068ED-F494-42E9-A231-DA0B2E46BB41): 14
LogDevObjectVersion:   Dev-Framework (CFFC743F-43B0-4480-9391-14DF171D2073): 22
LogDevObjectVersion:   Dev-Mobile (B02B49B5-BB20-44E9-A304-32B752E40360): 0
LogDevObjectVersion:   Dev-Networking (A4E4105C-59A1-49B5-A7C5-40C4547EDFEE): 0
LogDevObjectVersion:   Dev-Online (39C831C9-5AE6-47DC-9A44-9C173E1C8E7C): 0
LogDevObjectVersion:   Dev-Physics (78F01B33-EBEA-4F98-B9B4-84EACCB95AA2): 0
LogDevObjectVersion:   Dev-Platform (6631380F-2D4D-43E0-8009-CF276956A95A): 0
LogDevObjectVersion:   Dev-Rendering (12F88B9F-8875-4AFC-A67C-D90C383ABD29): 12
LogDevObjectVersion:   Dev-Sequencer (7B5AE74C-D270-4C10-A958-57980B212A5A): 3
LogDevObjectVersion:   Dev-VR (D7296918-1DD6-4BDD-9DE2-64A83CC13884): 0
LogDevObjectVersion:   Dev-LoadTimes (C2A15278-BFE7-4AFE-6C17-90FF531DF755): 1
LogInit: Compiled (64-bit): May 21 2017 11:02:34
LogInit: Compiled with Visual C++: 19.00.23026.00
LogInit: Build Configuration: Development
LogInit: Branch Name: ++UE4+Release-4.15
LogInit: Command line: -EpicPortal 
LogInit: Base directory: C:/Program Files/Epic Games/UE_4.15/Engine/Binaries/Win64/
LogInit: Installed Engine Build: 1
LogInit: Presizing for max 8388607 objects, including 0 objects not considered by GC, pre-allocating 0 bytes for permanent pool.
LogInit: Object subsystem initialized
[2017.12.02-11.25.23:774][  0]LogInit: Selected Device Profile: [Windows]
[2017.12.02-11.25.23:774][  0]LogInit: Applying CVar settings loaded from the selected device profile: [Windows]
[2017.12.02-11.25.23:903][  0]LogInit: Computer: MARCUSPC
[2017.12.02-11.25.23:903][  0]LogInit: User: Marcus
[2017.12.02-11.25.23:903][  0]LogInit: CPU Page size=65536, Cores=4
[2017.12.02-11.25.23:903][  0]LogInit: High frequency timer resolution =2.929689 MHz
[2017.12.02-11.25.23:904][  0]LogMemory: Memory total: Physical=16.0GB (16GB approx)
[2017.12.02-11.25.23:904][  0]LogMemory: Platform Memory Stats for Windows
[2017.12.02-11.25.23:904][  0]LogMemory: Process Physical Memory: 263.16 MB used, 263.16 MB peak
[2017.12.02-11.25.23:904][  0]LogMemory: Process Virtual Memory: 262.16 MB used, 262.16 MB peak
[2017.12.02-11.25.23:904][  0]LogMemory: Physical Memory: 4423.24 MB used,  11913.19 MB free, 16336.43 MB total
[2017.12.02-11.25.23:904][  0]LogMemory: Virtual Memory: 649.04 MB used,  11913.19 MB free, 134217728.00 MB total
[2017.12.02-11.25.24:245][  0]LogTextLocalizationManager: No specific translations for ('en-GB') exist, so ('en') translations will be used.
[2017.12.02-11.25.25:234][  0]LogD3D11RHI: D3D11 adapters:
[2017.12.02-11.25.25:285][  0]LogD3D11RHI:    0. 'NVIDIA GeForce GTX 1050' (Feature Level 11_0)
[2017.12.02-11.25.25:285][  0]LogD3D11RHI:       1987/0/8168 MB DedicatedVideo/DedicatedSystem/SharedSystem, Outputs:2, VendorId:0x10de
[2017.12.02-11.25.25:288][  0]LogD3D11RHI:    1. 'Microsoft Basic Render Driver' (Feature Level 11_0)
[2017.12.02-11.25.25:288][  0]LogD3D11RHI:       0/0/8168 MB DedicatedVideo/DedicatedSystem/SharedSystem, Outputs:0, VendorId:0x1414
[2017.12.02-11.25.25:288][  0]LogD3D11RHI: Chosen D3D11 Adapter: 0
[2017.12.02-11.25.25:293][  0]LogD3D11RHI: Creating new Direct3DDevice
[2017.12.02-11.25.25:293][  0]LogD3D11RHI:     GPU DeviceId: 0x1c81 (for the marketing name, search the web for "GPU Device Id")
[2017.12.02-11.25.25:293][  0]LogWindows: EnumDisplayDevices:
[2017.12.02-11.25.25:294][  0]LogWindows:    0. 'NVIDIA GeForce GTX 1050' (P:1 D:1)
[2017.12.02-11.25.25:294][  0]LogWindows:    1. 'NVIDIA GeForce GTX 1050' (P:0 D:1)
[2017.12.02-11.25.25:294][  0]LogWindows:    2. 'NVIDIA GeForce GTX 1050' (P:0 D:0)
[2017.12.02-11.25.25:294][  0]LogWindows:    3. 'NVIDIA GeForce GTX 1050' (P:0 D:0)
[2017.12.02-11.25.25:294][  0]LogWindows: DebugString: FoundDriverCount:4 
[2017.12.02-11.25.25:294][  0]LogD3D11RHI:     Adapter Name: NVIDIA GeForce GTX 1050
[2017.12.02-11.25.25:294][  0]LogD3D11RHI:   Driver Version: 388.31 (internal:23.21.13.8831, unified:388.31)
[2017.12.02-11.25.25:294][  0]LogD3D11RHI:      Driver Date: 11-14-2017
[2017.12.02-11.25.25:294][  0]LogRHI: Texture pool is 1361 MB (70% of 1945 MB)
[2017.12.02-11.25.25:318][  0]LogD3D11RHI: Async texture creation enabled
[2017.12.02-11.25.25:329][  0]LogD3D11RHI: GPU Timing Frequency: 1000.000000 (Debug: 2 1)
[2017.12.02-11.25.25:332][  0]LogShaderCompilers: Guid format shader working directory is -10 characters bigger than the processId version (../../../../../../Users/Marcus/Documents/GitHub/BANG/Bang/Intermediate/Shaders/WorkingDirectory/6344/).
[2017.12.02-11.25.25:332][  0]LogShaderCompilers: Cleaned the shader compiler working directory 'C:/Users/Marcus/AppData/Local/Temp/UnrealShaderWorkingDir/B30F23484867C5D7C3F2ED83A3242BA0/'.
[2017.12.02-11.25.25:332][  0]LogShaderCompilers:Display: Using Local Shader Compiler.
[2017.12.02-11.25.26:841][  0]LogTemp:Display: Loaded TP AllDesktopTargetPlatform
[2017.12.02-11.25.27:037][  0]LogTemp:Display: Loaded TP MacClientTargetPlatform
[2017.12.02-11.25.27:234][  0]LogTemp:Display: Loaded TP MacNoEditorTargetPlatform
[2017.12.02-11.25.27:419][  0]LogTemp:Display: Loaded TP MacServerTargetPlatform
[2017.12.02-11.25.27:609][  0]LogTemp:Display: Loaded TP MacTargetPlatform
[2017.12.02-11.25.27:802][  0]LogTemp:Display: Loaded TP WindowsClientTargetPlatform
[2017.12.02-11.25.27:989][  0]LogTemp:Display: Loaded TP WindowsNoEditorTargetPlatform
[2017.12.02-11.25.28:182][  0]LogTemp:Display: Loaded TP WindowsServerTargetPlatform
[2017.12.02-11.25.28:367][  0]LogTemp:Display: Loaded TP WindowsTargetPlatform
[2017.12.02-11.25.28:553][  0]LogTemp:Display: Loaded TP AndroidTargetPlatform
[2017.12.02-11.25.28:738][  0]LogTemp:Display: Loaded TP Android_ASTCTargetPlatform
[2017.12.02-11.25.28:919][  0]LogTemp:Display: Loaded TP Android_ATCTargetPlatform
[2017.12.02-11.25.29:106][  0]LogTemp:Display: Loaded TP Android_DXTTargetPlatform
[2017.12.02-11.25.29:297][  0]LogTemp:Display: Loaded TP Android_ETC1TargetPlatform
[2017.12.02-11.25.29:485][  0]LogTemp:Display: Loaded TP Android_ETC2TargetPlatform
[2017.12.02-11.25.29:869][  0]LogTemp:Display: Loaded TP Android_MultiTargetPlatform
[2017.12.02-11.25.29:869][  0]LogTemp:Display: Loaded TP Android_PVRTCTargetPlatform
[2017.12.02-11.25.30:039][  0]LogTemp:Display: Loaded TP HTML5TargetPlatform
[2017.12.02-11.25.30:351][  0]LogTemp:Display: Loaded TP IOSTargetPlatform
[2017.12.02-11.25.30:467][  0]LogTemp:Display: Loaded TP TVOSTargetPlatform
[2017.12.02-11.25.30:659][  0]LogTemp:Display: Loaded TP LinuxClientTargetPlatform
[2017.12.02-11.25.30:841][  0]LogTemp:Display: Loaded TP LinuxNoEditorTargetPlatform
[2017.12.02-11.25.31:030][  0]LogTemp:Display: Loaded TP LinuxServerTargetPlatform
[2017.12.02-11.25.31:229][  0]LogTemp:Display: Loaded TP LinuxTargetPlatform
[2017.12.02-11.25.31:229][  0]LogTargetPlatformManager:Display: Building Assets For Windows
[2017.12.02-11.25.33:264][  0]LogDerivedDataCache:Display: Max Cache Size: 512 MB
[2017.12.02-11.25.33:315][  0]LogDerivedDataCache: Loaded boot cache 0.05s 50MB C:/Users/Marcus/AppData/Local/UnrealEngine/4.15/DerivedDataCache/Boot.ddc.
[2017.12.02-11.25.33:315][  0]LogDerivedDataCache:Display: Loaded Boot cache: C:/Users/Marcus/AppData/Local/UnrealEngine/4.15/DerivedDataCache/Boot.ddc
[2017.12.02-11.25.33:315][  0]LogDerivedDataCache: FDerivedDataBackendGraph:  Pak pak cache file ../../../../../../Users/Marcus/Documents/GitHub/BANG/Bang/DerivedDataCache/DDC.ddp not found, will not use a pak cache.
[2017.12.02-11.25.33:315][  0]LogDerivedDataCache: Unable to find inner node Pak for hierarchical cache Hierarchy.
[2017.12.02-11.25.33:315][  0]LogDerivedDataCache: FDerivedDataBackendGraph:  CompressedPak pak cache file ../../../../../../Users/Marcus/Documents/GitHub/BANG/Bang/DerivedDataCache/Compressed.ddp not found, will not use a pak cache.
[2017.12.02-11.25.33:315][  0]LogDerivedDataCache: Unable to find inner node CompressedPak for hierarchical cache Hierarchy.
[2017.12.02-11.25.33:332][  0]LogDerivedDataCache:Display: Pak cache opened for reading ../../../Engine/DerivedDataCache/Compressed.ddp.
[2017.12.02-11.25.33:345][  0]LogDerivedDataCache: Using Local data cache path C:/Users/Marcus/AppData/Local/UnrealEngine/Common/DerivedDataCache: Writable
[2017.12.02-11.25.33:354][  0]LogSlate: Using Freetype 2.6.0
[2017.12.02-11.25.33:355][  0]LogSlate: SlateFontCache - WITH_FREETYPE: 1, WITH_HARFBUZZ: 1
[2017.12.02-11.25.33:355][  0]LogSlate: SlateFontCache - WITH_FREETYPE: 1, WITH_HARFBUZZ: 1
[2017.12.02-11.25.33:721][  0]LogInit: Selected Device Profile: [Windows]
[2017.12.02-11.25.33:723][  0]LogContentStreaming: Texture pool size is 0.00 MB
[2017.12.02-11.25.34:335][  0]LogMeshUtilities: Using QuadricMeshReduction for automatic static mesh reduction
[2017.12.02-11.25.34:540][  0]LogSimplygon: Simplygon DLL not present - disabling.
[2017.12.02-11.25.34:738][  0]LogMeshUtilities: Using SimplygonSwarm for distributed automatic mesh merging
[2017.12.02-11.25.34:738][  0]LogMeshUtilities: No automatic skeletal mesh reduction module available
[2017.12.02-11.25.34:738][  0]LogMeshUtilities: No automatic mesh merging module available
[2017.12.02-11.25.36:071][  0]LogNetVersion: GetLocalNetworkVersion: CL: 3299760, ProjectName: bang, ProjectVersion: , EngineNetworkVersion: 2, GameNetworkVersion: 0, NetworkChecksum: 3018941388
[2017.12.02-11.25.36:202][  0]LogAssetRegistry: FAssetRegistry took 0.0216 seconds to start up
[2017.12.02-11.25.37:392][  0]LogPackageLocalizationCache: Processed 3 localized package path(s) for 2 prioritized culture(s) in 1.088572 seconds
[2017.12.02-11.25.37:397][  0]LogUObjectArray: 32493 objects as part of root set at end of initial load.
[2017.12.02-11.25.37:398][  0]LogUObjectAllocator: 7077024 out of 0 bytes used by permanent object pool.
[2017.12.02-11.25.37:398][  0]LogUObjectArray: CloseDisregardForGC: 0/0 objects in disregard for GC pool
[2017.12.02-11.25.37:713][  0]LogInit: WinSock: version 1.1 (2.2), MaxSocks=32767, MaxUdp=65467
[2017.12.02-11.25.44:554][  0]LogTcpMessaging: Initializing TcpMessaging bridge
[2017.12.02-11.25.44:689][  0]LogUdpMessaging: Initializing bridge on interface 0.0.0.0:0 to multicast group 230.0.0.1:6666.
[2017.12.02-11.25.46:829][  0]LogMaterial: Uniform references updated for custom material expression Custom.
[2017.12.02-11.25.48:504][  0]SourceControl: Info Source control is disabled
[2017.12.02-11.25.48:506][  0]SourceControl: Info Source control is disabled
[2017.12.02-11.25.48:691][  0]SourceControl: Info Source control is disabled
[2017.12.02-11.25.48:873][  0]SourceControl: Info Source control is disabled
[2017.12.02-11.25.54:612][  0]LogEngine: Initializing Engine...
[2017.12.02-11.25.54:614][  0]LogHMD: Failed to initialize OpenVR with code 110
[2017.12.02-11.25.55:241][  0]LogStats: UGameplayTagsManager::ConstructGameplayTagTree: Construct from data asset -  0.000 s
[2017.12.02-11.25.55:241][  0]LogStats: UGameplayTagsManager::ConstructGameplayTagTree: GameplayTagTreeChangedEvent.Broadcast -  0.000 s
[2017.12.02-11.25.55:744][  0]LogAIModule: Creating AISystem for world Untitled
[2017.12.02-11.25.55:750][  0]LogInit: XAudio2 using 'Digital Audio (S/PDIF) (High Definition Audio Device)' : 2 channels at 44.1 kHz using 16 bits per sample (channel mask 0x3)
[2017.12.02-11.25.55:767][  0]LogInit: FAudioDevice initialized.
[2017.12.02-11.25.55:793][  0]LogDerivedDataCache: Saved boot cache 0.03s 50MB C:/Users/Marcus/AppData/Local/UnrealEngine/4.15/DerivedDataCache/Boot.ddc.
[2017.12.02-11.25.55:799][  0]LogInit: Texture streaming: Enabled
[2017.12.02-11.25.56:241][  0]LogEngineSessionManager: EngineSessionManager initialized
[2017.12.02-11.25.56:634][  0]LogInit: Transaction tracking system initialized
[2017.12.02-11.25.58:193][  0]BlueprintLog: New page: Editor Load
[2017.12.02-11.26.02:730][  0]LocalizationService: Info Localization service is disabled
[2017.12.02-11.26.05:501][  0]LogConsoleResponse:Display: 
[2017.12.02-11.26.06:149][  0]LogCook:Display: Max memory allowance for cook 16384mb min free memory 0mb
[2017.12.02-11.26.06:149][  0]LogCook:Display: Mobile HDR setting 1
[2017.12.02-11.26.06:248][  0]LogFileCache: Scanning file cache for directory 'C:/Users/Marcus/Documents/GitHub/BANG/Bang/Content/' took 0.05s
[2017.12.02-11.26.10:796][  0]SourceControl: Info Source control is disabled
[2017.12.02-11.26.10:796][  0]Cmd: MAP LOAD FILE="../../../../../../Users/Marcus/Documents/GitHub/BANG/Bang/Content/2DSideScrollerCPP/Maps/2DSideScrollerExampleMap.umap" TEMPLATE=0 SHOWPROGRESS=1 FEATURELEVEL=3
[2017.12.02-11.26.11:017][  0]LightingResults: New page: Lighting Build
[2017.12.02-11.26.11:223][  0]MapCheck: New page: Map Check
[2017.12.02-11.26.11:223][  0]LightingResults: New page: Lighting Build
[2017.12.02-11.26.13:893][  0]LogAIModule: Creating AISystem for world 2DSideScrollerExampleMap
[2017.12.02-11.26.14:013][  0]LogEditorServer: Finished looking for orphan Actors (0.000 secs)
[2017.12.02-11.26.14:014][  0]Cmd: MAP CHECKDEP NOCLEARLOG
[2017.12.02-11.26.14:277][  0]MapCheck: Info Map check complete: 0 Error(s), 0 Warning(s), took 263.082ms to complete.
[2017.12.02-11.26.14:277][  0]LogFileHelpers: Loading map '2DSideScrollerExampleMap' took 3.481
[2017.12.02-11.26.14:370][  0]LogWindowsTextInputMethodSystem:Display: IME system now deactivated.
[2017.12.02-11.26.15:679][  0]LogCollectionManager: Loaded 0 collections in 0.072079 seconds
[2017.12.02-11.26.16:410][  0]LogFileCache: Scanning file cache for directory 'C:/Users/Marcus/Documents/GitHub/BANG/Bang/Saved/Collections/' took 0.01s
[2017.12.02-11.26.16:410][  0]LogFileCache: Scanning file cache for directory 'C:/Users/Marcus/Documents/GitHub/BANG/Bang/Content/Developers/Marcus/Collections/' took 0.01s
[2017.12.02-11.26.16:410][  0]LogFileCache: Scanning file cache for directory 'C:/Users/Marcus/Documents/GitHub/BANG/Bang/Content/Collections/' took 0.01s
[2017.12.02-11.26.16:410][  0]LogCollectionManager: Rebuilt the GUID cache for 0 collections in 0.000004 seconds
[2017.12.02-11.26.16:483][  0]LogContentBrowser: Native class hierarchy populated in 0.0712 seconds. Added 2247 classes and 455 folders.
[2017.12.02-11.26.16:837][  0]LogContentBrowser: Native class hierarchy updated for 'WidgetCarousel' in 0.0028 seconds. Added 0 classes and 0 folders.
[2017.12.02-11.26.23:012][  0]LogContentBrowser: Native class hierarchy updated for 'AddContentDialog' in 0.0099 seconds. Added 0 classes and 0 folders.
[2017.12.02-11.26.23:726][  0]LogContentBrowser: Native class hierarchy updated for 'SceneOutliner' in 0.0034 seconds. Added 1 classes and 2 folders.
[2017.12.02-11.26.24:599][  0]LogCrashTracker: Crashtracker disabled due to settings.
[2017.12.02-11.26.33:291][  0]LogSlate: Only BGRA pngs, bmps or icos are supported in by External Image Picker
[2017.12.02-11.26.33:437][  0]LogSlate: Took 0.000184 seconds to synchronously load lazily loaded font '../../../Engine/Content/Slate/Fonts/Roboto-Regular.ttf' (155K)
[2017.12.02-11.26.34:894][  0]LogUObjectGlobals:Warning: Failed to find object 'Class None.'
[2017.12.02-11.26.35:843][  0]LogContentBrowser: Native class hierarchy updated for 'HierarchicalLODOutliner' in 0.0030 seconds. Added 1 classes and 2 folders.
[2017.12.02-11.26.35:843][  0]LogLoad: (Engine Initialization) Total time: 77.27 seconds
[2017.12.02-11.26.35:843][  0]LogLoad: (Engine Initialization) Total Blueprint compile time: 0.18 seconds
[2017.12.02-11.26.35:843][  0]LogExternalProfiler: Found external profiler: VSPerf
[2017.12.02-11.26.35:843][  0]LogExternalProfiler: Using external profiler: VSPerf
[2017.12.02-11.26.35:853][  0]LogOcInput: OculusInput pre-init called
[2017.12.02-11.26.35:994][  0]LogTemp:Display: Executing iPhonePackager certificates Engine -bundlename com.YourCompany.Bang

[2017.12.02-11.26.35:994][  0]LogTemp:Display: CWD: C:\Program Files\Epic Games\UE_4.15\Engine\Binaries\DotNET\IOS

[2017.12.02-11.26.35:994][  0]LogTemp:Display: Initial Dir: C:\Program Files\Epic Games\UE_4.15

[2017.12.02-11.26.35:994][  0]LogTemp:Display: Env CWD: C:\Program Files\Epic Games\UE_4.15\Engine\Binaries\DotNET\IOS

[2017.12.02-11.26.35:994][  0]LogTemp:Display: BranchPath = MARCUSPC/C/Program Files/Epic Games/UE_4.15/Engine/Binaries --- GameBranchPath = MARCUSPC/C/Program Files/Epic Games/UE_4.15/Engine/Binaries

[2017.12.02-11.26.35:994][  0]LogContentStreaming: Texture pool size now 1000 MB
[2017.12.02-11.26.35:996][  0]LogSlate: Took 0.000352 seconds to synchronously load lazily loaded font '../../../Engine/Content/Slate/Fonts/Roboto-Bold.ttf' (160K)
[2017.12.02-11.26.36:125][  0]LogSlate: Took 0.124585 seconds to synchronously load lazily loaded font '../../../Engine/Content/Editor/Slate/Fonts/FontAwesome.ttf' (139K)
[2017.12.02-11.26.37:089][  0]LogTemp:Display: IPP ERROR: Application exception: System.IO.DirectoryNotFoundException: Could not find a part of the path 'C:\Users\Marcus\AppData\Local\Apple Computer\MobileDevice\Provisioning Profiles'.

[2017.12.02-11.26.37:089][  0]LogTemp:Display:    at System.IO.__Error.WinIOError(Int32 errorCode, String maybeFullPath)

[2017.12.02-11.26.37:089][  0]LogTemp:Display:    at System.IO.FileSystemEnumerableIterator`1.CommonInit()

[2017.12.02-11.26.37:089][  0]LogTemp:Display:    at System.IO.Directory.EnumerateFiles(String path, String searchPattern)

[2017.12.02-11.26.37:089][  0]LogTemp:Display:    at iPhonePackager.CodeSignatureBuilder.FindProvisions(String CFBundleIdentifier)

[2017.12.02-11.26.37:089][  0]LogTemp:Display:    at iPhonePackager.Program.Main(String[] args)

[2017.12.02-11.26.37:928][  0]LogRenderer: Reallocating scene render targets to support 1208x580 NumSamples 1 (Frame:2).
[2017.12.02-11.26.38:638][  1]LogSlate: Took 0.015132 seconds to synchronously load lazily loaded font '../../../Engine/Content/Slate/Fonts/Roboto-Light.ttf' (159K)
[2017.12.02-11.26.38:678][  3]LogAssetRegistry: Asset discovery search completed in 62.4987 seconds
[2017.12.02-11.26.38:678][  3]LogCollectionManager: Rebuilt the object cache for 0 collections in 0.000005 seconds (found 0 objects)
[2017.12.02-11.26.38:679][  3]LogCollectionManager: Fixed up redirectors for 0 collections in 0.000024 seconds (updated 0 objects)
[2017.12.02-11.27.10:969][725]LogTemp: Repeting last play command: Selected Viewport
[2017.12.02-11.27.10:980][725]LogBlueprintUserMessages: Early PlayInEditor Detection: Level '/Game/2DSideScrollerCPP/Maps/2DSideScrollerExampleMap.2DSideScrollerExampleMap:PersistentLevel' has LevelScriptBlueprint '/Game/2DSideScrollerCPP/Maps/2DSideScrollerExampleMap.2DSideScrollerExampleMap:PersistentLevel.2DSideScrollerExampleMap' with GeneratedClass '/Game/2DSideScrollerCPP/Maps/2DSideScrollerExampleMap.2DSideScrollerExampleMap_C' with ClassGeneratedBy '/Game/2DSideScrollerCPP/Maps/2DSideScrollerExampleMap.2DSideScrollerExampleMap:PersistentLevel.2DSideScrollerExampleMap'
[2017.12.02-11.27.10:980][725]LogPlayLevel: PlayLevel: No blueprints needed recompiling
[2017.12.02-11.27.11:016][725]PIE: New page: PIE session: 2DSideScrollerExampleMap (2 Dec 2017 11:27:10)
[2017.12.02-11.27.11:016][725]LogPlayLevel: Creating play world package: /Game/2DSideScrollerCPP/Maps/UEDPIE_0_2DSideScrollerExampleMap
[2017.12.02-11.27.11:019][725]LogPlayLevel: PIE: StaticDuplicateObject took: (0.003352s)
[2017.12.02-11.27.11:020][725]LogAIModule: Creating AISystem for world 2DSideScrollerExampleMap
[2017.12.02-11.27.11:020][725]LogPlayLevel: PIE: World Init took: (0.000598s)
[2017.12.02-11.27.11:020][725]LogPlayLevel: PIE: Created PIE world by copying editor world from /Game/2DSideScrollerCPP/Maps/2DSideScrollerExampleMap.2DSideScrollerExampleMap to /Game/2DSideScrollerCPP/Maps/UEDPIE_0_2DSideScrollerExampleMap.2DSideScrollerExampleMap (0.004260s)
[2017.12.02-11.27.11:030][725]LogInit: XAudio2 using 'Digital Audio (S/PDIF) (High Definition Audio Device)' : 2 channels at 44.1 kHz using 16 bits per sample (channel mask 0x3)
[2017.12.02-11.27.11:036][725]LogInit: FAudioDevice initialized.
[2017.12.02-11.27.11:262][725]LogLoad: Game class is 'BangGameMode'
[2017.12.02-11.27.11:392][725]LogWorld: Bringing World /Game/2DSideScrollerCPP/Maps/UEDPIE_0_2DSideScrollerExampleMap.2DSideScrollerExampleMap up for play (max tick rate 3) at 2017.12.02-11.27.11
[2017.12.02-11.27.11:393][725]LogWorld: Bringing up level for play took: 0.004524
[2017.12.02-11.27.11:748][725]LogContentBrowser: Native class hierarchy updated for 'MovieSceneCapture' in 0.0028 seconds. Added 11 classes and 0 folders.
[2017.12.02-11.27.11:749][725]PIE: Info Play in editor start time for /Game/2DSideScrollerCPP/Maps/UEDPIE_0_2DSideScrollerExampleMap 1.547
[2017.12.02-11.27.11:749][725]LogBlueprintUserMessages: Late PlayInEditor Detection: Level '/Game/2DSideScrollerCPP/Maps/2DSideScrollerExampleMap.2DSideScrollerExampleMap:PersistentLevel' has LevelScriptBlueprint '/Game/2DSideScrollerCPP/Maps/2DSideScrollerExampleMap.2DSideScrollerExampleMap:PersistentLevel.2DSideScrollerExampleMap' with GeneratedClass '/Game/2DSideScrollerCPP/Maps/2DSideScrollerExampleMap.2DSideScrollerExampleMap_C' with ClassGeneratedBy '/Game/2DSideScrollerCPP/Maps/2DSideScrollerExampleMap.2DSideScrollerExampleMap:PersistentLevel.2DSideScrollerExampleMap'
[2017.12.02-11.27.43:344][ 82]LogBlueprintUserMessages: Early EndPlayMap Detection: Level '/Game/2DSideScrollerCPP/Maps/2DSideScrollerExampleMap.2DSideScrollerExampleMap:PersistentLevel' has LevelScriptBlueprint '/Game/2DSideScrollerCPP/Maps/2DSideScrollerExampleMap.2DSideScrollerExampleMap:PersistentLevel.2DSideScrollerExampleMap' with GeneratedClass '/Game/2DSideScrollerCPP/Maps/2DSideScrollerExampleMap.2DSideScrollerExampleMap_C' with ClassGeneratedBy '/Game/2DSideScrollerCPP/Maps/2DSideScrollerExampleMap.2DSideScrollerExampleMap:PersistentLevel.2DSideScrollerExampleMap'
[2017.12.02-11.27.43:859][ 82]LogBlueprintUserMessages: Late EndPlayMap Detection: Level '/Game/2DSideScrollerCPP/Maps/2DSideScrollerExampleMap.2DSideScrollerExampleMap:PersistentLevel' has LevelScriptBlueprint '/Game/2DSideScrollerCPP/Maps/2DSideScrollerExampleMap.2DSideScrollerExampleMap:PersistentLevel.2DSideScrollerExampleMap' with GeneratedClass '/Game/2DSideScrollerCPP/Maps/2DSideScrollerExampleMap.2DSideScrollerExampleMap_C' with ClassGeneratedBy '/Game/2DSideScrollerCPP/Maps/2DSideScrollerExampleMap.2DSideScrollerExampleMap:PersistentLevel.2DSideScrollerExampleMap'
[2017.12.02-11.28.12:618][188]LogSlate: Took 0.003589 seconds to synchronously load lazily loaded font '../../../Engine/Content/Slate/Fonts/Roboto-Light.ttf' (159K)
[2017.12.02-11.28.25:244][655]Cmd: OBJ SAVEPACKAGE PACKAGE="/Game/Bang/Legs/WalkingLegsAnim" FILE="../../../../../../Users/Marcus/Documents/GitHub/BANG/Bang/Content/Bang/Legs/WalkingLegsAnim.uasset" SILENT=true
[2017.12.02-11.28.25:253][655]LogSavePackage: Save=6.29ms
[2017.12.02-11.28.25:253][655]LogSavePackage: Moving '../../../../../../Users/Marcus/Documents/GitHub/BANG/Bang/Saved/WalkingLegsAnim8695264C48A4ED0CDF8123A1CBC63072.tmp' to '../../../../../../Users/Marcus/Documents/GitHub/BANG/Bang/Content/Bang/Legs/WalkingLegsAnim.uasset'
[2017.12.02-11.28.25:352][655]LogSavePackage:Display: Finished SavePackage ../../../../../../Users/Marcus/Documents/GitHub/BANG/Bang/Content/Bang/Legs/WalkingLegsAnim.uasset
[2017.12.02-11.28.44:941][945]Cmd: OBJ SAVEPACKAGE PACKAGE="/Game/Bang/Legs/JumpingLegsAnim" FILE="../../../../../../Users/Marcus/Documents/GitHub/BANG/Bang/Content/Bang/Legs/JumpingLegsAnim.uasset" SILENT=true
[2017.12.02-11.28.44:949][945]LogSavePackage: Save=5.20ms
[2017.12.02-11.28.44:949][945]LogSavePackage: Moving '../../../../../../Users/Marcus/Documents/GitHub/BANG/Bang/Saved/JumpingLegsAnim814FC8334FFBA534E1080DA3E80CD98B.tmp' to '../../../../../../Users/Marcus/Documents/GitHub/BANG/Bang/Content/Bang/Legs/JumpingLegsAnim.uasset'
[2017.12.02-11.28.44:954][945]LogSavePackage:Display: Finished SavePackage ../../../../../../Users/Marcus/Documents/GitHub/BANG/Bang/Content/Bang/Legs/JumpingLegsAnim.uasset
[2017.12.02-11.29.24:409][241]Cmd: OBJ SAVEPACKAGE PACKAGE="/Game/Bang/Pistol/WalkingPistolAnim" FILE="../../../../../../Users/Marcus/Documents/GitHub/BANG/Bang/Content/Bang/Pistol/WalkingPistolAnim.uasset" SILENT=true
[2017.12.02-11.29.24:419][241]LogSavePackage: Save=6.16ms
[2017.12.02-11.29.24:419][241]LogSavePackage: Moving '../../../../../../Users/Marcus/Documents/GitHub/BANG/Bang/Saved/WalkingPistolAnimD6FFAD5A4971CF93102CD5903F6887A8.tmp' to '../../../../../../Users/Marcus/Documents/GitHub/BANG/Bang/Content/Bang/Pistol/WalkingPistolAnim.uasset'
[2017.12.02-11.29.24:425][241]LogSavePackage:Display: Finished SavePackage ../../../../../../Users/Marcus/Documents/GitHub/BANG/Bang/Content/Bang/Pistol/WalkingPistolAnim.uasset
[2017.12.02-11.29.41:030][152]Cmd: OBJ SAVEPACKAGE PACKAGE="/Game/Bang/Pistol/StandingPistolAnim" FILE="../../../../../../Users/Marcus/Documents/GitHub/BANG/Bang/Content/Bang/Pistol/StandingPistolAnim.uasset" SILENT=true
[2017.12.02-11.29.41:043][152]LogSavePackage: Save=9.73ms
[2017.12.02-11.29.41:043][152]LogSavePackage: Moving '../../../../../../Users/Marcus/Documents/GitHub/BANG/Bang/Saved/StandingPistolAnimDE8BCB7344DEA725DA58D2AFF857DB51.tmp' to '../../../../../../Users/Marcus/Documents/GitHub/BANG/Bang/Content/Bang/Pistol/StandingPistolAnim.uasset'
[2017.12.02-11.29.41:049][152]LogSavePackage:Display: Finished SavePackage ../../../../../../Users/Marcus/Documents/GitHub/BANG/Bang/Content/Bang/Pistol/StandingPistolAnim.uasset
[2017.12.02-11.30.01:916][604]Cmd: OBJ SAVEPACKAGE PACKAGE="/Game/Bang/Pistol/JumpingPistolAnim" FILE="../../../../../../Users/Marcus/Documents/GitHub/BANG/Bang/Content/Bang/Pistol/JumpingPistolAnim.uasset" SILENT=true
[2017.12.02-11.30.01:924][604]LogSavePackage: Save=5.54ms
[2017.12.02-11.30.01:925][604]LogSavePackage: Moving '../../../../../../Users/Marcus/Documents/GitHub/BANG/Bang/Saved/JumpingPistolAnimECDFDC1949B3ED47144BE7AA6029A9AE.tmp' to '../../../../../../Users/Marcus/Documents/GitHub/BANG/Bang/Content/Bang/Pistol/JumpingPistolAnim.uasset'
[2017.12.02-11.30.01:930][604]LogSavePackage:Display: Finished SavePackage ../../../../../../Users/Marcus/Documents/GitHub/BANG/Bang/Content/Bang/Pistol/JumpingPistolAnim.uasset
[2017.12.02-11.30.14:345][ 20]Cmd: OBJ SAVEPACKAGE PACKAGE="/Game/Bang/Pistol/MelePistolAnim" FILE="../../../../../../Users/Marcus/Documents/GitHub/BANG/Bang/Content/Bang/Pistol/MelePistolAnim.uasset" SILENT=true
[2017.12.02-11.30.14:354][ 20]LogSavePackage: Save=5.25ms
[2017.12.02-11.30.14:354][ 20]LogSavePackage: Moving '../../../../../../Users/Marcus/Documents/GitHub/BANG/Bang/Saved/MelePistolAnim55E89B244D0D478243557B80F094CE5C.tmp' to '../../../../../../Users/Marcus/Documents/GitHub/BANG/Bang/Content/Bang/Pistol/MelePistolAnim.uasset'
[2017.12.02-11.30.14:359][ 20]LogSavePackage:Display: Finished SavePackage ../../../../../../Users/Marcus/Documents/GitHub/BANG/Bang/Content/Bang/Pistol/MelePistolAnim.uasset
[2017.12.02-11.30.26:027][327]LogSlate: Took 0.000273 seconds to synchronously load lazily loaded font '../../../Engine/Content/Slate/Fonts/Roboto-Regular.ttf' (155K)
[2017.12.02-11.30.26:923][327]LogRenderer: Reallocating scene render targets to support 1528x828 NumSamples 1 (Frame:25322).
[2017.12.02-11.31.03:698][428]Cmd: OBJ SAVEPACKAGE PACKAGE="/Game/Bang/Pistol/JumpingPistolAnim" FILE="../../../../../../Users/Marcus/Documents/GitHub/BANG/Bang/Content/Bang/Pistol/JumpingPistolAnim.uasset" SILENT=true
[2017.12.02-11.31.04:580][428]LogSavePackage: Save=41.00ms
[2017.12.02-11.31.04:580][428]LogSavePackage: Moving '../../../../../../Users/Marcus/Documents/GitHub/BANG/Bang/Saved/JumpingPistolAnimC176CB5848C2AC0C5E1A4EA3F1F7E21D.tmp' to '../../../../../../Users/Marcus/Documents/GitHub/BANG/Bang/Content/Bang/Pistol/JumpingPistolAnim.uasset'
[2017.12.02-11.31.04:598][428]LogSavePackage:Display: Finished SavePackage ../../../../../../Users/Marcus/Documents/GitHub/BANG/Bang/Content/Bang/Pistol/JumpingPistolAnim.uasset
[2017.12.02-11.31.35:506][989]Cmd: OBJ SAVEPACKAGE PACKAGE="/Game/Bang/Pistol/StandingPistolAnim" FILE="../../../../../../Users/Marcus/Documents/GitHub/BANG/Bang/Content/Bang/Pistol/StandingPistolAnim.uasset" SILENT=true
[2017.12.02-11.31.35:521][989]LogSavePackage: Save=5.23ms
[2017.12.02-11.31.35:521][989]LogSavePackage: Moving '../../../../../../Users/Marcus/Documents/GitHub/BANG/Bang/Saved/StandingPistolAnim79E856E1422820750BD2D2BEC8B87E42.tmp' to '../../../../../../Users/Marcus/Documents/GitHub/BANG/Bang/Content/Bang/Pistol/StandingPistolAnim.uasset'
[2017.12.02-11.31.35:527][989]LogSavePackage:Display: Finished SavePackage ../../../../../../Users/Marcus/Documents/GitHub/BANG/Bang/Content/Bang/Pistol/StandingPistolAnim.uasset
[2017.12.02-11.31.51:870][758]LogSlate: Took 0.015431 seconds to synchronously load lazily loaded font '../../../Engine/Content/Editor/Slate/Fonts/Roboto-BoldCondensed.ttf' (158K)
[2017.12.02-11.31.52:401][758]LogRenderer: Reallocating scene render targets to support 1528x960 NumSamples 1 (Frame:44945).
[2017.12.02-11.32.19:941][560]Cmd: TRANSACTION UNDO
[2017.12.02-11.32.19:941][560]LogEditorTransaction: Undo Edit Pivot Mode
[2017.12.02-11.32.20:686][560]LogSlate: Took 0.000722 seconds to synchronously load lazily loaded font '../../../Engine/Content/Slate/Fonts/Roboto-Light.ttf' (159K)
[2017.12.02-11.33.01:812][824]LogContentBrowser: Native class hierarchy updated for 'TextureEditor' in 0.0442 seconds. Added 1 classes and 2 folders.
[2017.12.02-11.37.09:474][  9]LogFileHelpers: Editor autosave (incl. sublevels) for '/Game/2DSideScrollerCPP/Maps/2DSideScrollerExampleMap' took 0.297
[2017.12.02-11.37.40:722][146]LogFactory: FactoryCreateFile: Texture with ReimportTextureFactory (0 0 C:\Users\Marcus\Pictures\Bang\Torso\LeonaStandShootNoBullet.png)
[2017.12.02-11.37.40:862][146]LogTexture:Display: Building textures: LeonaStandShootNoBullet (BGRA8, 523X40) - 205 MB total VRAM
[2017.12.02-11.39.15:721][827]LogSavePackage: Save=7.36ms
[2017.12.02-11.39.15:721][827]LogSavePackage: Moving '../../../../../../Users/Marcus/Documents/GitHub/BANG/Bang/Saved/LeonaStandShootNoBullet_Sprite_0790CE37F45AEC4C9799F52B136AC4703.tmp' to '../../../../../../Users/Marcus/Documents/GitHub/BANG/Bang/Content/Bang/Pistol/LeonaStandShootNoBullet_Sprite_0.uasset'
[2017.12.02-11.39.15:728][827]LogSavePackage:Display: Finished SavePackage ../../../../../../Users/Marcus/Documents/GitHub/BANG/Bang/Content/Bang/Pistol/LeonaStandShootNoBullet_Sprite_0.uasset
[2017.12.02-11.39.15:751][827]LogSavePackage: Save=7.21ms
[2017.12.02-11.39.15:751][827]LogSavePackage: Moving '../../../../../../Users/Marcus/Documents/GitHub/BANG/Bang/Saved/LeonaStandShootNoBullet_Sprite_10E21AF12470EFE279D30C399E87B25D3.tmp' to '../../../../../../Users/Marcus/Documents/GitHub/BANG/Bang/Content/Bang/Pistol/LeonaStandShootNoBullet_Sprite_1.uasset'
[2017.12.02-11.39.15:757][827]LogSavePackage:Display: Finished SavePackage ../../../../../../Users/Marcus/Documents/GitHub/BANG/Bang/Content/Bang/Pistol/LeonaStandShootNoBullet_Sprite_1.uasset
[2017.12.02-11.39.15:779][827]LogSavePackage: Save=6.83ms
[2017.12.02-11.39.15:779][827]LogSavePackage: Moving '../../../../../../Users/Marcus/Documents/GitHub/BANG/Bang/Saved/LeonaStandShootNoBullet_Sprite_2236E691F41C0C08F96458C9D48D189C6.tmp' to '../../../../../../Users/Marcus/Documents/GitHub/BANG/Bang/Content/Bang/Pistol/LeonaStandShootNoBullet_Sprite_2.uasset'
[2017.12.02-11.39.15:784][827]LogSavePackage:Display: Finished SavePackage ../../../../../../Users/Marcus/Documents/GitHub/BANG/Bang/Content/Bang/Pistol/LeonaStandShootNoBullet_Sprite_2.uasset
[2017.12.02-11.39.15:806][827]LogSavePackage: Save=6.64ms
[2017.12.02-11.39.15:806][827]LogSavePackage: Moving '../../../../../../Users/Marcus/Documents/GitHub/BANG/Bang/Saved/LeonaStandShootNoBullet_Sprite_3FED891AB422CACACD351C39935F0A240.tmp' to '../../../../../../Users/Marcus/Documents/GitHub/BANG/Bang/Content/Bang/Pistol/LeonaStandShootNoBullet_Sprite_3.uasset'
[2017.12.02-11.39.15:812][827]LogSavePackage:Display: Finished SavePackage ../../../../../../Users/Marcus/Documents/GitHub/BANG/Bang/Content/Bang/Pistol/LeonaStandShootNoBullet_Sprite_3.uasset
[2017.12.02-11.39.15:833][827]LogSavePackage: Save=6.09ms
[2017.12.02-11.39.15:833][827]LogSavePackage: Moving '../../../../../../Users/Marcus/Documents/GitHub/BANG/Bang/Saved/LeonaStandShootNoBullet_Sprite_45BE9205A4179720994088F9CC505FD27.tmp' to '../../../../../../Users/Marcus/Documents/GitHub/BANG/Bang/Content/Bang/Pistol/LeonaStandShootNoBullet_Sprite_4.uasset'
[2017.12.02-11.39.15:838][827]LogSavePackage:Display: Finished SavePackage ../../../../../../Users/Marcus/Documents/GitHub/BANG/Bang/Content/Bang/Pistol/LeonaStandShootNoBullet_Sprite_4.uasset
[2017.12.02-11.39.15:859][827]LogSavePackage: Save=6.53ms
[2017.12.02-11.39.15:859][827]LogSavePackage: Moving '../../../../../../Users/Marcus/Documents/GitHub/BANG/Bang/Saved/LeonaStandShootNoBullet_Sprite_5C86F019847B716988FEF9CB406E2EA39.tmp' to '../../../../../../Users/Marcus/Documents/GitHub/BANG/Bang/Content/Bang/Pistol/LeonaStandShootNoBullet_Sprite_5.uasset'
[2017.12.02-11.39.15:866][827]LogSavePackage:Display: Finished SavePackage ../../../../../../Users/Marcus/Documents/GitHub/BANG/Bang/Content/Bang/Pistol/LeonaStandShootNoBullet_Sprite_5.uasset
[2017.12.02-11.39.15:888][827]LogSavePackage: Save=6.26ms
[2017.12.02-11.39.15:888][827]LogSavePackage: Moving '../../../../../../Users/Marcus/Documents/GitHub/BANG/Bang/Saved/LeonaStandShootNoBullet_Sprite_6E655B75A463BEF494DB673A4F80BB627.tmp' to '../../../../../../Users/Marcus/Documents/GitHub/BANG/Bang/Content/Bang/Pistol/LeonaStandShootNoBullet_Sprite_6.uasset'
[2017.12.02-11.39.15:893][827]LogSavePackage:Display: Finished SavePackage ../../../../../../Users/Marcus/Documents/GitHub/BANG/Bang/Content/Bang/Pistol/LeonaStandShootNoBullet_Sprite_6.uasset
[2017.12.02-11.39.15:914][827]LogSavePackage: Save=6.13ms
[2017.12.02-11.39.15:914][827]LogSavePackage: Moving '../../../../../../Users/Marcus/Documents/GitHub/BANG/Bang/Saved/LeonaStandShootNoBullet_Sprite_7A48AD864469D49BF5A54859B72ADB58B.tmp' to '../../../../../../Users/Marcus/Documents/GitHub/BANG/Bang/Content/Bang/Pistol/LeonaStandShootNoBullet_Sprite_7.uasset'
[2017.12.02-11.39.15:922][827]LogSavePackage:Display: Finished SavePackage ../../../../../../Users/Marcus/Documents/GitHub/BANG/Bang/Content/Bang/Pistol/LeonaStandShootNoBullet_Sprite_7.uasset
[2017.12.02-11.39.15:942][827]LogSavePackage: Save=6.10ms
[2017.12.02-11.39.15:942][827]LogSavePackage: Moving '../../../../../../Users/Marcus/Documents/GitHub/BANG/Bang/Saved/LeonaStandShootNoBullet_Sprite_849EBBF614EAB6E73773093B9D876CAD1.tmp' to '../../../../../../Users/Marcus/Documents/GitHub/BANG/Bang/Content/Bang/Pistol/LeonaStandShootNoBullet_Sprite_8.uasset'
[2017.12.02-11.39.15:947][827]LogSavePackage:Display: Finished SavePackage ../../../../../../Users/Marcus/Documents/GitHub/BANG/Bang/Content/Bang/Pistol/LeonaStandShootNoBullet_Sprite_8.uasset
[2017.12.02-11.39.15:970][827]LogSavePackage: Save=6.41ms
[2017.12.02-11.39.15:970][827]LogSavePackage: Moving '../../../../../../Users/Marcus/Documents/GitHub/BANG/Bang/Saved/LeonaStandShootNoBullet_Sprite_9134D31A54E05C133978C63848CF1BC64.tmp' to '../../../../../../Users/Marcus/Documents/GitHub/BANG/Bang/Content/Bang/Pistol/LeonaStandShootNoBullet_Sprite_9.uasset'
[2017.12.02-11.39.15:978][827]LogSavePackage:Display: Finished SavePackage ../../../../../../Users/Marcus/Documents/GitHub/BANG/Bang/Content/Bang/Pistol/LeonaStandShootNoBullet_Sprite_9.uasset
[2017.12.02-11.39.28:830][310]Cmd: OBJ SAVEPACKAGE PACKAGE="/Game/Bang/Pistol/ShootPistolAnim" FILE="../../../../../../Users/Marcus/Documents/GitHub/BANG/Bang/Content/Bang/Pistol/ShootPistolAnim.uasset" SILENT=true
[2017.12.02-11.39.28:839][310]LogSavePackage: Save=5.68ms
[2017.12.02-11.39.28:839][310]LogSavePackage: Moving '../../../../../../Users/Marcus/Documents/GitHub/BANG/Bang/Saved/ShootPistolAnim05966AA0405CECCDEC9637A1A6D6815C.tmp' to '../../../../../../Users/Marcus/Documents/GitHub/BANG/Bang/Content/Bang/Pistol/ShootPistolAnim.uasset'
[2017.12.02-11.39.28:844][310]LogSavePackage:Display: Finished SavePackage ../../../../../../Users/Marcus/Documents/GitHub/BANG/Bang/Content/Bang/Pistol/ShootPistolAnim.uasset
[2017.12.02-11.40.23:843][792]LogSavePackage: Save=6.71ms
[2017.12.02-11.40.23:843][792]LogSavePackage: Moving '../../../../../../Users/Marcus/Documents/GitHub/BANG/Bang/Saved/JumpingPistolAnimB992E5094DC6916B0A48AE8FE3719FE5.tmp' to '../../../../../../Users/Marcus/Documents/GitHub/BANG/Bang/Content/Bang/Pistol/Animations/JumpingPistolAnim.uasset'
[2017.12.02-11.40.23:850][792]LogSavePackage:Display: Finished SavePackage ../../../../../../Users/Marcus/Documents/GitHub/BANG/Bang/Content/Bang/Pistol/Animations/JumpingPistolAnim.uasset
[2017.12.02-11.40.23:863][792]Cmd: OBJ SAVEPACKAGE PACKAGE="/Game/Bang/Pistol/Animations/MelePistolAnim" FILE="../../../../../../Users/Marcus/Documents/GitHub/BANG/Bang/Content/Bang/Pistol/Animations/MelePistolAnim.uasset" SILENT=true
[2017.12.02-11.40.23:874][792]LogSavePackage: Save=6.81ms
[2017.12.02-11.40.23:874][792]LogSavePackage: Moving '../../../../../../Users/Marcus/Documents/GitHub/BANG/Bang/Saved/MelePistolAnim1E1012EF454BA75334025EB7EA421F55.tmp' to '../../../../../../Users/Marcus/Documents/GitHub/BANG/Bang/Content/Bang/Pistol/Animations/MelePistolAnim.uasset'
[2017.12.02-11.40.23:880][792]LogSavePackage:Display: Finished SavePackage ../../../../../../Users/Marcus/Documents/GitHub/BANG/Bang/Content/Bang/Pistol/Animations/MelePistolAnim.uasset
[2017.12.02-11.40.23:901][792]LogSavePackage: Save=5.49ms
[2017.12.02-11.40.23:901][792]LogSavePackage: Moving '../../../../../../Users/Marcus/Documents/GitHub/BANG/Bang/Saved/ShootPistolAnim41B72E414D64CD1480D1138A5CCA327A.tmp' to '../../../../../../Users/Marcus/Documents/GitHub/BANG/Bang/Content/Bang/Pistol/Animations/ShootPistolAnim.uasset'
[2017.12.02-11.40.23:906][792]LogSavePackage:Display: Finished SavePackage ../../../../../../Users/Marcus/Documents/GitHub/BANG/Bang/Content/Bang/Pistol/Animations/ShootPistolAnim.uasset
[2017.12.02-11.40.23:925][792]LogSavePackage: Save=5.17ms
[2017.12.02-11.40.23:925][792]LogSavePackage: Moving '../../../../../../Users/Marcus/Documents/GitHub/BANG/Bang/Saved/StandingPistolAnim21579FBF4D6BF2FBC2E5B68699173CE9.tmp' to '../../../../../../Users/Marcus/Documents/GitHub/BANG/Bang/Content/Bang/Pistol/Animations/StandingPistolAnim.uasset'
[2017.12.02-11.40.23:930][792]LogSavePackage:Display: Finished SavePackage ../../../../../../Users/Marcus/Documents/GitHub/BANG/Bang/Content/Bang/Pistol/Animations/StandingPistolAnim.uasset
[2017.12.02-11.40.23:949][792]LogSavePackage: Save=5.78ms
[2017.12.02-11.40.23:949][792]LogSavePackage: Moving '../../../../../../Users/Marcus/Documents/GitHub/BANG/Bang/Saved/WalkingPistolAnim29D4C95C43899A64CA49738DAFCF8A2E.tmp' to '../../../../../../Users/Marcus/Documents/GitHub/BANG/Bang/Content/Bang/Pistol/Animations/WalkingPistolAnim.uasset'
[2017.12.02-11.40.23:954][792]LogSavePackage:Display: Finished SavePackage ../../../../../../Users/Marcus/Documents/GitHub/BANG/Bang/Content/Bang/Pistol/Animations/WalkingPistolAnim.uasset
[2017.12.02-11.40.50:202][804]Cmd: OBJ SAVEPACKAGE PACKAGE="/Game/Bang/Legs/StandingLegsAnim" FILE="../../../../../../Users/Marcus/Documents/GitHub/BANG/Bang/Content/Bang/Legs/StandingLegsAnim.uasset" SILENT=true
[2017.12.02-11.40.50:210][804]LogSavePackage: Save=5.03ms
[2017.12.02-11.40.50:210][804]LogSavePackage: Moving '../../../../../../Users/Marcus/Documents/GitHub/BANG/Bang/Saved/StandingLegsAnimFC9349FC43A3B6FCE2C4D6AAB0E95E1E.tmp' to '../../../../../../Users/Marcus/Documents/GitHub/BANG/Bang/Content/Bang/Legs/StandingLegsAnim.uasset'
[2017.12.02-11.40.50:216][804]LogSavePackage:Display: Finished SavePackage ../../../../../../Users/Marcus/Documents/GitHub/BANG/Bang/Content/Bang/Legs/StandingLegsAnim.uasset
[2017.12.02-11.41.03:233][341]Cmd: OBJ SAVEPACKAGE PACKAGE="/Game/Bang/Legs/Anims/StandingLegsAnim" FILE="../../../../../../Users/Marcus/Documents/GitHub/BANG/Bang/Content/Bang/Legs/Anims/StandingLegsAnim.uasset" SILENT=true
[2017.12.02-11.41.03:241][341]LogSavePackage: Save=5.23ms
[2017.12.02-11.41.03:241][341]LogSavePackage: Moving '../../../../../../Users/Marcus/Documents/GitHub/BANG/Bang/Saved/StandingLegsAnim5669C1B64611EE5AD9897785573F6485.tmp' to '../../../../../../Users/Marcus/Documents/GitHub/BANG/Bang/Content/Bang/Legs/Anims/StandingLegsAnim.uasset'
[2017.12.02-11.41.03:247][341]LogSavePackage:Display: Finished SavePackage ../../../../../../Users/Marcus/Documents/GitHub/BANG/Bang/Content/Bang/Legs/Anims/StandingLegsAnim.uasset
[2017.12.02-11.41.03:257][341]Cmd: OBJ SAVEPACKAGE PACKAGE="/Game/Bang/Legs/Anims/WalkingLegsAnim" FILE="../../../../../../Users/Marcus/Documents/GitHub/BANG/Bang/Content/Bang/Legs/Anims/WalkingLegsAnim.uasset" SILENT=true
[2017.12.02-11.41.03:266][341]LogSavePackage: Save=5.52ms
[2017.12.02-11.41.03:266][341]LogSavePackage: Moving '../../../../../../Users/Marcus/Documents/GitHub/BANG/Bang/Saved/WalkingLegsAnim45BB92294639106DA1AEAFA8790A03E5.tmp' to '../../../../../../Users/Marcus/Documents/GitHub/BANG/Bang/Content/Bang/Legs/Anims/WalkingLegsAnim.uasset'
[2017.12.02-11.41.03:274][341]LogSavePackage:Display: Finished SavePackage ../../../../../../Users/Marcus/Documents/GitHub/BANG/Bang/Content/Bang/Legs/Anims/WalkingLegsAnim.uasset
[2017.12.02-11.41.03:284][341]Cmd: OBJ SAVEPACKAGE PACKAGE="/Game/Bang/Legs/Anims/JumpingLegsAnim" FILE="../../../../../../Users/Marcus/Documents/GitHub/BANG/Bang/Content/Bang/Legs/Anims/JumpingLegsAnim.uasset" SILENT=true
[2017.12.02-11.41.03:318][341]LogSavePackage: Save=5.06ms
[2017.12.02-11.41.03:318][341]LogSavePackage: Moving '../../../../../../Users/Marcus/Documents/GitHub/BANG/Bang/Saved/JumpingLegsAnim2FE739C9423987206CE9608F83FB93C2.tmp' to '../../../../../../Users/Marcus/Documents/GitHub/BANG/Bang/Content/Bang/Legs/Anims/JumpingLegsAnim.uasset'
[2017.12.02-11.41.03:323][341]LogSavePackage:Display: Finished SavePackage ../../../../../../Users/Marcus/Documents/GitHub/BANG/Bang/Content/Bang/Legs/Anims/JumpingLegsAnim.uasset
[2017.12.02-11.41.42:426][960]Cmd: OBJ SAVEPACKAGE PACKAGE="/Game/Bang/Pistol/LeonaStandShootNoBullet" FILE="../../../../../../Users/Marcus/Documents/GitHub/BANG/Bang/Content/Bang/Pistol/LeonaStandShootNoBullet.uasset" SILENT=true
[2017.12.02-11.41.42:435][960]LogSavePackage: Save=5.29ms
[2017.12.02-11.41.42:435][960]LogSavePackage: Moving '../../../../../../Users/Marcus/Documents/GitHub/BANG/Bang/Saved/LeonaStandShootNoBulletD08E8A2B446871CDAAE2BEB9A84F2A55.tmp' to '../../../../../../Users/Marcus/Documents/GitHub/BANG/Bang/Content/Bang/Pistol/LeonaStandShootNoBullet.uasset'
[2017.12.02-11.41.42:441][960]LogSavePackage:Display: Finished SavePackage ../../../../../../Users/Marcus/Documents/GitHub/BANG/Bang/Content/Bang/Pistol/LeonaStandShootNoBullet.uasset
[2017.12.02-11.47.12:525][ 62]LogFileHelpers: Editor autosave (incl. sublevels) for '/Game/2DSideScrollerCPP/Maps/2DSideScrollerExampleMap' took 0.007
[2017.12.02-11.47.15:898][380]LogFactory: FactoryCreateFile: Texture with ReimportTextureFactory (0 0 C:\Users\Marcus\Pictures\Bang\Torso\BulletPistol.png)
[2017.12.02-11.47.15:901][380]LogTexture:Display: Building textures: BulletPistol (BGRA8, 163X40) - 205 MB total VRAM
[2017.12.02-11.48.02:028][489]Cmd: OBJ SAVEPACKAGE PACKAGE="/Game/Bang/Pistol/BulletPistolAnim" FILE="../../../../../../Users/Marcus/Documents/GitHub/BANG/Bang/Content/Bang/Pistol/BulletPistolAnim.uasset" SILENT=true
[2017.12.02-11.48.02:036][489]LogSavePackage: Save=5.13ms
[2017.12.02-11.48.02:036][489]LogSavePackage: Moving '../../../../../../Users/Marcus/Documents/GitHub/BANG/Bang/Saved/BulletPistolAnim0A3DACD540A326FE132CDD9E92BF49EF.tmp' to '../../../../../../Users/Marcus/Documents/GitHub/BANG/Bang/Content/Bang/Pistol/BulletPistolAnim.uasset'
[2017.12.02-11.48.02:041][489]LogSavePackage:Display: Finished SavePackage ../../../../../../Users/Marcus/Documents/GitHub/BANG/Bang/Content/Bang/Pistol/BulletPistolAnim.uasset
[2017.12.02-11.48.18:350][355]Cmd: OBJ SAVEPACKAGE PACKAGE="/Game/Bang/Pistol/BulletPistol" FILE="../../../../../../Users/Marcus/Documents/GitHub/BANG/Bang/Content/Bang/Pistol/BulletPistol.uasset" SILENT=true
[2017.12.02-11.48.18:358][355]LogSavePackage: Save=4.13ms
[2017.12.02-11.48.18:358][355]LogSavePackage: Moving '../../../../../../Users/Marcus/Documents/GitHub/BANG/Bang/Saved/BulletPistolA50686C7468B33CE05AFDEADAFC569E6.tmp' to '../../../../../../Users/Marcus/Documents/GitHub/BANG/Bang/Content/Bang/Pistol/BulletPistol.uasset'
[2017.12.02-11.48.18:364][355]LogSavePackage:Display: Finished SavePackage ../../../../../../Users/Marcus/Documents/GitHub/BANG/Bang/Content/Bang/Pistol/BulletPistol.uasset
[2017.12.02-11.48.18:376][355]Cmd: OBJ SAVEPACKAGE PACKAGE="/Game/Bang/Pistol/BulletPistol_Sprite_5" FILE="../../../../../../Users/Marcus/Documents/GitHub/BANG/Bang/Content/Bang/Pistol/BulletPistol_Sprite_5.uasset" SILENT=true
[2017.12.02-11.48.18:394][355]LogSavePackage: Save=15.57ms
[2017.12.02-11.48.18:394][355]LogSavePackage: Moving '../../../../../../Users/Marcus/Documents/GitHub/BANG/Bang/Saved/BulletPistol_Sprite_5FE9C5EC9436A5174B19180B395CD5A86.tmp' to '../../../../../../Users/Marcus/Documents/GitHub/BANG/Bang/Content/Bang/Pistol/BulletPistol_Sprite_5.uasset'
[2017.12.02-11.48.18:400][355]LogSavePackage:Display: Finished SavePackage ../../../../../../Users/Marcus/Documents/GitHub/BANG/Bang/Content/Bang/Pistol/BulletPistol_Sprite_5.uasset
[2017.12.02-11.48.18:411][355]Cmd: OBJ SAVEPACKAGE PACKAGE="/Game/Bang/Pistol/BulletPistol_Sprite_3" FILE="../../../../../../Users/Marcus/Documents/GitHub/BANG/Bang/Content/Bang/Pistol/BulletPistol_Sprite_3.uasset" SILENT=true
[2017.12.02-11.48.18:420][355]LogSavePackage: Save=6.09ms
[2017.12.02-11.48.18:421][355]LogSavePackage: Moving '../../../../../../Users/Marcus/Documents/GitHub/BANG/Bang/Saved/BulletPistol_Sprite_377C2734A46006D28554B3FA242CFB8CF.tmp' to '../../../../../../Users/Marcus/Documents/GitHub/BANG/Bang/Content/Bang/Pistol/BulletPistol_Sprite_3.uasset'
[2017.12.02-11.48.18:426][355]LogSavePackage:Display: Finished SavePackage ../../../../../../Users/Marcus/Documents/GitHub/BANG/Bang/Content/Bang/Pistol/BulletPistol_Sprite_3.uasset
[2017.12.02-11.48.18:436][355]Cmd: OBJ SAVEPACKAGE PACKAGE="/Game/Bang/Pistol/BulletPistolAnim" FILE="../../../../../../Users/Marcus/Documents/GitHub/BANG/Bang/Content/Bang/Pistol/BulletPistolAnim.uasset" SILENT=true
[2017.12.02-11.48.18:485][355]LogSavePackage: Save=5.09ms
[2017.12.02-11.48.18:486][355]LogSavePackage: Moving '../../../../../../Users/Marcus/Documents/GitHub/BANG/Bang/Saved/BulletPistolAnim901487B04D881A52E7F82D90E8534D34.tmp' to '../../../../../../Users/Marcus/Documents/GitHub/BANG/Bang/Content/Bang/Pistol/BulletPistolAnim.uasset'
[2017.12.02-11.48.18:492][355]LogSavePackage:Display: Finished SavePackage ../../../../../../Users/Marcus/Documents/GitHub/BANG/Bang/Content/Bang/Pistol/BulletPistolAnim.uasset
[2017.12.02-11.48.18:503][355]Cmd: OBJ SAVEPACKAGE PACKAGE="/Game/Bang/Pistol/BulletPistol_Sprite_1" FILE="../../../../../../Users/Marcus/Documents/GitHub/BANG/Bang/Content/Bang/Pistol/BulletPistol_Sprite_1.uasset" SILENT=true
[2017.12.02-11.48.18:512][355]LogSavePackage: Save=6.40ms
[2017.12.02-11.48.18:512][355]LogSavePackage: Moving '../../../../../../Users/Marcus/Documents/GitHub/BANG/Bang/Saved/BulletPistol_Sprite_17B827F1540DA51E53C2D3E9A60527FC4.tmp' to '../../../../../../Users/Marcus/Documents/GitHub/BANG/Bang/Content/Bang/Pistol/BulletPistol_Sprite_1.uasset'
[2017.12.02-11.48.18:519][355]LogSavePackage:Display: Finished SavePackage ../../../../../../Users/Marcus/Documents/GitHub/BANG/Bang/Content/Bang/Pistol/BulletPistol_Sprite_1.uasset
[2017.12.02-11.48.18:530][355]Cmd: OBJ SAVEPACKAGE PACKAGE="/Game/Bang/Pistol/BulletPistol_Sprite_0" FILE="../../../../../../Users/Marcus/Documents/GitHub/BANG/Bang/Content/Bang/Pistol/BulletPistol_Sprite_0.uasset" SILENT=true
[2017.12.02-11.48.18:539][355]LogSavePackage: Save=6.00ms
[2017.12.02-11.48.18:539][355]LogSavePackage: Moving '../../../../../../Users/Marcus/Documents/GitHub/BANG/Bang/Saved/BulletPistol_Sprite_097E0DF2F45EA21528764B6B7BE30D0E2.tmp' to '../../../../../../Users/Marcus/Documents/GitHub/BANG/Bang/Content/Bang/Pistol/BulletPistol_Sprite_0.uasset'
[2017.12.02-11.48.18:544][355]LogSavePackage:Display: Finished SavePackage ../../../../../../Users/Marcus/Documents/GitHub/BANG/Bang/Content/Bang/Pistol/BulletPistol_Sprite_0.uasset
[2017.12.02-11.48.29:354][569]Cmd: OBJ SAVEPACKAGE PACKAGE="/Game/Bang/Pistol/BulletPistolAnim" FILE="../../../../../../Users/Marcus/Documents/GitHub/BANG/Bang/Content/Bang/Pistol/BulletPistolAnim.uasset" SILENT=true
[2017.12.02-11.48.29:368][569]LogSavePackage: Save=4.82ms
[2017.12.02-11.48.29:368][569]LogSavePackage: Moving '../../../../../../Users/Marcus/Documents/GitHub/BANG/Bang/Saved/BulletPistolAnim0CAE16BC49ABF34F54E8EFAED856ECB9.tmp' to '../../../../../../Users/Marcus/Documents/GitHub/BANG/Bang/Content/Bang/Pistol/BulletPistolAnim.uasset'
[2017.12.02-11.48.29:374][569]LogSavePackage:Display: Finished SavePackage ../../../../../../Users/Marcus/Documents/GitHub/BANG/Bang/Content/Bang/Pistol/BulletPistolAnim.uasset
[2017.12.02-11.49.51:759][195]LogSavePackage: Save=5.67ms
[2017.12.02-11.49.51:759][195]LogSavePackage: Moving '../../../../../../Users/Marcus/Documents/GitHub/BANG/Bang/Saved/BulletPistolAnim292DF0784CE28EF53F082DA1C8AAB623.tmp' to '../../../../../../Users/Marcus/Documents/GitHub/BANG/Bang/Content/Bang/Pistol/Animations/BulletPistolAnim.uasset'
[2017.12.02-11.49.51:765][195]LogSavePackage:Display: Finished SavePackage ../../../../../../Users/Marcus/Documents/GitHub/BANG/Bang/Content/Bang/Pistol/Animations/BulletPistolAnim.uasset
[2017.12.02-11.57.13:322][372]LogFileHelpers: Editor autosave (incl. sublevels) for '/Game/2DSideScrollerCPP/Maps/2DSideScrollerExampleMap' took 0.009
[2017.12.02-11.58.25:303][585]Cmd: QUIT_EDITOR
[2017.12.02-11.58.26:834][585]LogWindowsTextInputMethodSystem:Display: IME system now deactivated.
[2017.12.02-11.58.26:920][585]LogExit: Preparing to exit.
[2017.12.02-11.58.28:731][585]LogDirectoryWatcher: A directory notification for 'C:/Users/Marcus/Documents/GitHub/BANG/Bang/Content/' was aborted.
[2017.12.02-11.58.29:027][585]LogExit: Editor shut down
[2017.12.02-11.58.29:027][585]LogExit: Transaction tracking system shut down
[2017.12.02-11.58.33:967][585]LogObj: Freed 0b from 0 cluster array pools.
[2017.12.02-11.58.33:967][585]LogExit: Object subsystem successfully closed.
[2017.12.02-11.58.35:108][585]LogD3D11RHI: Shutdown
[2017.12.02-11.58.35:108][585]LogD3D11RHI: CleanupD3DDevice
[2017.12.02-11.58.35:608][585]LogD3D11RHI: ~FD3D11DynamicRHI
[2017.12.02-11.58.37:928][585]LogModuleManager: Shutting down and abandoning module TextureEditor (506)
[2017.12.02-11.58.37:928][585]LogModuleManager: Shutting down and abandoning module MovieSceneCapture (504)
[2017.12.02-11.58.37:928][585]LogModuleManager: Shutting down and abandoning module HierarchicalLODOutliner (502)
[2017.12.02-11.58.37:937][585]LogModuleManager: Shutting down and abandoning module ExternalImagePicker (500)
[2017.12.02-11.58.37:937][585]LogModuleManager: Shutting down and abandoning module CrashTracker (498)
[2017.12.02-11.58.37:937][585]LogModuleManager: Shutting down and abandoning module SceneOutliner (496)
[2017.12.02-11.58.37:937][585]LogModuleManager: Shutting down and abandoning module AddContentDialog (494)
[2017.12.02-11.58.37:948][585]LogDirectoryWatcher: A directory notification for 'C:/Program Files/Epic Games/UE_4.15/FeaturePacks/' was aborted.
[2017.12.02-11.58.37:967][585]LogModuleManager: Shutting down and abandoning module WidgetCarousel (493)
[2017.12.02-11.58.37:967][585]LogModuleManager: Shutting down and abandoning module EditorWidgets (490)
[2017.12.02-11.58.37:967][585]LogModuleManager: Shutting down and abandoning module CollectionManager (488)
[2017.12.02-11.58.38:011][585]LogDirectoryWatcher: A directory notification for 'C:/Users/Marcus/Documents/GitHub/BANG/Bang/Content/Collections/' was aborted.
[2017.12.02-11.58.38:011][585]LogDirectoryWatcher: A directory notification for 'C:/Users/Marcus/Documents/GitHub/BANG/Bang/Content/Developers/Marcus/Collections/' was aborted.
[2017.12.02-11.58.38:011][585]LogDirectoryWatcher: A directory notification for 'C:/Users/Marcus/Documents/GitHub/BANG/Bang/Saved/Collections/' was aborted.
[2017.12.02-11.58.38:011][585]LogModuleManager: Shutting down and abandoning module StatsViewer (486)
[2017.12.02-11.58.38:049][585]LogModuleManager: Shutting down and abandoning module FoliageEdit (484)
[2017.12.02-11.58.38:049][585]LogModuleManager: Shutting down and abandoning module LandscapeEditor (482)
[2017.12.02-11.58.38:112][585]LogModuleManager: Shutting down and abandoning module SceneDepthPickerMode (480)
[2017.12.02-11.58.38:112][585]LogModuleManager: Shutting down and abandoning module ActorPickerMode (478)
[2017.12.02-11.58.38:112][585]LogModuleManager: Shutting down and abandoning module GeometryMode (476)
[2017.12.02-11.58.38:112][585]LogModuleManager: Shutting down and abandoning module TextureAlignMode (474)
[2017.12.02-11.58.38:112][585]LogModuleManager: Shutting down and abandoning module BspMode (472)
[2017.12.02-11.58.38:137][585]LogModuleManager: Shutting down and abandoning module HardwareSurvey (470)
[2017.12.02-11.58.38:153][585]LogModuleManager: Shutting down and abandoning module SequenceRecorderSections (468)
[2017.12.02-11.58.38:164][585]LogModuleManager: Shutting down and abandoning module AutomationWorker (466)
[2017.12.02-11.58.38:185][585]LogModuleManager: Shutting down and abandoning module MatineeToLevelSequence (464)
[2017.12.02-11.58.38:206][585]LogModuleManager: Shutting down and abandoning module LevelSequenceEditor (462)
[2017.12.02-11.58.38:253][585]LogModuleManager: Shutting down and abandoning module PlacementMode (461)
[2017.12.02-11.58.38:253][585]LogModuleManager: Shutting down and abandoning module WmfMediaFactory (458)
[2017.12.02-11.58.38:254][585]LogModuleManager: Shutting down and abandoning module WmfMediaEditor (456)
[2017.12.02-11.58.38:254][585]LogModuleManager: Shutting down and abandoning module MfMediaFactory (454)
[2017.12.02-11.58.38:254][585]LogModuleManager: Shutting down and abandoning module MfMediaEditor (452)
[2017.12.02-11.58.38:254][585]LogModuleManager: Shutting down and abandoning module AvfMediaFactory (450)
[2017.12.02-11.58.38:254][585]LogModuleManager: Shutting down and abandoning module AvfMediaEditor (448)
[2017.12.02-11.58.38:254][585]LogModuleManager: Shutting down and abandoning module AndroidMediaFactory (446)
[2017.12.02-11.58.38:282][585]LogModuleManager: Shutting down and abandoning module Media (445)
[2017.12.02-11.58.38:282][585]LogModuleManager: Shutting down and abandoning module AndroidMediaEditor (442)
[2017.12.02-11.58.38:282][585]LogModuleManager: Shutting down and abandoning module CharacterAI (440)
[2017.12.02-11.58.38:282][585]LogModuleManager: Shutting down and abandoning module AudioCapture (438)
[2017.12.02-11.58.38:400][585]LogModuleManager: Shutting down and abandoning module SequenceRecorder (437)
[2017.12.02-11.58.38:511][585]LogModuleManager: Shutting down and abandoning module SmartSnapping (434)
[2017.12.02-11.58.38:511][585]LogModuleManager: Shutting down and abandoning module SessionServices (432)
[2017.12.02-11.58.38:511][585]LogModuleManager: Shutting down and abandoning module ViewportSnapping (430)
[2017.12.02-11.58.38:511][585]LogModuleManager: Shutting down and abandoning module ViewportInteraction (428)
[2017.12.02-11.58.38:511][585]LogModuleManager: Shutting down and abandoning module LogVisualizer (426)
[2017.12.02-11.58.38:616][585]LogModuleManager: Shutting down and abandoning module IntroTutorials (424)
[2017.12.02-11.58.38:623][585]LogModuleManager: Shutting down and abandoning module GameProjectGeneration (423)
[2017.12.02-11.58.38:676][585]LogModuleManager: Shutting down and abandoning module EditorLiveStreaming (420)
[2017.12.02-11.58.38:676][585]LogModuleManager: Shutting down and abandoning module IOSPlatformEditor (418)
[2017.12.02-11.58.38:676][585]LogModuleManager: Shutting down and abandoning module HTML5PlatformEditor (416)
[2017.12.02-11.58.38:676][585]LogModuleManager: Shutting down and abandoning module AndroidPlatformEditor (414)
[2017.12.02-11.58.38:676][585]LogModuleManager: Shutting down and abandoning module AndroidDeviceDetection (413)
[2017.12.02-11.58.39:038][585]LogModuleManager: Shutting down and abandoning module IOSRuntimeSettings (410)
[2017.12.02-11.58.39:038][585]LogModuleManager: Shutting down and abandoning module AndroidRuntimeSettings (408)
[2017.12.02-11.58.39:038][585]LogModuleManager: Shutting down and abandoning module InputBindingEditor (406)
[2017.12.02-11.58.39:038][585]LogModuleManager: Shutting down and abandoning module NiagaraEditor (404)
[2017.12.02-11.58.39:183][585]LogModuleManager: Shutting down and abandoning module MergeActors (402)
[2017.12.02-11.58.39:208][585]LogModuleManager: Shutting down and abandoning module SizeMap (400)
[2017.12.02-11.58.39:219][585]LogModuleManager: Shutting down and abandoning module TreeMap (398)
[2017.12.02-11.58.39:229][585]LogModuleManager: Shutting down and abandoning module ReferenceViewer (396)
[2017.12.02-11.58.39:229][585]LogModuleManager: Shutting down and abandoning module LocalizationDashboard (394)
[2017.12.02-11.58.39:248][585]LogModuleManager: Shutting down and abandoning module LocalizationService (393)
[2017.12.02-11.58.39:274][585]LogModuleManager: Shutting down and abandoning module HardwareTargeting (390)
[2017.12.02-11.58.39:274][585]LogModuleManager: Shutting down and abandoning module DeviceProfileEditor (388)
[2017.12.02-11.58.39:282][585]LogModuleManager: Shutting down and abandoning module UndoHistory (386)
[2017.12.02-11.58.39:288][585]LogModuleManager: Shutting down and abandoning module UserFeedback (384)
[2017.12.02-11.58.39:288][585]LogModuleManager: Shutting down and abandoning module XmlParser (382)
[2017.12.02-11.58.39:314][585]LogModuleManager: Shutting down and abandoning module Blutility (380)
[2017.12.02-11.58.39:323][585]LogModuleManager: Shutting down and abandoning module ProjectSettingsViewer (378)
[2017.12.02-11.58.39:323][585]LogModuleManager: Shutting down and abandoning module ProjectTargetPlatformEditor (377)
[2017.12.02-11.58.39:323][585]LogModuleManager: Shutting down and abandoning module EditorSettingsViewer (374)
[2017.12.02-11.58.39:323][585]LogModuleManager: Shutting down and abandoning module SettingsEditor (372)
[2017.12.02-11.58.39:341][585]LogModuleManager: Shutting down and abandoning module ProjectLauncher (370)
[2017.12.02-11.58.39:383][585]LogModuleManager: Shutting down and abandoning module SessionFrontend (368)
[2017.12.02-11.58.39:459][585]LogModuleManager: Shutting down and abandoning module ProfilerClient (366)
[2017.12.02-11.58.39:503][585]LogModuleManager: Shutting down and abandoning module DeviceManager (364)
[2017.12.02-11.58.39:579][585]LogModuleManager: Shutting down and abandoning module TargetDeviceServices (363)
[2017.12.02-11.58.39:621][585]LogModuleManager: Shutting down and abandoning module AutomationController (360)
[2017.12.02-11.58.39:658][585]LogModuleManager: Shutting down and abandoning module AutomationWindow (358)
[2017.12.02-11.58.39:765][585]LogModuleManager: Shutting down and abandoning module Layers (356)
[2017.12.02-11.58.39:865][585]LogModuleManager: Shutting down and abandoning module ComponentVisualizers (354)
[2017.12.02-11.58.39:865][585]LogModuleManager: Shutting down and abandoning module DetailCustomizations (352)
[2017.12.02-11.58.39:969][585]LogModuleManager: Shutting down and abandoning module PackagesDialog (350)
[2017.12.02-11.58.40:016][585]LogModuleManager: Shutting down and abandoning module Persona (348)
[2017.12.02-11.58.40:132][585]LogModuleManager: Shutting down and abandoning module AnimGraph (347)
[2017.12.02-11.58.40:132][585]LogModuleManager: Shutting down and abandoning module Kismet (344)
[2017.12.02-11.58.40:202][585]LogModuleManager: Shutting down and abandoning module GraphEditor (342)
[2017.12.02-11.58.40:427][585]LogModuleManager: Shutting down and abandoning module ClassViewer (340)
[2017.12.02-11.58.40:427][585]LogModuleManager: Shutting down and abandoning module Toolbox (338)
[2017.12.02-11.58.40:453][585]LogModuleManager: Shutting down and abandoning module ModuleUI (336)
[2017.12.02-11.58.40:474][585]LogModuleManager: Shutting down and abandoning module MovieSceneTools (334)
[2017.12.02-11.58.40:509][585]LogModuleManager: Shutting down and abandoning module OutputLog (332)
[2017.12.02-11.58.40:509][585]LogModuleManager: Shutting down and abandoning module GammaUI (330)
[2017.12.02-11.58.40:539][585]LogModuleManager: Shutting down and abandoning module Documentation (328)
[2017.12.02-11.58.40:539][585]LogModuleManager: Shutting down and abandoning module Niagara (326)
[2017.12.02-11.58.40:539][585]LogModuleManager: Shutting down and abandoning module StreamingPauseRendering (324)
[2017.12.02-11.58.40:539][585]LogModuleManager: Shutting down and abandoning module AnalyticsET (322)
[2017.12.02-11.58.40:539][585]LogModuleManager: Shutting down and abandoning module PortalServices (320)
[2017.12.02-11.58.40:539][585]LogModuleManager: Shutting down and abandoning module PortalRpc (318)
[2017.12.02-11.58.40:539][585]LogModuleManager: Shutting down and abandoning module MessagingRpc (316)
[2017.12.02-11.58.40:539][585]LogModuleManager: Shutting down and abandoning module AIModule (314)
[2017.12.02-11.58.40:573][585]LogModuleManager: Shutting down and abandoning module GameplayDebugger (313)
[2017.12.02-11.58.40:573][585]LogModuleManager: Shutting down and abandoning module AITestSuite (311)
[2017.12.02-11.58.40:573][585]LogModuleManager: Shutting down and abandoning module ProfilerService (308)
[2017.12.02-11.58.40:772][585]LogModuleManager: Shutting down and abandoning module TaskGraph (306)
[2017.12.02-11.58.40:813][585]LogModuleManager: Shutting down and abandoning module SteamVRController (304)
[2017.12.02-11.58.40:813][585]LogModuleManager: Shutting down and abandoning module SteamVR (302)
[2017.12.02-11.58.40:813][585]LogModuleManager: Shutting down and abandoning module ProceduralMeshComponentEditor (300)
[2017.12.02-11.58.40:813][585]LogModuleManager: Shutting down and abandoning module ProceduralMeshComponent (298)
[2017.12.02-11.58.40:827][585]LogModuleManager: Shutting down and abandoning module OculusLibrary (296)
[2017.12.02-11.58.40:828][585]LogModuleManager: Shutting down and abandoning module OculusInput (294)
[2017.12.02-11.58.40:828][585]LogModuleManager: Shutting down and abandoning module MobilePatchingUtils (292)
[2017.12.02-11.58.40:828][585]LogModuleManager: Shutting down and abandoning module CustomMeshComponent (290)
[2017.12.02-11.58.40:828][585]LogModuleManager: Shutting down and abandoning module CableComponent (288)
[2017.12.02-11.58.40:838][585]LogModuleManager: Shutting down and abandoning module ArchVisCharacter (286)
[2017.12.02-11.58.40:838][585]LogModuleManager: Shutting down and abandoning module MediaPlayerEditor (282)
[2017.12.02-11.58.40:958][585]LogModuleManager: Shutting down and abandoning module HTML5Networking (280)
[2017.12.02-11.58.40:958][585]LogModuleManager: Shutting down and abandoning module AlembicImporter (278)
[2017.12.02-11.58.40:985][585]LogModuleManager: Shutting down and abandoning module AlembicLibrary (277)
[2017.12.02-11.58.40:985][585]LogModuleManager: Shutting down and abandoning module GeometryCache (276)
[2017.12.02-11.58.40:985][585]LogModuleManager: Shutting down and abandoning module GeometryCacheEd (275)
[2017.12.02-11.58.40:985][585]LogModuleManager: Shutting down and abandoning module SuperSearchEditor (270)
[2017.12.02-11.58.40:985][585]LogModuleManager: Shutting down and abandoning module SuperSearch (269)
[2017.12.02-11.58.40:985][585]LogModuleManager: Shutting down and abandoning module SpeedTreeImporter (266)
[2017.12.02-11.58.40:985][585]LogModuleManager: Shutting down and abandoning module PluginBrowser (264)
[2017.12.02-11.58.41:071][585]LogModuleManager: Shutting down and abandoning module MobileLauncherProfileWizard (262)
[2017.12.02-11.58.41:118][585]LogModuleManager: Shutting down and abandoning module EpicSurvey (260)
[2017.12.02-11.58.41:118][585]LogModuleManager: Shutting down and abandoning module VisualStudioSourceCodeAccess (258)
[2017.12.02-11.58.41:118][585]LogModuleManager: Shutting down and abandoning module DesktopPlatform (257)
[2017.12.02-11.58.41:163][585]LogModuleManager: Shutting down and abandoning module UObjectPlugin (254)
[2017.12.02-11.58.41:163][585]LogModuleManager: Shutting down and abandoning module SubversionSourceControl (252)
[2017.12.02-11.58.41:199][585]LogModuleManager: Shutting down and abandoning module PerforceSourceControl (250)
[2017.12.02-11.58.41:243][585]LogModuleManager: Shutting down and abandoning module GitSourceControl (248)
[2017.12.02-11.58.41:311][585]LogModuleManager: Shutting down and abandoning module SourceControl (247)
[2017.12.02-11.58.41:326][585]LogModuleManager: Shutting down and abandoning module LightPropagationVolumeEditor (244)
[2017.12.02-11.58.41:326][585]LogModuleManager: Shutting down and abandoning module PaperTiledImporter (242)
[2017.12.02-11.58.41:326][585]LogModuleManager: Shutting down and abandoning module PaperSpriteSheetImporter (240)
[2017.12.02-11.58.41:326][585]LogModuleManager: Shutting down and abandoning module Paper2DEditor (238)
[2017.12.02-11.58.41:326][585]LogModuleManager: Shutting down and abandoning module MeshPaint (237)
[2017.12.02-11.58.41:395][585]LogModuleManager: Shutting down and abandoning module LevelEditor (235)
[2017.12.02-11.58.41:479][585]LogModuleManager: Shutting down and abandoning module PixelInspectorModule (234)
[2017.12.02-11.58.41:523][585]LogModuleManager: Shutting down and abandoning module MainFrame (232)
[2017.12.02-11.58.41:523][585]LogModuleManager: Shutting down and abandoning module HotReload (231)
[2017.12.02-11.58.41:572][585]LogDirectoryWatcher: A directory notification for 'C:/Users/Marcus/Documents/GitHub/BANG/Bang/Binaries/Win64' was aborted.
[2017.12.02-11.58.41:746][585]LogModuleManager: Shutting down and abandoning module ContentBrowser (227)
[2017.12.02-11.58.41:748][585]LogModuleManager: Shutting down and abandoning module Bang (224)
[2017.12.02-11.58.41:748][585]LogModuleManager: Shutting down and abandoning module PhysXVehiclesEditor (222)
[2017.12.02-11.58.41:791][585]LogModuleManager: Shutting down and abandoning module PhysXVehicles (220)
[2017.12.02-11.58.41:791][585]LogModuleManager: Shutting down and abandoning module LocationServicesBPLibrary (218)
[2017.12.02-11.58.41:791][585]LogModuleManager: Shutting down and abandoning module UdpMessaging (216)
[2017.12.02-11.58.41:893][585]LogModuleManager: Shutting down and abandoning module TcpMessaging (214)
[2017.12.02-11.58.42:015][585]LogModuleManager: Shutting down and abandoning module GameplayTagsEditor (212)
[2017.12.02-11.58.42:015][585]LogModuleManager: Shutting down and abandoning module FacialAnimationEditor (210)
[2017.12.02-11.58.42:062][585]LogModuleManager: Shutting down and abandoning module FacialAnimation (208)
[2017.12.02-11.58.42:062][585]LogModuleManager: Shutting down and abandoning module LightPropagationVolumeRuntime (206)
[2017.12.02-11.58.42:062][585]LogModuleManager: Shutting down and abandoning module Paper2D (204)
[2017.12.02-11.58.42:093][585]LogModuleManager: Shutting down and abandoning module WindowsMoviePlayer (202)
[2017.12.02-11.58.42:101][585]LogModuleManager: Shutting down and abandoning module WmfMedia (200)
[2017.12.02-11.58.42:122][585]LogModuleManager: Shutting down and abandoning module MfMedia (198)
[2017.12.02-11.58.42:122][585]LogModuleManager: Shutting down and abandoning module MediaAssets (196)
[2017.12.02-11.58.42:122][585]LogModuleManager: Shutting down and abandoning module GameLiveStreaming (194)
[2017.12.02-11.58.42:145][585]LogModuleManager: Shutting down and abandoning module VREditor (192)
[2017.12.02-11.58.42:145][585]LogModuleManager: Shutting down and abandoning module GameplayTasksEditor (190)
[2017.12.02-11.58.42:145][585]LogModuleManager: Shutting down and abandoning module BehaviorTreeEditor (188)
[2017.12.02-11.58.42:242][585]LogModuleManager: Shutting down and abandoning module FunctionalTesting (186)
[2017.12.02-11.58.42:254][585]LogModuleManager: Shutting down and abandoning module CollisionAnalyzer (184)
[2017.12.02-11.58.42:288][585]LogModuleManager: Shutting down and abandoning module UMG (182)
[2017.12.02-11.58.42:362][585]LogModuleManager: Shutting down and abandoning module UMGEditor (181)
[2017.12.02-11.58.42:522][585]LogModuleManager: Shutting down and abandoning module Sequencer (180)
[2017.12.02-11.58.42:677][585]LogModuleManager: Shutting down and abandoning module AssetTools (178)
[2017.12.02-11.58.42:713][585]LogModuleManager: Shutting down and abandoning module MessageLog (177)
[2017.12.02-11.58.42:713][585]LogModuleManager: Shutting down and abandoning module WorkspaceMenuStructure (176)
[2017.12.02-11.58.42:713][585]LogModuleManager: Shutting down and abandoning module SlateReflector (170)
[2017.12.02-11.58.42:801][585]LogModuleManager: Shutting down and abandoning module Slate (168)
[2017.12.02-11.58.42:801][585]LogModuleManager: Shutting down and abandoning module EditorStyle (166)
[2017.12.02-11.58.42:817][585]LogModuleManager: Shutting down and abandoning module SourceCodeAccess (164)
[2017.12.02-11.58.42:835][585]LogModuleManager: Shutting down and abandoning module HeadMountedDisplay (162)
[2017.12.02-11.58.42:835][585]LogModuleManager: Shutting down and abandoning module XAudio2 (160)
[2017.12.02-11.58.42:835][585]LogModuleManager: Shutting down and abandoning module Networking (158)
[2017.12.02-11.58.42:835][585]LogModuleManager: Shutting down and abandoning module Core (154)
[2017.12.02-11.58.42:835][585]LogModuleManager: Shutting down and abandoning module AssetRegistry (152)
[2017.12.02-11.58.42:991][585]LogDirectoryWatcher: A directory notification for '../../../Engine/Content/' was aborted.
[2017.12.02-11.58.42:991][585]LogDirectoryWatcher: A directory notification for '../../../../../../Users/Marcus/Documents/GitHub/BANG/Bang/Content/' was aborted.
[2017.12.02-11.58.42:991][585]LogDirectoryWatcher: A directory notification for '../../../Engine/Plugins/2D/Paper2D/Content/' was aborted.
[2017.12.02-11.58.43:000][585]LogModuleManager: Shutting down and abandoning module DirectoryWatcher (151)
[2017.12.02-11.58.43:002][585]LogModuleManager: Shutting down and abandoning module KismetCompiler (148)
[2017.12.02-11.58.43:002][585]LogModuleManager: Shutting down and abandoning module PhysXFormats (146)
[2017.12.02-11.58.43:002][585]LogModuleManager: Shutting down and abandoning module MeshUtilities (144)
[2017.12.02-11.58.43:023][585]LogModuleManager: Shutting down and abandoning module SimplygonSwarm (143)
[2017.12.02-11.58.43:035][585]LogModuleManager: Shutting down and abandoning module SimplygonMeshReduction (141)
[2017.12.02-11.58.43:035][585]LogModuleManager: Shutting down and abandoning module QuadricMeshReduction (139)
[2017.12.02-11.58.43:056][585]LogModuleManager: Shutting down and abandoning module PropertyEditor (137)
[2017.12.02-11.58.43:056][585]LogModuleManager: Shutting down and abandoning module DerivedDataCache (134)
[2017.12.02-11.58.43:083][585]LogDerivedDataCache: Shutdown
[2017.12.02-11.58.43:083][585]LogModuleManager: Shutting down and abandoning module TargetPlatform (132)
[2017.12.02-11.58.43:083][585]LogModuleManager: Shutting down and abandoning module VulkanShaderFormat (131)
[2017.12.02-11.58.43:103][585]LogModuleManager: Shutting down and abandoning module ShaderFormatOpenGL (129)
[2017.12.02-11.58.43:116][585]LogModuleManager: Shutting down and abandoning module ShaderFormatD3D (127)
[2017.12.02-11.58.43:134][585]LogModuleManager: Shutting down and abandoning module MetalShaderFormat (125)
[2017.12.02-11.58.43:164][585]LogModuleManager: Shutting down and abandoning module TextureFormatUncompressed (123)
[2017.12.02-11.58.43:164][585]LogModuleManager: Shutting down and abandoning module TextureFormatPVR (121)
[2017.12.02-11.58.43:164][585]LogModuleManager: Shutting down and abandoning module TextureFormatDXT (119)
[2017.12.02-11.58.43:189][585]LogModuleManager: Shutting down and abandoning module TextureFormatIntelISPCTexComp (117)
[2017.12.02-11.58.43:251][585]LogModuleManager: Shutting down and abandoning module TextureFormatASTC (115)
[2017.12.02-11.58.43:251][585]LogModuleManager: Shutting down and abandoning module ImageWrapper (114)
[2017.12.02-11.58.43:251][585]LogModuleManager: Shutting down and abandoning module TextureFormatAndroid (111)
[2017.12.02-11.58.43:252][585]LogModuleManager: Shutting down and abandoning module AudioFormatOpus (109)
[2017.12.02-11.58.43:292][585]LogModuleManager: Shutting down and abandoning module AudioFormatOgg (107)
[2017.12.02-11.58.43:292][585]LogModuleManager: Shutting down and abandoning module AudioFormatADPCM (105)
[2017.12.02-11.58.43:292][585]LogModuleManager: Shutting down and abandoning module LinuxTargetPlatform (103)
[2017.12.02-11.58.43:292][585]LogModuleManager: Shutting down and abandoning module LinuxServerTargetPlatform (101)
[2017.12.02-11.58.43:292][585]LogModuleManager: Shutting down and abandoning module LinuxNoEditorTargetPlatform (99)
[2017.12.02-11.58.43:292][585]LogModuleManager: Shutting down and abandoning module LinuxClientTargetPlatform (97)
[2017.12.02-11.58.43:292][585]LogModuleManager: Shutting down and abandoning module TVOSTargetPlatform (95)
[2017.12.02-11.58.43:292][585]LogModuleManager: Shutting down and abandoning module Messaging (93)
[2017.12.02-11.58.43:292][585]LogModuleManager: Shutting down and abandoning module IOSTargetPlatform (91)
[2017.12.02-11.58.43:292][585]LogModuleManager: Shutting down and abandoning module HTML5TargetPlatform (89)
[2017.12.02-11.58.43:292][585]LogModuleManager: Shutting down and abandoning module Android_PVRTCTargetPlatform (87)
[2017.12.02-11.58.43:292][585]LogModuleManager: Shutting down and abandoning module Android_MultiTargetPlatform (85)
[2017.12.02-11.58.43:292][585]LogModuleManager: Shutting down and abandoning module Android_ETC2TargetPlatform (83)
[2017.12.02-11.58.43:292][585]LogModuleManager: Shutting down and abandoning module Android_ETC1TargetPlatform (81)
[2017.12.02-11.58.43:292][585]LogModuleManager: Shutting down and abandoning module Android_DXTTargetPlatform (79)
[2017.12.02-11.58.43:292][585]LogModuleManager: Shutting down and abandoning module Android_ATCTargetPlatform (77)
[2017.12.02-11.58.43:292][585]LogModuleManager: Shutting down and abandoning module Android_ASTCTargetPlatform (75)
[2017.12.02-11.58.43:292][585]LogModuleManager: Shutting down and abandoning module AndroidTargetPlatform (73)
[2017.12.02-11.58.43:292][585]LogModuleManager: Shutting down and abandoning module WindowsTargetPlatform (71)
[2017.12.02-11.58.43:292][585]LogModuleManager: Shutting down and abandoning module WindowsServerTargetPlatform (69)
[2017.12.02-11.58.43:292][585]LogModuleManager: Shutting down and abandoning module WindowsNoEditorTargetPlatform (67)
[2017.12.02-11.58.43:292][585]LogModuleManager: Shutting down and abandoning module WindowsClientTargetPlatform (65)
[2017.12.02-11.58.43:292][585]LogModuleManager: Shutting down and abandoning module MacTargetPlatform (63)
[2017.12.02-11.58.43:292][585]LogModuleManager: Shutting down and abandoning module MacServerTargetPlatform (61)
[2017.12.02-11.58.43:292][585]LogModuleManager: Shutting down and abandoning module MacNoEditorTargetPlatform (59)
[2017.12.02-11.58.43:292][585]LogModuleManager: Shutting down and abandoning module MacClientTargetPlatform (57)
[2017.12.02-11.58.43:292][585]LogModuleManager: Shutting down and abandoning module AllDesktopTargetPlatform (55)
[2017.12.02-11.58.43:292][585]LogModuleManager: Shutting down and abandoning module InputCore (52)
[2017.12.02-11.58.43:292][585]LogModuleManager: Shutting down and abandoning module Settings (50)
[2017.12.02-11.58.43:292][585]LogModuleManager: Shutting down and abandoning module OculusRift (48)
[2017.12.02-11.58.43:344][585]LogModuleManager: Shutting down and abandoning module GearVR (46)
[2017.12.02-11.58.43:344][585]LogModuleManager: Shutting down and abandoning module ExampleDeviceProfileSelector (44)
[2017.12.02-11.58.43:344][585]LogModuleManager: Shutting down and abandoning module OnlineBlueprintSupport (42)
[2017.12.02-11.58.43:344][585]LogModuleManager: Shutting down and abandoning module OnlineSubsystem (38)
[2017.12.02-11.58.43:344][585]LogOnline:Display: Unloading online subsystem: NULL
[2017.12.02-11.58.43:411][585]LogModuleManager: Shutting down and abandoning module XMPP (37)
[2017.12.02-11.58.43:487][585]LogModuleManager: Shutting down and abandoning module HTTP (35)
[2017.12.02-11.58.43:508][585]LogHttp:Display: Http module shutting down, but needs to wait on 1 outstanding Http requests:
[2017.12.02-11.58.43:508][585]LogHttp:Display: 	verb=[POST] url=[https://datarouter.ol.epicgames.com/datarouter/api/v1/public/data?SessionID=%7B5026E3E6-4BEB-7FE1-F65E-5488F59975A3%7D&AppID=UEEditor.Rocket.Release&AppVersion=4.15.3-3450819%2B%2B%2BUE4%2BRelease-4.15&UserID=97d3f40d403ff4a258d6f980a741b4dc%7C969837ba78db4a5a8b4180254925176e%7C81706c51-5e4d-4c53-8181-bc8c50ced6a7&AppEnvironment=datacollector-binary&UploadType=eteventstream] status=Processing
[2017.12.02-11.58.43:514][585]LogModuleManager: Shutting down and abandoning module SSL (34)
[2017.12.02-11.58.43:543][585]LogModuleManager: Shutting down and abandoning module AudioEditor (30)
[2017.12.02-11.58.43:629][585]LogModuleManager: Shutting down and abandoning module TextureCompressor (28)
[2017.12.02-11.58.43:736][585]LogModuleManager: Shutting down and abandoning module ShaderCore (26)
[2017.12.02-11.58.43:736][585]LogModuleManager: Shutting down and abandoning module Landscape (24)
[2017.12.02-11.58.43:736][585]LogModuleManager: Shutting down and abandoning module SlateRHIRenderer (22)
[2017.12.02-11.58.43:752][585]LogModuleManager: Shutting down and abandoning module OpenGLDrv (20)
[2017.12.02-11.58.43:997][585]LogModuleManager: Shutting down and abandoning module D3D11RHI (18)
[2017.12.02-11.58.43:997][585]LogModuleManager: Shutting down and abandoning module AnimGraphRuntime (16)
[2017.12.02-11.58.44:024][585]LogModuleManager: Shutting down and abandoning module Renderer (14)
[2017.12.02-11.58.44:024][585]LogModuleManager: Shutting down and abandoning module Engine (12)
[2017.12.02-11.58.44:024][585]LogModuleManager: Shutting down and abandoning module CoreUObject (10)
[2017.12.02-11.58.44:024][585]LogModuleManager: Shutting down and abandoning module NetworkFile (8)
[2017.12.02-11.58.44:156][585]LogModuleManager: Shutting down and abandoning module StreamingFile (6)
[2017.12.02-11.58.44:214][585]LogModuleManager: Shutting down and abandoning module SandboxFile (4)
[2017.12.02-11.58.44:214][585]LogModuleManager: Shutting down and abandoning module PakFile (2)
[2017.12.02-11.58.44:454][585]LogExit: Exiting.
[2017.12.02-11.58.44:458][585]Log file closed, 12/02/17 11:58:44
