Log file open, 11/25/17 09:05:24
LogInit:Display: Running engine for game: Bang
LogPlatformFile: Not using cached read wrapper
LogInit:Display: RandInit(-1165418618) SRandInit(-1165418618).
LogTaskGraph: Started task graph with 5 named threads and 8 total threads with 1 sets of task threads.
LogStats: Stats thread started at 0.134903
LogInit: Using libcurl 7.47.1
LogInit:  - built for x86_64-pc-win32
LogInit:  - supports SSL with OpenSSL/1.0.2g
LogInit:  - supports HTTP deflate (compression) using libz 1.2.8
LogInit:  - other features:
LogInit:      CURL_VERSION_SSL
LogInit:      CURL_VERSION_LIBZ
LogInit:      CURL_VERSION_IPV6
LogInit:      CURL_VERSION_ASYNCHDNS
LogInit:      CURL_VERSION_LARGEFILE
LogInit:      CURL_VERSION_IDN
LogInit:  CurlRequestOptions (configurable via config and command line):
LogInit:  - bVerifyPeer = false  - Libcurl will NOT verify peer certificate
LogInit:  - bUseHttpProxy = false  - Libcurl will NOT use HTTP proxy
LogInit:  - bDontReuseConnections = false  - Libcurl will reuse connections
LogInit:  - CertBundlePath = nullptr  - Libcurl will use whatever was configured at build time.
LogInit: Build: ++UE4+Release-4.15-CL-3450819
LogInit: Engine Version: 4.15.3-3450819+++UE4+Release-4.15
LogInit: Compatible Engine Version: 4.15.0-3299760+++UE4+Release-4.15
LogInit: Net CL: 3299760
LogDevObjectVersion: Number of dev versions registered: 14
LogDevObjectVersion:   Dev-Blueprints (B0D832E4-1F89-4F0D-ACCF-7EB736FD4AA2): 8
LogDevObjectVersion:   Dev-Build (E1C64328-A22C-4D53-A36C-8E866417BD8C): 0
LogDevObjectVersion:   Dev-Core (375EC13C-06E4-48FB-B500-84F0262A717E): 2
LogDevObjectVersion:   Dev-Editor (E4B068ED-F494-42E9-A231-DA0B2E46BB41): 14
LogDevObjectVersion:   Dev-Framework (CFFC743F-43B0-4480-9391-14DF171D2073): 22
LogDevObjectVersion:   Dev-Mobile (B02B49B5-BB20-44E9-A304-32B752E40360): 0
LogDevObjectVersion:   Dev-Networking (A4E4105C-59A1-49B5-A7C5-40C4547EDFEE): 0
LogDevObjectVersion:   Dev-Online (39C831C9-5AE6-47DC-9A44-9C173E1C8E7C): 0
LogDevObjectVersion:   Dev-Physics (78F01B33-EBEA-4F98-B9B4-84EACCB95AA2): 0
LogDevObjectVersion:   Dev-Platform (6631380F-2D4D-43E0-8009-CF276956A95A): 0
LogDevObjectVersion:   Dev-Rendering (12F88B9F-8875-4AFC-A67C-D90C383ABD29): 12
LogDevObjectVersion:   Dev-Sequencer (7B5AE74C-D270-4C10-A958-57980B212A5A): 3
LogDevObjectVersion:   Dev-VR (D7296918-1DD6-4BDD-9DE2-64A83CC13884): 0
LogDevObjectVersion:   Dev-LoadTimes (C2A15278-BFE7-4AFE-6C17-90FF531DF755): 1
LogInit: Compiled (64-bit): May 21 2017 11:02:34
LogInit: Compiled with Visual C++: 19.00.23026.00
LogInit: Build Configuration: Development
LogInit: Branch Name: ++UE4+Release-4.15
LogInit: Command line: -EpicPortal 
LogInit: Base directory: C:/Program Files/Epic Games/UE_4.15/Engine/Binaries/Win64/
LogInit: Installed Engine Build: 1
LogInit: Presizing for max 8388607 objects, including 0 objects not considered by GC, pre-allocating 0 bytes for permanent pool.
LogInit: Object subsystem initialized
[2017.11.25-09.05.26:593][  0]LogInit: Selected Device Profile: [Windows]
[2017.11.25-09.05.26:594][  0]LogInit: Applying CVar settings loaded from the selected device profile: [Windows]
[2017.11.25-09.05.26:606][  0]LogInit: Computer: MARCUSPC
[2017.11.25-09.05.26:606][  0]LogInit: User: Marcus
[2017.11.25-09.05.26:606][  0]LogInit: CPU Page size=65536, Cores=4
[2017.11.25-09.05.26:606][  0]LogInit: High frequency timer resolution =2.929688 MHz
[2017.11.25-09.05.26:606][  0]LogMemory: Memory total: Physical=16.0GB (16GB approx)
[2017.11.25-09.05.26:606][  0]LogMemory: Platform Memory Stats for Windows
[2017.11.25-09.05.26:606][  0]LogMemory: Process Physical Memory: 262.31 MB used, 262.31 MB peak
[2017.11.25-09.05.26:606][  0]LogMemory: Process Virtual Memory: 262.11 MB used, 262.11 MB peak
[2017.11.25-09.05.26:606][  0]LogMemory: Physical Memory: 4383.28 MB used,  11953.15 MB free, 16336.43 MB total
[2017.11.25-09.05.26:606][  0]LogMemory: Virtual Memory: 649.03 MB used,  11953.15 MB free, 134217728.00 MB total
[2017.11.25-09.05.26:947][  0]LogTextLocalizationManager: No specific translations for ('en-GB') exist, so ('en') translations will be used.
[2017.11.25-09.05.28:753][  0]LogD3D11RHI: D3D11 adapters:
[2017.11.25-09.05.29:111][  0]LogD3D11RHI:    0. 'NVIDIA GeForce GTX 1050' (Feature Level 11_0)
[2017.11.25-09.05.29:111][  0]LogD3D11RHI:       1987/0/8168 MB DedicatedVideo/DedicatedSystem/SharedSystem, Outputs:2, VendorId:0x10de
[2017.11.25-09.05.29:118][  0]LogD3D11RHI:    1. 'Microsoft Basic Render Driver' (Feature Level 11_0)
[2017.11.25-09.05.29:118][  0]LogD3D11RHI:       0/0/8168 MB DedicatedVideo/DedicatedSystem/SharedSystem, Outputs:0, VendorId:0x1414
[2017.11.25-09.05.29:118][  0]LogD3D11RHI: Chosen D3D11 Adapter: 0
[2017.11.25-09.05.29:126][  0]LogD3D11RHI: Creating new Direct3DDevice
[2017.11.25-09.05.29:126][  0]LogD3D11RHI:     GPU DeviceId: 0x1c81 (for the marketing name, search the web for "GPU Device Id")
[2017.11.25-09.05.29:126][  0]LogWindows: EnumDisplayDevices:
[2017.11.25-09.05.29:126][  0]LogWindows:    0. 'NVIDIA GeForce GTX 1050' (P:1 D:1)
[2017.11.25-09.05.29:126][  0]LogWindows:    1. 'NVIDIA GeForce GTX 1050' (P:0 D:1)
[2017.11.25-09.05.29:126][  0]LogWindows:    2. 'NVIDIA GeForce GTX 1050' (P:0 D:0)
[2017.11.25-09.05.29:126][  0]LogWindows:    3. 'NVIDIA GeForce GTX 1050' (P:0 D:0)
[2017.11.25-09.05.29:126][  0]LogWindows: DebugString: FoundDriverCount:4 
[2017.11.25-09.05.29:126][  0]LogD3D11RHI:     Adapter Name: NVIDIA GeForce GTX 1050
[2017.11.25-09.05.29:126][  0]LogD3D11RHI:   Driver Version: 388.31 (internal:23.21.13.8831, unified:388.31)
[2017.11.25-09.05.29:126][  0]LogD3D11RHI:      Driver Date: 11-14-2017
[2017.11.25-09.05.29:126][  0]LogRHI: Texture pool is 1361 MB (70% of 1945 MB)
[2017.11.25-09.05.29:155][  0]LogD3D11RHI: Async texture creation enabled
[2017.11.25-09.05.29:166][  0]LogD3D11RHI: GPU Timing Frequency: 1000.000000 (Debug: 2 1)
[2017.11.25-09.05.29:168][  0]LogShaderCompilers: Guid format shader working directory is -5 characters bigger than the processId version (../../../../../../Users/Marcus/Desktop/TestCode/Bang/Intermediate/Shaders/WorkingDirectory/2320/).
[2017.11.25-09.05.29:169][  0]LogShaderCompilers: Cleaned the shader compiler working directory 'C:/Users/Marcus/AppData/Local/Temp/UnrealShaderWorkingDir/2F347044487A6AAAA0B16D93A8A71E80/'.
[2017.11.25-09.05.29:169][  0]LogShaderCompilers:Display: Using Local Shader Compiler.
[2017.11.25-09.05.30:505][  0]LogTemp:Display: Loaded TP AllDesktopTargetPlatform
[2017.11.25-09.05.30:854][  0]LogTemp:Display: Loaded TP MacClientTargetPlatform
[2017.11.25-09.05.31:014][  0]LogTemp:Display: Loaded TP MacNoEditorTargetPlatform
[2017.11.25-09.05.31:183][  0]LogTemp:Display: Loaded TP MacServerTargetPlatform
[2017.11.25-09.05.31:352][  0]LogTemp:Display: Loaded TP MacTargetPlatform
[2017.11.25-09.05.31:872][  0]LogTemp:Display: Loaded TP WindowsClientTargetPlatform
[2017.11.25-09.05.32:188][  0]LogTemp:Display: Loaded TP WindowsNoEditorTargetPlatform
[2017.11.25-09.05.32:387][  0]LogTemp:Display: Loaded TP WindowsServerTargetPlatform
[2017.11.25-09.05.32:568][  0]LogTemp:Display: Loaded TP WindowsTargetPlatform
[2017.11.25-09.05.32:735][  0]LogTemp:Display: Loaded TP AndroidTargetPlatform
[2017.11.25-09.05.32:898][  0]LogTemp:Display: Loaded TP Android_ASTCTargetPlatform
[2017.11.25-09.05.33:061][  0]LogTemp:Display: Loaded TP Android_ATCTargetPlatform
[2017.11.25-09.05.33:224][  0]LogTemp:Display: Loaded TP Android_DXTTargetPlatform
[2017.11.25-09.05.33:386][  0]LogTemp:Display: Loaded TP Android_ETC1TargetPlatform
[2017.11.25-09.05.33:547][  0]LogTemp:Display: Loaded TP Android_ETC2TargetPlatform
[2017.11.25-09.05.33:867][  0]LogTemp:Display: Loaded TP Android_MultiTargetPlatform
[2017.11.25-09.05.33:867][  0]LogTemp:Display: Loaded TP Android_PVRTCTargetPlatform
[2017.11.25-09.05.34:015][  0]LogTemp:Display: Loaded TP HTML5TargetPlatform
[2017.11.25-09.05.34:300][  0]LogTemp:Display: Loaded TP IOSTargetPlatform
[2017.11.25-09.05.34:406][  0]LogTemp:Display: Loaded TP TVOSTargetPlatform
[2017.11.25-09.05.34:569][  0]LogTemp:Display: Loaded TP LinuxClientTargetPlatform
[2017.11.25-09.05.34:735][  0]LogTemp:Display: Loaded TP LinuxNoEditorTargetPlatform
[2017.11.25-09.05.34:896][  0]LogTemp:Display: Loaded TP LinuxServerTargetPlatform
[2017.11.25-09.05.35:061][  0]LogTemp:Display: Loaded TP LinuxTargetPlatform
[2017.11.25-09.05.35:061][  0]LogTargetPlatformManager:Display: Building Assets For Windows
[2017.11.25-09.05.37:120][  0]LogDerivedDataCache:Display: Max Cache Size: 512 MB
[2017.11.25-09.05.37:167][  0]LogDerivedDataCache: Loaded boot cache 0.05s 51MB C:/Users/Marcus/AppData/Local/UnrealEngine/4.15/DerivedDataCache/Boot.ddc.
[2017.11.25-09.05.37:167][  0]LogDerivedDataCache:Display: Loaded Boot cache: C:/Users/Marcus/AppData/Local/UnrealEngine/4.15/DerivedDataCache/Boot.ddc
[2017.11.25-09.05.37:167][  0]LogDerivedDataCache: FDerivedDataBackendGraph:  Pak pak cache file ../../../../../../Users/Marcus/Desktop/TestCode/Bang/DerivedDataCache/DDC.ddp not found, will not use a pak cache.
[2017.11.25-09.05.37:167][  0]LogDerivedDataCache: Unable to find inner node Pak for hierarchical cache Hierarchy.
[2017.11.25-09.05.37:167][  0]LogDerivedDataCache: FDerivedDataBackendGraph:  CompressedPak pak cache file ../../../../../../Users/Marcus/Desktop/TestCode/Bang/DerivedDataCache/Compressed.ddp not found, will not use a pak cache.
[2017.11.25-09.05.37:167][  0]LogDerivedDataCache: Unable to find inner node CompressedPak for hierarchical cache Hierarchy.
[2017.11.25-09.05.37:186][  0]LogDerivedDataCache:Display: Pak cache opened for reading ../../../Engine/DerivedDataCache/Compressed.ddp.
[2017.11.25-09.05.37:199][  0]LogDerivedDataCache: Using Local data cache path C:/Users/Marcus/AppData/Local/UnrealEngine/Common/DerivedDataCache: Writable
[2017.11.25-09.05.37:207][  0]LogSlate: Using Freetype 2.6.0
[2017.11.25-09.05.37:208][  0]LogSlate: SlateFontCache - WITH_FREETYPE: 1, WITH_HARFBUZZ: 1
[2017.11.25-09.05.37:208][  0]LogSlate: SlateFontCache - WITH_FREETYPE: 1, WITH_HARFBUZZ: 1
[2017.11.25-09.05.37:510][  0]LogInit: Selected Device Profile: [Windows]
[2017.11.25-09.05.37:512][  0]LogContentStreaming: Texture pool size is 0.00 MB
[2017.11.25-09.05.38:041][  0]LogMeshUtilities: Using QuadricMeshReduction for automatic static mesh reduction
[2017.11.25-09.05.38:197][  0]LogSimplygon: Simplygon DLL not present - disabling.
[2017.11.25-09.05.38:369][  0]LogMeshUtilities: Using SimplygonSwarm for distributed automatic mesh merging
[2017.11.25-09.05.38:370][  0]LogMeshUtilities: No automatic skeletal mesh reduction module available
[2017.11.25-09.05.38:370][  0]LogMeshUtilities: No automatic mesh merging module available
[2017.11.25-09.05.39:361][  0]LogNetVersion: GetLocalNetworkVersion: CL: 3299760, ProjectName: bang, ProjectVersion: , EngineNetworkVersion: 2, GameNetworkVersion: 0, NetworkChecksum: 3018941388
[2017.11.25-09.05.39:475][  0]LogAssetRegistry: FAssetRegistry took 0.0216 seconds to start up
[2017.11.25-09.05.39:616][  0]LogPackageLocalizationCache: Processed 3 localized package path(s) for 2 prioritized culture(s) in 0.045473 seconds
[2017.11.25-09.05.39:621][  0]LogUObjectArray: 32493 objects as part of root set at end of initial load.
[2017.11.25-09.05.39:621][  0]LogUObjectAllocator: 7077024 out of 0 bytes used by permanent object pool.
[2017.11.25-09.05.39:621][  0]LogUObjectArray: CloseDisregardForGC: 0/0 objects in disregard for GC pool
[2017.11.25-09.05.39:887][  0]LogInit: WinSock: version 1.1 (2.2), MaxSocks=32767, MaxUdp=65467
[2017.11.25-09.05.44:422][  0]LogTcpMessaging: Initializing TcpMessaging bridge
[2017.11.25-09.05.44:559][  0]LogUdpMessaging: Initializing bridge on interface 0.0.0.0:0 to multicast group 230.0.0.1:6666.
[2017.11.25-09.05.46:071][  0]LogMaterial: Uniform references updated for custom material expression Custom.
[2017.11.25-09.05.47:222][  0]SourceControl: Info Source control is disabled
[2017.11.25-09.05.47:224][  0]SourceControl: Info Source control is disabled
[2017.11.25-09.05.47:388][  0]SourceControl: Info Source control is disabled
[2017.11.25-09.05.47:547][  0]SourceControl: Info Source control is disabled
[2017.11.25-09.05.52:120][  0]LogEngine: Initializing Engine...
[2017.11.25-09.05.52:121][  0]LogHMD: Failed to initialize OpenVR with code 110
[2017.11.25-09.05.52:226][  0]LogStats: UGameplayTagsManager::ConstructGameplayTagTree: Construct from data asset -  0.000 s
[2017.11.25-09.05.52:226][  0]LogStats: UGameplayTagsManager::ConstructGameplayTagTree: GameplayTagTreeChangedEvent.Broadcast -  0.000 s
[2017.11.25-09.05.52:680][  0]LogAIModule: Creating AISystem for world Untitled
[2017.11.25-09.05.52:686][  0]LogInit: XAudio2 using 'Digital Audio (S/PDIF) (High Definition Audio Device)' : 2 channels at 44.1 kHz using 16 bits per sample (channel mask 0x3)
[2017.11.25-09.05.52:705][  0]LogInit: FAudioDevice initialized.
[2017.11.25-09.05.52:732][  0]LogDerivedDataCache: Saved boot cache 0.03s 50MB C:/Users/Marcus/AppData/Local/UnrealEngine/4.15/DerivedDataCache/Boot.ddc.
[2017.11.25-09.05.52:737][  0]LogInit: Texture streaming: Enabled
[2017.11.25-09.05.53:120][  0]LogEngineSessionManager: EngineSessionManager initialized
[2017.11.25-09.05.53:425][  0]LogInit: Transaction tracking system initialized
[2017.11.25-09.05.54:649][  0]BlueprintLog: New page: Editor Load
[2017.11.25-09.05.57:868][  0]LocalizationService: Info Localization service is disabled
[2017.11.25-09.06.00:203][  0]LogConsoleResponse:Display: 
[2017.11.25-09.06.00:582][  0]LogCook:Display: Max memory allowance for cook 16384mb min free memory 0mb
[2017.11.25-09.06.00:582][  0]LogCook:Display: Mobile HDR setting 1
[2017.11.25-09.06.01:095][  0]LogFileCache: Scanning file cache for directory 'C:/Users/Marcus/Desktop/TestCode/Bang/Content/' took 0.01s
[2017.11.25-09.06.04:225][  0]SourceControl: Info Source control is disabled
[2017.11.25-09.06.04:431][  0]LogFactory: FactoryCreateFile: PackFactory with PackFactory (0 0 C:/Program Files/Epic Games/UE_4.15/FeaturePacks/StarterContent.upack)
[2017.11.25-09.06.05:427][  0]LogPackFactory: Finished extracting 8 files (including 0 errors).
[2017.11.25-09.06.05:484][  0]LogPackFactory: Copied "../../../Samples/StarterContent/Content/StarterContent/Architecture/Floor_400x400.uasset" to "../../../../../../Users/Marcus/Desktop/TestCode/Bang/Content/StarterContent/Architecture/Floor_400x400.uasset"
[2017.11.25-09.06.05:553][  0]LogPackFactory: Copied "../../../Samples/StarterContent/Content/StarterContent/Architecture/Pillar_50x500.uasset" to "../../../../../../Users/Marcus/Desktop/TestCode/Bang/Content/StarterContent/Architecture/Pillar_50x500.uasset"
[2017.11.25-09.06.05:691][  0]LogPackFactory: Copied "../../../Samples/StarterContent/Content/StarterContent/Architecture/SM_AssetPlatform.uasset" to "../../../../../../Users/Marcus/Desktop/TestCode/Bang/Content/StarterContent/Architecture/SM_AssetPlatform.uasset"
[2017.11.25-09.06.05:733][  0]LogPackFactory: Copied "../../../Samples/StarterContent/Content/StarterContent/Architecture/Wall_400x200.uasset" to "../../../../../../Users/Marcus/Desktop/TestCode/Bang/Content/StarterContent/Architecture/Wall_400x200.uasset"
[2017.11.25-09.06.05:825][  0]LogPackFactory: Copied "../../../Samples/StarterContent/Content/StarterContent/Architecture/Wall_400x300.uasset" to "../../../../../../Users/Marcus/Desktop/TestCode/Bang/Content/StarterContent/Architecture/Wall_400x300.uasset"
[2017.11.25-09.06.05:889][  0]LogPackFactory: Copied "../../../Samples/StarterContent/Content/StarterContent/Architecture/Wall_400x400.uasset" to "../../../../../../Users/Marcus/Desktop/TestCode/Bang/Content/StarterContent/Architecture/Wall_400x400.uasset"
[2017.11.25-09.06.05:971][  0]LogPackFactory: Copied "../../../Samples/StarterContent/Content/StarterContent/Architecture/Wall_500x500.uasset" to "../../../../../../Users/Marcus/Desktop/TestCode/Bang/Content/StarterContent/Architecture/Wall_500x500.uasset"
[2017.11.25-09.06.06:086][  0]LogPackFactory: Copied "../../../Samples/StarterContent/Content/StarterContent/Architecture/Wall_Door_400x300.uasset" to "../../../../../../Users/Marcus/Desktop/TestCode/Bang/Content/StarterContent/Architecture/Wall_Door_400x300.uasset"
[2017.11.25-09.06.06:153][  0]LogPackFactory: Copied "../../../Samples/StarterContent/Content/StarterContent/Architecture/Wall_Door_400x400.uasset" to "../../../../../../Users/Marcus/Desktop/TestCode/Bang/Content/StarterContent/Architecture/Wall_Door_400x400.uasset"
[2017.11.25-09.06.06:240][  0]LogPackFactory: Copied "../../../Samples/StarterContent/Content/StarterContent/Architecture/Wall_Window_400x300.uasset" to "../../../../../../Users/Marcus/Desktop/TestCode/Bang/Content/StarterContent/Architecture/Wall_Window_400x300.uasset"
[2017.11.25-09.06.06:318][  0]LogPackFactory: Copied "../../../Samples/StarterContent/Content/StarterContent/Architecture/Wall_Window_400x400.uasset" to "../../../../../../Users/Marcus/Desktop/TestCode/Bang/Content/StarterContent/Architecture/Wall_Window_400x400.uasset"
[2017.11.25-09.06.06:524][  0]LogPackFactory: Copied "../../../Samples/StarterContent/Content/StarterContent/Audio/Collapse01.uasset" to "../../../../../../Users/Marcus/Desktop/TestCode/Bang/Content/StarterContent/Audio/Collapse01.uasset"
[2017.11.25-09.06.06:662][  0]LogPackFactory: Copied "../../../Samples/StarterContent/Content/StarterContent/Audio/Collapse02.uasset" to "../../../../../../Users/Marcus/Desktop/TestCode/Bang/Content/StarterContent/Audio/Collapse02.uasset"
[2017.11.25-09.06.06:706][  0]LogPackFactory: Copied "../../../Samples/StarterContent/Content/StarterContent/Audio/Collapse_Cue.uasset" to "../../../../../../Users/Marcus/Desktop/TestCode/Bang/Content/StarterContent/Audio/Collapse_Cue.uasset"
[2017.11.25-09.06.06:768][  0]LogPackFactory: Copied "../../../Samples/StarterContent/Content/StarterContent/Audio/Explosion01.uasset" to "../../../../../../Users/Marcus/Desktop/TestCode/Bang/Content/StarterContent/Audio/Explosion01.uasset"
[2017.11.25-09.06.06:843][  0]LogPackFactory: Copied "../../../Samples/StarterContent/Content/StarterContent/Audio/Explosion02.uasset" to "../../../../../../Users/Marcus/Desktop/TestCode/Bang/Content/StarterContent/Audio/Explosion02.uasset"
[2017.11.25-09.06.06:899][  0]LogPackFactory: Copied "../../../Samples/StarterContent/Content/StarterContent/Audio/Explosion_Cue.uasset" to "../../../../../../Users/Marcus/Desktop/TestCode/Bang/Content/StarterContent/Audio/Explosion_Cue.uasset"
[2017.11.25-09.06.07:097][  0]LogPackFactory: Copied "../../../Samples/StarterContent/Content/StarterContent/Audio/Fire01.uasset" to "../../../../../../Users/Marcus/Desktop/TestCode/Bang/Content/StarterContent/Audio/Fire01.uasset"
[2017.11.25-09.06.07:179][  0]LogPackFactory: Copied "../../../Samples/StarterContent/Content/StarterContent/Audio/Fire01_Cue.uasset" to "../../../../../../Users/Marcus/Desktop/TestCode/Bang/Content/StarterContent/Audio/Fire01_Cue.uasset"
[2017.11.25-09.06.07:356][  0]LogPackFactory: Copied "../../../Samples/StarterContent/Content/StarterContent/Audio/Fire_Sparks01.uasset" to "../../../../../../Users/Marcus/Desktop/TestCode/Bang/Content/StarterContent/Audio/Fire_Sparks01.uasset"
[2017.11.25-09.06.07:464][  0]LogPackFactory: Copied "../../../Samples/StarterContent/Content/StarterContent/Audio/Fire_Sparks01_Cue.uasset" to "../../../../../../Users/Marcus/Desktop/TestCode/Bang/Content/StarterContent/Audio/Fire_Sparks01_Cue.uasset"
[2017.11.25-09.06.07:539][  0]LogPackFactory: Copied "../../../Samples/StarterContent/Content/StarterContent/Audio/Light01.uasset" to "../../../../../../Users/Marcus/Desktop/TestCode/Bang/Content/StarterContent/Audio/Light01.uasset"
[2017.11.25-09.06.07:651][  0]LogPackFactory: Copied "../../../Samples/StarterContent/Content/StarterContent/Audio/Light01_Cue.uasset" to "../../../../../../Users/Marcus/Desktop/TestCode/Bang/Content/StarterContent/Audio/Light01_Cue.uasset"
[2017.11.25-09.06.07:756][  0]LogPackFactory: Copied "../../../Samples/StarterContent/Content/StarterContent/Audio/Light02.uasset" to "../../../../../../Users/Marcus/Desktop/TestCode/Bang/Content/StarterContent/Audio/Light02.uasset"
[2017.11.25-09.06.07:837][  0]LogPackFactory: Copied "../../../Samples/StarterContent/Content/StarterContent/Audio/Light02_Cue.uasset" to "../../../../../../Users/Marcus/Desktop/TestCode/Bang/Content/StarterContent/Audio/Light02_Cue.uasset"
[2017.11.25-09.06.07:969][  0]LogPackFactory: Copied "../../../Samples/StarterContent/Content/StarterContent/Audio/Smoke01.uasset" to "../../../../../../Users/Marcus/Desktop/TestCode/Bang/Content/StarterContent/Audio/Smoke01.uasset"
[2017.11.25-09.06.08:025][  0]LogPackFactory: Copied "../../../Samples/StarterContent/Content/StarterContent/Audio/Smoke01_Cue.uasset" to "../../../../../../Users/Marcus/Desktop/TestCode/Bang/Content/StarterContent/Audio/Smoke01_Cue.uasset"
[2017.11.25-09.06.08:081][  0]LogPackFactory: Copied "../../../Samples/StarterContent/Content/StarterContent/Audio/Starter_Background_Cue.uasset" to "../../../../../../Users/Marcus/Desktop/TestCode/Bang/Content/StarterContent/Audio/Starter_Background_Cue.uasset"
[2017.11.25-09.06.08:814][  0]LogPackFactory: Copied "../../../Samples/StarterContent/Content/StarterContent/Audio/Starter_Birds01.uasset" to "../../../../../../Users/Marcus/Desktop/TestCode/Bang/Content/StarterContent/Audio/Starter_Birds01.uasset"
[2017.11.25-09.06.10:177][  0]LogPackFactory: Copied "../../../Samples/StarterContent/Content/StarterContent/Audio/Starter_Music01.uasset" to "../../../../../../Users/Marcus/Desktop/TestCode/Bang/Content/StarterContent/Audio/Starter_Music01.uasset"
[2017.11.25-09.06.10:331][  0]LogPackFactory: Copied "../../../Samples/StarterContent/Content/StarterContent/Audio/Starter_Music_Cue.uasset" to "../../../../../../Users/Marcus/Desktop/TestCode/Bang/Content/StarterContent/Audio/Starter_Music_Cue.uasset"
[2017.11.25-09.06.10:877][  0]LogPackFactory: Copied "../../../Samples/StarterContent/Content/StarterContent/Audio/Starter_Wind05.uasset" to "../../../../../../Users/Marcus/Desktop/TestCode/Bang/Content/StarterContent/Audio/Starter_Wind05.uasset"
[2017.11.25-09.06.11:397][  0]LogPackFactory: Copied "../../../Samples/StarterContent/Content/StarterContent/Audio/Starter_Wind06.uasset" to "../../../../../../Users/Marcus/Desktop/TestCode/Bang/Content/StarterContent/Audio/Starter_Wind06.uasset"
[2017.11.25-09.06.11:728][  0]LogPackFactory: Copied "../../../Samples/StarterContent/Content/StarterContent/Audio/Steam01.uasset" to "../../../../../../Users/Marcus/Desktop/TestCode/Bang/Content/StarterContent/Audio/Steam01.uasset"
[2017.11.25-09.06.11:765][  0]LogPackFactory: Copied "../../../Samples/StarterContent/Content/StarterContent/Audio/Steam01_Cue.uasset" to "../../../../../../Users/Marcus/Desktop/TestCode/Bang/Content/StarterContent/Audio/Steam01_Cue.uasset"
[2017.11.25-09.06.11:830][  0]LogPackFactory: Copied "../../../Samples/StarterContent/Content/StarterContent/Blueprints/Blueprint_CeilingLight.uasset" to "../../../../../../Users/Marcus/Desktop/TestCode/Bang/Content/StarterContent/Blueprints/Blueprint_CeilingLight.uasset"
[2017.11.25-09.06.11:863][  0]LogPackFactory: Copied "../../../Samples/StarterContent/Content/StarterContent/Blueprints/Blueprint_Effect_Explosion.uasset" to "../../../../../../Users/Marcus/Desktop/TestCode/Bang/Content/StarterContent/Blueprints/Blueprint_Effect_Explosion.uasset"
[2017.11.25-09.06.11:890][  0]LogPackFactory: Copied "../../../Samples/StarterContent/Content/StarterContent/Blueprints/Blueprint_Effect_Fire.uasset" to "../../../../../../Users/Marcus/Desktop/TestCode/Bang/Content/StarterContent/Blueprints/Blueprint_Effect_Fire.uasset"
[2017.11.25-09.06.11:973][  0]LogPackFactory: Copied "../../../Samples/StarterContent/Content/StarterContent/Blueprints/Blueprint_Effect_Smoke.uasset" to "../../../../../../Users/Marcus/Desktop/TestCode/Bang/Content/StarterContent/Blueprints/Blueprint_Effect_Smoke.uasset"
[2017.11.25-09.06.12:026][  0]LogPackFactory: Copied "../../../Samples/StarterContent/Content/StarterContent/Blueprints/Blueprint_Effect_Sparks.uasset" to "../../../../../../Users/Marcus/Desktop/TestCode/Bang/Content/StarterContent/Blueprints/Blueprint_Effect_Sparks.uasset"
[2017.11.25-09.06.12:047][  0]LogPackFactory: Copied "../../../Samples/StarterContent/Content/StarterContent/Blueprints/Blueprint_Effect_Steam.uasset" to "../../../../../../Users/Marcus/Desktop/TestCode/Bang/Content/StarterContent/Blueprints/Blueprint_Effect_Steam.uasset"
[2017.11.25-09.06.12:114][  0]LogPackFactory: Copied "../../../Samples/StarterContent/Content/StarterContent/Blueprints/Blueprint_WallSconce.uasset" to "../../../../../../Users/Marcus/Desktop/TestCode/Bang/Content/StarterContent/Blueprints/Blueprint_WallSconce.uasset"
[2017.11.25-09.06.12:233][  0]LogPackFactory: Copied "../../../Samples/StarterContent/Content/StarterContent/Blueprints/BP_LightStudio.uasset" to "../../../../../../Users/Marcus/Desktop/TestCode/Bang/Content/StarterContent/Blueprints/BP_LightStudio.uasset"
[2017.11.25-09.06.12:296][  0]LogPackFactory: Copied "../../../Samples/StarterContent/Content/StarterContent/Blueprints/Assets/FogBrightnessLUT.uasset" to "../../../../../../Users/Marcus/Desktop/TestCode/Bang/Content/StarterContent/Blueprints/Assets/FogBrightnessLUT.uasset"
[2017.11.25-09.06.12:369][  0]LogPackFactory: Copied "../../../Samples/StarterContent/Content/StarterContent/Blueprints/Assets/M_LightStage_Arrows.uasset" to "../../../../../../Users/Marcus/Desktop/TestCode/Bang/Content/StarterContent/Blueprints/Assets/M_LightStage_Arrows.uasset"
[2017.11.25-09.06.12:393][  0]LogPackFactory: Copied "../../../Samples/StarterContent/Content/StarterContent/Blueprints/Assets/M_LightStage_Skybox_Black.uasset" to "../../../../../../Users/Marcus/Desktop/TestCode/Bang/Content/StarterContent/Blueprints/Assets/M_LightStage_Skybox_Black.uasset"
[2017.11.25-09.06.12:513][  0]LogPackFactory: Copied "../../../Samples/StarterContent/Content/StarterContent/Blueprints/Assets/M_LightStage_Skybox_HDRI.uasset" to "../../../../../../Users/Marcus/Desktop/TestCode/Bang/Content/StarterContent/Blueprints/Assets/M_LightStage_Skybox_HDRI.uasset"
[2017.11.25-09.06.12:551][  0]LogPackFactory: Copied "../../../Samples/StarterContent/Content/StarterContent/Blueprints/Assets/M_LightStage_Skybox_Master.uasset" to "../../../../../../Users/Marcus/Desktop/TestCode/Bang/Content/StarterContent/Blueprints/Assets/M_LightStage_Skybox_Master.uasset"
[2017.11.25-09.06.12:702][  0]LogPackFactory: Copied "../../../Samples/StarterContent/Content/StarterContent/Blueprints/Assets/Skybox.uasset" to "../../../../../../Users/Marcus/Desktop/TestCode/Bang/Content/StarterContent/Blueprints/Assets/Skybox.uasset"
[2017.11.25-09.06.12:929][  0]LogPackFactory: Copied "../../../Samples/StarterContent/Content/StarterContent/Blueprints/Assets/SM_Arrows.uasset" to "../../../../../../Users/Marcus/Desktop/TestCode/Bang/Content/StarterContent/Blueprints/Assets/SM_Arrows.uasset"
[2017.11.25-09.06.13:036][  0]LogPackFactory: Copied "../../../Samples/StarterContent/Content/StarterContent/Blueprints/Assets/SunlightColorLUT.uasset" to "../../../../../../Users/Marcus/Desktop/TestCode/Bang/Content/StarterContent/Blueprints/Assets/SunlightColorLUT.uasset"
[2017.11.25-09.06.28:730][  0]LogPackFactory: Copied "../../../Samples/StarterContent/Content/StarterContent/HDRI/HDRI_Epic_Courtyard_Daylight.uasset" to "../../../../../../Users/Marcus/Desktop/TestCode/Bang/Content/StarterContent/HDRI/HDRI_Epic_Courtyard_Daylight.uasset"
[2017.11.25-09.06.28:799][  0]LogPackFactory: Copied "../../../Samples/StarterContent/Content/StarterContent/Maps/Advanced_Lighting.umap" to "../../../../../../Users/Marcus/Desktop/TestCode/Bang/Content/StarterContent/Maps/Advanced_Lighting.umap"
[2017.11.25-09.06.28:835][  0]LogPackFactory: Copied "../../../Samples/StarterContent/Content/StarterContent/Maps/Advanced_Lighting_BuiltData.uasset" to "../../../../../../Users/Marcus/Desktop/TestCode/Bang/Content/StarterContent/Maps/Advanced_Lighting_BuiltData.uasset"
[2017.11.25-09.06.29:355][  0]LogPackFactory: Copied "../../../Samples/StarterContent/Content/StarterContent/Maps/Minimal_Default.umap" to "../../../../../../Users/Marcus/Desktop/TestCode/Bang/Content/StarterContent/Maps/Minimal_Default.umap"
[2017.11.25-09.06.29:747][  0]LogPackFactory: Copied "../../../Samples/StarterContent/Content/StarterContent/Maps/Minimal_Default_BuiltData.uasset" to "../../../../../../Users/Marcus/Desktop/TestCode/Bang/Content/StarterContent/Maps/Minimal_Default_BuiltData.uasset"
[2017.11.25-09.06.31:367][  0]LogPackFactory: Copied "../../../Samples/StarterContent/Content/StarterContent/Maps/StarterMap.umap" to "../../../../../../Users/Marcus/Desktop/TestCode/Bang/Content/StarterContent/Maps/StarterMap.umap"
[2017.11.25-09.06.33:030][  0]LogPackFactory: Copied "../../../Samples/StarterContent/Content/StarterContent/Maps/StarterMap_BuiltData.uasset" to "../../../../../../Users/Marcus/Desktop/TestCode/Bang/Content/StarterContent/Maps/StarterMap_BuiltData.uasset"
[2017.11.25-09.06.33:077][  0]LogPackFactory: Copied "../../../Samples/StarterContent/Content/StarterContent/Materials/M_AssetPlatform.uasset" to "../../../../../../Users/Marcus/Desktop/TestCode/Bang/Content/StarterContent/Materials/M_AssetPlatform.uasset"
[2017.11.25-09.06.33:264][  0]LogPackFactory: Copied "../../../Samples/StarterContent/Content/StarterContent/Materials/M_Basic_Floor.uasset" to "../../../../../../Users/Marcus/Desktop/TestCode/Bang/Content/StarterContent/Materials/M_Basic_Floor.uasset"
[2017.11.25-09.06.33:307][  0]LogPackFactory: Copied "../../../Samples/StarterContent/Content/StarterContent/Materials/M_Basic_Wall.uasset" to "../../../../../../Users/Marcus/Desktop/TestCode/Bang/Content/StarterContent/Materials/M_Basic_Wall.uasset"
[2017.11.25-09.06.33:345][  0]LogPackFactory: Copied "../../../Samples/StarterContent/Content/StarterContent/Materials/M_Brick_Clay_Beveled.uasset" to "../../../../../../Users/Marcus/Desktop/TestCode/Bang/Content/StarterContent/Materials/M_Brick_Clay_Beveled.uasset"
[2017.11.25-09.06.33:406][  0]LogPackFactory: Copied "../../../Samples/StarterContent/Content/StarterContent/Materials/M_Brick_Clay_New.uasset" to "../../../../../../Users/Marcus/Desktop/TestCode/Bang/Content/StarterContent/Materials/M_Brick_Clay_New.uasset"
[2017.11.25-09.06.33:466][  0]LogPackFactory: Copied "../../../Samples/StarterContent/Content/StarterContent/Materials/M_Brick_Clay_Old.uasset" to "../../../../../../Users/Marcus/Desktop/TestCode/Bang/Content/StarterContent/Materials/M_Brick_Clay_Old.uasset"
[2017.11.25-09.06.33:524][  0]LogPackFactory: Copied "../../../Samples/StarterContent/Content/StarterContent/Materials/M_Brick_Cut_Stone.uasset" to "../../../../../../Users/Marcus/Desktop/TestCode/Bang/Content/StarterContent/Materials/M_Brick_Cut_Stone.uasset"
[2017.11.25-09.06.33:548][  0]LogPackFactory: Copied "../../../Samples/StarterContent/Content/StarterContent/Materials/M_Brick_Hewn_Stone.uasset" to "../../../../../../Users/Marcus/Desktop/TestCode/Bang/Content/StarterContent/Materials/M_Brick_Hewn_Stone.uasset"
[2017.11.25-09.06.33:593][  0]LogPackFactory: Copied "../../../Samples/StarterContent/Content/StarterContent/Materials/M_Ceramic_Tile_Checker.uasset" to "../../../../../../Users/Marcus/Desktop/TestCode/Bang/Content/StarterContent/Materials/M_Ceramic_Tile_Checker.uasset"
[2017.11.25-09.06.33:668][  0]LogPackFactory: Copied "../../../Samples/StarterContent/Content/StarterContent/Materials/M_CobbleStone_Pebble.uasset" to "../../../../../../Users/Marcus/Desktop/TestCode/Bang/Content/StarterContent/Materials/M_CobbleStone_Pebble.uasset"
[2017.11.25-09.06.33:782][  0]LogPackFactory: Copied "../../../Samples/StarterContent/Content/StarterContent/Materials/M_CobbleStone_Rough.uasset" to "../../../../../../Users/Marcus/Desktop/TestCode/Bang/Content/StarterContent/Materials/M_CobbleStone_Rough.uasset"
[2017.11.25-09.06.33:892][  0]LogPackFactory: Copied "../../../Samples/StarterContent/Content/StarterContent/Materials/M_CobbleStone_Smooth.uasset" to "../../../../../../Users/Marcus/Desktop/TestCode/Bang/Content/StarterContent/Materials/M_CobbleStone_Smooth.uasset"
[2017.11.25-09.06.33:946][  0]LogPackFactory: Copied "../../../Samples/StarterContent/Content/StarterContent/Materials/M_ColorGrid_LowSpec.uasset" to "../../../../../../Users/Marcus/Desktop/TestCode/Bang/Content/StarterContent/Materials/M_ColorGrid_LowSpec.uasset"
[2017.11.25-09.06.34:045][  0]LogPackFactory: Copied "../../../Samples/StarterContent/Content/StarterContent/Materials/M_Concrete_Grime.uasset" to "../../../../../../Users/Marcus/Desktop/TestCode/Bang/Content/StarterContent/Materials/M_Concrete_Grime.uasset"
[2017.11.25-09.06.34:096][  0]LogPackFactory: Copied "../../../Samples/StarterContent/Content/StarterContent/Materials/M_Concrete_Panels.uasset" to "../../../../../../Users/Marcus/Desktop/TestCode/Bang/Content/StarterContent/Materials/M_Concrete_Panels.uasset"
[2017.11.25-09.06.34:173][  0]LogPackFactory: Copied "../../../Samples/StarterContent/Content/StarterContent/Materials/M_Concrete_Poured.uasset" to "../../../../../../Users/Marcus/Desktop/TestCode/Bang/Content/StarterContent/Materials/M_Concrete_Poured.uasset"
[2017.11.25-09.06.34:226][  0]LogPackFactory: Copied "../../../Samples/StarterContent/Content/StarterContent/Materials/M_Concrete_Tiles.uasset" to "../../../../../../Users/Marcus/Desktop/TestCode/Bang/Content/StarterContent/Materials/M_Concrete_Tiles.uasset"
[2017.11.25-09.06.34:280][  0]LogPackFactory: Copied "../../../Samples/StarterContent/Content/StarterContent/Materials/M_Glass.uasset" to "../../../../../../Users/Marcus/Desktop/TestCode/Bang/Content/StarterContent/Materials/M_Glass.uasset"
[2017.11.25-09.06.34:336][  0]LogPackFactory: Copied "../../../Samples/StarterContent/Content/StarterContent/Materials/M_Ground_Grass.uasset" to "../../../../../../Users/Marcus/Desktop/TestCode/Bang/Content/StarterContent/Materials/M_Ground_Grass.uasset"
[2017.11.25-09.06.34:409][  0]LogPackFactory: Copied "../../../Samples/StarterContent/Content/StarterContent/Materials/M_Ground_Gravel.uasset" to "../../../../../../Users/Marcus/Desktop/TestCode/Bang/Content/StarterContent/Materials/M_Ground_Gravel.uasset"
[2017.11.25-09.06.34:459][  0]LogPackFactory: Copied "../../../Samples/StarterContent/Content/StarterContent/Materials/M_Ground_Moss.uasset" to "../../../../../../Users/Marcus/Desktop/TestCode/Bang/Content/StarterContent/Materials/M_Ground_Moss.uasset"
[2017.11.25-09.06.34:555][  0]LogPackFactory: Copied "../../../Samples/StarterContent/Content/StarterContent/Materials/M_Metal_Brushed_Nickel.uasset" to "../../../../../../Users/Marcus/Desktop/TestCode/Bang/Content/StarterContent/Materials/M_Metal_Brushed_Nickel.uasset"
[2017.11.25-09.06.34:818][  0]LogPackFactory: Copied "../../../Samples/StarterContent/Content/StarterContent/Materials/M_Metal_Burnished_Steel.uasset" to "../../../../../../Users/Marcus/Desktop/TestCode/Bang/Content/StarterContent/Materials/M_Metal_Burnished_Steel.uasset"
[2017.11.25-09.06.34:880][  0]LogPackFactory: Copied "../../../Samples/StarterContent/Content/StarterContent/Materials/M_Metal_Chrome.uasset" to "../../../../../../Users/Marcus/Desktop/TestCode/Bang/Content/StarterContent/Materials/M_Metal_Chrome.uasset"
[2017.11.25-09.06.34:937][  0]LogPackFactory: Copied "../../../Samples/StarterContent/Content/StarterContent/Materials/M_Metal_Copper.uasset" to "../../../../../../Users/Marcus/Desktop/TestCode/Bang/Content/StarterContent/Materials/M_Metal_Copper.uasset"
[2017.11.25-09.06.35:040][  0]LogPackFactory: Copied "../../../Samples/StarterContent/Content/StarterContent/Materials/M_Metal_Gold.uasset" to "../../../../../../Users/Marcus/Desktop/TestCode/Bang/Content/StarterContent/Materials/M_Metal_Gold.uasset"
[2017.11.25-09.06.35:095][  0]LogPackFactory: Copied "../../../Samples/StarterContent/Content/StarterContent/Materials/M_Metal_Rust.uasset" to "../../../../../../Users/Marcus/Desktop/TestCode/Bang/Content/StarterContent/Materials/M_Metal_Rust.uasset"
[2017.11.25-09.06.35:351][  0]LogPackFactory: Copied "../../../Samples/StarterContent/Content/StarterContent/Materials/M_Metal_Steel.uasset" to "../../../../../../Users/Marcus/Desktop/TestCode/Bang/Content/StarterContent/Materials/M_Metal_Steel.uasset"
[2017.11.25-09.06.35:389][  0]LogPackFactory: Copied "../../../Samples/StarterContent/Content/StarterContent/Materials/M_Rock_Basalt.uasset" to "../../../../../../Users/Marcus/Desktop/TestCode/Bang/Content/StarterContent/Materials/M_Rock_Basalt.uasset"
[2017.11.25-09.06.35:452][  0]LogPackFactory: Copied "../../../Samples/StarterContent/Content/StarterContent/Materials/M_Rock_Marble_Polished.uasset" to "../../../../../../Users/Marcus/Desktop/TestCode/Bang/Content/StarterContent/Materials/M_Rock_Marble_Polished.uasset"
[2017.11.25-09.06.35:533][  0]LogPackFactory: Copied "../../../Samples/StarterContent/Content/StarterContent/Materials/M_Rock_Sandstone.uasset" to "../../../../../../Users/Marcus/Desktop/TestCode/Bang/Content/StarterContent/Materials/M_Rock_Sandstone.uasset"
[2017.11.25-09.06.35:608][  0]LogPackFactory: Copied "../../../Samples/StarterContent/Content/StarterContent/Materials/M_Rock_Slate.uasset" to "../../../../../../Users/Marcus/Desktop/TestCode/Bang/Content/StarterContent/Materials/M_Rock_Slate.uasset"
[2017.11.25-09.06.35:660][  0]LogPackFactory: Copied "../../../Samples/StarterContent/Content/StarterContent/Materials/M_Tech_Checker_Dot.uasset" to "../../../../../../Users/Marcus/Desktop/TestCode/Bang/Content/StarterContent/Materials/M_Tech_Checker_Dot.uasset"
[2017.11.25-09.06.35:746][  0]LogPackFactory: Copied "../../../Samples/StarterContent/Content/StarterContent/Materials/M_Tech_Hex_Tile.uasset" to "../../../../../../Users/Marcus/Desktop/TestCode/Bang/Content/StarterContent/Materials/M_Tech_Hex_Tile.uasset"
[2017.11.25-09.06.35:828][  0]LogPackFactory: Copied "../../../Samples/StarterContent/Content/StarterContent/Materials/M_Tech_Hex_Tile_Pulse.uasset" to "../../../../../../Users/Marcus/Desktop/TestCode/Bang/Content/StarterContent/Materials/M_Tech_Hex_Tile_Pulse.uasset"
[2017.11.25-09.06.35:950][  0]LogPackFactory: Copied "../../../Samples/StarterContent/Content/StarterContent/Materials/M_Tech_Panel.uasset" to "../../../../../../Users/Marcus/Desktop/TestCode/Bang/Content/StarterContent/Materials/M_Tech_Panel.uasset"
[2017.11.25-09.06.36:034][  0]LogPackFactory: Copied "../../../Samples/StarterContent/Content/StarterContent/Materials/M_Water_Lake.uasset" to "../../../../../../Users/Marcus/Desktop/TestCode/Bang/Content/StarterContent/Materials/M_Water_Lake.uasset"
[2017.11.25-09.06.36:187][  0]LogPackFactory: Copied "../../../Samples/StarterContent/Content/StarterContent/Materials/M_Water_Ocean.uasset" to "../../../../../../Users/Marcus/Desktop/TestCode/Bang/Content/StarterContent/Materials/M_Water_Ocean.uasset"
[2017.11.25-09.06.36:273][  0]LogPackFactory: Copied "../../../Samples/StarterContent/Content/StarterContent/Materials/M_Wood_Floor_Walnut_Polished.uasset" to "../../../../../../Users/Marcus/Desktop/TestCode/Bang/Content/StarterContent/Materials/M_Wood_Floor_Walnut_Polished.uasset"
[2017.11.25-09.06.36:394][  0]LogPackFactory: Copied "../../../Samples/StarterContent/Content/StarterContent/Materials/M_Wood_Floor_Walnut_Worn.uasset" to "../../../../../../Users/Marcus/Desktop/TestCode/Bang/Content/StarterContent/Materials/M_Wood_Floor_Walnut_Worn.uasset"
[2017.11.25-09.06.36:419][  0]LogPackFactory: Copied "../../../Samples/StarterContent/Content/StarterContent/Materials/M_Wood_Oak.uasset" to "../../../../../../Users/Marcus/Desktop/TestCode/Bang/Content/StarterContent/Materials/M_Wood_Oak.uasset"
[2017.11.25-09.06.36:474][  0]LogPackFactory: Copied "../../../Samples/StarterContent/Content/StarterContent/Materials/M_Wood_Pine.uasset" to "../../../../../../Users/Marcus/Desktop/TestCode/Bang/Content/StarterContent/Materials/M_Wood_Pine.uasset"
[2017.11.25-09.06.36:522][  0]LogPackFactory: Copied "../../../Samples/StarterContent/Content/StarterContent/Materials/M_Wood_Walnut.uasset" to "../../../../../../Users/Marcus/Desktop/TestCode/Bang/Content/StarterContent/Materials/M_Wood_Walnut.uasset"
[2017.11.25-09.06.36:568][  0]LogPackFactory: Copied "../../../Samples/StarterContent/Content/StarterContent/Particles/P_Ambient_Dust.uasset" to "../../../../../../Users/Marcus/Desktop/TestCode/Bang/Content/StarterContent/Particles/P_Ambient_Dust.uasset"
[2017.11.25-09.06.36:707][  0]LogPackFactory: Copied "../../../Samples/StarterContent/Content/StarterContent/Particles/P_Explosion.uasset" to "../../../../../../Users/Marcus/Desktop/TestCode/Bang/Content/StarterContent/Particles/P_Explosion.uasset"
[2017.11.25-09.06.36:943][  0]LogPackFactory: Copied "../../../Samples/StarterContent/Content/StarterContent/Particles/P_Fire.uasset" to "../../../../../../Users/Marcus/Desktop/TestCode/Bang/Content/StarterContent/Particles/P_Fire.uasset"
[2017.11.25-09.06.37:016][  0]LogPackFactory: Copied "../../../Samples/StarterContent/Content/StarterContent/Particles/P_Smoke.uasset" to "../../../../../../Users/Marcus/Desktop/TestCode/Bang/Content/StarterContent/Particles/P_Smoke.uasset"
[2017.11.25-09.06.37:114][  0]LogPackFactory: Copied "../../../Samples/StarterContent/Content/StarterContent/Particles/P_Sparks.uasset" to "../../../../../../Users/Marcus/Desktop/TestCode/Bang/Content/StarterContent/Particles/P_Sparks.uasset"
[2017.11.25-09.06.37:238][  0]LogPackFactory: Copied "../../../Samples/StarterContent/Content/StarterContent/Particles/P_Steam_Lit.uasset" to "../../../../../../Users/Marcus/Desktop/TestCode/Bang/Content/StarterContent/Particles/P_Steam_Lit.uasset"
[2017.11.25-09.06.37:419][  0]LogPackFactory: Copied "../../../Samples/StarterContent/Content/StarterContent/Particles/Materials/M_Burst.uasset" to "../../../../../../Users/Marcus/Desktop/TestCode/Bang/Content/StarterContent/Particles/Materials/M_Burst.uasset"
[2017.11.25-09.06.37:457][  0]LogPackFactory: Copied "../../../Samples/StarterContent/Content/StarterContent/Particles/Materials/M_Dust_Particle.uasset" to "../../../../../../Users/Marcus/Desktop/TestCode/Bang/Content/StarterContent/Particles/Materials/M_Dust_Particle.uasset"
[2017.11.25-09.06.37:492][  0]LogPackFactory: Copied "../../../Samples/StarterContent/Content/StarterContent/Particles/Materials/M_explosion_subUV.uasset" to "../../../../../../Users/Marcus/Desktop/TestCode/Bang/Content/StarterContent/Particles/Materials/M_explosion_subUV.uasset"
[2017.11.25-09.06.37:613][  0]LogPackFactory: Copied "../../../Samples/StarterContent/Content/StarterContent/Particles/Materials/M_Fire_SubUV.uasset" to "../../../../../../Users/Marcus/Desktop/TestCode/Bang/Content/StarterContent/Particles/Materials/M_Fire_SubUV.uasset"
[2017.11.25-09.06.37:675][  0]LogPackFactory: Copied "../../../Samples/StarterContent/Content/StarterContent/Particles/Materials/m_flare_01.uasset" to "../../../../../../Users/Marcus/Desktop/TestCode/Bang/Content/StarterContent/Particles/Materials/m_flare_01.uasset"
[2017.11.25-09.06.37:716][  0]LogPackFactory: Copied "../../../Samples/StarterContent/Content/StarterContent/Particles/Materials/M_Heat_Distortion.uasset" to "../../../../../../Users/Marcus/Desktop/TestCode/Bang/Content/StarterContent/Particles/Materials/M_Heat_Distortion.uasset"
[2017.11.25-09.06.37:734][  0]LogPackFactory: Copied "../../../Samples/StarterContent/Content/StarterContent/Particles/Materials/M_Radial_Gradient.uasset" to "../../../../../../Users/Marcus/Desktop/TestCode/Bang/Content/StarterContent/Particles/Materials/M_Radial_Gradient.uasset"
[2017.11.25-09.06.37:760][  0]LogPackFactory: Copied "../../../Samples/StarterContent/Content/StarterContent/Particles/Materials/M_radial_ramp.uasset" to "../../../../../../Users/Marcus/Desktop/TestCode/Bang/Content/StarterContent/Particles/Materials/M_radial_ramp.uasset"
[2017.11.25-09.06.37:811][  0]LogPackFactory: Copied "../../../Samples/StarterContent/Content/StarterContent/Particles/Materials/M_smoke_subUV.uasset" to "../../../../../../Users/Marcus/Desktop/TestCode/Bang/Content/StarterContent/Particles/Materials/M_smoke_subUV.uasset"
[2017.11.25-09.06.37:890][  0]LogPackFactory: Copied "../../../Samples/StarterContent/Content/StarterContent/Particles/Materials/M_Spark.uasset" to "../../../../../../Users/Marcus/Desktop/TestCode/Bang/Content/StarterContent/Particles/Materials/M_Spark.uasset"
[2017.11.25-09.06.38:015][  0]LogPackFactory: Copied "../../../Samples/StarterContent/Content/StarterContent/Props/MaterialSphere.uasset" to "../../../../../../Users/Marcus/Desktop/TestCode/Bang/Content/StarterContent/Props/MaterialSphere.uasset"
[2017.11.25-09.06.38:060][  0]LogPackFactory: Copied "../../../Samples/StarterContent/Content/StarterContent/Props/SM_Bush.uasset" to "../../../../../../Users/Marcus/Desktop/TestCode/Bang/Content/StarterContent/Props/SM_Bush.uasset"
[2017.11.25-09.06.38:117][  0]LogPackFactory: Copied "../../../Samples/StarterContent/Content/StarterContent/Props/SM_Chair.uasset" to "../../../../../../Users/Marcus/Desktop/TestCode/Bang/Content/StarterContent/Props/SM_Chair.uasset"
[2017.11.25-09.06.38:179][  0]LogPackFactory: Copied "../../../Samples/StarterContent/Content/StarterContent/Props/SM_CornerFrame.uasset" to "../../../../../../Users/Marcus/Desktop/TestCode/Bang/Content/StarterContent/Props/SM_CornerFrame.uasset"
[2017.11.25-09.06.38:217][  0]LogPackFactory: Copied "../../../Samples/StarterContent/Content/StarterContent/Props/SM_Couch.uasset" to "../../../../../../Users/Marcus/Desktop/TestCode/Bang/Content/StarterContent/Props/SM_Couch.uasset"
[2017.11.25-09.06.38:371][  0]LogPackFactory: Copied "../../../Samples/StarterContent/Content/StarterContent/Props/SM_Door.uasset" to "../../../../../../Users/Marcus/Desktop/TestCode/Bang/Content/StarterContent/Props/SM_Door.uasset"
[2017.11.25-09.06.38:448][  0]LogPackFactory: Copied "../../../Samples/StarterContent/Content/StarterContent/Props/SM_DoorFrame.uasset" to "../../../../../../Users/Marcus/Desktop/TestCode/Bang/Content/StarterContent/Props/SM_DoorFrame.uasset"
[2017.11.25-09.06.38:499][  0]LogPackFactory: Copied "../../../Samples/StarterContent/Content/StarterContent/Props/SM_GlassWindow.uasset" to "../../../../../../Users/Marcus/Desktop/TestCode/Bang/Content/StarterContent/Props/SM_GlassWindow.uasset"
[2017.11.25-09.06.38:598][  0]LogPackFactory: Copied "../../../Samples/StarterContent/Content/StarterContent/Props/SM_Lamp_Ceiling.uasset" to "../../../../../../Users/Marcus/Desktop/TestCode/Bang/Content/StarterContent/Props/SM_Lamp_Ceiling.uasset"
[2017.11.25-09.06.38:849][  0]LogPackFactory: Copied "../../../Samples/StarterContent/Content/StarterContent/Props/SM_Lamp_Wall.uasset" to "../../../../../../Users/Marcus/Desktop/TestCode/Bang/Content/StarterContent/Props/SM_Lamp_Wall.uasset"
[2017.11.25-09.06.39:535][  0]LogPackFactory: Copied "../../../Samples/StarterContent/Content/StarterContent/Props/SM_MatPreviewMesh_02.uasset" to "../../../../../../Users/Marcus/Desktop/TestCode/Bang/Content/StarterContent/Props/SM_MatPreviewMesh_02.uasset"
[2017.11.25-09.06.39:592][  0]LogPackFactory: Copied "../../../Samples/StarterContent/Content/StarterContent/Props/SM_PillarFrame.uasset" to "../../../../../../Users/Marcus/Desktop/TestCode/Bang/Content/StarterContent/Props/SM_PillarFrame.uasset"
[2017.11.25-09.06.39:651][  0]LogPackFactory: Copied "../../../Samples/StarterContent/Content/StarterContent/Props/SM_PillarFrame300.uasset" to "../../../../../../Users/Marcus/Desktop/TestCode/Bang/Content/StarterContent/Props/SM_PillarFrame300.uasset"
[2017.11.25-09.06.39:728][  0]LogPackFactory: Copied "../../../Samples/StarterContent/Content/StarterContent/Props/SM_Rock.uasset" to "../../../../../../Users/Marcus/Desktop/TestCode/Bang/Content/StarterContent/Props/SM_Rock.uasset"
[2017.11.25-09.06.39:815][  0]LogPackFactory: Copied "../../../Samples/StarterContent/Content/StarterContent/Props/SM_Shelf.uasset" to "../../../../../../Users/Marcus/Desktop/TestCode/Bang/Content/StarterContent/Props/SM_Shelf.uasset"
[2017.11.25-09.06.39:843][  0]LogPackFactory: Copied "../../../Samples/StarterContent/Content/StarterContent/Props/SM_Stairs.uasset" to "../../../../../../Users/Marcus/Desktop/TestCode/Bang/Content/StarterContent/Props/SM_Stairs.uasset"
[2017.11.25-09.06.40:214][  0]LogPackFactory: Copied "../../../Samples/StarterContent/Content/StarterContent/Props/SM_Statue.uasset" to "../../../../../../Users/Marcus/Desktop/TestCode/Bang/Content/StarterContent/Props/SM_Statue.uasset"
[2017.11.25-09.06.40:501][  0]LogPackFactory: Copied "../../../Samples/StarterContent/Content/StarterContent/Props/SM_TableRound.uasset" to "../../../../../../Users/Marcus/Desktop/TestCode/Bang/Content/StarterContent/Props/SM_TableRound.uasset"
[2017.11.25-09.06.40:766][  0]LogPackFactory: Copied "../../../Samples/StarterContent/Content/StarterContent/Props/SM_WindowFrame.uasset" to "../../../../../../Users/Marcus/Desktop/TestCode/Bang/Content/StarterContent/Props/SM_WindowFrame.uasset"
[2017.11.25-09.06.41:038][  0]LogPackFactory: Copied "../../../Samples/StarterContent/Content/StarterContent/Props/Materials/M_Bush.uasset" to "../../../../../../Users/Marcus/Desktop/TestCode/Bang/Content/StarterContent/Props/Materials/M_Bush.uasset"
[2017.11.25-09.06.41:097][  0]LogPackFactory: Copied "../../../Samples/StarterContent/Content/StarterContent/Props/Materials/M_Chair.uasset" to "../../../../../../Users/Marcus/Desktop/TestCode/Bang/Content/StarterContent/Props/Materials/M_Chair.uasset"
[2017.11.25-09.06.41:141][  0]LogPackFactory: Copied "../../../Samples/StarterContent/Content/StarterContent/Props/Materials/M_Door.uasset" to "../../../../../../Users/Marcus/Desktop/TestCode/Bang/Content/StarterContent/Props/Materials/M_Door.uasset"
[2017.11.25-09.06.41:230][  0]LogPackFactory: Copied "../../../Samples/StarterContent/Content/StarterContent/Props/Materials/M_Frame.uasset" to "../../../../../../Users/Marcus/Desktop/TestCode/Bang/Content/StarterContent/Props/Materials/M_Frame.uasset"
[2017.11.25-09.06.41:304][  0]LogPackFactory: Copied "../../../Samples/StarterContent/Content/StarterContent/Props/Materials/M_Lamp.uasset" to "../../../../../../Users/Marcus/Desktop/TestCode/Bang/Content/StarterContent/Props/Materials/M_Lamp.uasset"
[2017.11.25-09.06.41:544][  0]LogPackFactory: Copied "../../../Samples/StarterContent/Content/StarterContent/Props/Materials/M_MaterialSphere.uasset" to "../../../../../../Users/Marcus/Desktop/TestCode/Bang/Content/StarterContent/Props/Materials/M_MaterialSphere.uasset"
[2017.11.25-09.06.41:622][  0]LogPackFactory: Copied "../../../Samples/StarterContent/Content/StarterContent/Props/Materials/M_MaterialSphere_Plain.uasset" to "../../../../../../Users/Marcus/Desktop/TestCode/Bang/Content/StarterContent/Props/Materials/M_MaterialSphere_Plain.uasset"
[2017.11.25-09.06.41:704][  0]LogPackFactory: Copied "../../../Samples/StarterContent/Content/StarterContent/Props/Materials/M_Rock.uasset" to "../../../../../../Users/Marcus/Desktop/TestCode/Bang/Content/StarterContent/Props/Materials/M_Rock.uasset"
[2017.11.25-09.06.41:758][  0]LogPackFactory: Copied "../../../Samples/StarterContent/Content/StarterContent/Props/Materials/M_Shelf.uasset" to "../../../../../../Users/Marcus/Desktop/TestCode/Bang/Content/StarterContent/Props/Materials/M_Shelf.uasset"
[2017.11.25-09.06.41:793][  0]LogPackFactory: Copied "../../../Samples/StarterContent/Content/StarterContent/Props/Materials/M_Statue.uasset" to "../../../../../../Users/Marcus/Desktop/TestCode/Bang/Content/StarterContent/Props/Materials/M_Statue.uasset"
[2017.11.25-09.06.41:902][  0]LogPackFactory: Copied "../../../Samples/StarterContent/Content/StarterContent/Props/Materials/M_StatueGlass.uasset" to "../../../../../../Users/Marcus/Desktop/TestCode/Bang/Content/StarterContent/Props/Materials/M_StatueGlass.uasset"
[2017.11.25-09.06.41:981][  0]LogPackFactory: Copied "../../../Samples/StarterContent/Content/StarterContent/Props/Materials/M_TableRound.uasset" to "../../../../../../Users/Marcus/Desktop/TestCode/Bang/Content/StarterContent/Props/Materials/M_TableRound.uasset"
[2017.11.25-09.06.42:030][  0]LogPackFactory: Copied "../../../Samples/StarterContent/Content/StarterContent/Shapes/Shape_Cone.uasset" to "../../../../../../Users/Marcus/Desktop/TestCode/Bang/Content/StarterContent/Shapes/Shape_Cone.uasset"
[2017.11.25-09.06.42:101][  0]LogPackFactory: Copied "../../../Samples/StarterContent/Content/StarterContent/Shapes/Shape_Cube.uasset" to "../../../../../../Users/Marcus/Desktop/TestCode/Bang/Content/StarterContent/Shapes/Shape_Cube.uasset"
[2017.11.25-09.06.42:221][  0]LogPackFactory: Copied "../../../Samples/StarterContent/Content/StarterContent/Shapes/Shape_Cylinder.uasset" to "../../../../../../Users/Marcus/Desktop/TestCode/Bang/Content/StarterContent/Shapes/Shape_Cylinder.uasset"
[2017.11.25-09.06.42:307][  0]LogPackFactory: Copied "../../../Samples/StarterContent/Content/StarterContent/Shapes/Shape_NarrowCapsule.uasset" to "../../../../../../Users/Marcus/Desktop/TestCode/Bang/Content/StarterContent/Shapes/Shape_NarrowCapsule.uasset"
[2017.11.25-09.06.42:386][  0]LogPackFactory: Copied "../../../Samples/StarterContent/Content/StarterContent/Shapes/Shape_Pipe.uasset" to "../../../../../../Users/Marcus/Desktop/TestCode/Bang/Content/StarterContent/Shapes/Shape_Pipe.uasset"
[2017.11.25-09.06.42:436][  0]LogPackFactory: Copied "../../../Samples/StarterContent/Content/StarterContent/Shapes/Shape_Pipe_180.uasset" to "../../../../../../Users/Marcus/Desktop/TestCode/Bang/Content/StarterContent/Shapes/Shape_Pipe_180.uasset"
[2017.11.25-09.06.42:483][  0]LogPackFactory: Copied "../../../Samples/StarterContent/Content/StarterContent/Shapes/Shape_Pipe_90.uasset" to "../../../../../../Users/Marcus/Desktop/TestCode/Bang/Content/StarterContent/Shapes/Shape_Pipe_90.uasset"
[2017.11.25-09.06.42:525][  0]LogPackFactory: Copied "../../../Samples/StarterContent/Content/StarterContent/Shapes/Shape_Plane.uasset" to "../../../../../../Users/Marcus/Desktop/TestCode/Bang/Content/StarterContent/Shapes/Shape_Plane.uasset"
[2017.11.25-09.06.42:574][  0]LogPackFactory: Copied "../../../Samples/StarterContent/Content/StarterContent/Shapes/Shape_QuadPyramid.uasset" to "../../../../../../Users/Marcus/Desktop/TestCode/Bang/Content/StarterContent/Shapes/Shape_QuadPyramid.uasset"
[2017.11.25-09.06.42:659][  0]LogPackFactory: Copied "../../../Samples/StarterContent/Content/StarterContent/Shapes/Shape_Sphere.uasset" to "../../../../../../Users/Marcus/Desktop/TestCode/Bang/Content/StarterContent/Shapes/Shape_Sphere.uasset"
[2017.11.25-09.06.42:969][  0]LogPackFactory: Copied "../../../Samples/StarterContent/Content/StarterContent/Shapes/Shape_Torus.uasset" to "../../../../../../Users/Marcus/Desktop/TestCode/Bang/Content/StarterContent/Shapes/Shape_Torus.uasset"
[2017.11.25-09.06.43:008][  0]LogPackFactory: Copied "../../../Samples/StarterContent/Content/StarterContent/Shapes/Shape_Trim.uasset" to "../../../../../../Users/Marcus/Desktop/TestCode/Bang/Content/StarterContent/Shapes/Shape_Trim.uasset"
[2017.11.25-09.06.43:069][  0]LogPackFactory: Copied "../../../Samples/StarterContent/Content/StarterContent/Shapes/Shape_Trim_90_In.uasset" to "../../../../../../Users/Marcus/Desktop/TestCode/Bang/Content/StarterContent/Shapes/Shape_Trim_90_In.uasset"
[2017.11.25-09.06.43:106][  0]LogPackFactory: Copied "../../../Samples/StarterContent/Content/StarterContent/Shapes/Shape_Trim_90_Out.uasset" to "../../../../../../Users/Marcus/Desktop/TestCode/Bang/Content/StarterContent/Shapes/Shape_Trim_90_Out.uasset"
[2017.11.25-09.06.43:189][  0]LogPackFactory: Copied "../../../Samples/StarterContent/Content/StarterContent/Shapes/Shape_TriPyramid.uasset" to "../../../../../../Users/Marcus/Desktop/TestCode/Bang/Content/StarterContent/Shapes/Shape_TriPyramid.uasset"
[2017.11.25-09.06.43:240][  0]LogPackFactory: Copied "../../../Samples/StarterContent/Content/StarterContent/Shapes/Shape_Tube.uasset" to "../../../../../../Users/Marcus/Desktop/TestCode/Bang/Content/StarterContent/Shapes/Shape_Tube.uasset"
[2017.11.25-09.06.43:273][  0]LogPackFactory: Copied "../../../Samples/StarterContent/Content/StarterContent/Shapes/Shape_Wedge_A.uasset" to "../../../../../../Users/Marcus/Desktop/TestCode/Bang/Content/StarterContent/Shapes/Shape_Wedge_A.uasset"
[2017.11.25-09.06.43:307][  0]LogPackFactory: Copied "../../../Samples/StarterContent/Content/StarterContent/Shapes/Shape_Wedge_B.uasset" to "../../../../../../Users/Marcus/Desktop/TestCode/Bang/Content/StarterContent/Shapes/Shape_Wedge_B.uasset"
[2017.11.25-09.06.43:407][  0]LogPackFactory: Copied "../../../Samples/StarterContent/Content/StarterContent/Shapes/Shape_WideCapsule.uasset" to "../../../../../../Users/Marcus/Desktop/TestCode/Bang/Content/StarterContent/Shapes/Shape_WideCapsule.uasset"
[2017.11.25-09.06.45:758][  0]LogPackFactory: Copied "../../../Samples/StarterContent/Content/StarterContent/Textures/T_Brick_Clay_Beveled_D.uasset" to "../../../../../../Users/Marcus/Desktop/TestCode/Bang/Content/StarterContent/Textures/T_Brick_Clay_Beveled_D.uasset"
[2017.11.25-09.06.47:293][  0]LogPackFactory: Copied "../../../Samples/StarterContent/Content/StarterContent/Textures/T_Brick_Clay_Beveled_M.uasset" to "../../../../../../Users/Marcus/Desktop/TestCode/Bang/Content/StarterContent/Textures/T_Brick_Clay_Beveled_M.uasset"
[2017.11.25-09.06.48:492][  0]LogPackFactory: Copied "../../../Samples/StarterContent/Content/StarterContent/Textures/T_Brick_Clay_Beveled_N.uasset" to "../../../../../../Users/Marcus/Desktop/TestCode/Bang/Content/StarterContent/Textures/T_Brick_Clay_Beveled_N.uasset"
[2017.11.25-09.06.50:251][  0]LogPackFactory: Copied "../../../Samples/StarterContent/Content/StarterContent/Textures/T_Brick_Clay_New_D.uasset" to "../../../../../../Users/Marcus/Desktop/TestCode/Bang/Content/StarterContent/Textures/T_Brick_Clay_New_D.uasset"
[2017.11.25-09.06.52:429][  0]LogPackFactory: Copied "../../../Samples/StarterContent/Content/StarterContent/Textures/T_Brick_Clay_New_M.uasset" to "../../../../../../Users/Marcus/Desktop/TestCode/Bang/Content/StarterContent/Textures/T_Brick_Clay_New_M.uasset"
[2017.11.25-09.06.54:295][  0]LogPackFactory: Copied "../../../Samples/StarterContent/Content/StarterContent/Textures/T_Brick_Clay_New_N.uasset" to "../../../../../../Users/Marcus/Desktop/TestCode/Bang/Content/StarterContent/Textures/T_Brick_Clay_New_N.uasset"
[2017.11.25-09.06.56:857][  0]LogPackFactory: Copied "../../../Samples/StarterContent/Content/StarterContent/Textures/T_Brick_Clay_Old_D.uasset" to "../../../../../../Users/Marcus/Desktop/TestCode/Bang/Content/StarterContent/Textures/T_Brick_Clay_Old_D.uasset"
[2017.11.25-09.06.58:544][  0]LogPackFactory: Copied "../../../Samples/StarterContent/Content/StarterContent/Textures/T_Brick_Clay_Old_N.uasset" to "../../../../../../Users/Marcus/Desktop/TestCode/Bang/Content/StarterContent/Textures/T_Brick_Clay_Old_N.uasset"
[2017.11.25-09.07.03:967][  0]LogPackFactory: Copied "../../../Samples/StarterContent/Content/StarterContent/Textures/T_Brick_Cut_Stone_D.uasset" to "../../../../../../Users/Marcus/Desktop/TestCode/Bang/Content/StarterContent/Textures/T_Brick_Cut_Stone_D.uasset"
[2017.11.25-09.07.04:523][  0]LogPackFactory: Copied "../../../Samples/StarterContent/Content/StarterContent/Textures/T_Brick_Cut_Stone_N.uasset" to "../../../../../../Users/Marcus/Desktop/TestCode/Bang/Content/StarterContent/Textures/T_Brick_Cut_Stone_N.uasset"
[2017.11.25-09.07.06:782][  0]LogPackFactory: Copied "../../../Samples/StarterContent/Content/StarterContent/Textures/T_Brick_Hewn_Stone_D.uasset" to "../../../../../../Users/Marcus/Desktop/TestCode/Bang/Content/StarterContent/Textures/T_Brick_Hewn_Stone_D.uasset"
[2017.11.25-09.07.08:771][  0]LogPackFactory: Copied "../../../Samples/StarterContent/Content/StarterContent/Textures/T_Brick_Hewn_Stone_M.uasset" to "../../../../../../Users/Marcus/Desktop/TestCode/Bang/Content/StarterContent/Textures/T_Brick_Hewn_Stone_M.uasset"
[2017.11.25-09.07.10:453][  0]LogPackFactory: Copied "../../../Samples/StarterContent/Content/StarterContent/Textures/T_Brick_Hewn_Stone_N.uasset" to "../../../../../../Users/Marcus/Desktop/TestCode/Bang/Content/StarterContent/Textures/T_Brick_Hewn_Stone_N.uasset"
[2017.11.25-09.07.10:520][  0]LogPackFactory: Copied "../../../Samples/StarterContent/Content/StarterContent/Textures/T_Burst_M.uasset" to "../../../../../../Users/Marcus/Desktop/TestCode/Bang/Content/StarterContent/Textures/T_Burst_M.uasset"
[2017.11.25-09.07.10:766][  0]LogPackFactory: Copied "../../../Samples/StarterContent/Content/StarterContent/Textures/T_Bush_D.uasset" to "../../../../../../Users/Marcus/Desktop/TestCode/Bang/Content/StarterContent/Textures/T_Bush_D.uasset"
[2017.11.25-09.07.10:854][  0]LogPackFactory: Copied "../../../Samples/StarterContent/Content/StarterContent/Textures/T_Bush_N.uasset" to "../../../../../../Users/Marcus/Desktop/TestCode/Bang/Content/StarterContent/Textures/T_Bush_N.uasset"
[2017.11.25-09.07.10:920][  0]LogPackFactory: Copied "../../../Samples/StarterContent/Content/StarterContent/Textures/T_Ceramic_Tile_M.uasset" to "../../../../../../Users/Marcus/Desktop/TestCode/Bang/Content/StarterContent/Textures/T_Ceramic_Tile_M.uasset"
[2017.11.25-09.07.10:985][  0]LogPackFactory: Copied "../../../Samples/StarterContent/Content/StarterContent/Textures/T_Ceramic_Tile_N.uasset" to "../../../../../../Users/Marcus/Desktop/TestCode/Bang/Content/StarterContent/Textures/T_Ceramic_Tile_N.uasset"
[2017.11.25-09.07.11:145][  0]LogPackFactory: Copied "../../../Samples/StarterContent/Content/StarterContent/Textures/T_Chair_M.uasset" to "../../../../../../Users/Marcus/Desktop/TestCode/Bang/Content/StarterContent/Textures/T_Chair_M.uasset"
[2017.11.25-09.07.11:685][  0]LogPackFactory: Copied "../../../Samples/StarterContent/Content/StarterContent/Textures/T_Chair_N.uasset" to "../../../../../../Users/Marcus/Desktop/TestCode/Bang/Content/StarterContent/Textures/T_Chair_N.uasset"
[2017.11.25-09.07.11:744][  0]LogPackFactory: Copied "../../../Samples/StarterContent/Content/StarterContent/Textures/T_Checker_Noise_M.uasset" to "../../../../../../Users/Marcus/Desktop/TestCode/Bang/Content/StarterContent/Textures/T_Checker_Noise_M.uasset"
[2017.11.25-09.07.14:984][  0]LogPackFactory: Copied "../../../Samples/StarterContent/Content/StarterContent/Textures/T_CobbleStone_Pebble_D.uasset" to "../../../../../../Users/Marcus/Desktop/TestCode/Bang/Content/StarterContent/Textures/T_CobbleStone_Pebble_D.uasset"
[2017.11.25-09.07.15:377][  0]LogPackFactory: Copied "../../../Samples/StarterContent/Content/StarterContent/Textures/T_CobbleStone_Pebble_M.uasset" to "../../../../../../Users/Marcus/Desktop/TestCode/Bang/Content/StarterContent/Textures/T_CobbleStone_Pebble_M.uasset"
[2017.11.25-09.07.17:333][  0]LogPackFactory: Copied "../../../Samples/StarterContent/Content/StarterContent/Textures/T_CobbleStone_Pebble_N.uasset" to "../../../../../../Users/Marcus/Desktop/TestCode/Bang/Content/StarterContent/Textures/T_CobbleStone_Pebble_N.uasset"
[2017.11.25-09.07.17:923][  0]LogPackFactory: Copied "../../../Samples/StarterContent/Content/StarterContent/Textures/T_CobbleStone_Rough_D.uasset" to "../../../../../../Users/Marcus/Desktop/TestCode/Bang/Content/StarterContent/Textures/T_CobbleStone_Rough_D.uasset"
[2017.11.25-09.07.18:890][  0]LogPackFactory: Copied "../../../Samples/StarterContent/Content/StarterContent/Textures/T_CobbleStone_Rough_N.uasset" to "../../../../../../Users/Marcus/Desktop/TestCode/Bang/Content/StarterContent/Textures/T_CobbleStone_Rough_N.uasset"
[2017.11.25-09.07.19:911][  0]LogPackFactory: Copied "../../../Samples/StarterContent/Content/StarterContent/Textures/T_CobbleStone_Smooth_D.uasset" to "../../../../../../Users/Marcus/Desktop/TestCode/Bang/Content/StarterContent/Textures/T_CobbleStone_Smooth_D.uasset"
[2017.11.25-09.07.20:938][  0]LogPackFactory: Copied "../../../Samples/StarterContent/Content/StarterContent/Textures/T_CobbleStone_Smooth_M.uasset" to "../../../../../../Users/Marcus/Desktop/TestCode/Bang/Content/StarterContent/Textures/T_CobbleStone_Smooth_M.uasset"
[2017.11.25-09.07.22:442][  0]LogPackFactory: Copied "../../../Samples/StarterContent/Content/StarterContent/Textures/T_CobbleStone_Smooth_N.uasset" to "../../../../../../Users/Marcus/Desktop/TestCode/Bang/Content/StarterContent/Textures/T_CobbleStone_Smooth_N.uasset"
[2017.11.25-09.07.24:694][  0]LogPackFactory: Copied "../../../Samples/StarterContent/Content/StarterContent/Textures/T_Concrete_Grime_D.uasset" to "../../../../../../Users/Marcus/Desktop/TestCode/Bang/Content/StarterContent/Textures/T_Concrete_Grime_D.uasset"
[2017.11.25-09.07.26:133][  0]LogPackFactory: Copied "../../../Samples/StarterContent/Content/StarterContent/Textures/T_Concrete_Panels_D.uasset" to "../../../../../../Users/Marcus/Desktop/TestCode/Bang/Content/StarterContent/Textures/T_Concrete_Panels_D.uasset"
[2017.11.25-09.07.27:103][  0]LogPackFactory: Copied "../../../Samples/StarterContent/Content/StarterContent/Textures/T_Concrete_Panels_N.uasset" to "../../../../../../Users/Marcus/Desktop/TestCode/Bang/Content/StarterContent/Textures/T_Concrete_Panels_N.uasset"
[2017.11.25-09.07.28:110][  0]LogPackFactory: Copied "../../../Samples/StarterContent/Content/StarterContent/Textures/T_Concrete_Poured_D.uasset" to "../../../../../../Users/Marcus/Desktop/TestCode/Bang/Content/StarterContent/Textures/T_Concrete_Poured_D.uasset"
[2017.11.25-09.07.28:752][  0]LogPackFactory: Copied "../../../Samples/StarterContent/Content/StarterContent/Textures/T_Concrete_Poured_N.uasset" to "../../../../../../Users/Marcus/Desktop/TestCode/Bang/Content/StarterContent/Textures/T_Concrete_Poured_N.uasset"
[2017.11.25-09.07.29:347][  0]LogPackFactory: Copied "../../../Samples/StarterContent/Content/StarterContent/Textures/T_Concrete_Tiles_D.uasset" to "../../../../../../Users/Marcus/Desktop/TestCode/Bang/Content/StarterContent/Textures/T_Concrete_Tiles_D.uasset"
[2017.11.25-09.07.29:549][  0]LogPackFactory: Copied "../../../Samples/StarterContent/Content/StarterContent/Textures/T_Concrete_Tiles_M.uasset" to "../../../../../../Users/Marcus/Desktop/TestCode/Bang/Content/StarterContent/Textures/T_Concrete_Tiles_M.uasset"
[2017.11.25-09.07.30:181][  0]LogPackFactory: Copied "../../../Samples/StarterContent/Content/StarterContent/Textures/T_Concrete_Tiles_N.uasset" to "../../../../../../Users/Marcus/Desktop/TestCode/Bang/Content/StarterContent/Textures/T_Concrete_Tiles_N.uasset"
[2017.11.25-09.07.30:212][  0]LogPackFactory: Copied "../../../Samples/StarterContent/Content/StarterContent/Textures/T_Concrete_Tiles_Variation_M.uasset" to "../../../../../../Users/Marcus/Desktop/TestCode/Bang/Content/StarterContent/Textures/T_Concrete_Tiles_Variation_M.uasset"
[2017.11.25-09.07.30:868][  0]LogPackFactory: Copied "../../../Samples/StarterContent/Content/StarterContent/Textures/T_Detail_Rocky_N.uasset" to "../../../../../../Users/Marcus/Desktop/TestCode/Bang/Content/StarterContent/Textures/T_Detail_Rocky_N.uasset"
[2017.11.25-09.07.30:929][  0]LogPackFactory: Copied "../../../Samples/StarterContent/Content/StarterContent/Textures/T_Door_M.uasset" to "../../../../../../Users/Marcus/Desktop/TestCode/Bang/Content/StarterContent/Textures/T_Door_M.uasset"
[2017.11.25-09.07.31:087][  0]LogPackFactory: Copied "../../../Samples/StarterContent/Content/StarterContent/Textures/T_Door_N.uasset" to "../../../../../../Users/Marcus/Desktop/TestCode/Bang/Content/StarterContent/Textures/T_Door_N.uasset"
[2017.11.25-09.07.31:113][  0]LogPackFactory: Copied "../../../Samples/StarterContent/Content/StarterContent/Textures/T_Dust_Particle_D.uasset" to "../../../../../../Users/Marcus/Desktop/TestCode/Bang/Content/StarterContent/Textures/T_Dust_Particle_D.uasset"
[2017.11.25-09.07.31:459][  0]LogPackFactory: Copied "../../../Samples/StarterContent/Content/StarterContent/Textures/T_Explosion_SubUV.uasset" to "../../../../../../Users/Marcus/Desktop/TestCode/Bang/Content/StarterContent/Textures/T_Explosion_SubUV.uasset"
[2017.11.25-09.07.31:821][  0]LogPackFactory: Copied "../../../Samples/StarterContent/Content/StarterContent/Textures/T_Fire_SubUV.uasset" to "../../../../../../Users/Marcus/Desktop/TestCode/Bang/Content/StarterContent/Textures/T_Fire_SubUV.uasset"
[2017.11.25-09.07.32:187][  0]LogPackFactory: Copied "../../../Samples/StarterContent/Content/StarterContent/Textures/T_Fire_Tiled_D.uasset" to "../../../../../../Users/Marcus/Desktop/TestCode/Bang/Content/StarterContent/Textures/T_Fire_Tiled_D.uasset"
[2017.11.25-09.07.32:243][  0]LogPackFactory: Copied "../../../Samples/StarterContent/Content/StarterContent/Textures/T_Frame_M.uasset" to "../../../../../../Users/Marcus/Desktop/TestCode/Bang/Content/StarterContent/Textures/T_Frame_M.uasset"
[2017.11.25-09.07.32:463][  0]LogPackFactory: Copied "../../../Samples/StarterContent/Content/StarterContent/Textures/T_Frame_N.uasset" to "../../../../../../Users/Marcus/Desktop/TestCode/Bang/Content/StarterContent/Textures/T_Frame_N.uasset"
[2017.11.25-09.07.32:503][  0]LogPackFactory: Copied "../../../Samples/StarterContent/Content/StarterContent/Textures/T_Gradinet_01.uasset" to "../../../../../../Users/Marcus/Desktop/TestCode/Bang/Content/StarterContent/Textures/T_Gradinet_01.uasset"
[2017.11.25-09.07.33:841][  0]LogPackFactory: Copied "../../../Samples/StarterContent/Content/StarterContent/Textures/T_Ground_Grass_D.uasset" to "../../../../../../Users/Marcus/Desktop/TestCode/Bang/Content/StarterContent/Textures/T_Ground_Grass_D.uasset"
[2017.11.25-09.07.35:453][  0]LogPackFactory: Copied "../../../Samples/StarterContent/Content/StarterContent/Textures/T_Ground_Grass_N.uasset" to "../../../../../../Users/Marcus/Desktop/TestCode/Bang/Content/StarterContent/Textures/T_Ground_Grass_N.uasset"
[2017.11.25-09.07.36:375][  0]LogPackFactory: Copied "../../../Samples/StarterContent/Content/StarterContent/Textures/T_Ground_Gravel_D.uasset" to "../../../../../../Users/Marcus/Desktop/TestCode/Bang/Content/StarterContent/Textures/T_Ground_Gravel_D.uasset"
[2017.11.25-09.07.37:040][  0]LogPackFactory: Copied "../../../Samples/StarterContent/Content/StarterContent/Textures/T_Ground_Gravel_N.uasset" to "../../../../../../Users/Marcus/Desktop/TestCode/Bang/Content/StarterContent/Textures/T_Ground_Gravel_N.uasset"
[2017.11.25-09.07.38:005][  0]LogPackFactory: Copied "../../../Samples/StarterContent/Content/StarterContent/Textures/T_ground_Moss_D.uasset" to "../../../../../../Users/Marcus/Desktop/TestCode/Bang/Content/StarterContent/Textures/T_ground_Moss_D.uasset"
[2017.11.25-09.07.38:944][  0]LogPackFactory: Copied "../../../Samples/StarterContent/Content/StarterContent/Textures/T_Ground_Moss_N.uasset" to "../../../../../../Users/Marcus/Desktop/TestCode/Bang/Content/StarterContent/Textures/T_Ground_Moss_N.uasset"
[2017.11.25-09.07.39:226][  0]LogPackFactory: Copied "../../../Samples/StarterContent/Content/StarterContent/Textures/T_Lamp_M.uasset" to "../../../../../../Users/Marcus/Desktop/TestCode/Bang/Content/StarterContent/Textures/T_Lamp_M.uasset"
[2017.11.25-09.07.39:385][  0]LogPackFactory: Copied "../../../Samples/StarterContent/Content/StarterContent/Textures/T_Lamp_N.uasset" to "../../../../../../Users/Marcus/Desktop/TestCode/Bang/Content/StarterContent/Textures/T_Lamp_N.uasset"
[2017.11.25-09.07.40:796][  0]LogPackFactory: Copied "../../../Samples/StarterContent/Content/StarterContent/Textures/T_MacroVariation.uasset" to "../../../../../../Users/Marcus/Desktop/TestCode/Bang/Content/StarterContent/Textures/T_MacroVariation.uasset"
[2017.11.25-09.07.41:291][  0]LogPackFactory: Copied "../../../Samples/StarterContent/Content/StarterContent/Textures/T_Metal_Aluminum_D.uasset" to "../../../../../../Users/Marcus/Desktop/TestCode/Bang/Content/StarterContent/Textures/T_Metal_Aluminum_D.uasset"
[2017.11.25-09.07.42:111][  0]LogPackFactory: Copied "../../../Samples/StarterContent/Content/StarterContent/Textures/T_Metal_Copper_D.uasset" to "../../../../../../Users/Marcus/Desktop/TestCode/Bang/Content/StarterContent/Textures/T_Metal_Copper_D.uasset"
[2017.11.25-09.07.42:573][  0]LogPackFactory: Copied "../../../Samples/StarterContent/Content/StarterContent/Textures/T_Metal_Gold_D.uasset" to "../../../../../../Users/Marcus/Desktop/TestCode/Bang/Content/StarterContent/Textures/T_Metal_Gold_D.uasset"
[2017.11.25-09.07.43:481][  0]LogPackFactory: Copied "../../../Samples/StarterContent/Content/StarterContent/Textures/T_Metal_Gold_N.uasset" to "../../../../../../Users/Marcus/Desktop/TestCode/Bang/Content/StarterContent/Textures/T_Metal_Gold_N.uasset"
[2017.11.25-09.07.44:501][  0]LogPackFactory: Copied "../../../Samples/StarterContent/Content/StarterContent/Textures/T_Metal_Rust_D.uasset" to "../../../../../../Users/Marcus/Desktop/TestCode/Bang/Content/StarterContent/Textures/T_Metal_Rust_D.uasset"
[2017.11.25-09.07.45:023][  0]LogPackFactory: Copied "../../../Samples/StarterContent/Content/StarterContent/Textures/T_Metal_Rust_N.uasset" to "../../../../../../Users/Marcus/Desktop/TestCode/Bang/Content/StarterContent/Textures/T_Metal_Rust_N.uasset"
[2017.11.25-09.07.45:288][  0]LogPackFactory: Copied "../../../Samples/StarterContent/Content/StarterContent/Textures/T_Metal_Steel_D.uasset" to "../../../../../../Users/Marcus/Desktop/TestCode/Bang/Content/StarterContent/Textures/T_Metal_Steel_D.uasset"
[2017.11.25-09.07.46:033][  0]LogPackFactory: Copied "../../../Samples/StarterContent/Content/StarterContent/Textures/T_Metal_Steel_N.uasset" to "../../../../../../Users/Marcus/Desktop/TestCode/Bang/Content/StarterContent/Textures/T_Metal_Steel_N.uasset"
[2017.11.25-09.07.46:311][  0]LogPackFactory: Copied "../../../Samples/StarterContent/Content/StarterContent/Textures/T_Perlin_Noise_M.uasset" to "../../../../../../Users/Marcus/Desktop/TestCode/Bang/Content/StarterContent/Textures/T_Perlin_Noise_M.uasset"
[2017.11.25-09.07.46:441][  0]LogPackFactory: Copied "../../../Samples/StarterContent/Content/StarterContent/Textures/T_RockMesh_M.uasset" to "../../../../../../Users/Marcus/Desktop/TestCode/Bang/Content/StarterContent/Textures/T_RockMesh_M.uasset"
[2017.11.25-09.07.46:905][  0]LogPackFactory: Copied "../../../Samples/StarterContent/Content/StarterContent/Textures/T_RockMesh_N.uasset" to "../../../../../../Users/Marcus/Desktop/TestCode/Bang/Content/StarterContent/Textures/T_RockMesh_N.uasset"
[2017.11.25-09.07.47:774][  0]LogPackFactory: Copied "../../../Samples/StarterContent/Content/StarterContent/Textures/T_Rock_Basalt_D.uasset" to "../../../../../../Users/Marcus/Desktop/TestCode/Bang/Content/StarterContent/Textures/T_Rock_Basalt_D.uasset"
[2017.11.25-09.07.48:356][  0]LogPackFactory: Copied "../../../Samples/StarterContent/Content/StarterContent/Textures/T_Rock_Basalt_N.uasset" to "../../../../../../Users/Marcus/Desktop/TestCode/Bang/Content/StarterContent/Textures/T_Rock_Basalt_N.uasset"
[2017.11.25-09.07.48:939][  0]LogPackFactory: Copied "../../../Samples/StarterContent/Content/StarterContent/Textures/T_Rock_Marble_Polished_D.uasset" to "../../../../../../Users/Marcus/Desktop/TestCode/Bang/Content/StarterContent/Textures/T_Rock_Marble_Polished_D.uasset"
[2017.11.25-09.07.49:384][  0]LogPackFactory: Copied "../../../Samples/StarterContent/Content/StarterContent/Textures/T_Rock_Sandstone_D.uasset" to "../../../../../../Users/Marcus/Desktop/TestCode/Bang/Content/StarterContent/Textures/T_Rock_Sandstone_D.uasset"
[2017.11.25-09.07.50:117][  0]LogPackFactory: Copied "../../../Samples/StarterContent/Content/StarterContent/Textures/T_Rock_Sandstone_N.uasset" to "../../../../../../Users/Marcus/Desktop/TestCode/Bang/Content/StarterContent/Textures/T_Rock_Sandstone_N.uasset"
[2017.11.25-09.07.50:688][  0]LogPackFactory: Copied "../../../Samples/StarterContent/Content/StarterContent/Textures/T_Rock_Slate_D.uasset" to "../../../../../../Users/Marcus/Desktop/TestCode/Bang/Content/StarterContent/Textures/T_Rock_Slate_D.uasset"
[2017.11.25-09.07.51:494][  0]LogPackFactory: Copied "../../../Samples/StarterContent/Content/StarterContent/Textures/T_Rock_Slate_N.uasset" to "../../../../../../Users/Marcus/Desktop/TestCode/Bang/Content/StarterContent/Textures/T_Rock_Slate_N.uasset"
[2017.11.25-09.07.52:088][  0]LogPackFactory: Copied "../../../Samples/StarterContent/Content/StarterContent/Textures/T_Rock_Smooth_Granite_D.uasset" to "../../../../../../Users/Marcus/Desktop/TestCode/Bang/Content/StarterContent/Textures/T_Rock_Smooth_Granite_D.uasset"
[2017.11.25-09.07.52:157][  0]LogPackFactory: Copied "../../../Samples/StarterContent/Content/StarterContent/Textures/T_Shelf_M.uasset" to "../../../../../../Users/Marcus/Desktop/TestCode/Bang/Content/StarterContent/Textures/T_Shelf_M.uasset"
[2017.11.25-09.07.52:856][  0]LogPackFactory: Copied "../../../Samples/StarterContent/Content/StarterContent/Textures/T_Shelf_N.uasset" to "../../../../../../Users/Marcus/Desktop/TestCode/Bang/Content/StarterContent/Textures/T_Shelf_N.uasset"
[2017.11.25-09.07.52:978][  0]LogPackFactory: Copied "../../../Samples/StarterContent/Content/StarterContent/Textures/T_Single_Tile_N.uasset" to "../../../../../../Users/Marcus/Desktop/TestCode/Bang/Content/StarterContent/Textures/T_Single_Tile_N.uasset"
[2017.11.25-09.07.53:397][  0]LogPackFactory: Copied "../../../Samples/StarterContent/Content/StarterContent/Textures/T_Smoke_SubUV.uasset" to "../../../../../../Users/Marcus/Desktop/TestCode/Bang/Content/StarterContent/Textures/T_Smoke_SubUV.uasset"
[2017.11.25-09.07.53:518][  0]LogPackFactory: Copied "../../../Samples/StarterContent/Content/StarterContent/Textures/T_Smoke_Tiled_D.uasset" to "../../../../../../Users/Marcus/Desktop/TestCode/Bang/Content/StarterContent/Textures/T_Smoke_Tiled_D.uasset"
[2017.11.25-09.07.53:570][  0]LogPackFactory: Copied "../../../Samples/StarterContent/Content/StarterContent/Textures/T_Spark_Core.uasset" to "../../../../../../Users/Marcus/Desktop/TestCode/Bang/Content/StarterContent/Textures/T_Spark_Core.uasset"
[2017.11.25-09.07.53:906][  0]LogPackFactory: Copied "../../../Samples/StarterContent/Content/StarterContent/Textures/T_Statue_M.uasset" to "../../../../../../Users/Marcus/Desktop/TestCode/Bang/Content/StarterContent/Textures/T_Statue_M.uasset"
[2017.11.25-09.07.53:991][  0]LogPackFactory: Copied "../../../Samples/StarterContent/Content/StarterContent/Textures/T_Statue_N.uasset" to "../../../../../../Users/Marcus/Desktop/TestCode/Bang/Content/StarterContent/Textures/T_Statue_N.uasset"
[2017.11.25-09.07.54:070][  0]LogPackFactory: Copied "../../../Samples/StarterContent/Content/StarterContent/Textures/T_TableRound_M.uasset" to "../../../../../../Users/Marcus/Desktop/TestCode/Bang/Content/StarterContent/Textures/T_TableRound_M.uasset"
[2017.11.25-09.07.54:419][  0]LogPackFactory: Copied "../../../Samples/StarterContent/Content/StarterContent/Textures/T_TableRound_N.uasset" to "../../../../../../Users/Marcus/Desktop/TestCode/Bang/Content/StarterContent/Textures/T_TableRound_N.uasset"
[2017.11.25-09.07.54:506][  0]LogPackFactory: Copied "../../../Samples/StarterContent/Content/StarterContent/Textures/T_Tech_Dot_M.uasset" to "../../../../../../Users/Marcus/Desktop/TestCode/Bang/Content/StarterContent/Textures/T_Tech_Dot_M.uasset"
[2017.11.25-09.07.54:565][  0]LogPackFactory: Copied "../../../Samples/StarterContent/Content/StarterContent/Textures/T_Tech_Dot_N.uasset" to "../../../../../../Users/Marcus/Desktop/TestCode/Bang/Content/StarterContent/Textures/T_Tech_Dot_N.uasset"
[2017.11.25-09.07.54:670][  0]LogPackFactory: Copied "../../../Samples/StarterContent/Content/StarterContent/Textures/T_Tech_Hex_Tile_M.uasset" to "../../../../../../Users/Marcus/Desktop/TestCode/Bang/Content/StarterContent/Textures/T_Tech_Hex_Tile_M.uasset"
[2017.11.25-09.07.54:782][  0]LogPackFactory: Copied "../../../Samples/StarterContent/Content/StarterContent/Textures/T_Tech_Hex_Tile_N.uasset" to "../../../../../../Users/Marcus/Desktop/TestCode/Bang/Content/StarterContent/Textures/T_Tech_Hex_Tile_N.uasset"
[2017.11.25-09.07.55:047][  0]LogPackFactory: Copied "../../../Samples/StarterContent/Content/StarterContent/Textures/T_Tech_Panel_M.uasset" to "../../../../../../Users/Marcus/Desktop/TestCode/Bang/Content/StarterContent/Textures/T_Tech_Panel_M.uasset"
[2017.11.25-09.07.55:946][  0]LogPackFactory: Copied "../../../Samples/StarterContent/Content/StarterContent/Textures/T_Tech_Panel_N.uasset" to "../../../../../../Users/Marcus/Desktop/TestCode/Bang/Content/StarterContent/Textures/T_Tech_Panel_N.uasset"
[2017.11.25-09.07.56:281][  0]LogPackFactory: Copied "../../../Samples/StarterContent/Content/StarterContent/Textures/T_Water_M.uasset" to "../../../../../../Users/Marcus/Desktop/TestCode/Bang/Content/StarterContent/Textures/T_Water_M.uasset"
[2017.11.25-09.07.56:976][  0]LogPackFactory: Copied "../../../Samples/StarterContent/Content/StarterContent/Textures/T_Water_N.uasset" to "../../../../../../Users/Marcus/Desktop/TestCode/Bang/Content/StarterContent/Textures/T_Water_N.uasset"
[2017.11.25-09.07.57:228][  0]LogPackFactory: Copied "../../../Samples/StarterContent/Content/StarterContent/Textures/T_Wood_Floor_Walnut_D.uasset" to "../../../../../../Users/Marcus/Desktop/TestCode/Bang/Content/StarterContent/Textures/T_Wood_Floor_Walnut_D.uasset"
[2017.11.25-09.07.58:284][  0]LogPackFactory: Copied "../../../Samples/StarterContent/Content/StarterContent/Textures/T_Wood_Floor_Walnut_M.uasset" to "../../../../../../Users/Marcus/Desktop/TestCode/Bang/Content/StarterContent/Textures/T_Wood_Floor_Walnut_M.uasset"
[2017.11.25-09.07.58:535][  0]LogPackFactory: Copied "../../../Samples/StarterContent/Content/StarterContent/Textures/T_Wood_Floor_Walnut_N.uasset" to "../../../../../../Users/Marcus/Desktop/TestCode/Bang/Content/StarterContent/Textures/T_Wood_Floor_Walnut_N.uasset"
[2017.11.25-09.07.59:283][  0]LogPackFactory: Copied "../../../Samples/StarterContent/Content/StarterContent/Textures/T_Wood_Oak_D.uasset" to "../../../../../../Users/Marcus/Desktop/TestCode/Bang/Content/StarterContent/Textures/T_Wood_Oak_D.uasset"
[2017.11.25-09.08.00:918][  0]LogPackFactory: Copied "../../../Samples/StarterContent/Content/StarterContent/Textures/T_Wood_Oak_N.uasset" to "../../../../../../Users/Marcus/Desktop/TestCode/Bang/Content/StarterContent/Textures/T_Wood_Oak_N.uasset"
[2017.11.25-09.08.03:078][  0]LogPackFactory: Copied "../../../Samples/StarterContent/Content/StarterContent/Textures/T_Wood_Pine_D.uasset" to "../../../../../../Users/Marcus/Desktop/TestCode/Bang/Content/StarterContent/Textures/T_Wood_Pine_D.uasset"
[2017.11.25-09.08.03:947][  0]LogPackFactory: Copied "../../../Samples/StarterContent/Content/StarterContent/Textures/T_Wood_Pine_N.uasset" to "../../../../../../Users/Marcus/Desktop/TestCode/Bang/Content/StarterContent/Textures/T_Wood_Pine_N.uasset"
[2017.11.25-09.08.04:991][  0]LogPackFactory: Copied "../../../Samples/StarterContent/Content/StarterContent/Textures/T_Wood_Walnut_D.uasset" to "../../../../../../Users/Marcus/Desktop/TestCode/Bang/Content/StarterContent/Textures/T_Wood_Walnut_D.uasset"
[2017.11.25-09.08.05:598][  0]LogPackFactory: Copied "../../../Samples/StarterContent/Content/StarterContent/Textures/T_Wood_Walnut_N.uasset" to "../../../../../../Users/Marcus/Desktop/TestCode/Bang/Content/StarterContent/Textures/T_Wood_Walnut_N.uasset"
[2017.11.25-09.08.11:242][  0]LogRenderer: Reallocating scene render targets to support 256x256 NumSamples 1 (Frame:2).
[2017.11.25-09.08.17:203][  0]LogSavePackage: Save=818.16ms
[2017.11.25-09.08.17:203][  0]LogSavePackage: Moving '../../../../../../Users/Marcus/Desktop/TestCode/Bang/Saved/Floor_400x400CD4CBEB84CA7A75FE532C491DD6BB352.tmp' to '../../../../../../Users/Marcus/Desktop/TestCode/Bang/Content/StarterContent/Architecture/Floor_400x400.uasset'
[2017.11.25-09.08.17:262][  0]LogSavePackage:Display: Finished SavePackage ../../../../../../Users/Marcus/Desktop/TestCode/Bang/Content/StarterContent/Architecture/Floor_400x400.uasset
[2017.11.25-09.08.17:262][  0]LogFeaturePack:Warning: Inserted 1 feature packs
[2017.11.25-09.08.17:264][  0]Cmd: MAP LOAD FILE="../../../../../../Users/Marcus/Desktop/TestCode/Bang/Content/2DSideScrollerCPP/Maps/2DSideScrollerExampleMap.umap" TEMPLATE=0 SHOWPROGRESS=1 FEATURELEVEL=3
[2017.11.25-09.08.17:308][  0]LightingResults: New page: Lighting Build
[2017.11.25-09.08.17:645][  0]MapCheck: New page: Map Check
[2017.11.25-09.08.17:645][  0]LightingResults: New page: Lighting Build
[2017.11.25-09.08.21:863][  0]LogAIModule: Creating AISystem for world 2DSideScrollerExampleMap
[2017.11.25-09.08.22:871][  0]LogEditorServer: Finished looking for orphan Actors (0.000 secs)
[2017.11.25-09.08.23:075][  0]Cmd: MAP CHECKDEP NOCLEARLOG
[2017.11.25-09.08.23:277][  0]MapCheck: Info Map check complete: 0 Error(s), 0 Warning(s), took 201.832ms to complete.
[2017.11.25-09.08.23:277][  0]LogFileHelpers: Loading map '2DSideScrollerExampleMap' took 6.014
[2017.11.25-09.08.23:457][  0]LogWindowsTextInputMethodSystem:Display: IME system now deactivated.
[2017.11.25-09.08.29:862][  0]LogCollectionManager: Loaded 0 collections in 0.003364 seconds
[2017.11.25-09.08.31:005][  0]LogFileCache: Scanning file cache for directory 'C:/Users/Marcus/Desktop/TestCode/Bang/Saved/Collections/' took 0.01s
[2017.11.25-09.08.31:005][  0]LogFileCache: Scanning file cache for directory 'C:/Users/Marcus/Desktop/TestCode/Bang/Content/Developers/Marcus/Collections/' took 0.01s
[2017.11.25-09.08.31:005][  0]LogFileCache: Scanning file cache for directory 'C:/Users/Marcus/Desktop/TestCode/Bang/Content/Collections/' took 0.01s
[2017.11.25-09.08.31:005][  0]LogCollectionManager: Rebuilt the GUID cache for 0 collections in 0.000005 seconds
[2017.11.25-09.08.31:121][  0]LogContentBrowser: Native class hierarchy populated in 0.0625 seconds. Added 2247 classes and 455 folders.
[2017.11.25-09.08.31:687][  0]LogContentBrowser: Native class hierarchy updated for 'WidgetCarousel' in 0.0024 seconds. Added 0 classes and 0 folders.
[2017.11.25-09.08.33:962][  0]LogContentBrowser: Native class hierarchy updated for 'AddContentDialog' in 0.0102 seconds. Added 0 classes and 0 folders.
[2017.11.25-09.08.35:402][  0]LogContentBrowser: Native class hierarchy updated for 'SceneOutliner' in 0.0097 seconds. Added 1 classes and 2 folders.
[2017.11.25-09.08.46:066][  0]LogCrashTracker: Crashtracker disabled due to settings.
[2017.11.25-09.09.06:625][  0]LogSlate: Only BGRA pngs, bmps or icos are supported in by External Image Picker
[2017.11.25-09.09.08:243][  0]LogUObjectGlobals:Warning: Failed to find object 'Class None.'
[2017.11.25-09.09.08:837][  0]LogContentBrowser: Native class hierarchy updated for 'HierarchicalLODOutliner' in 0.0027 seconds. Added 1 classes and 2 folders.
[2017.11.25-09.09.08:838][  0]LogLoad: (Engine Initialization) Total time: 228.05 seconds
[2017.11.25-09.09.08:838][  0]LogLoad: (Engine Initialization) Total Blueprint compile time: 0.16 seconds
[2017.11.25-09.09.08:838][  0]LogExternalProfiler: Found external profiler: VSPerf
[2017.11.25-09.09.08:838][  0]LogExternalProfiler: Using external profiler: VSPerf
[2017.11.25-09.09.08:848][  0]LogOcInput: OculusInput pre-init called
[2017.11.25-09.09.34:470][  0]LogTemp:Display: Executing iPhonePackager certificates Engine -bundlename com.YourCompany.Bang

[2017.11.25-09.09.34:470][  0]LogTemp:Display: CWD: C:\Program Files\Epic Games\UE_4.15\Engine\Binaries\DotNET\IOS

[2017.11.25-09.09.34:470][  0]LogTemp:Display: Initial Dir: C:\Program Files\Epic Games\UE_4.15

[2017.11.25-09.09.34:470][  0]LogTemp:Display: Env CWD: C:\Program Files\Epic Games\UE_4.15\Engine\Binaries\DotNET\IOS

[2017.11.25-09.09.34:470][  0]LogTemp:Display: BranchPath = MARCUSPC/C/Program Files/Epic Games/UE_4.15/Engine/Binaries --- GameBranchPath = MARCUSPC/C/Program Files/Epic Games/UE_4.15/Engine/Binaries

[2017.11.25-09.09.34:470][  0]LogTemp:Display: IPP ERROR: Application exception: System.IO.DirectoryNotFoundException: Could not find a part of the path 'C:\Users\Marcus\AppData\Local\Apple Computer\MobileDevice\Provisioning Profiles'.

[2017.11.25-09.09.34:470][  0]LogTemp:Display:    at System.IO.__Error.WinIOError(Int32 errorCode, String maybeFullPath)

[2017.11.25-09.09.34:470][  0]LogTemp:Display:    at System.IO.FileSystemEnumerableIterator`1.CommonInit()

[2017.11.25-09.09.34:470][  0]LogTemp:Display:    at System.IO.Directory.EnumerateFiles(String path, String searchPattern)

[2017.11.25-09.09.34:470][  0]LogTemp:Display:    at iPhonePackager.CodeSignatureBuilder.FindProvisions(String CFBundleIdentifier)

[2017.11.25-09.09.34:470][  0]LogTemp:Display:    at iPhonePackager.Program.Main(String[] args)

[2017.11.25-09.09.34:470][  0]LogContentStreaming: Texture pool size now 1000 MB
[2017.11.25-09.09.34:580][  0]LogSlate: Took 0.107199 seconds to synchronously load lazily loaded font '../../../Engine/Content/Slate/Fonts/Roboto-Regular.ttf' (155K)
[2017.11.25-09.09.34:592][  0]LogSlate: Took 0.001047 seconds to synchronously load lazily loaded font '../../../Engine/Content/Slate/Fonts/Roboto-Bold.ttf' (160K)
[2017.11.25-09.09.35:225][  0]LogSlate: Took 0.060059 seconds to synchronously load lazily loaded font '../../../Engine/Content/Editor/Slate/Fonts/FontAwesome.ttf' (139K)
[2017.11.25-09.09.42:893][  0]LogRenderer: Reallocating scene render targets to support 1208x580 NumSamples 1 (Frame:3).
[2017.11.25-09.09.42:893][  0]LogSlate: Took 0.000761 seconds to synchronously load lazily loaded font '../../../Engine/Content/Slate/Fonts/Roboto-Light.ttf' (159K)
[2017.11.25-09.09.46:205][  4]LogAssetRegistry: Asset discovery search completed in 246.7519 seconds
[2017.11.25-09.09.46:206][  4]LogCollectionManager: Rebuilt the object cache for 0 collections in 0.000012 seconds (found 0 objects)
[2017.11.25-09.09.46:206][  4]LogCollectionManager: Fixed up redirectors for 0 collections in 0.000063 seconds (updated 0 objects)
[2017.11.25-09.12.29:100][492]LogTemp: Repeting last play command: Selected Viewport
[2017.11.25-09.12.29:332][492]LogBlueprintUserMessages: Early PlayInEditor Detection: Level '/Game/2DSideScrollerCPP/Maps/2DSideScrollerExampleMap.2DSideScrollerExampleMap:PersistentLevel' has LevelScriptBlueprint '/Game/2DSideScrollerCPP/Maps/2DSideScrollerExampleMap.2DSideScrollerExampleMap:PersistentLevel.2DSideScrollerExampleMap' with GeneratedClass '/Game/2DSideScrollerCPP/Maps/2DSideScrollerExampleMap.2DSideScrollerExampleMap_C' with ClassGeneratedBy '/Game/2DSideScrollerCPP/Maps/2DSideScrollerExampleMap.2DSideScrollerExampleMap:PersistentLevel.2DSideScrollerExampleMap'
[2017.11.25-09.12.29:368][492]LogPlayLevel: PlayLevel: No blueprints needed recompiling
[2017.11.25-09.12.29:584][492]PIE: New page: PIE session: 2DSideScrollerExampleMap (25 Nov 2017 09:12:29)
[2017.11.25-09.12.29:717][492]LogPlayLevel: Creating play world package: /Game/2DSideScrollerCPP/Maps/UEDPIE_0_2DSideScrollerExampleMap
[2017.11.25-09.12.30:501][492]LogPlayLevel: PIE: StaticDuplicateObject took: (0.783669s)
[2017.11.25-09.12.30:502][492]LogAIModule: Creating AISystem for world 2DSideScrollerExampleMap
[2017.11.25-09.12.30:527][492]LogPlayLevel: PIE: World Init took: (0.025711s)
[2017.11.25-09.12.30:598][492]LogPlayLevel: PIE: Created PIE world by copying editor world from /Game/2DSideScrollerCPP/Maps/2DSideScrollerExampleMap.2DSideScrollerExampleMap to /Game/2DSideScrollerCPP/Maps/UEDPIE_0_2DSideScrollerExampleMap.2DSideScrollerExampleMap (0.949756s)
[2017.11.25-09.12.30:854][492]LogInit: XAudio2 using 'Digital Audio (S/PDIF) (High Definition Audio Device)' : 2 channels at 44.1 kHz using 16 bits per sample (channel mask 0x3)
[2017.11.25-09.12.30:861][492]LogInit: FAudioDevice initialized.
[2017.11.25-09.12.32:013][492]LogLoad: Game class is 'BangGameMode'
[2017.11.25-09.12.32:696][492]LogWorld: Bringing World /Game/2DSideScrollerCPP/Maps/UEDPIE_0_2DSideScrollerExampleMap.2DSideScrollerExampleMap up for play (max tick rate 0) at 2017.11.25-09.12.32
[2017.11.25-09.12.33:081][492]LogWorld: Bringing up level for play took: 0.387733
[2017.11.25-09.12.34:811][492]LogContentBrowser: Native class hierarchy updated for 'MovieSceneCapture' in 0.0074 seconds. Added 11 classes and 0 folders.
[2017.11.25-09.12.35:103][492]PIE: Info Play in editor start time for /Game/2DSideScrollerCPP/Maps/UEDPIE_0_2DSideScrollerExampleMap 4.907
[2017.11.25-09.12.35:104][492]LogBlueprintUserMessages: Late PlayInEditor Detection: Level '/Game/2DSideScrollerCPP/Maps/2DSideScrollerExampleMap.2DSideScrollerExampleMap:PersistentLevel' has LevelScriptBlueprint '/Game/2DSideScrollerCPP/Maps/2DSideScrollerExampleMap.2DSideScrollerExampleMap:PersistentLevel.2DSideScrollerExampleMap' with GeneratedClass '/Game/2DSideScrollerCPP/Maps/2DSideScrollerExampleMap.2DSideScrollerExampleMap_C' with ClassGeneratedBy '/Game/2DSideScrollerCPP/Maps/2DSideScrollerExampleMap.2DSideScrollerExampleMap:PersistentLevel.2DSideScrollerExampleMap'
[2017.11.25-09.13.05:322][686]LogBlueprintUserMessages: Early EndPlayMap Detection: Level '/Game/2DSideScrollerCPP/Maps/2DSideScrollerExampleMap.2DSideScrollerExampleMap:PersistentLevel' has LevelScriptBlueprint '/Game/2DSideScrollerCPP/Maps/2DSideScrollerExampleMap.2DSideScrollerExampleMap:PersistentLevel.2DSideScrollerExampleMap' with GeneratedClass '/Game/2DSideScrollerCPP/Maps/2DSideScrollerExampleMap.2DSideScrollerExampleMap_C' with ClassGeneratedBy '/Game/2DSideScrollerCPP/Maps/2DSideScrollerExampleMap.2DSideScrollerExampleMap:PersistentLevel.2DSideScrollerExampleMap'
[2017.11.25-09.13.06:200][686]LogBlueprintUserMessages: Late EndPlayMap Detection: Level '/Game/2DSideScrollerCPP/Maps/2DSideScrollerExampleMap.2DSideScrollerExampleMap:PersistentLevel' has LevelScriptBlueprint '/Game/2DSideScrollerCPP/Maps/2DSideScrollerExampleMap.2DSideScrollerExampleMap:PersistentLevel.2DSideScrollerExampleMap' with GeneratedClass '/Game/2DSideScrollerCPP/Maps/2DSideScrollerExampleMap.2DSideScrollerExampleMap_C' with ClassGeneratedBy '/Game/2DSideScrollerCPP/Maps/2DSideScrollerExampleMap.2DSideScrollerExampleMap:PersistentLevel.2DSideScrollerExampleMap'
[2017.11.25-09.28.01:867][921]Cmd: QUIT_EDITOR
