Log file open, 12/02/17 19:19:31
LogInit:Display: Running engine for game: Bang
LogPlatformFile: Not using cached read wrapper
LogInit:Display: RandInit(128768822) SRandInit(128768822).
LogTaskGraph: Started task graph with 5 named threads and 8 total threads with 1 sets of task threads.
LogStats: Stats thread started at 0.097131
LogInit: Using libcurl 7.47.1
LogInit:  - built for x86_64-pc-win32
LogInit:  - supports SSL with OpenSSL/1.0.2g
LogInit:  - supports HTTP deflate (compression) using libz 1.2.8
LogInit:  - other features:
LogInit:      CURL_VERSION_SSL
LogInit:      CURL_VERSION_LIBZ
LogInit:      CURL_VERSION_IPV6
LogInit:      CURL_VERSION_ASYNCHDNS
LogInit:      CURL_VERSION_LARGEFILE
LogInit:      CURL_VERSION_IDN
LogInit:  CurlRequestOptions (configurable via config and command line):
LogInit:  - bVerifyPeer = false  - Libcurl will NOT verify peer certificate
LogInit:  - bUseHttpProxy = false  - Libcurl will NOT use HTTP proxy
LogInit:  - bDontReuseConnections = false  - Libcurl will reuse connections
LogInit:  - CertBundlePath = nullptr  - Libcurl will use whatever was configured at build time.
LogInit: Build: ++UE4+Release-4.15-CL-3450819
LogInit: Engine Version: 4.15.3-3450819+++UE4+Release-4.15
LogInit: Compatible Engine Version: 4.15.0-3299760+++UE4+Release-4.15
LogInit: Net CL: 3299760
LogDevObjectVersion: Number of dev versions registered: 14
LogDevObjectVersion:   Dev-Blueprints (B0D832E4-1F89-4F0D-ACCF-7EB736FD4AA2): 8
LogDevObjectVersion:   Dev-Build (E1C64328-A22C-4D53-A36C-8E866417BD8C): 0
LogDevObjectVersion:   Dev-Core (375EC13C-06E4-48FB-B500-84F0262A717E): 2
LogDevObjectVersion:   Dev-Editor (E4B068ED-F494-42E9-A231-DA0B2E46BB41): 14
LogDevObjectVersion:   Dev-Framework (CFFC743F-43B0-4480-9391-14DF171D2073): 22
LogDevObjectVersion:   Dev-Mobile (B02B49B5-BB20-44E9-A304-32B752E40360): 0
LogDevObjectVersion:   Dev-Networking (A4E4105C-59A1-49B5-A7C5-40C4547EDFEE): 0
LogDevObjectVersion:   Dev-Online (39C831C9-5AE6-47DC-9A44-9C173E1C8E7C): 0
LogDevObjectVersion:   Dev-Physics (78F01B33-EBEA-4F98-B9B4-84EACCB95AA2): 0
LogDevObjectVersion:   Dev-Platform (6631380F-2D4D-43E0-8009-CF276956A95A): 0
LogDevObjectVersion:   Dev-Rendering (12F88B9F-8875-4AFC-A67C-D90C383ABD29): 12
LogDevObjectVersion:   Dev-Sequencer (7B5AE74C-D270-4C10-A958-57980B212A5A): 3
LogDevObjectVersion:   Dev-VR (D7296918-1DD6-4BDD-9DE2-64A83CC13884): 0
LogDevObjectVersion:   Dev-LoadTimes (C2A15278-BFE7-4AFE-6C17-90FF531DF755): 1
LogInit: Compiled (64-bit): May 21 2017 11:02:34
LogInit: Compiled with Visual C++: 19.00.23026.00
LogInit: Build Configuration: Development
LogInit: Branch Name: ++UE4+Release-4.15
LogInit: Command line: -EpicPortal
LogInit: Base directory: C:/Program Files/Epic Games/UE_4.15/Engine/Binaries/Win64/
LogInit: Installed Engine Build: 1
LogInit: Presizing for max 8388607 objects, including 0 objects not considered by GC, pre-allocating 0 bytes for permanent pool.
LogInit: Object subsystem initialized
[2017.12.02-19.19.33:035][  0]LogInit: Selected Device Profile: [Windows]
[2017.12.02-19.19.33:035][  0]LogInit: Applying CVar settings loaded from the selected device profile: [Windows]
[2017.12.02-19.19.33:123][  0]LogInit: Computer: MARCUSPC
[2017.12.02-19.19.33:123][  0]LogInit: User: Marcus
[2017.12.02-19.19.33:123][  0]LogInit: CPU Page size=65536, Cores=4
[2017.12.02-19.19.33:123][  0]LogInit: High frequency timer resolution =2.929692 MHz
[2017.12.02-19.19.33:123][  0]LogMemory: Memory total: Physical=16.0GB (16GB approx)
[2017.12.02-19.19.33:123][  0]LogMemory: Platform Memory Stats for Windows
[2017.12.02-19.19.33:123][  0]LogMemory: Process Physical Memory: 263.04 MB used, 263.04 MB peak
[2017.12.02-19.19.33:123][  0]LogMemory: Process Virtual Memory: 262.30 MB used, 262.30 MB peak
[2017.12.02-19.19.33:123][  0]LogMemory: Physical Memory: 8701.95 MB used,  7634.48 MB free, 16336.43 MB total
[2017.12.02-19.19.33:123][  0]LogMemory: Virtual Memory: 682.38 MB used,  7634.48 MB free, 134217728.00 MB total
[2017.12.02-19.19.33:409][  0]LogTextLocalizationManager: No specific translations for ('en-GB') exist, so ('en') translations will be used.
[2017.12.02-19.19.47:745][  0]LogD3D11RHI: D3D11 adapters:
[2017.12.02-19.19.47:817][  0]LogD3D11RHI:    0. 'NVIDIA GeForce GTX 1050' (Feature Level 11_0)
[2017.12.02-19.19.47:817][  0]LogD3D11RHI:       1987/0/8168 MB DedicatedVideo/DedicatedSystem/SharedSystem, Outputs:2, VendorId:0x10de
[2017.12.02-19.19.47:820][  0]LogD3D11RHI:    1. 'Microsoft Basic Render Driver' (Feature Level 11_0)
[2017.12.02-19.19.47:820][  0]LogD3D11RHI:       0/0/8168 MB DedicatedVideo/DedicatedSystem/SharedSystem, Outputs:0, VendorId:0x1414
[2017.12.02-19.19.47:820][  0]LogD3D11RHI: Chosen D3D11 Adapter: 0
[2017.12.02-19.19.47:826][  0]LogD3D11RHI: Creating new Direct3DDevice
[2017.12.02-19.19.47:826][  0]LogD3D11RHI:     GPU DeviceId: 0x1c81 (for the marketing name, search the web for "GPU Device Id")
[2017.12.02-19.19.47:826][  0]LogWindows: EnumDisplayDevices:
[2017.12.02-19.19.47:826][  0]LogWindows:    0. 'NVIDIA GeForce GTX 1050' (P:1 D:1)
[2017.12.02-19.19.47:826][  0]LogWindows:    1. 'NVIDIA GeForce GTX 1050' (P:0 D:1)
[2017.12.02-19.19.47:826][  0]LogWindows:    2. 'NVIDIA GeForce GTX 1050' (P:0 D:0)
[2017.12.02-19.19.47:826][  0]LogWindows:    3. 'NVIDIA GeForce GTX 1050' (P:0 D:0)
[2017.12.02-19.19.47:826][  0]LogWindows: DebugString: GetVideoDriverDetailsInvalid PrimaryIsNotTheChoosenAdapter GetVideoDriverDetailsInvalid PrimaryIsNotTheChoosenAdapter GetVideoDriverDetailsInvalid PrimaryIsNotTheChoosenAdapter GetVideoDriverDetailsInvalid PrimaryIsNotTheChoosenAdapter FoundDriverCount:0 
[2017.12.02-19.19.47:826][  0]LogD3D11RHI:     Adapter Name: NVIDIA GeForce GTX 1050
[2017.12.02-19.19.47:826][  0]LogD3D11RHI:   Driver Version: Unknown (internal:Unknown, unified:Unknown)
[2017.12.02-19.19.47:826][  0]LogD3D11RHI:      Driver Date: Unknown
[2017.12.02-19.19.47:826][  0]LogRHI: Texture pool is 1361 MB (70% of 1945 MB)
[2017.12.02-19.19.47:925][  0]LogD3D11RHI: Async texture creation enabled
[2017.12.02-19.19.47:952][  0]LogD3D11RHI: GPU Timing Frequency: 1000.000000 (Debug: 2 1)
[2017.12.02-19.19.47:954][  0]LogShaderCompilers: Guid format shader working directory is -10 characters bigger than the processId version (../../../../../../Users/Marcus/Documents/GitHub/BANG/Bang/Intermediate/Shaders/WorkingDirectory/6268/).
[2017.12.02-19.19.47:955][  0]LogShaderCompilers: Cleaned the shader compiler working directory 'C:/Users/Marcus/AppData/Local/Temp/UnrealShaderWorkingDir/5052402C459B31855166C3AEE9603366/'.
[2017.12.02-19.19.47:955][  0]LogShaderCompilers:Display: Using Local Shader Compiler.
[2017.12.02-19.20.00:551][  0]LogTemp:Display: Loaded TP AllDesktopTargetPlatform
[2017.12.02-19.20.00:717][  0]LogTemp:Display: Loaded TP MacClientTargetPlatform
[2017.12.02-19.20.00:879][  0]LogTemp:Display: Loaded TP MacNoEditorTargetPlatform
[2017.12.02-19.20.01:042][  0]LogTemp:Display: Loaded TP MacServerTargetPlatform
[2017.12.02-19.20.01:242][  0]LogTemp:Display: Loaded TP MacTargetPlatform
[2017.12.02-19.20.01:405][  0]LogTemp:Display: Loaded TP WindowsClientTargetPlatform
[2017.12.02-19.20.01:569][  0]LogTemp:Display: Loaded TP WindowsNoEditorTargetPlatform
[2017.12.02-19.20.01:733][  0]LogTemp:Display: Loaded TP WindowsServerTargetPlatform
[2017.12.02-19.20.01:885][  0]LogTemp:Display: Loaded TP WindowsTargetPlatform
[2017.12.02-19.20.02:102][  0]LogTemp:Display: Loaded TP AndroidTargetPlatform
[2017.12.02-19.20.02:266][  0]LogTemp:Display: Loaded TP Android_ASTCTargetPlatform
[2017.12.02-19.20.02:428][  0]LogTemp:Display: Loaded TP Android_ATCTargetPlatform
[2017.12.02-19.20.02:591][  0]LogTemp:Display: Loaded TP Android_DXTTargetPlatform
[2017.12.02-19.20.02:753][  0]LogTemp:Display: Loaded TP Android_ETC1TargetPlatform
[2017.12.02-19.20.02:917][  0]LogTemp:Display: Loaded TP Android_ETC2TargetPlatform
[2017.12.02-19.20.03:241][  0]LogTemp:Display: Loaded TP Android_MultiTargetPlatform
[2017.12.02-19.20.03:241][  0]LogTemp:Display: Loaded TP Android_PVRTCTargetPlatform
[2017.12.02-19.20.03:388][  0]LogTemp:Display: Loaded TP HTML5TargetPlatform
[2017.12.02-19.20.03:695][  0]LogTemp:Display: Loaded TP IOSTargetPlatform
[2017.12.02-19.20.03:793][  0]LogTemp:Display: Loaded TP TVOSTargetPlatform
[2017.12.02-19.20.03:955][  0]LogTemp:Display: Loaded TP LinuxClientTargetPlatform
[2017.12.02-19.20.04:116][  0]LogTemp:Display: Loaded TP LinuxNoEditorTargetPlatform
[2017.12.02-19.20.04:279][  0]LogTemp:Display: Loaded TP LinuxServerTargetPlatform
[2017.12.02-19.20.04:501][  0]LogTemp:Display: Loaded TP LinuxTargetPlatform
[2017.12.02-19.20.04:501][  0]LogTargetPlatformManager:Display: Building Assets For Windows
[2017.12.02-19.20.06:227][  0]LogDerivedDataCache:Display: Max Cache Size: 512 MB
[2017.12.02-19.20.11:189][  0]LogDerivedDataCache: Loaded boot cache 4.96s 50MB C:/Users/Marcus/AppData/Local/UnrealEngine/4.15/DerivedDataCache/Boot.ddc.
[2017.12.02-19.20.11:189][  0]LogDerivedDataCache:Display: Loaded Boot cache: C:/Users/Marcus/AppData/Local/UnrealEngine/4.15/DerivedDataCache/Boot.ddc
[2017.12.02-19.20.11:190][  0]LogDerivedDataCache: FDerivedDataBackendGraph:  Pak pak cache file ../../../../../../Users/Marcus/Documents/GitHub/BANG/Bang/DerivedDataCache/DDC.ddp not found, will not use a pak cache.
[2017.12.02-19.20.11:190][  0]LogDerivedDataCache: Unable to find inner node Pak for hierarchical cache Hierarchy.
[2017.12.02-19.20.11:190][  0]LogDerivedDataCache: FDerivedDataBackendGraph:  CompressedPak pak cache file ../../../../../../Users/Marcus/Documents/GitHub/BANG/Bang/DerivedDataCache/Compressed.ddp not found, will not use a pak cache.
[2017.12.02-19.20.11:190][  0]LogDerivedDataCache: Unable to find inner node CompressedPak for hierarchical cache Hierarchy.
[2017.12.02-19.20.11:207][  0]LogDerivedDataCache:Display: Pak cache opened for reading ../../../Engine/DerivedDataCache/Compressed.ddp.
[2017.12.02-19.20.11:220][  0]LogDerivedDataCache: Using Local data cache path C:/Users/Marcus/AppData/Local/UnrealEngine/Common/DerivedDataCache: Writable
[2017.12.02-19.20.11:228][  0]LogSlate: Using Freetype 2.6.0
[2017.12.02-19.20.11:279][  0]LogSlate: SlateFontCache - WITH_FREETYPE: 1, WITH_HARFBUZZ: 1
[2017.12.02-19.20.11:279][  0]LogSlate: SlateFontCache - WITH_FREETYPE: 1, WITH_HARFBUZZ: 1
[2017.12.02-19.20.16:253][  0]LogInit: Selected Device Profile: [Windows]
[2017.12.02-19.20.16:255][  0]LogContentStreaming: Texture pool size is 0.00 MB
[2017.12.02-19.20.16:783][  0]LogMeshUtilities: Using QuadricMeshReduction for automatic static mesh reduction
[2017.12.02-19.20.16:954][  0]LogSimplygon: Simplygon DLL not present - disabling.
[2017.12.02-19.20.17:124][  0]LogMeshUtilities: Using SimplygonSwarm for distributed automatic mesh merging
[2017.12.02-19.20.17:124][  0]LogMeshUtilities: No automatic skeletal mesh reduction module available
[2017.12.02-19.20.17:124][  0]LogMeshUtilities: No automatic mesh merging module available
[2017.12.02-19.20.18:244][  0]LogNetVersion: GetLocalNetworkVersion: CL: 3299760, ProjectName: bang, ProjectVersion: , EngineNetworkVersion: 2, GameNetworkVersion: 0, NetworkChecksum: 3018941388
[2017.12.02-19.20.18:356][  0]LogAssetRegistry: FAssetRegistry took 0.0221 seconds to start up
[2017.12.02-19.20.19:173][  0]LogPackageLocalizationCache: Processed 3 localized package path(s) for 2 prioritized culture(s) in 0.728065 seconds
[2017.12.02-19.20.19:178][  0]LogUObjectArray: 32493 objects as part of root set at end of initial load.
[2017.12.02-19.20.19:178][  0]LogUObjectAllocator: 7077024 out of 0 bytes used by permanent object pool.
[2017.12.02-19.20.19:178][  0]LogUObjectArray: CloseDisregardForGC: 0/0 objects in disregard for GC pool
[2017.12.02-19.20.19:463][  0]LogInit: WinSock: version 1.1 (2.2), MaxSocks=32767, MaxUdp=65467
[2017.12.02-19.21.02:995][  0]LogTcpMessaging: Initializing TcpMessaging bridge
[2017.12.02-19.21.03:114][  0]LogUdpMessaging: Initializing bridge on interface 0.0.0.0:0 to multicast group 230.0.0.1:6666.
[2017.12.02-19.21.05:981][  0]LogMaterial: Uniform references updated for custom material expression Custom.
[2017.12.02-19.21.07:233][  0]SourceControl: Info Source control is disabled
[2017.12.02-19.21.07:235][  0]SourceControl: Info Source control is disabled
[2017.12.02-19.21.07:425][  0]SourceControl: Info Source control is disabled
[2017.12.02-19.21.07:609][  0]SourceControl: Info Source control is disabled
[2017.12.02-19.21.12:878][  0]LogEngine: Initializing Engine...
[2017.12.02-19.21.12:880][  0]LogHMD: Failed to initialize OpenVR with code 110
[2017.12.02-19.21.13:005][  0]LogStats: UGameplayTagsManager::ConstructGameplayTagTree: Construct from data asset -  0.000 s
[2017.12.02-19.21.13:005][  0]LogStats: UGameplayTagsManager::ConstructGameplayTagTree: GameplayTagTreeChangedEvent.Broadcast -  0.000 s
[2017.12.02-19.21.13:485][  0]LogAIModule: Creating AISystem for world Untitled
[2017.12.02-19.21.13:492][  0]LogInit: XAudio2 using 'Digital Audio (S/PDIF) (High Definition Audio Device)' : 2 channels at 44.1 kHz using 16 bits per sample (channel mask 0x3)
[2017.12.02-19.21.13:504][  0]LogInit: FAudioDevice initialized.
[2017.12.02-19.21.13:694][  0]LogDerivedDataCache: Saved boot cache 0.19s 50MB C:/Users/Marcus/AppData/Local/UnrealEngine/4.15/DerivedDataCache/Boot.ddc.
[2017.12.02-19.21.13:699][  0]LogInit: Texture streaming: Enabled
[2017.12.02-19.21.14:108][  0]LogEngineSessionManager: EngineSessionManager initialized
[2017.12.02-19.21.14:108][  0]LogEngineSessionManager: EngineSessionManager sent abnormal shutdown report. Type=Crashed, SessionId={DE74FF85-46EA-3083-6B1C-E7AA1D73BC96}
[2017.12.02-19.21.14:445][  0]LogInit: Transaction tracking system initialized
[2017.12.02-19.21.15:894][  0]BlueprintLog: New page: Editor Load
[2017.12.02-19.21.19:710][  0]LocalizationService: Info Localization service is disabled
[2017.12.02-19.21.23:525][  0]LogConsoleResponse:Display: 
[2017.12.02-19.21.23:906][  0]LogCook:Display: Max memory allowance for cook 16384mb min free memory 0mb
[2017.12.02-19.21.23:906][  0]LogCook:Display: Mobile HDR setting 1
[2017.12.02-19.21.24:963][  0]LogFileCache: Scanning file cache for directory 'C:/Users/Marcus/Documents/GitHub/BANG/Bang/Content/' took 0.02s
[2017.12.02-19.21.30:022][  0]SourceControl: Info Source control is disabled
[2017.12.02-19.21.30:091][  0]LogWindowsTextInputMethodSystem:Display: IME system now deactivated.
[2017.12.02-19.21.30:183][  0]LogSlate: Took 0.064764 seconds to synchronously load lazily loaded font '../../../Engine/Content/Slate/Fonts/Roboto-Regular.ttf' (155K)
[2017.12.02-19.21.34:035][  0]LogWindowsTextInputMethodSystem:Display: IME system now deactivated.
[2017.12.02-19.21.34:036][  0]LogWindowsTextInputMethodSystem:Display: IME system now deactivated.
[2017.12.02-19.21.35:211][  0]LogWindowsTextInputMethodSystem:Display: IME system now deactivated.
[2017.12.02-19.21.35:212][  0]LogWindowsTextInputMethodSystem:Display: IME system now deactivated.
[2017.12.02-19.21.35:220][  0]Cmd: MAP LOAD FILE="../../../../../../Users/Marcus/Documents/GitHub/BANG/Bang/Content/2DSideScrollerCPP/Maps/2DSideScrollerExampleMap.umap" TEMPLATE=0 SHOWPROGRESS=1 FEATURELEVEL=3
[2017.12.02-19.21.35:220][  0]LightingResults: New page: Lighting Build
[2017.12.02-19.21.35:463][  0]MapCheck: New page: Map Check
[2017.12.02-19.21.35:463][  0]LightingResults: New page: Lighting Build
[2017.12.02-19.21.35:649][  0]LogAIModule: Creating AISystem for world 2DSideScrollerExampleMap
[2017.12.02-19.21.35:675][  0]LogEditorServer: Finished looking for orphan Actors (0.000 secs)
[2017.12.02-19.21.35:675][  0]Cmd: MAP CHECKDEP NOCLEARLOG
[2017.12.02-19.21.35:837][  0]MapCheck: Info Map check complete: 0 Error(s), 0 Warning(s), took 161.627ms to complete.
[2017.12.02-19.21.35:837][  0]LogFileHelpers: Loading map '2DSideScrollerExampleMap' took 0.618
[2017.12.02-19.21.36:119][  0]LogStats:Warning: MetaData mismatch. Did you assign a stat to two groups? New //STATGROUP_Threads//SplashScreenThread///Thread_2d70_0///####STATCAT_Advanced#### old //STATGROUP_Threads//SplashScreenThread///Thread_2c50_0///####STATCAT_Advanced####
[2017.12.02-19.21.36:119][  0]LogCollectionManager: Loaded 0 collections in 0.002597 seconds
[2017.12.02-19.21.36:381][  0]LogFileCache: Scanning file cache for directory 'C:/Users/Marcus/Documents/GitHub/BANG/Bang/Saved/Collections/' took 0.01s
[2017.12.02-19.21.36:381][  0]LogFileCache: Scanning file cache for directory 'C:/Users/Marcus/Documents/GitHub/BANG/Bang/Content/Developers/Marcus/Collections/' took 0.01s
[2017.12.02-19.21.36:381][  0]LogFileCache: Scanning file cache for directory 'C:/Users/Marcus/Documents/GitHub/BANG/Bang/Content/Collections/' took 0.01s
[2017.12.02-19.21.36:381][  0]LogCollectionManager: Rebuilt the GUID cache for 0 collections in 0.000008 seconds
[2017.12.02-19.21.36:401][  0]LogContentBrowser: Native class hierarchy populated in 0.0187 seconds. Added 2247 classes and 455 folders.
[2017.12.02-19.21.36:759][  0]LogContentBrowser: Native class hierarchy updated for 'WidgetCarousel' in 0.0027 seconds. Added 0 classes and 0 folders.
[2017.12.02-19.21.38:258][  0]LogContentBrowser: Native class hierarchy updated for 'AddContentDialog' in 0.0034 seconds. Added 0 classes and 0 folders.
[2017.12.02-19.21.38:502][  0]LogContentBrowser: Native class hierarchy updated for 'SceneOutliner' in 0.0107 seconds. Added 1 classes and 2 folders.
[2017.12.02-19.21.38:738][  0]LogCrashTracker: Crashtracker disabled due to settings.
[2017.12.02-19.21.42:528][  0]LogSlate: Only BGRA pngs, bmps or icos are supported in by External Image Picker
[2017.12.02-19.21.43:551][  0]LogTemp:Display: Executing iPhonePackager certificates Engine -bundlename com.YourCompany.Bang

[2017.12.02-19.21.43:551][  0]LogTemp:Display: CWD: C:\Program Files\Epic Games\UE_4.15\Engine\Binaries\DotNET\IOS

[2017.12.02-19.21.43:551][  0]LogTemp:Display: Initial Dir: C:\Program Files\Epic Games\UE_4.15

[2017.12.02-19.21.43:551][  0]LogTemp:Display: Env CWD: C:\Program Files\Epic Games\UE_4.15\Engine\Binaries\DotNET\IOS

[2017.12.02-19.21.43:551][  0]LogTemp:Display: BranchPath = MARCUSPC/C/Program Files/Epic Games/UE_4.15/Engine/Binaries --- GameBranchPath = MARCUSPC/C/Program Files/Epic Games/UE_4.15/Engine/Binaries

[2017.12.02-19.21.43:551][  0]LogTemp:Display: IPP ERROR: Application exception: System.IO.DirectoryNotFoundException: Could not find a part of the path 'C:\Users\Marcus\AppData\Local\Apple Computer\MobileDevice\Provisioning Profiles'.

[2017.12.02-19.21.43:551][  0]LogTemp:Display:    at System.IO.__Error.WinIOError(Int32 errorCode, String maybeFullPath)

[2017.12.02-19.21.43:551][  0]LogTemp:Display:    at System.IO.FileSystemEnumerableIterator`1.CommonInit()

[2017.12.02-19.21.43:551][  0]LogTemp:Display:    at System.IO.Directory.EnumerateFiles(String path, String searchPattern)

[2017.12.02-19.21.43:551][  0]LogTemp:Display:    at iPhonePackager.CodeSignatureBuilder.FindProvisions(String CFBundleIdentifier)

[2017.12.02-19.21.43:551][  0]LogTemp:Display:    at iPhonePackager.Program.Main(String[] args)

[2017.12.02-19.21.43:551][  0]LogUObjectGlobals:Warning: Failed to find object 'Class None.'
[2017.12.02-19.21.44:689][  0]LogContentBrowser: Native class hierarchy updated for 'HierarchicalLODOutliner' in 0.0028 seconds. Added 1 classes and 2 folders.
[2017.12.02-19.21.44:689][  0]LogLoad: (Engine Initialization) Total time: 137.49 seconds
[2017.12.02-19.21.44:689][  0]LogLoad: (Engine Initialization) Total Blueprint compile time: 0.31 seconds
[2017.12.02-19.21.44:689][  0]LogExternalProfiler: Found external profiler: VSPerf
[2017.12.02-19.21.44:689][  0]LogExternalProfiler: Using external profiler: VSPerf
[2017.12.02-19.21.44:700][  0]LogOcInput: OculusInput pre-init called
[2017.12.02-19.21.44:721][  0]LogContentStreaming: Texture pool size now 1000 MB
[2017.12.02-19.21.44:741][  0]LogSlate: Took 0.019215 seconds to synchronously load lazily loaded font '../../../Engine/Content/Slate/Fonts/Roboto-Bold.ttf' (160K)
[2017.12.02-19.21.44:766][  0]LogSlate: Took 0.019775 seconds to synchronously load lazily loaded font '../../../Engine/Content/Editor/Slate/Fonts/FontAwesome.ttf' (139K)
[2017.12.02-19.21.44:894][  0]LogSlate: Took 0.000324 seconds to synchronously load lazily loaded font '../../../Engine/Content/Slate/Fonts/Roboto-Light.ttf' (159K)
[2017.12.02-19.21.45:056][  0]LogRenderer: Reallocating scene render targets to support 1208x580 NumSamples 1 (Frame:2).
[2017.12.02-19.21.45:138][  1]LogAssetRegistry: Asset discovery search completed in 86.8043 seconds
[2017.12.02-19.21.45:138][  1]LogCollectionManager: Rebuilt the object cache for 0 collections in 0.000005 seconds (found 0 objects)
[2017.12.02-19.21.45:138][  1]LogCollectionManager: Fixed up redirectors for 0 collections in 0.000023 seconds (updated 0 objects)
[2017.12.02-19.21.47:380][214]LogVSAccessor:Warning: Visual Studio is open but could not be queried - it may be blocked by a modal operation
[2017.12.02-19.21.47:380][214]LogVSAccessor:Warning: Couldn't access Visual Studio
[2017.12.02-19.21.47:387][214]Recompiling Bang...
[2017.12.02-19.21.47:387][214]Launching UnrealBuildTool... [C:/Program Files/Epic Games/UE_4.15/Engine/Binaries/DotNET/UnrealBuildTool.exe Bang -ModuleWithSuffix Bang 1547 Win64 Development -editorrecompile -canskiplink "C:/Users/Marcus/Documents/GitHub/BANG/Bang/Bang.uproject" ]
[2017.12.02-19.21.47:397][214]Warning: Starting HotReload took  0.0s.
[2017.12.02-19.22.12:709][406]CompilerResultsLog: New page: Compilation - 2 Dec 2017 19:22:12
[2017.12.02-19.22.12:709][406]CompilerResultsLog: Info Compiling game modules for hot reload
[2017.12.02-19.22.12:709][406]CompilerResultsLog: Info Target is up to date
[2017.12.02-19.22.12:709][406]CompilerResultsLog: Info Total build time: 24.36 seconds (NoActionsToExecute executor: 0.02 seconds)
[2017.12.02-19.22.12:709][406]LogMainFrame: MainFrame: Module compiling took 25.329 seconds
[2017.12.02-19.22.12:738][406]LogContentBrowser: Native class hierarchy populated in 0.0107 seconds. Added 2249 classes and 459 folders.
[2017.12.02-19.22.12:738][406]Display: HotReload took 25.4s.
[2017.12.02-19.22.29:178][139]LogEditorViewport: Clicking on Actor (LMB): BP_2DSideScrollerCharacter_C (BP_2DSideScrollerCharacter)
[2017.12.02-19.22.29:782][162]LogSlate: Took 0.000332 seconds to synchronously load lazily loaded font '../../../Engine/Content/Editor/Slate/Fonts/Roboto-Italic.ttf' (157K)
[2017.12.02-19.22.39:026][ 24]LogSlate: Took 0.000294 seconds to synchronously load lazily loaded font '../../../Engine/Content/Slate/Fonts/Roboto-Light.ttf' (159K)
[2017.12.02-19.23.09:761][304]LogTemp: Repeting last play command: Selected Viewport
[2017.12.02-19.23.09:772][304]LogBlueprintUserMessages: Early PlayInEditor Detection: Level '/Game/2DSideScrollerCPP/Maps/2DSideScrollerExampleMap.2DSideScrollerExampleMap:PersistentLevel' has LevelScriptBlueprint '/Game/2DSideScrollerCPP/Maps/2DSideScrollerExampleMap.2DSideScrollerExampleMap:PersistentLevel.2DSideScrollerExampleMap' with GeneratedClass '/Game/2DSideScrollerCPP/Maps/2DSideScrollerExampleMap.2DSideScrollerExampleMap_C' with ClassGeneratedBy '/Game/2DSideScrollerCPP/Maps/2DSideScrollerExampleMap.2DSideScrollerExampleMap:PersistentLevel.2DSideScrollerExampleMap'
[2017.12.02-19.23.09:772][304]LogPlayLevel: PlayLevel: No blueprints needed recompiling
[2017.12.02-19.23.09:772][304]PIE: New page: PIE session: 2DSideScrollerExampleMap (2 Dec 2017 19:23:09)
[2017.12.02-19.23.09:772][304]LogPlayLevel: Creating play world package: /Game/2DSideScrollerCPP/Maps/UEDPIE_0_2DSideScrollerExampleMap
[2017.12.02-19.23.09:775][304]LogPlayLevel: PIE: StaticDuplicateObject took: (0.002652s)
[2017.12.02-19.23.09:775][304]LogAIModule: Creating AISystem for world 2DSideScrollerExampleMap
[2017.12.02-19.23.09:775][304]LogPlayLevel: PIE: World Init took: (0.000629s)
[2017.12.02-19.23.09:776][304]LogPlayLevel: PIE: Created PIE world by copying editor world from /Game/2DSideScrollerCPP/Maps/2DSideScrollerExampleMap.2DSideScrollerExampleMap to /Game/2DSideScrollerCPP/Maps/UEDPIE_0_2DSideScrollerExampleMap.2DSideScrollerExampleMap (0.003508s)
[2017.12.02-19.23.09:811][304]LogInit: XAudio2 using 'Digital Audio (S/PDIF) (High Definition Audio Device)' : 2 channels at 44.1 kHz using 16 bits per sample (channel mask 0x3)
[2017.12.02-19.23.09:822][304]LogInit: FAudioDevice initialized.
[2017.12.02-19.23.09:867][304]LogLoad: Game class is 'BangGameMode'
[2017.12.02-19.23.09:869][304]LogWorld: Bringing World /Game/2DSideScrollerCPP/Maps/UEDPIE_0_2DSideScrollerExampleMap.2DSideScrollerExampleMap up for play (max tick rate 0) at 2017.12.02-19.23.09
[2017.12.02-19.23.09:869][304]LogWorld: Bringing up level for play took: 0.001452
[2017.12.02-19.23.10:056][304]LogContentBrowser: Native class hierarchy updated for 'MovieSceneCapture' in 0.0027 seconds. Added 11 classes and 0 folders.
[2017.12.02-19.23.10:056][304]PIE: Info Play in editor start time for /Game/2DSideScrollerCPP/Maps/UEDPIE_0_2DSideScrollerExampleMap 0.867
[2017.12.02-19.23.10:057][304]LogBlueprintUserMessages: Late PlayInEditor Detection: Level '/Game/2DSideScrollerCPP/Maps/2DSideScrollerExampleMap.2DSideScrollerExampleMap:PersistentLevel' has LevelScriptBlueprint '/Game/2DSideScrollerCPP/Maps/2DSideScrollerExampleMap.2DSideScrollerExampleMap:PersistentLevel.2DSideScrollerExampleMap' with GeneratedClass '/Game/2DSideScrollerCPP/Maps/2DSideScrollerExampleMap.2DSideScrollerExampleMap_C' with ClassGeneratedBy '/Game/2DSideScrollerCPP/Maps/2DSideScrollerExampleMap.2DSideScrollerExampleMap:PersistentLevel.2DSideScrollerExampleMap'
[2017.12.02-19.24.10:536][304]LogCrashTracker: 


[2017.12.02-19.24.10:536][304]LogCrashTracker: 


[2017.12.02-19.24.10:536][304]LogWindows:Error: === Critical error: ===
[2017.12.02-19.24.10:536][304]LogWindows:Error: 
[2017.12.02-19.24.10:536][304]LogWindows:Error: Fatal error!
[2017.12.02-19.24.10:536][304]LogWindows:Error: 
[2017.12.02-19.24.10:536][304]LogWindows:Error: 
[2017.12.02-19.24.10:539][304]LogExit: Executing StaticShutdownAfterError
[2017.12.02-19.24.10:544][304]LogWindows: FPlatformMisc::RequestExit(1)
[2017.12.02-19.24.10:544][304]Log file closed, 12/02/17 19:24:10
