Log file open, 12/03/17 15:57:27
LogInit:Display: Running engine for game: Bang
LogPlatformFile: Not using cached read wrapper
LogInit:Display: RandInit(-1668845644) SRandInit(-1668845644).
LogTaskGraph: Started task graph with 5 named threads and 8 total threads with 1 sets of task threads.
LogStats: Stats thread started at 0.095343
LogInit: Using libcurl 7.47.1
LogInit:  - built for x86_64-pc-win32
LogInit:  - supports SSL with OpenSSL/1.0.2g
LogInit:  - supports HTTP deflate (compression) using libz 1.2.8
LogInit:  - other features:
LogInit:      CURL_VERSION_SSL
LogInit:      CURL_VERSION_LIBZ
LogInit:      CURL_VERSION_IPV6
LogInit:      CURL_VERSION_ASYNCHDNS
LogInit:      CURL_VERSION_LARGEFILE
LogInit:      CURL_VERSION_IDN
LogInit:  CurlRequestOptions (configurable via config and command line):
LogInit:  - bVerifyPeer = false  - Libcurl will NOT verify peer certificate
LogInit:  - bUseHttpProxy = false  - Libcurl will NOT use HTTP proxy
LogInit:  - bDontReuseConnections = false  - Libcurl will reuse connections
LogInit:  - CertBundlePath = nullptr  - Libcurl will use whatever was configured at build time.
LogInit: Build: ++UE4+Release-4.15-CL-3450819
LogInit: Engine Version: 4.15.3-3450819+++UE4+Release-4.15
LogInit: Compatible Engine Version: 4.15.0-3299760+++UE4+Release-4.15
LogInit: Net CL: 3299760
LogDevObjectVersion: Number of dev versions registered: 14
LogDevObjectVersion:   Dev-Blueprints (B0D832E4-1F89-4F0D-ACCF-7EB736FD4AA2): 8
LogDevObjectVersion:   Dev-Build (E1C64328-A22C-4D53-A36C-8E866417BD8C): 0
LogDevObjectVersion:   Dev-Core (375EC13C-06E4-48FB-B500-84F0262A717E): 2
LogDevObjectVersion:   Dev-Editor (E4B068ED-F494-42E9-A231-DA0B2E46BB41): 14
LogDevObjectVersion:   Dev-Framework (CFFC743F-43B0-4480-9391-14DF171D2073): 22
LogDevObjectVersion:   Dev-Mobile (B02B49B5-BB20-44E9-A304-32B752E40360): 0
LogDevObjectVersion:   Dev-Networking (A4E4105C-59A1-49B5-A7C5-40C4547EDFEE): 0
LogDevObjectVersion:   Dev-Online (39C831C9-5AE6-47DC-9A44-9C173E1C8E7C): 0
LogDevObjectVersion:   Dev-Physics (78F01B33-EBEA-4F98-B9B4-84EACCB95AA2): 0
LogDevObjectVersion:   Dev-Platform (6631380F-2D4D-43E0-8009-CF276956A95A): 0
LogDevObjectVersion:   Dev-Rendering (12F88B9F-8875-4AFC-A67C-D90C383ABD29): 12
LogDevObjectVersion:   Dev-Sequencer (7B5AE74C-D270-4C10-A958-57980B212A5A): 3
LogDevObjectVersion:   Dev-VR (D7296918-1DD6-4BDD-9DE2-64A83CC13884): 0
LogDevObjectVersion:   Dev-LoadTimes (C2A15278-BFE7-4AFE-6C17-90FF531DF755): 1
LogInit: Compiled (64-bit): May 21 2017 11:02:34
LogInit: Compiled with Visual C++: 19.00.23026.00
LogInit: Build Configuration: Development
LogInit: Branch Name: ++UE4+Release-4.15
LogInit: Command line: -EpicPortal 
LogInit: Base directory: C:/Program Files/Epic Games/UE_4.15/Engine/Binaries/Win64/
LogInit: Installed Engine Build: 1
LogInit: Presizing for max 8388607 objects, including 0 objects not considered by GC, pre-allocating 0 bytes for permanent pool.
LogInit: Object subsystem initialized
[2017.12.03-15.57.29:438][  0]LogInit: Selected Device Profile: [Windows]
[2017.12.03-15.57.29:438][  0]LogInit: Applying CVar settings loaded from the selected device profile: [Windows]
[2017.12.03-15.57.29:454][  0]LogInit: Computer: MARCUSPC
[2017.12.03-15.57.29:454][  0]LogInit: User: Marcus
[2017.12.03-15.57.29:454][  0]LogInit: CPU Page size=65536, Cores=4
[2017.12.03-15.57.29:454][  0]LogInit: High frequency timer resolution =2.929686 MHz
[2017.12.03-15.57.29:454][  0]LogMemory: Memory total: Physical=16.0GB (16GB approx)
[2017.12.03-15.57.29:454][  0]LogMemory: Platform Memory Stats for Windows
[2017.12.03-15.57.29:454][  0]LogMemory: Process Physical Memory: 263.12 MB used, 263.12 MB peak
[2017.12.03-15.57.29:454][  0]LogMemory: Process Virtual Memory: 262.24 MB used, 262.24 MB peak
[2017.12.03-15.57.29:454][  0]LogMemory: Physical Memory: 4010.30 MB used,  12326.13 MB free, 16336.43 MB total
[2017.12.03-15.57.29:454][  0]LogMemory: Virtual Memory: 682.38 MB used,  12326.13 MB free, 134217728.00 MB total
[2017.12.03-15.57.29:730][  0]LogTextLocalizationManager: No specific translations for ('en-GB') exist, so ('en') translations will be used.
[2017.12.03-15.57.30:588][  0]LogD3D11RHI: D3D11 adapters:
[2017.12.03-15.57.30:635][  0]LogD3D11RHI:    0. 'NVIDIA GeForce GTX 1050' (Feature Level 11_0)
[2017.12.03-15.57.30:635][  0]LogD3D11RHI:       1987/0/8168 MB DedicatedVideo/DedicatedSystem/SharedSystem, Outputs:2, VendorId:0x10de
[2017.12.03-15.57.30:637][  0]LogD3D11RHI:    1. 'Microsoft Basic Render Driver' (Feature Level 11_0)
[2017.12.03-15.57.30:637][  0]LogD3D11RHI:       0/0/8168 MB DedicatedVideo/DedicatedSystem/SharedSystem, Outputs:0, VendorId:0x1414
[2017.12.03-15.57.30:637][  0]LogD3D11RHI: Chosen D3D11 Adapter: 0
[2017.12.03-15.57.30:643][  0]LogD3D11RHI: Creating new Direct3DDevice
[2017.12.03-15.57.30:643][  0]LogD3D11RHI:     GPU DeviceId: 0x1c81 (for the marketing name, search the web for "GPU Device Id")
[2017.12.03-15.57.30:643][  0]LogWindows: EnumDisplayDevices:
[2017.12.03-15.57.30:643][  0]LogWindows:    0. 'NVIDIA GeForce GTX 1050' (P:1 D:1)
[2017.12.03-15.57.30:643][  0]LogWindows:    1. 'NVIDIA GeForce GTX 1050' (P:0 D:1)
[2017.12.03-15.57.30:643][  0]LogWindows:    2. 'NVIDIA GeForce GTX 1050' (P:0 D:0)
[2017.12.03-15.57.30:643][  0]LogWindows:    3. 'NVIDIA GeForce GTX 1050' (P:0 D:0)
[2017.12.03-15.57.30:643][  0]LogWindows: DebugString: GetVideoDriverDetailsInvalid PrimaryIsNotTheChoosenAdapter GetVideoDriverDetailsInvalid PrimaryIsNotTheChoosenAdapter GetVideoDriverDetailsInvalid PrimaryIsNotTheChoosenAdapter GetVideoDriverDetailsInvalid PrimaryIsNotTheChoosenAdapter FoundDriverCount:0 
[2017.12.03-15.57.30:643][  0]LogD3D11RHI:     Adapter Name: NVIDIA GeForce GTX 1050
[2017.12.03-15.57.30:643][  0]LogD3D11RHI:   Driver Version: Unknown (internal:Unknown, unified:Unknown)
[2017.12.03-15.57.30:643][  0]LogD3D11RHI:      Driver Date: Unknown
[2017.12.03-15.57.30:643][  0]LogRHI: Texture pool is 1361 MB (70% of 1945 MB)
[2017.12.03-15.57.30:665][  0]LogD3D11RHI: Async texture creation enabled
[2017.12.03-15.57.30:675][  0]LogD3D11RHI: GPU Timing Frequency: 1000.000000 (Debug: 2 1)
[2017.12.03-15.57.30:678][  0]LogShaderCompilers: Guid format shader working directory is -11 characters bigger than the processId version (../../../../../../Users/Marcus/Documents/GitHub/BANG/Bang/Intermediate/Shaders/WorkingDirectory/10712/).
[2017.12.03-15.57.30:678][  0]LogShaderCompilers: Cleaned the shader compiler working directory 'C:/Users/Marcus/AppData/Local/Temp/UnrealShaderWorkingDir/D94C00D0421CD050AB3363B250FAD85B/'.
[2017.12.03-15.57.30:678][  0]LogShaderCompilers:Display: Using Local Shader Compiler.
[2017.12.03-15.57.31:952][  0]LogTemp:Display: Loaded TP AllDesktopTargetPlatform
[2017.12.03-15.57.32:109][  0]LogTemp:Display: Loaded TP MacClientTargetPlatform
[2017.12.03-15.57.32:267][  0]LogTemp:Display: Loaded TP MacNoEditorTargetPlatform
[2017.12.03-15.57.32:427][  0]LogTemp:Display: Loaded TP MacServerTargetPlatform
[2017.12.03-15.57.32:586][  0]LogTemp:Display: Loaded TP MacTargetPlatform
[2017.12.03-15.57.32:745][  0]LogTemp:Display: Loaded TP WindowsClientTargetPlatform
[2017.12.03-15.57.32:906][  0]LogTemp:Display: Loaded TP WindowsNoEditorTargetPlatform
[2017.12.03-15.57.33:064][  0]LogTemp:Display: Loaded TP WindowsServerTargetPlatform
[2017.12.03-15.57.33:212][  0]LogTemp:Display: Loaded TP WindowsTargetPlatform
[2017.12.03-15.57.33:369][  0]LogTemp:Display: Loaded TP AndroidTargetPlatform
[2017.12.03-15.57.33:526][  0]LogTemp:Display: Loaded TP Android_ASTCTargetPlatform
[2017.12.03-15.57.33:681][  0]LogTemp:Display: Loaded TP Android_ATCTargetPlatform
[2017.12.03-15.57.33:840][  0]LogTemp:Display: Loaded TP Android_DXTTargetPlatform
[2017.12.03-15.57.34:001][  0]LogTemp:Display: Loaded TP Android_ETC1TargetPlatform
[2017.12.03-15.57.34:162][  0]LogTemp:Display: Loaded TP Android_ETC2TargetPlatform
[2017.12.03-15.57.34:488][  0]LogTemp:Display: Loaded TP Android_MultiTargetPlatform
[2017.12.03-15.57.34:488][  0]LogTemp:Display: Loaded TP Android_PVRTCTargetPlatform
[2017.12.03-15.57.34:634][  0]LogTemp:Display: Loaded TP HTML5TargetPlatform
[2017.12.03-15.57.34:905][  0]LogTemp:Display: Loaded TP IOSTargetPlatform
[2017.12.03-15.57.35:005][  0]LogTemp:Display: Loaded TP TVOSTargetPlatform
[2017.12.03-15.57.35:166][  0]LogTemp:Display: Loaded TP LinuxClientTargetPlatform
[2017.12.03-15.57.35:328][  0]LogTemp:Display: Loaded TP LinuxNoEditorTargetPlatform
[2017.12.03-15.57.35:492][  0]LogTemp:Display: Loaded TP LinuxServerTargetPlatform
[2017.12.03-15.57.35:651][  0]LogTemp:Display: Loaded TP LinuxTargetPlatform
[2017.12.03-15.57.35:651][  0]LogTargetPlatformManager:Display: Building Assets For Windows
[2017.12.03-15.57.37:309][  0]LogDerivedDataCache:Display: Max Cache Size: 512 MB
[2017.12.03-15.57.37:348][  0]LogDerivedDataCache: Loaded boot cache 0.04s 50MB C:/Users/Marcus/AppData/Local/UnrealEngine/4.15/DerivedDataCache/Boot.ddc.
[2017.12.03-15.57.37:348][  0]LogDerivedDataCache:Display: Loaded Boot cache: C:/Users/Marcus/AppData/Local/UnrealEngine/4.15/DerivedDataCache/Boot.ddc
[2017.12.03-15.57.37:348][  0]LogDerivedDataCache: FDerivedDataBackendGraph:  Pak pak cache file ../../../../../../Users/Marcus/Documents/GitHub/BANG/Bang/DerivedDataCache/DDC.ddp not found, will not use a pak cache.
[2017.12.03-15.57.37:348][  0]LogDerivedDataCache: Unable to find inner node Pak for hierarchical cache Hierarchy.
[2017.12.03-15.57.37:348][  0]LogDerivedDataCache: FDerivedDataBackendGraph:  CompressedPak pak cache file ../../../../../../Users/Marcus/Documents/GitHub/BANG/Bang/DerivedDataCache/Compressed.ddp not found, will not use a pak cache.
[2017.12.03-15.57.37:348][  0]LogDerivedDataCache: Unable to find inner node CompressedPak for hierarchical cache Hierarchy.
[2017.12.03-15.57.37:363][  0]LogDerivedDataCache:Display: Pak cache opened for reading ../../../Engine/DerivedDataCache/Compressed.ddp.
[2017.12.03-15.57.37:376][  0]LogDerivedDataCache: Using Local data cache path C:/Users/Marcus/AppData/Local/UnrealEngine/Common/DerivedDataCache: Writable
[2017.12.03-15.57.37:385][  0]LogSlate: Using Freetype 2.6.0
[2017.12.03-15.57.37:386][  0]LogSlate: SlateFontCache - WITH_FREETYPE: 1, WITH_HARFBUZZ: 1
[2017.12.03-15.57.37:386][  0]LogSlate: SlateFontCache - WITH_FREETYPE: 1, WITH_HARFBUZZ: 1
[2017.12.03-15.57.37:849][  0]LogInit: Selected Device Profile: [Windows]
[2017.12.03-15.57.37:851][  0]LogContentStreaming: Texture pool size is 0.00 MB
[2017.12.03-15.57.38:344][  0]LogMeshUtilities: Using QuadricMeshReduction for automatic static mesh reduction
[2017.12.03-15.57.38:506][  0]LogSimplygon: Simplygon DLL not present - disabling.
[2017.12.03-15.57.38:668][  0]LogMeshUtilities: Using SimplygonSwarm for distributed automatic mesh merging
[2017.12.03-15.57.38:668][  0]LogMeshUtilities: No automatic skeletal mesh reduction module available
[2017.12.03-15.57.38:668][  0]LogMeshUtilities: No automatic mesh merging module available
[2017.12.03-15.57.39:628][  0]LogNetVersion: GetLocalNetworkVersion: CL: 3299760, ProjectName: bang, ProjectVersion: , EngineNetworkVersion: 2, GameNetworkVersion: 0, NetworkChecksum: 3018941388
[2017.12.03-15.57.39:740][  0]LogAssetRegistry: FAssetRegistry took 0.0212 seconds to start up
[2017.12.03-15.57.39:876][  0]LogPackageLocalizationCache: Processed 3 localized package path(s) for 2 prioritized culture(s) in 0.042742 seconds
[2017.12.03-15.57.39:881][  0]LogUObjectArray: 32493 objects as part of root set at end of initial load.
[2017.12.03-15.57.39:881][  0]LogUObjectAllocator: 7077024 out of 0 bytes used by permanent object pool.
[2017.12.03-15.57.39:881][  0]LogUObjectArray: CloseDisregardForGC: 0/0 objects in disregard for GC pool
[2017.12.03-15.57.40:163][  0]LogInit: WinSock: version 1.1 (2.2), MaxSocks=32767, MaxUdp=65467
[2017.12.03-15.57.44:985][  0]LogTcpMessaging: Initializing TcpMessaging bridge
[2017.12.03-15.57.45:100][  0]LogUdpMessaging: Initializing bridge on interface 0.0.0.0:0 to multicast group 230.0.0.1:6666.
[2017.12.03-15.57.46:699][  0]LogMaterial: Uniform references updated for custom material expression Custom.
[2017.12.03-15.57.47:910][  0]SourceControl: Info Source control is disabled
[2017.12.03-15.57.47:912][  0]SourceControl: Info Source control is disabled
[2017.12.03-15.57.48:082][  0]SourceControl: Info Source control is disabled
[2017.12.03-15.57.48:250][  0]SourceControl: Info Source control is disabled
[2017.12.03-15.57.52:617][  0]LogEngine: Initializing Engine...
[2017.12.03-15.57.52:618][  0]LogHMD: Failed to initialize OpenVR with code 110
[2017.12.03-15.57.52:731][  0]LogStats: UGameplayTagsManager::ConstructGameplayTagTree: Construct from data asset -  0.000 s
[2017.12.03-15.57.52:731][  0]LogStats: UGameplayTagsManager::ConstructGameplayTagTree: GameplayTagTreeChangedEvent.Broadcast -  0.000 s
[2017.12.03-15.57.53:181][  0]LogAIModule: Creating AISystem for world Untitled
[2017.12.03-15.57.53:188][  0]LogInit: XAudio2 using 'Headphones (High Definition Audio Device)' : 2 channels at 44.1 kHz using 16 bits per sample (channel mask 0x3)
[2017.12.03-15.57.53:199][  0]LogInit: FAudioDevice initialized.
[2017.12.03-15.57.53:224][  0]LogDerivedDataCache: Saved boot cache 0.02s 50MB C:/Users/Marcus/AppData/Local/UnrealEngine/4.15/DerivedDataCache/Boot.ddc.
[2017.12.03-15.57.53:228][  0]LogInit: Texture streaming: Enabled
[2017.12.03-15.57.53:598][  0]LogEngineSessionManager: EngineSessionManager initialized
[2017.12.03-15.57.53:898][  0]LogWindowsTextInputMethodSystem:Display: IME system now deactivated.
[2017.12.03-15.57.53:928][  0]LogInit: Transaction tracking system initialized
[2017.12.03-15.57.55:270][  0]BlueprintLog: New page: Editor Load
[2017.12.03-15.57.58:744][  0]LocalizationService: Info Localization service is disabled
[2017.12.03-15.58.01:233][  0]LogConsoleResponse:Display: 
[2017.12.03-15.58.01:542][  0]LogCook:Display: Max memory allowance for cook 16384mb min free memory 0mb
[2017.12.03-15.58.01:542][  0]LogCook:Display: Mobile HDR setting 1
[2017.12.03-15.58.02:074][  0]LogFileCache: Scanning file cache for directory 'C:/Users/Marcus/Documents/GitHub/BANG/Bang/Content/' took 0.01s
[2017.12.03-15.58.05:385][  0]SourceControl: Info Source control is disabled
[2017.12.03-15.58.05:385][  0]Cmd: MAP LOAD FILE="../../../../../../Users/Marcus/Documents/GitHub/BANG/Bang/Content/2DSideScrollerCPP/Maps/2DSideScrollerExampleMap.umap" TEMPLATE=0 SHOWPROGRESS=1 FEATURELEVEL=3
[2017.12.03-15.58.05:388][  0]LightingResults: New page: Lighting Build
[2017.12.03-15.58.05:542][  0]MapCheck: New page: Map Check
[2017.12.03-15.58.05:542][  0]LightingResults: New page: Lighting Build
[2017.12.03-15.58.05:622][  0]LogAIModule: Creating AISystem for world 2DSideScrollerExampleMap
[2017.12.03-15.58.05:639][  0]LogEditorServer: Finished looking for orphan Actors (0.000 secs)
[2017.12.03-15.58.05:639][  0]Cmd: MAP CHECKDEP NOCLEARLOG
[2017.12.03-15.58.05:745][  0]MapCheck: Info Map check complete: 0 Error(s), 0 Warning(s), took 105.208ms to complete.
[2017.12.03-15.58.05:745][  0]LogFileHelpers: Loading map '2DSideScrollerExampleMap' took 0.360
[2017.12.03-15.58.06:001][  0]LogCollectionManager: Loaded 0 collections in 0.002807 seconds
[2017.12.03-15.58.06:197][  0]LogFileCache: Scanning file cache for directory 'C:/Users/Marcus/Documents/GitHub/BANG/Bang/Saved/Collections/' took 0.01s
[2017.12.03-15.58.06:197][  0]LogFileCache: Scanning file cache for directory 'C:/Users/Marcus/Documents/GitHub/BANG/Bang/Content/Developers/Marcus/Collections/' took 0.01s
[2017.12.03-15.58.06:197][  0]LogFileCache: Scanning file cache for directory 'C:/Users/Marcus/Documents/GitHub/BANG/Bang/Content/Collections/' took 0.01s
[2017.12.03-15.58.06:197][  0]LogCollectionManager: Rebuilt the GUID cache for 0 collections in 0.000001 seconds
[2017.12.03-15.58.06:209][  0]LogContentBrowser: Native class hierarchy populated in 0.0104 seconds. Added 2247 classes and 455 folders.
[2017.12.03-15.58.06:460][  0]LogContentBrowser: Native class hierarchy updated for 'WidgetCarousel' in 0.0028 seconds. Added 0 classes and 0 folders.
[2017.12.03-15.58.06:542][  0]LogContentBrowser: Native class hierarchy updated for 'AddContentDialog' in 0.0027 seconds. Added 0 classes and 0 folders.
[2017.12.03-15.58.06:701][  0]LogContentBrowser: Native class hierarchy updated for 'SceneOutliner' in 0.0027 seconds. Added 1 classes and 2 folders.
[2017.12.03-15.58.06:878][  0]LogCrashTracker: Crashtracker disabled due to settings.
[2017.12.03-15.58.07:988][  0]LogSlate: Only BGRA pngs, bmps or icos are supported in by External Image Picker
[2017.12.03-15.58.08:027][  0]LogSlate: Took 0.000273 seconds to synchronously load lazily loaded font '../../../Engine/Content/Slate/Fonts/Roboto-Regular.ttf' (155K)
[2017.12.03-15.58.08:638][  0]LogTemp:Display: Executing iPhonePackager certificates Engine -bundlename com.YourCompany.Bang

[2017.12.03-15.58.08:638][  0]LogTemp:Display: CWD: C:\Program Files\Epic Games\UE_4.15\Engine\Binaries\DotNET\IOS

[2017.12.03-15.58.08:638][  0]LogTemp:Display: Initial Dir: C:\Program Files\Epic Games\UE_4.15

[2017.12.03-15.58.08:638][  0]LogTemp:Display: Env CWD: C:\Program Files\Epic Games\UE_4.15\Engine\Binaries\DotNET\IOS

[2017.12.03-15.58.08:638][  0]LogTemp:Display: BranchPath = MARCUSPC/C/Program Files/Epic Games/UE_4.15/Engine/Binaries --- GameBranchPath = MARCUSPC/C/Program Files/Epic Games/UE_4.15/Engine/Binaries

[2017.12.03-15.58.08:638][  0]LogTemp:Display: IPP ERROR: Application exception: System.IO.DirectoryNotFoundException: Could not find a part of the path 'C:\Users\Marcus\AppData\Local\Apple Computer\MobileDevice\Provisioning Profiles'.

[2017.12.03-15.58.08:638][  0]LogTemp:Display:    at System.IO.__Error.WinIOError(Int32 errorCode, String maybeFullPath)

[2017.12.03-15.58.08:638][  0]LogTemp:Display:    at System.IO.FileSystemEnumerableIterator`1.CommonInit()

[2017.12.03-15.58.08:638][  0]LogTemp:Display:    at System.IO.Directory.EnumerateFiles(String path, String searchPattern)

[2017.12.03-15.58.08:638][  0]LogTemp:Display:    at iPhonePackager.CodeSignatureBuilder.FindProvisions(String CFBundleIdentifier)

[2017.12.03-15.58.08:638][  0]LogTemp:Display:    at iPhonePackager.Program.Main(String[] args)

[2017.12.03-15.58.08:638][  0]LogUObjectGlobals:Warning: Failed to find object 'Class None.'
[2017.12.03-15.58.09:461][  0]LogContentBrowser: Native class hierarchy updated for 'HierarchicalLODOutliner' in 0.0030 seconds. Added 1 classes and 2 folders.
[2017.12.03-15.58.09:461][  0]LogLoad: (Engine Initialization) Total time: 43.81 seconds
[2017.12.03-15.58.09:461][  0]LogLoad: (Engine Initialization) Total Blueprint compile time: 0.15 seconds
[2017.12.03-15.58.09:461][  0]LogExternalProfiler: Found external profiler: VSPerf
[2017.12.03-15.58.09:461][  0]LogExternalProfiler: Using external profiler: VSPerf
[2017.12.03-15.58.09:807][  0]LogOcInput: OculusInput pre-init called
[2017.12.03-15.58.09:840][  0]LogContentStreaming: Texture pool size now 1000 MB
[2017.12.03-15.58.09:845][  0]LogSlate: Took 0.000859 seconds to synchronously load lazily loaded font '../../../Engine/Content/Slate/Fonts/Roboto-Bold.ttf' (160K)
[2017.12.03-15.58.09:861][  0]LogSlate: Took 0.000884 seconds to synchronously load lazily loaded font '../../../Engine/Content/Editor/Slate/Fonts/FontAwesome.ttf' (139K)
[2017.12.03-15.58.09:863][  0]LogSlate: Took 0.000653 seconds to synchronously load lazily loaded font '../../../Engine/Content/Editor/Slate/Fonts/DroidSansMono.ttf' (77K)
[2017.12.03-15.58.10:076][  0]LogRenderer: Reallocating scene render targets to support 1208x580 NumSamples 1 (Frame:2).
[2017.12.03-15.58.10:493][  2]LogAssetRegistry: Asset discovery search completed in 30.7734 seconds
[2017.12.03-15.58.10:493][  2]LogCollectionManager: Rebuilt the object cache for 0 collections in 0.000008 seconds (found 0 objects)
[2017.12.03-15.58.10:493][  2]LogCollectionManager: Fixed up redirectors for 0 collections in 0.000425 seconds (updated 0 objects)
[2017.12.03-15.59.43:488][281]LogVSAccessor:Warning: Couldn't access Visual Studio
[2017.12.03-15.59.43:497][281]Recompiling Bang...
[2017.12.03-15.59.43:497][281]Launching UnrealBuildTool... [C:/Program Files/Epic Games/UE_4.15/Engine/Binaries/DotNET/UnrealBuildTool.exe Bang -ModuleWithSuffix Bang 1795 Win64 Development -editorrecompile -canskiplink "C:/Users/Marcus/Documents/GitHub/BANG/Bang/Bang.uproject" ]
[2017.12.03-15.59.43:502][281]Warning: Starting HotReload took  0.0s.
[2017.12.03-15.59.49:409][983]CompilerResultsLog: New page: Compilation - 3 Dec 2017 15:59:49
[2017.12.03-15.59.49:410][983]CompilerResultsLog: Info Compiling game modules for hot reload
[2017.12.03-15.59.49:410][983]CompilerResultsLog: Info Target is up to date
[2017.12.03-15.59.49:410][983]CompilerResultsLog: Info Total build time: 5.57 seconds (NoActionsToExecute executor: 0.00 seconds)
[2017.12.03-15.59.49:410][983]LogMainFrame: MainFrame: Module compiling took 5.922 seconds
[2017.12.03-15.59.49:430][983]LogContentBrowser: Native class hierarchy populated in 0.0103 seconds. Added 2249 classes and 459 folders.
[2017.12.03-15.59.49:431][983]Display: HotReload took  5.9s.
[2017.12.03-16.00.00:364][260]LogSlate: Took 0.000309 seconds to synchronously load lazily loaded font '../../../Engine/Content/Editor/Slate/Fonts/Roboto-Italic.ttf' (157K)
[2017.12.03-16.00.20:634][466]LogVSAccessor:Warning: Couldn't access Visual Studio
[2017.12.03-16.00.20:641][466]Recompiling Bang...
[2017.12.03-16.00.20:641][466]Launching UnrealBuildTool... [C:/Program Files/Epic Games/UE_4.15/Engine/Binaries/DotNET/UnrealBuildTool.exe Bang -ModuleWithSuffix Bang 2842 Win64 Development -editorrecompile -canskiplink "C:/Users/Marcus/Documents/GitHub/BANG/Bang/Bang.uproject" ]
[2017.12.03-16.00.20:646][466]Warning: Starting HotReload took  0.0s.
[2017.12.03-16.00.26:690][188]CompilerResultsLog: New page: Compilation - 3 Dec 2017 16:00:26
[2017.12.03-16.00.26:691][188]CompilerResultsLog: Info Compiling game modules for hot reload
[2017.12.03-16.00.26:691][188]CompilerResultsLog: Info Target is up to date
[2017.12.03-16.00.26:691][188]CompilerResultsLog: Info Total build time: 5.72 seconds (NoActionsToExecute executor: 0.00 seconds)
[2017.12.03-16.00.26:691][188]LogMainFrame: MainFrame: Module compiling took 6.057 seconds
[2017.12.03-16.00.26:711][188]LogContentBrowser: Native class hierarchy populated in 0.0103 seconds. Added 2249 classes and 459 folders.
[2017.12.03-16.00.26:711][188]Display: HotReload took  6.1s.
[2017.12.03-16.00.45:503][429]LogTemp: Repeting last play command: Selected Viewport
[2017.12.03-16.00.45:517][429]LogBlueprintUserMessages: Early PlayInEditor Detection: Level '/Game/2DSideScrollerCPP/Maps/2DSideScrollerExampleMap.2DSideScrollerExampleMap:PersistentLevel' has LevelScriptBlueprint '/Game/2DSideScrollerCPP/Maps/2DSideScrollerExampleMap.2DSideScrollerExampleMap:PersistentLevel.2DSideScrollerExampleMap' with GeneratedClass '/Game/2DSideScrollerCPP/Maps/2DSideScrollerExampleMap.2DSideScrollerExampleMap_C' with ClassGeneratedBy '/Game/2DSideScrollerCPP/Maps/2DSideScrollerExampleMap.2DSideScrollerExampleMap:PersistentLevel.2DSideScrollerExampleMap'
[2017.12.03-16.00.45:518][429]LogPlayLevel: PlayLevel: No blueprints needed recompiling
[2017.12.03-16.00.45:519][429]PIE: New page: PIE session: 2DSideScrollerExampleMap (3 Dec 2017 16:00:45)
[2017.12.03-16.00.45:519][429]LogPlayLevel: Creating play world package: /Game/2DSideScrollerCPP/Maps/UEDPIE_0_2DSideScrollerExampleMap
[2017.12.03-16.00.45:522][429]LogPlayLevel: PIE: StaticDuplicateObject took: (0.002748s)
[2017.12.03-16.00.45:522][429]LogAIModule: Creating AISystem for world 2DSideScrollerExampleMap
[2017.12.03-16.00.45:523][429]LogPlayLevel: PIE: World Init took: (0.000953s)
[2017.12.03-16.00.45:523][429]LogPlayLevel: PIE: Created PIE world by copying editor world from /Game/2DSideScrollerCPP/Maps/2DSideScrollerExampleMap.2DSideScrollerExampleMap to /Game/2DSideScrollerCPP/Maps/UEDPIE_0_2DSideScrollerExampleMap.2DSideScrollerExampleMap (0.004220s)
[2017.12.03-16.00.45:561][429]LogInit: XAudio2 using 'Headphones (High Definition Audio Device)' : 2 channels at 44.1 kHz using 16 bits per sample (channel mask 0x3)
[2017.12.03-16.00.45:568][429]LogInit: FAudioDevice initialized.
[2017.12.03-16.00.45:613][429]LogLoad: Game class is 'BangGameMode'
[2017.12.03-16.00.45:615][429]LogWorld: Bringing World /Game/2DSideScrollerCPP/Maps/UEDPIE_0_2DSideScrollerExampleMap.2DSideScrollerExampleMap up for play (max tick rate 0) at 2017.12.03-16.00.45
[2017.12.03-16.00.45:615][429]LogWorld: Bringing up level for play took: 0.001587
[2017.12.03-16.00.45:790][429]LogContentBrowser: Native class hierarchy updated for 'MovieSceneCapture' in 0.0030 seconds. Added 11 classes and 0 folders.
[2017.12.03-16.00.45:791][429]PIE: Info Play in editor start time for /Game/2DSideScrollerCPP/Maps/UEDPIE_0_2DSideScrollerExampleMap 0.602
[2017.12.03-16.00.45:792][429]LogBlueprintUserMessages: Late PlayInEditor Detection: Level '/Game/2DSideScrollerCPP/Maps/2DSideScrollerExampleMap.2DSideScrollerExampleMap:PersistentLevel' has LevelScriptBlueprint '/Game/2DSideScrollerCPP/Maps/2DSideScrollerExampleMap.2DSideScrollerExampleMap:PersistentLevel.2DSideScrollerExampleMap' with GeneratedClass '/Game/2DSideScrollerCPP/Maps/2DSideScrollerExampleMap.2DSideScrollerExampleMap_C' with ClassGeneratedBy '/Game/2DSideScrollerCPP/Maps/2DSideScrollerExampleMap.2DSideScrollerExampleMap:PersistentLevel.2DSideScrollerExampleMap'
[2017.12.03-16.01.00:037][127]Set new viewmode: Wireframe
[2017.12.03-16.01.00:951][235]Set new viewmode: Wireframe
[2017.12.03-16.01.05:106][733]LogBlueprintUserMessages: Early EndPlayMap Detection: Level '/Game/2DSideScrollerCPP/Maps/2DSideScrollerExampleMap.2DSideScrollerExampleMap:PersistentLevel' has LevelScriptBlueprint '/Game/2DSideScrollerCPP/Maps/2DSideScrollerExampleMap.2DSideScrollerExampleMap:PersistentLevel.2DSideScrollerExampleMap' with GeneratedClass '/Game/2DSideScrollerCPP/Maps/2DSideScrollerExampleMap.2DSideScrollerExampleMap_C' with ClassGeneratedBy '/Game/2DSideScrollerCPP/Maps/2DSideScrollerExampleMap.2DSideScrollerExampleMap:PersistentLevel.2DSideScrollerExampleMap'
[2017.12.03-16.01.05:288][733]LogBlueprintUserMessages: Late EndPlayMap Detection: Level '/Game/2DSideScrollerCPP/Maps/2DSideScrollerExampleMap.2DSideScrollerExampleMap:PersistentLevel' has LevelScriptBlueprint '/Game/2DSideScrollerCPP/Maps/2DSideScrollerExampleMap.2DSideScrollerExampleMap:PersistentLevel.2DSideScrollerExampleMap' with GeneratedClass '/Game/2DSideScrollerCPP/Maps/2DSideScrollerExampleMap.2DSideScrollerExampleMap_C' with ClassGeneratedBy '/Game/2DSideScrollerCPP/Maps/2DSideScrollerExampleMap.2DSideScrollerExampleMap:PersistentLevel.2DSideScrollerExampleMap'
[2017.12.03-16.01.18:634][259]LogSlate: Took 0.000308 seconds to synchronously load lazily loaded font '../../../Engine/Content/Slate/Fonts/Roboto-Light.ttf' (159K)
[2017.12.03-16.01.31:974][611]LogSlate: Took 0.000174 seconds to synchronously load lazily loaded font '../../../Engine/Content/Slate/Fonts/Roboto-Light.ttf' (159K)
[2017.12.03-16.01.33:218][611]LogSlate: Took 0.000207 seconds to synchronously load lazily loaded font '../../../Engine/Content/Slate/Fonts/Roboto-Regular.ttf' (155K)
[2017.12.03-16.01.33:420][611]LogSlate: Took 0.016503 seconds to synchronously load lazily loaded font '../../../Engine/Content/Editor/Slate/Fonts/Roboto-BoldCondensed.ttf' (158K)
[2017.12.03-16.01.33:575][611]LogRenderer: Reallocating scene render targets to support 1528x960 NumSamples 1 (Frame:18751).
[2017.12.03-16.01.44:279][466]Cmd: OBJ SAVEPACKAGE PACKAGE="/Game/Bang/Legs/LeonaStandingLegs_Sprite_0" FILE="../../../../../../Users/Marcus/Documents/GitHub/BANG/Bang/Content/Bang/Legs/LeonaStandingLegs_Sprite_0.uasset" SILENT=true
[2017.12.03-16.01.44:328][466]LogSavePackage: Save=6.50ms
[2017.12.03-16.01.44:328][466]LogSavePackage: Moving '../../../../../../Users/Marcus/Documents/GitHub/BANG/Bang/Saved/LeonaStandingLegs_Sprite_064E5F0D0470BB9C6A70BAAB3381B6163.tmp' to '../../../../../../Users/Marcus/Documents/GitHub/BANG/Bang/Content/Bang/Legs/LeonaStandingLegs_Sprite_0.uasset'
[2017.12.03-16.01.44:334][466]LogSavePackage:Display: Finished SavePackage ../../../../../../Users/Marcus/Documents/GitHub/BANG/Bang/Content/Bang/Legs/LeonaStandingLegs_Sprite_0.uasset
[2017.12.03-16.01.46:160][610]LogTemp: Repeting last play command: Selected Viewport
[2017.12.03-16.01.46:174][610]LogBlueprintUserMessages: Early PlayInEditor Detection: Level '/Game/2DSideScrollerCPP/Maps/2DSideScrollerExampleMap.2DSideScrollerExampleMap:PersistentLevel' has LevelScriptBlueprint '/Game/2DSideScrollerCPP/Maps/2DSideScrollerExampleMap.2DSideScrollerExampleMap:PersistentLevel.2DSideScrollerExampleMap' with GeneratedClass '/Game/2DSideScrollerCPP/Maps/2DSideScrollerExampleMap.2DSideScrollerExampleMap_C' with ClassGeneratedBy '/Game/2DSideScrollerCPP/Maps/2DSideScrollerExampleMap.2DSideScrollerExampleMap:PersistentLevel.2DSideScrollerExampleMap'
[2017.12.03-16.01.46:174][610]LogPlayLevel: PlayLevel: No blueprints needed recompiling
[2017.12.03-16.01.46:175][610]PIE: New page: PIE session: 2DSideScrollerExampleMap (3 Dec 2017 16:01:46)
[2017.12.03-16.01.46:175][610]LogPlayLevel: Creating play world package: /Game/2DSideScrollerCPP/Maps/UEDPIE_0_2DSideScrollerExampleMap
[2017.12.03-16.01.46:177][610]LogPlayLevel: PIE: StaticDuplicateObject took: (0.002466s)
[2017.12.03-16.01.46:178][610]LogAIModule: Creating AISystem for world 2DSideScrollerExampleMap
[2017.12.03-16.01.46:178][610]LogPlayLevel: PIE: World Init took: (0.000725s)
[2017.12.03-16.01.46:178][610]LogPlayLevel: PIE: Created PIE world by copying editor world from /Game/2DSideScrollerCPP/Maps/2DSideScrollerExampleMap.2DSideScrollerExampleMap to /Game/2DSideScrollerCPP/Maps/UEDPIE_0_2DSideScrollerExampleMap.2DSideScrollerExampleMap (0.003665s)
[2017.12.03-16.01.46:217][610]LogInit: XAudio2 using 'Headphones (High Definition Audio Device)' : 2 channels at 44.1 kHz using 16 bits per sample (channel mask 0x3)
[2017.12.03-16.01.46:224][610]LogInit: FAudioDevice initialized.
[2017.12.03-16.01.46:257][610]LogLoad: Game class is 'BangGameMode'
[2017.12.03-16.01.46:260][610]LogWorld: Bringing World /Game/2DSideScrollerCPP/Maps/UEDPIE_0_2DSideScrollerExampleMap.2DSideScrollerExampleMap up for play (max tick rate 0) at 2017.12.03-16.01.46
[2017.12.03-16.01.46:260][610]LogWorld: Bringing up level for play took: 0.001427
[2017.12.03-16.01.46:261][610]PIE: Info Play in editor start time for /Game/2DSideScrollerCPP/Maps/UEDPIE_0_2DSideScrollerExampleMap 1.072
[2017.12.03-16.01.46:262][610]LogBlueprintUserMessages: Late PlayInEditor Detection: Level '/Game/2DSideScrollerCPP/Maps/2DSideScrollerExampleMap.2DSideScrollerExampleMap:PersistentLevel' has LevelScriptBlueprint '/Game/2DSideScrollerCPP/Maps/2DSideScrollerExampleMap.2DSideScrollerExampleMap:PersistentLevel.2DSideScrollerExampleMap' with GeneratedClass '/Game/2DSideScrollerCPP/Maps/2DSideScrollerExampleMap.2DSideScrollerExampleMap_C' with ClassGeneratedBy '/Game/2DSideScrollerCPP/Maps/2DSideScrollerExampleMap.2DSideScrollerExampleMap:PersistentLevel.2DSideScrollerExampleMap'
[2017.12.03-16.01.52:591][344]LogBlueprintUserMessages: Early EndPlayMap Detection: Level '/Game/2DSideScrollerCPP/Maps/2DSideScrollerExampleMap.2DSideScrollerExampleMap:PersistentLevel' has LevelScriptBlueprint '/Game/2DSideScrollerCPP/Maps/2DSideScrollerExampleMap.2DSideScrollerExampleMap:PersistentLevel.2DSideScrollerExampleMap' with GeneratedClass '/Game/2DSideScrollerCPP/Maps/2DSideScrollerExampleMap.2DSideScrollerExampleMap_C' with ClassGeneratedBy '/Game/2DSideScrollerCPP/Maps/2DSideScrollerExampleMap.2DSideScrollerExampleMap:PersistentLevel.2DSideScrollerExampleMap'
[2017.12.03-16.01.52:777][344]LogBlueprintUserMessages: Late EndPlayMap Detection: Level '/Game/2DSideScrollerCPP/Maps/2DSideScrollerExampleMap.2DSideScrollerExampleMap:PersistentLevel' has LevelScriptBlueprint '/Game/2DSideScrollerCPP/Maps/2DSideScrollerExampleMap.2DSideScrollerExampleMap:PersistentLevel.2DSideScrollerExampleMap' with GeneratedClass '/Game/2DSideScrollerCPP/Maps/2DSideScrollerExampleMap.2DSideScrollerExampleMap_C' with ClassGeneratedBy '/Game/2DSideScrollerCPP/Maps/2DSideScrollerExampleMap.2DSideScrollerExampleMap:PersistentLevel.2DSideScrollerExampleMap'
[2017.12.03-16.01.58:289][774]LogVSAccessor:Warning: Couldn't access Visual Studio
[2017.12.03-16.01.58:297][774]Recompiling Bang...
[2017.12.03-16.01.58:297][774]Launching UnrealBuildTool... [C:/Program Files/Epic Games/UE_4.15/Engine/Binaries/DotNET/UnrealBuildTool.exe Bang -ModuleWithSuffix Bang 9735 Win64 Development -editorrecompile -canskiplink "C:/Users/Marcus/Documents/GitHub/BANG/Bang/Bang.uproject" ]
[2017.12.03-16.01.58:302][774]Warning: Starting HotReload took  0.0s.
[2017.12.03-16.02.01:722][ 34]Cmd: OBJ SAVEPACKAGE PACKAGE="/Game/Bang/Legs/LeonaStandingLegs_Sprite_0" FILE="../../../../../../Users/Marcus/Documents/GitHub/BANG/Bang/Content/Bang/Legs/LeonaStandingLegs_Sprite_0.uasset" SILENT=true
[2017.12.03-16.02.01:747][ 34]LogSavePackage: Save=5.91ms
[2017.12.03-16.02.01:747][ 34]LogSavePackage: Moving '../../../../../../Users/Marcus/Documents/GitHub/BANG/Bang/Saved/LeonaStandingLegs_Sprite_0DC7DBB8D48D8F011228D15B03D8598E9.tmp' to '../../../../../../Users/Marcus/Documents/GitHub/BANG/Bang/Content/Bang/Legs/LeonaStandingLegs_Sprite_0.uasset'
[2017.12.03-16.02.01:755][ 34]LogSavePackage:Display: Finished SavePackage ../../../../../../Users/Marcus/Documents/GitHub/BANG/Bang/Content/Bang/Legs/LeonaStandingLegs_Sprite_0.uasset
[2017.12.03-16.02.04:956][307]CompilerResultsLog: New page: Compilation - 3 Dec 2017 16:02:04
[2017.12.03-16.02.04:956][307]CompilerResultsLog: Info Compiling game modules for hot reload
[2017.12.03-16.02.04:956][307]CompilerResultsLog: Info Target is up to date
[2017.12.03-16.02.04:956][307]CompilerResultsLog: Info Total build time: 6.31 seconds (NoActionsToExecute executor: 0.00 seconds)
[2017.12.03-16.02.04:957][307]LogMainFrame: MainFrame: Module compiling took 6.668 seconds
[2017.12.03-16.02.04:980][307]LogContentBrowser: Native class hierarchy populated in 0.0104 seconds. Added 2249 classes and 459 folders.
[2017.12.03-16.02.04:980][307]Display: HotReload took  6.7s.
[2017.12.03-16.02.06:778][456]LogTemp: Repeting last play command: Selected Viewport
[2017.12.03-16.02.06:792][456]LogBlueprintUserMessages: Early PlayInEditor Detection: Level '/Game/2DSideScrollerCPP/Maps/2DSideScrollerExampleMap.2DSideScrollerExampleMap:PersistentLevel' has LevelScriptBlueprint '/Game/2DSideScrollerCPP/Maps/2DSideScrollerExampleMap.2DSideScrollerExampleMap:PersistentLevel.2DSideScrollerExampleMap' with GeneratedClass '/Game/2DSideScrollerCPP/Maps/2DSideScrollerExampleMap.2DSideScrollerExampleMap_C' with ClassGeneratedBy '/Game/2DSideScrollerCPP/Maps/2DSideScrollerExampleMap.2DSideScrollerExampleMap:PersistentLevel.2DSideScrollerExampleMap'
[2017.12.03-16.02.06:792][456]LogPlayLevel: PlayLevel: No blueprints needed recompiling
[2017.12.03-16.02.06:792][456]PIE: New page: PIE session: 2DSideScrollerExampleMap (3 Dec 2017 16:02:06)
[2017.12.03-16.02.06:793][456]LogPlayLevel: Creating play world package: /Game/2DSideScrollerCPP/Maps/UEDPIE_0_2DSideScrollerExampleMap
[2017.12.03-16.02.06:795][456]LogPlayLevel: PIE: StaticDuplicateObject took: (0.002503s)
[2017.12.03-16.02.06:796][456]LogAIModule: Creating AISystem for world 2DSideScrollerExampleMap
[2017.12.03-16.02.06:796][456]LogPlayLevel: PIE: World Init took: (0.000688s)
[2017.12.03-16.02.06:796][456]LogPlayLevel: PIE: Created PIE world by copying editor world from /Game/2DSideScrollerCPP/Maps/2DSideScrollerExampleMap.2DSideScrollerExampleMap to /Game/2DSideScrollerCPP/Maps/UEDPIE_0_2DSideScrollerExampleMap.2DSideScrollerExampleMap (0.003652s)
[2017.12.03-16.02.06:836][456]LogInit: XAudio2 using 'Headphones (High Definition Audio Device)' : 2 channels at 44.1 kHz using 16 bits per sample (channel mask 0x3)
[2017.12.03-16.02.06:842][456]LogInit: FAudioDevice initialized.
[2017.12.03-16.02.06:877][456]LogLoad: Game class is 'BangGameMode'
[2017.12.03-16.02.06:879][456]LogWorld: Bringing World /Game/2DSideScrollerCPP/Maps/UEDPIE_0_2DSideScrollerExampleMap.2DSideScrollerExampleMap up for play (max tick rate 0) at 2017.12.03-16.02.06
[2017.12.03-16.02.06:880][456]LogWorld: Bringing up level for play took: 0.001481
[2017.12.03-16.02.06:880][456]PIE: Info Play in editor start time for /Game/2DSideScrollerCPP/Maps/UEDPIE_0_2DSideScrollerExampleMap -0.309
[2017.12.03-16.02.06:881][456]LogBlueprintUserMessages: Late PlayInEditor Detection: Level '/Game/2DSideScrollerCPP/Maps/2DSideScrollerExampleMap.2DSideScrollerExampleMap:PersistentLevel' has LevelScriptBlueprint '/Game/2DSideScrollerCPP/Maps/2DSideScrollerExampleMap.2DSideScrollerExampleMap:PersistentLevel.2DSideScrollerExampleMap' with GeneratedClass '/Game/2DSideScrollerCPP/Maps/2DSideScrollerExampleMap.2DSideScrollerExampleMap_C' with ClassGeneratedBy '/Game/2DSideScrollerCPP/Maps/2DSideScrollerExampleMap.2DSideScrollerExampleMap:PersistentLevel.2DSideScrollerExampleMap'
[2017.12.03-16.02.18:068][760]LogBlueprintUserMessages: Early EndPlayMap Detection: Level '/Game/2DSideScrollerCPP/Maps/2DSideScrollerExampleMap.2DSideScrollerExampleMap:PersistentLevel' has LevelScriptBlueprint '/Game/2DSideScrollerCPP/Maps/2DSideScrollerExampleMap.2DSideScrollerExampleMap:PersistentLevel.2DSideScrollerExampleMap' with GeneratedClass '/Game/2DSideScrollerCPP/Maps/2DSideScrollerExampleMap.2DSideScrollerExampleMap_C' with ClassGeneratedBy '/Game/2DSideScrollerCPP/Maps/2DSideScrollerExampleMap.2DSideScrollerExampleMap:PersistentLevel.2DSideScrollerExampleMap'
[2017.12.03-16.02.18:246][760]LogBlueprintUserMessages: Late EndPlayMap Detection: Level '/Game/2DSideScrollerCPP/Maps/2DSideScrollerExampleMap.2DSideScrollerExampleMap:PersistentLevel' has LevelScriptBlueprint '/Game/2DSideScrollerCPP/Maps/2DSideScrollerExampleMap.2DSideScrollerExampleMap:PersistentLevel.2DSideScrollerExampleMap' with GeneratedClass '/Game/2DSideScrollerCPP/Maps/2DSideScrollerExampleMap.2DSideScrollerExampleMap_C' with ClassGeneratedBy '/Game/2DSideScrollerCPP/Maps/2DSideScrollerExampleMap.2DSideScrollerExampleMap:PersistentLevel.2DSideScrollerExampleMap'
[2017.12.03-16.03.03:493][494]LogSavePackage: Save=73.35ms
[2017.12.03-16.03.03:493][494]LogSavePackage: Moving '../../../../../../Users/Marcus/Documents/GitHub/BANG/Bang/Saved/2DSideScrollerExampleMapEE4830994483ADA068492E9D85F1C7CF.tmp' to '../../../../../../Users/Marcus/Documents/GitHub/BANG/Bang/Content/2DSideScrollerCPP/Maps/2DSideScrollerExampleMap.umap'
[2017.12.03-16.03.03:499][494]LogSavePackage:Display: Finished SavePackage ../../../../../../Users/Marcus/Documents/GitHub/BANG/Bang/Content/2DSideScrollerCPP/Maps/2DSideScrollerExampleMap.umap
[2017.12.03-16.03.03:526][494]LogFileHelpers: Saving map '2DSideScrollerExampleMap' took 0.244
[2017.12.03-16.03.03:676][494]LogWindowsTextInputMethodSystem:Display: IME system now deactivated.
[2017.12.03-16.03.04:194][495]Cmd: QUIT_EDITOR
[2017.12.03-16.03.05:297][495]LogExit: Preparing to exit.
[2017.12.03-16.03.06:352][495]LogDirectoryWatcher: A directory notification for 'C:/Users/Marcus/Documents/GitHub/BANG/Bang/Content/' was aborted.
[2017.12.03-16.03.06:373][495]LogExit: Editor shut down
[2017.12.03-16.03.06:373][495]LogExit: Transaction tracking system shut down
[2017.12.03-16.03.06:424][495]LogObj: Freed 0b from 0 cluster array pools.
[2017.12.03-16.03.06:424][495]LogExit: Object subsystem successfully closed.
[2017.12.03-16.03.06:442][495]LogD3D11RHI: Shutdown
[2017.12.03-16.03.06:442][495]LogD3D11RHI: CleanupD3DDevice
[2017.12.03-16.03.06:510][495]LogD3D11RHI: ~FD3D11DynamicRHI
[2017.12.03-16.03.06:552][495]LogModuleManager: Shutting down and abandoning module MovieSceneCapture (504)
[2017.12.03-16.03.06:552][495]LogModuleManager: Shutting down and abandoning module HierarchicalLODOutliner (502)
[2017.12.03-16.03.06:552][495]LogModuleManager: Shutting down and abandoning module ExternalImagePicker (500)
[2017.12.03-16.03.06:552][495]LogModuleManager: Shutting down and abandoning module CrashTracker (498)
[2017.12.03-16.03.06:552][495]LogModuleManager: Shutting down and abandoning module SceneOutliner (496)
[2017.12.03-16.03.06:552][495]LogModuleManager: Shutting down and abandoning module AddContentDialog (494)
[2017.12.03-16.03.06:552][495]LogDirectoryWatcher: A directory notification for 'C:/Program Files/Epic Games/UE_4.15/FeaturePacks/' was aborted.
[2017.12.03-16.03.06:553][495]LogModuleManager: Shutting down and abandoning module WidgetCarousel (493)
[2017.12.03-16.03.06:553][495]LogModuleManager: Shutting down and abandoning module EditorWidgets (490)
[2017.12.03-16.03.06:553][495]LogModuleManager: Shutting down and abandoning module CollectionManager (488)
[2017.12.03-16.03.06:553][495]LogDirectoryWatcher: A directory notification for 'C:/Users/Marcus/Documents/GitHub/BANG/Bang/Content/Collections/' was aborted.
[2017.12.03-16.03.06:553][495]LogDirectoryWatcher: A directory notification for 'C:/Users/Marcus/Documents/GitHub/BANG/Bang/Content/Developers/Marcus/Collections/' was aborted.
[2017.12.03-16.03.06:553][495]LogDirectoryWatcher: A directory notification for 'C:/Users/Marcus/Documents/GitHub/BANG/Bang/Saved/Collections/' was aborted.
[2017.12.03-16.03.06:553][495]LogModuleManager: Shutting down and abandoning module StatsViewer (486)
[2017.12.03-16.03.06:553][495]LogModuleManager: Shutting down and abandoning module FoliageEdit (484)
[2017.12.03-16.03.06:553][495]LogModuleManager: Shutting down and abandoning module LandscapeEditor (482)
[2017.12.03-16.03.06:553][495]LogModuleManager: Shutting down and abandoning module SceneDepthPickerMode (480)
[2017.12.03-16.03.06:553][495]LogModuleManager: Shutting down and abandoning module ActorPickerMode (478)
[2017.12.03-16.03.06:553][495]LogModuleManager: Shutting down and abandoning module GeometryMode (476)
[2017.12.03-16.03.06:553][495]LogModuleManager: Shutting down and abandoning module TextureAlignMode (474)
[2017.12.03-16.03.06:553][495]LogModuleManager: Shutting down and abandoning module BspMode (472)
[2017.12.03-16.03.06:553][495]LogModuleManager: Shutting down and abandoning module HardwareSurvey (470)
[2017.12.03-16.03.06:553][495]LogModuleManager: Shutting down and abandoning module SequenceRecorderSections (468)
[2017.12.03-16.03.06:553][495]LogModuleManager: Shutting down and abandoning module AutomationWorker (466)
[2017.12.03-16.03.06:553][495]LogModuleManager: Shutting down and abandoning module MatineeToLevelSequence (464)
[2017.12.03-16.03.06:553][495]LogModuleManager: Shutting down and abandoning module LevelSequenceEditor (462)
[2017.12.03-16.03.06:553][495]LogModuleManager: Shutting down and abandoning module PlacementMode (461)
[2017.12.03-16.03.06:553][495]LogModuleManager: Shutting down and abandoning module WmfMediaFactory (458)
[2017.12.03-16.03.06:553][495]LogModuleManager: Shutting down and abandoning module WmfMediaEditor (456)
[2017.12.03-16.03.06:553][495]LogModuleManager: Shutting down and abandoning module MfMediaFactory (454)
[2017.12.03-16.03.06:553][495]LogModuleManager: Shutting down and abandoning module MfMediaEditor (452)
[2017.12.03-16.03.06:553][495]LogModuleManager: Shutting down and abandoning module AvfMediaFactory (450)
[2017.12.03-16.03.06:553][495]LogModuleManager: Shutting down and abandoning module AvfMediaEditor (448)
[2017.12.03-16.03.06:553][495]LogModuleManager: Shutting down and abandoning module AndroidMediaFactory (446)
[2017.12.03-16.03.06:553][495]LogModuleManager: Shutting down and abandoning module Media (445)
[2017.12.03-16.03.06:553][495]LogModuleManager: Shutting down and abandoning module AndroidMediaEditor (442)
[2017.12.03-16.03.06:553][495]LogModuleManager: Shutting down and abandoning module CharacterAI (440)
[2017.12.03-16.03.06:553][495]LogModuleManager: Shutting down and abandoning module AudioCapture (438)
[2017.12.03-16.03.06:553][495]LogModuleManager: Shutting down and abandoning module SequenceRecorder (437)
[2017.12.03-16.03.06:553][495]LogModuleManager: Shutting down and abandoning module SmartSnapping (434)
[2017.12.03-16.03.06:553][495]LogModuleManager: Shutting down and abandoning module SessionServices (432)
[2017.12.03-16.03.06:553][495]LogModuleManager: Shutting down and abandoning module ViewportSnapping (430)
[2017.12.03-16.03.06:553][495]LogModuleManager: Shutting down and abandoning module ViewportInteraction (428)
[2017.12.03-16.03.06:553][495]LogModuleManager: Shutting down and abandoning module LogVisualizer (426)
[2017.12.03-16.03.06:553][495]LogModuleManager: Shutting down and abandoning module IntroTutorials (424)
[2017.12.03-16.03.06:553][495]LogModuleManager: Shutting down and abandoning module GameProjectGeneration (423)
[2017.12.03-16.03.06:553][495]LogModuleManager: Shutting down and abandoning module EditorLiveStreaming (420)
[2017.12.03-16.03.06:553][495]LogModuleManager: Shutting down and abandoning module IOSPlatformEditor (418)
[2017.12.03-16.03.06:553][495]LogModuleManager: Shutting down and abandoning module HTML5PlatformEditor (416)
[2017.12.03-16.03.06:553][495]LogModuleManager: Shutting down and abandoning module AndroidPlatformEditor (414)
[2017.12.03-16.03.06:553][495]LogModuleManager: Shutting down and abandoning module AndroidDeviceDetection (413)
[2017.12.03-16.03.07:293][495]LogModuleManager: Shutting down and abandoning module IOSRuntimeSettings (410)
[2017.12.03-16.03.07:293][495]LogModuleManager: Shutting down and abandoning module AndroidRuntimeSettings (408)
[2017.12.03-16.03.07:293][495]LogModuleManager: Shutting down and abandoning module InputBindingEditor (406)
[2017.12.03-16.03.07:293][495]LogModuleManager: Shutting down and abandoning module NiagaraEditor (404)
[2017.12.03-16.03.07:293][495]LogModuleManager: Shutting down and abandoning module MergeActors (402)
[2017.12.03-16.03.07:293][495]LogModuleManager: Shutting down and abandoning module SizeMap (400)
[2017.12.03-16.03.07:293][495]LogModuleManager: Shutting down and abandoning module TreeMap (398)
[2017.12.03-16.03.07:293][495]LogModuleManager: Shutting down and abandoning module ReferenceViewer (396)
[2017.12.03-16.03.07:293][495]LogModuleManager: Shutting down and abandoning module LocalizationDashboard (394)
[2017.12.03-16.03.07:293][495]LogModuleManager: Shutting down and abandoning module LocalizationService (393)
[2017.12.03-16.03.07:293][495]LogModuleManager: Shutting down and abandoning module HardwareTargeting (390)
[2017.12.03-16.03.07:293][495]LogModuleManager: Shutting down and abandoning module DeviceProfileEditor (388)
[2017.12.03-16.03.07:293][495]LogModuleManager: Shutting down and abandoning module UndoHistory (386)
[2017.12.03-16.03.07:293][495]LogModuleManager: Shutting down and abandoning module UserFeedback (384)
[2017.12.03-16.03.07:293][495]LogModuleManager: Shutting down and abandoning module XmlParser (382)
[2017.12.03-16.03.07:293][495]LogModuleManager: Shutting down and abandoning module Blutility (380)
[2017.12.03-16.03.07:293][495]LogModuleManager: Shutting down and abandoning module ProjectSettingsViewer (378)
[2017.12.03-16.03.07:293][495]LogModuleManager: Shutting down and abandoning module ProjectTargetPlatformEditor (377)
[2017.12.03-16.03.07:294][495]LogModuleManager: Shutting down and abandoning module EditorSettingsViewer (374)
[2017.12.03-16.03.07:294][495]LogModuleManager: Shutting down and abandoning module SettingsEditor (372)
[2017.12.03-16.03.07:294][495]LogModuleManager: Shutting down and abandoning module ProjectLauncher (370)
[2017.12.03-16.03.07:294][495]LogModuleManager: Shutting down and abandoning module SessionFrontend (368)
[2017.12.03-16.03.07:294][495]LogModuleManager: Shutting down and abandoning module ProfilerClient (366)
[2017.12.03-16.03.07:294][495]LogModuleManager: Shutting down and abandoning module DeviceManager (364)
[2017.12.03-16.03.07:294][495]LogModuleManager: Shutting down and abandoning module TargetDeviceServices (363)
[2017.12.03-16.03.07:336][495]LogModuleManager: Shutting down and abandoning module AutomationController (360)
[2017.12.03-16.03.07:336][495]LogModuleManager: Shutting down and abandoning module AutomationWindow (358)
[2017.12.03-16.03.07:336][495]LogModuleManager: Shutting down and abandoning module Layers (356)
[2017.12.03-16.03.07:336][495]LogModuleManager: Shutting down and abandoning module ComponentVisualizers (354)
[2017.12.03-16.03.07:336][495]LogModuleManager: Shutting down and abandoning module DetailCustomizations (352)
[2017.12.03-16.03.07:336][495]LogModuleManager: Shutting down and abandoning module PackagesDialog (350)
[2017.12.03-16.03.07:337][495]LogModuleManager: Shutting down and abandoning module Persona (348)
[2017.12.03-16.03.07:337][495]LogModuleManager: Shutting down and abandoning module AnimGraph (347)
[2017.12.03-16.03.07:337][495]LogModuleManager: Shutting down and abandoning module Kismet (344)
[2017.12.03-16.03.07:337][495]LogModuleManager: Shutting down and abandoning module GraphEditor (342)
[2017.12.03-16.03.07:337][495]LogModuleManager: Shutting down and abandoning module ClassViewer (340)
[2017.12.03-16.03.07:337][495]LogModuleManager: Shutting down and abandoning module Toolbox (338)
[2017.12.03-16.03.07:337][495]LogModuleManager: Shutting down and abandoning module ModuleUI (336)
[2017.12.03-16.03.07:337][495]LogModuleManager: Shutting down and abandoning module MovieSceneTools (334)
[2017.12.03-16.03.07:337][495]LogModuleManager: Shutting down and abandoning module OutputLog (332)
[2017.12.03-16.03.07:337][495]LogModuleManager: Shutting down and abandoning module GammaUI (330)
[2017.12.03-16.03.07:337][495]LogModuleManager: Shutting down and abandoning module Documentation (328)
[2017.12.03-16.03.07:337][495]LogModuleManager: Shutting down and abandoning module Niagara (326)
[2017.12.03-16.03.07:337][495]LogModuleManager: Shutting down and abandoning module StreamingPauseRendering (324)
[2017.12.03-16.03.07:337][495]LogModuleManager: Shutting down and abandoning module AnalyticsET (322)
[2017.12.03-16.03.07:337][495]LogModuleManager: Shutting down and abandoning module PortalServices (320)
[2017.12.03-16.03.07:337][495]LogModuleManager: Shutting down and abandoning module PortalRpc (318)
[2017.12.03-16.03.07:337][495]LogModuleManager: Shutting down and abandoning module MessagingRpc (316)
[2017.12.03-16.03.07:337][495]LogModuleManager: Shutting down and abandoning module AIModule (314)
[2017.12.03-16.03.07:337][495]LogModuleManager: Shutting down and abandoning module GameplayDebugger (313)
[2017.12.03-16.03.07:337][495]LogModuleManager: Shutting down and abandoning module AITestSuite (311)
[2017.12.03-16.03.07:337][495]LogModuleManager: Shutting down and abandoning module ProfilerService (308)
[2017.12.03-16.03.07:461][495]LogModuleManager: Shutting down and abandoning module TaskGraph (306)
[2017.12.03-16.03.07:461][495]LogModuleManager: Shutting down and abandoning module SteamVRController (304)
[2017.12.03-16.03.07:461][495]LogModuleManager: Shutting down and abandoning module SteamVR (302)
[2017.12.03-16.03.07:461][495]LogModuleManager: Shutting down and abandoning module ProceduralMeshComponentEditor (300)
[2017.12.03-16.03.07:461][495]LogModuleManager: Shutting down and abandoning module ProceduralMeshComponent (298)
[2017.12.03-16.03.07:461][495]LogModuleManager: Shutting down and abandoning module OculusLibrary (296)
[2017.12.03-16.03.07:461][495]LogModuleManager: Shutting down and abandoning module OculusInput (294)
[2017.12.03-16.03.07:461][495]LogModuleManager: Shutting down and abandoning module MobilePatchingUtils (292)
[2017.12.03-16.03.07:461][495]LogModuleManager: Shutting down and abandoning module CustomMeshComponent (290)
[2017.12.03-16.03.07:461][495]LogModuleManager: Shutting down and abandoning module CableComponent (288)
[2017.12.03-16.03.07:461][495]LogModuleManager: Shutting down and abandoning module ArchVisCharacter (286)
[2017.12.03-16.03.07:461][495]LogModuleManager: Shutting down and abandoning module MediaPlayerEditor (282)
[2017.12.03-16.03.07:461][495]LogModuleManager: Shutting down and abandoning module HTML5Networking (280)
[2017.12.03-16.03.07:461][495]LogModuleManager: Shutting down and abandoning module AlembicImporter (278)
[2017.12.03-16.03.07:461][495]LogModuleManager: Shutting down and abandoning module AlembicLibrary (277)
[2017.12.03-16.03.07:461][495]LogModuleManager: Shutting down and abandoning module GeometryCache (276)
[2017.12.03-16.03.07:461][495]LogModuleManager: Shutting down and abandoning module GeometryCacheEd (275)
[2017.12.03-16.03.07:461][495]LogModuleManager: Shutting down and abandoning module SuperSearchEditor (270)
[2017.12.03-16.03.07:462][495]LogModuleManager: Shutting down and abandoning module SuperSearch (269)
[2017.12.03-16.03.07:462][495]LogModuleManager: Shutting down and abandoning module SpeedTreeImporter (266)
[2017.12.03-16.03.07:462][495]LogModuleManager: Shutting down and abandoning module PluginBrowser (264)
[2017.12.03-16.03.07:462][495]LogModuleManager: Shutting down and abandoning module MobileLauncherProfileWizard (262)
[2017.12.03-16.03.07:462][495]LogModuleManager: Shutting down and abandoning module EpicSurvey (260)
[2017.12.03-16.03.07:462][495]LogModuleManager: Shutting down and abandoning module VisualStudioSourceCodeAccess (258)
[2017.12.03-16.03.07:462][495]LogModuleManager: Shutting down and abandoning module DesktopPlatform (257)
[2017.12.03-16.03.07:462][495]LogModuleManager: Shutting down and abandoning module UObjectPlugin (254)
[2017.12.03-16.03.07:462][495]LogModuleManager: Shutting down and abandoning module SubversionSourceControl (252)
[2017.12.03-16.03.07:462][495]LogModuleManager: Shutting down and abandoning module PerforceSourceControl (250)
[2017.12.03-16.03.07:462][495]LogModuleManager: Shutting down and abandoning module GitSourceControl (248)
[2017.12.03-16.03.07:462][495]LogModuleManager: Shutting down and abandoning module SourceControl (247)
[2017.12.03-16.03.07:462][495]LogModuleManager: Shutting down and abandoning module LightPropagationVolumeEditor (244)
[2017.12.03-16.03.07:462][495]LogModuleManager: Shutting down and abandoning module PaperTiledImporter (242)
[2017.12.03-16.03.07:462][495]LogModuleManager: Shutting down and abandoning module PaperSpriteSheetImporter (240)
[2017.12.03-16.03.07:462][495]LogModuleManager: Shutting down and abandoning module Paper2DEditor (238)
[2017.12.03-16.03.07:462][495]LogModuleManager: Shutting down and abandoning module MeshPaint (237)
[2017.12.03-16.03.07:462][495]LogModuleManager: Shutting down and abandoning module LevelEditor (235)
[2017.12.03-16.03.07:463][495]LogModuleManager: Shutting down and abandoning module PixelInspectorModule (234)
[2017.12.03-16.03.07:463][495]LogModuleManager: Shutting down and abandoning module MainFrame (232)
[2017.12.03-16.03.07:463][495]LogModuleManager: Shutting down and abandoning module HotReload (231)
[2017.12.03-16.03.07:464][495]LogDirectoryWatcher: A directory notification for 'C:/Users/Marcus/Documents/GitHub/BANG/Bang/Binaries/Win64' was aborted.
[2017.12.03-16.03.07:465][495]LogModuleManager: Shutting down and abandoning module ContentBrowser (227)
[2017.12.03-16.03.07:466][495]LogModuleManager: Shutting down and abandoning module Bang (224)
[2017.12.03-16.03.07:466][495]LogModuleManager: Shutting down and abandoning module PhysXVehiclesEditor (222)
[2017.12.03-16.03.07:466][495]LogModuleManager: Shutting down and abandoning module PhysXVehicles (220)
[2017.12.03-16.03.07:466][495]LogModuleManager: Shutting down and abandoning module LocationServicesBPLibrary (218)
[2017.12.03-16.03.07:467][495]LogModuleManager: Shutting down and abandoning module UdpMessaging (216)
[2017.12.03-16.03.07:567][495]LogModuleManager: Shutting down and abandoning module TcpMessaging (214)
[2017.12.03-16.03.07:667][495]LogModuleManager: Shutting down and abandoning module GameplayTagsEditor (212)
[2017.12.03-16.03.07:667][495]LogModuleManager: Shutting down and abandoning module FacialAnimationEditor (210)
[2017.12.03-16.03.07:667][495]LogModuleManager: Shutting down and abandoning module FacialAnimation (208)
[2017.12.03-16.03.07:667][495]LogModuleManager: Shutting down and abandoning module LightPropagationVolumeRuntime (206)
[2017.12.03-16.03.07:667][495]LogModuleManager: Shutting down and abandoning module Paper2D (204)
[2017.12.03-16.03.07:667][495]LogModuleManager: Shutting down and abandoning module WindowsMoviePlayer (202)
[2017.12.03-16.03.07:667][495]LogModuleManager: Shutting down and abandoning module WmfMedia (200)
[2017.12.03-16.03.07:669][495]LogModuleManager: Shutting down and abandoning module MfMedia (198)
[2017.12.03-16.03.07:669][495]LogModuleManager: Shutting down and abandoning module MediaAssets (196)
[2017.12.03-16.03.07:669][495]LogModuleManager: Shutting down and abandoning module GameLiveStreaming (194)
[2017.12.03-16.03.07:669][495]LogModuleManager: Shutting down and abandoning module VREditor (192)
[2017.12.03-16.03.07:669][495]LogModuleManager: Shutting down and abandoning module GameplayTasksEditor (190)
[2017.12.03-16.03.07:669][495]LogModuleManager: Shutting down and abandoning module BehaviorTreeEditor (188)
[2017.12.03-16.03.07:669][495]LogModuleManager: Shutting down and abandoning module FunctionalTesting (186)
[2017.12.03-16.03.07:669][495]LogModuleManager: Shutting down and abandoning module CollisionAnalyzer (184)
[2017.12.03-16.03.07:669][495]LogModuleManager: Shutting down and abandoning module UMG (182)
[2017.12.03-16.03.07:669][495]LogModuleManager: Shutting down and abandoning module UMGEditor (181)
[2017.12.03-16.03.07:669][495]LogModuleManager: Shutting down and abandoning module Sequencer (180)
[2017.12.03-16.03.07:669][495]LogModuleManager: Shutting down and abandoning module AssetTools (178)
[2017.12.03-16.03.07:669][495]LogModuleManager: Shutting down and abandoning module MessageLog (177)
[2017.12.03-16.03.07:669][495]LogModuleManager: Shutting down and abandoning module WorkspaceMenuStructure (176)
[2017.12.03-16.03.07:669][495]LogModuleManager: Shutting down and abandoning module SlateReflector (170)
[2017.12.03-16.03.07:669][495]LogModuleManager: Shutting down and abandoning module Slate (168)
[2017.12.03-16.03.07:669][495]LogModuleManager: Shutting down and abandoning module EditorStyle (166)
[2017.12.03-16.03.07:673][495]LogModuleManager: Shutting down and abandoning module SourceCodeAccess (164)
[2017.12.03-16.03.07:673][495]LogModuleManager: Shutting down and abandoning module HeadMountedDisplay (162)
[2017.12.03-16.03.07:673][495]LogModuleManager: Shutting down and abandoning module XAudio2 (160)
[2017.12.03-16.03.07:673][495]LogModuleManager: Shutting down and abandoning module Networking (158)
[2017.12.03-16.03.07:673][495]LogModuleManager: Shutting down and abandoning module Core (154)
[2017.12.03-16.03.07:673][495]LogModuleManager: Shutting down and abandoning module AssetRegistry (152)
[2017.12.03-16.03.07:877][495]LogDirectoryWatcher: A directory notification for '../../../Engine/Content/' was aborted.
[2017.12.03-16.03.07:877][495]LogDirectoryWatcher: A directory notification for '../../../../../../Users/Marcus/Documents/GitHub/BANG/Bang/Content/' was aborted.
[2017.12.03-16.03.07:877][495]LogDirectoryWatcher: A directory notification for '../../../Engine/Plugins/2D/Paper2D/Content/' was aborted.
[2017.12.03-16.03.07:877][495]LogModuleManager: Shutting down and abandoning module DirectoryWatcher (151)
[2017.12.03-16.03.07:878][495]LogModuleManager: Shutting down and abandoning module KismetCompiler (148)
[2017.12.03-16.03.07:878][495]LogModuleManager: Shutting down and abandoning module PhysXFormats (146)
[2017.12.03-16.03.07:878][495]LogModuleManager: Shutting down and abandoning module MeshUtilities (144)
[2017.12.03-16.03.07:878][495]LogModuleManager: Shutting down and abandoning module SimplygonSwarm (143)
[2017.12.03-16.03.07:878][495]LogModuleManager: Shutting down and abandoning module SimplygonMeshReduction (141)
[2017.12.03-16.03.07:878][495]LogModuleManager: Shutting down and abandoning module QuadricMeshReduction (139)
[2017.12.03-16.03.07:878][495]LogModuleManager: Shutting down and abandoning module PropertyEditor (137)
[2017.12.03-16.03.07:878][495]LogModuleManager: Shutting down and abandoning module DerivedDataCache (134)
[2017.12.03-16.03.07:895][495]LogDerivedDataCache: Shutdown
[2017.12.03-16.03.07:895][495]LogModuleManager: Shutting down and abandoning module TargetPlatform (132)
[2017.12.03-16.03.07:895][495]LogModuleManager: Shutting down and abandoning module VulkanShaderFormat (131)
[2017.12.03-16.03.07:895][495]LogModuleManager: Shutting down and abandoning module ShaderFormatOpenGL (129)
[2017.12.03-16.03.07:895][495]LogModuleManager: Shutting down and abandoning module ShaderFormatD3D (127)
[2017.12.03-16.03.07:895][495]LogModuleManager: Shutting down and abandoning module MetalShaderFormat (125)
[2017.12.03-16.03.07:895][495]LogModuleManager: Shutting down and abandoning module TextureFormatUncompressed (123)
[2017.12.03-16.03.07:895][495]LogModuleManager: Shutting down and abandoning module TextureFormatPVR (121)
[2017.12.03-16.03.07:895][495]LogModuleManager: Shutting down and abandoning module TextureFormatDXT (119)
[2017.12.03-16.03.07:895][495]LogModuleManager: Shutting down and abandoning module TextureFormatIntelISPCTexComp (117)
[2017.12.03-16.03.07:895][495]LogModuleManager: Shutting down and abandoning module TextureFormatASTC (115)
[2017.12.03-16.03.07:895][495]LogModuleManager: Shutting down and abandoning module ImageWrapper (114)
[2017.12.03-16.03.07:895][495]LogModuleManager: Shutting down and abandoning module TextureFormatAndroid (111)
[2017.12.03-16.03.07:895][495]LogModuleManager: Shutting down and abandoning module AudioFormatOpus (109)
[2017.12.03-16.03.07:895][495]LogModuleManager: Shutting down and abandoning module AudioFormatOgg (107)
[2017.12.03-16.03.07:895][495]LogModuleManager: Shutting down and abandoning module AudioFormatADPCM (105)
[2017.12.03-16.03.07:895][495]LogModuleManager: Shutting down and abandoning module LinuxTargetPlatform (103)
[2017.12.03-16.03.07:895][495]LogModuleManager: Shutting down and abandoning module LinuxServerTargetPlatform (101)
[2017.12.03-16.03.07:895][495]LogModuleManager: Shutting down and abandoning module LinuxNoEditorTargetPlatform (99)
[2017.12.03-16.03.07:895][495]LogModuleManager: Shutting down and abandoning module LinuxClientTargetPlatform (97)
[2017.12.03-16.03.07:895][495]LogModuleManager: Shutting down and abandoning module TVOSTargetPlatform (95)
[2017.12.03-16.03.07:896][495]LogModuleManager: Shutting down and abandoning module Messaging (93)
[2017.12.03-16.03.07:896][495]LogModuleManager: Shutting down and abandoning module IOSTargetPlatform (91)
[2017.12.03-16.03.07:896][495]LogModuleManager: Shutting down and abandoning module HTML5TargetPlatform (89)
[2017.12.03-16.03.07:896][495]LogModuleManager: Shutting down and abandoning module Android_PVRTCTargetPlatform (87)
[2017.12.03-16.03.07:896][495]LogModuleManager: Shutting down and abandoning module Android_MultiTargetPlatform (85)
[2017.12.03-16.03.07:896][495]LogModuleManager: Shutting down and abandoning module Android_ETC2TargetPlatform (83)
[2017.12.03-16.03.07:896][495]LogModuleManager: Shutting down and abandoning module Android_ETC1TargetPlatform (81)
[2017.12.03-16.03.07:896][495]LogModuleManager: Shutting down and abandoning module Android_DXTTargetPlatform (79)
[2017.12.03-16.03.07:896][495]LogModuleManager: Shutting down and abandoning module Android_ATCTargetPlatform (77)
[2017.12.03-16.03.07:896][495]LogModuleManager: Shutting down and abandoning module Android_ASTCTargetPlatform (75)
[2017.12.03-16.03.07:896][495]LogModuleManager: Shutting down and abandoning module AndroidTargetPlatform (73)
[2017.12.03-16.03.07:896][495]LogModuleManager: Shutting down and abandoning module WindowsTargetPlatform (71)
[2017.12.03-16.03.07:896][495]LogModuleManager: Shutting down and abandoning module WindowsServerTargetPlatform (69)
[2017.12.03-16.03.07:896][495]LogModuleManager: Shutting down and abandoning module WindowsNoEditorTargetPlatform (67)
[2017.12.03-16.03.07:896][495]LogModuleManager: Shutting down and abandoning module WindowsClientTargetPlatform (65)
[2017.12.03-16.03.07:896][495]LogModuleManager: Shutting down and abandoning module MacTargetPlatform (63)
[2017.12.03-16.03.07:896][495]LogModuleManager: Shutting down and abandoning module MacServerTargetPlatform (61)
[2017.12.03-16.03.07:896][495]LogModuleManager: Shutting down and abandoning module MacNoEditorTargetPlatform (59)
[2017.12.03-16.03.07:896][495]LogModuleManager: Shutting down and abandoning module MacClientTargetPlatform (57)
[2017.12.03-16.03.07:896][495]LogModuleManager: Shutting down and abandoning module AllDesktopTargetPlatform (55)
[2017.12.03-16.03.07:896][495]LogModuleManager: Shutting down and abandoning module InputCore (52)
[2017.12.03-16.03.07:896][495]LogModuleManager: Shutting down and abandoning module Settings (50)
[2017.12.03-16.03.07:896][495]LogModuleManager: Shutting down and abandoning module OculusRift (48)
[2017.12.03-16.03.07:896][495]LogModuleManager: Shutting down and abandoning module GearVR (46)
[2017.12.03-16.03.07:896][495]LogModuleManager: Shutting down and abandoning module ExampleDeviceProfileSelector (44)
[2017.12.03-16.03.07:896][495]LogModuleManager: Shutting down and abandoning module OnlineBlueprintSupport (42)
[2017.12.03-16.03.07:896][495]LogModuleManager: Shutting down and abandoning module OnlineSubsystem (38)
[2017.12.03-16.03.07:896][495]LogOnline:Display: Unloading online subsystem: NULL
[2017.12.03-16.03.07:896][495]LogModuleManager: Shutting down and abandoning module XMPP (37)
[2017.12.03-16.03.07:896][495]LogModuleManager: Shutting down and abandoning module HTTP (35)
[2017.12.03-16.03.07:896][495]LogHttp:Display: Http module shutting down, but needs to wait on 1 outstanding Http requests:
[2017.12.03-16.03.07:896][495]LogHttp:Display: 	verb=[POST] url=[https://datarouter.ol.epicgames.com/datarouter/api/v1/public/data?SessionID=%7B47BE3662-44B5-A193-7985-49A83ADD592F%7D&AppID=UEEditor.Rocket.Release&AppVersion=4.15.3-3450819%2B%2B%2BUE4%2BRelease-4.15&UserID=97d3f40d403ff4a258d6f980a741b4dc%7C969837ba78db4a5a8b4180254925176e%7C81706c51-5e4d-4c53-8181-bc8c50ced6a7&AppEnvironment=datacollector-binary&UploadType=eteventstream] status=Processing
[2017.12.03-16.03.07:904][495]LogModuleManager: Shutting down and abandoning module SSL (34)
[2017.12.03-16.03.07:905][495]LogModuleManager: Shutting down and abandoning module AudioEditor (30)
[2017.12.03-16.03.07:905][495]LogModuleManager: Shutting down and abandoning module TextureCompressor (28)
[2017.12.03-16.03.07:905][495]LogModuleManager: Shutting down and abandoning module ShaderCore (26)
[2017.12.03-16.03.07:905][495]LogModuleManager: Shutting down and abandoning module Landscape (24)
[2017.12.03-16.03.07:905][495]LogModuleManager: Shutting down and abandoning module SlateRHIRenderer (22)
[2017.12.03-16.03.07:906][495]LogModuleManager: Shutting down and abandoning module OpenGLDrv (20)
[2017.12.03-16.03.07:906][495]LogModuleManager: Shutting down and abandoning module D3D11RHI (18)
[2017.12.03-16.03.07:907][495]LogModuleManager: Shutting down and abandoning module AnimGraphRuntime (16)
[2017.12.03-16.03.07:907][495]LogModuleManager: Shutting down and abandoning module Renderer (14)
[2017.12.03-16.03.07:907][495]LogModuleManager: Shutting down and abandoning module Engine (12)
[2017.12.03-16.03.07:907][495]LogModuleManager: Shutting down and abandoning module CoreUObject (10)
[2017.12.03-16.03.07:907][495]LogModuleManager: Shutting down and abandoning module NetworkFile (8)
[2017.12.03-16.03.07:907][495]LogModuleManager: Shutting down and abandoning module StreamingFile (6)
[2017.12.03-16.03.07:907][495]LogModuleManager: Shutting down and abandoning module SandboxFile (4)
[2017.12.03-16.03.07:907][495]LogModuleManager: Shutting down and abandoning module PakFile (2)
[2017.12.03-16.03.07:909][495]LogExit: Exiting.
[2017.12.03-16.03.07:911][495]Log file closed, 12/03/17 16:03:07
