Log file open, 12/02/17 17:04:19
LogInit:Display: Running engine for game: Bang
LogPlatformFile: Not using cached read wrapper
LogInit:Display: RandInit(2137450796) SRandInit(2137450796).
LogTaskGraph: Started task graph with 5 named threads and 8 total threads with 1 sets of task threads.
LogStats: Stats thread started at 0.098143
LogInit: Using libcurl 7.47.1
LogInit:  - built for x86_64-pc-win32
LogInit:  - supports SSL with OpenSSL/1.0.2g
LogInit:  - supports HTTP deflate (compression) using libz 1.2.8
LogInit:  - other features:
LogInit:      CURL_VERSION_SSL
LogInit:      CURL_VERSION_LIBZ
LogInit:      CURL_VERSION_IPV6
LogInit:      CURL_VERSION_ASYNCHDNS
LogInit:      CURL_VERSION_LARGEFILE
LogInit:      CURL_VERSION_IDN
LogInit:  CurlRequestOptions (configurable via config and command line):
LogInit:  - bVerifyPeer = false  - Libcurl will NOT verify peer certificate
LogInit:  - bUseHttpProxy = false  - Libcurl will NOT use HTTP proxy
LogInit:  - bDontReuseConnections = false  - Libcurl will reuse connections
LogInit:  - CertBundlePath = nullptr  - Libcurl will use whatever was configured at build time.
LogInit: Build: ++UE4+Release-4.15-CL-3450819
LogInit: Engine Version: 4.15.3-3450819+++UE4+Release-4.15
LogInit: Compatible Engine Version: 4.15.0-3299760+++UE4+Release-4.15
LogInit: Net CL: 3299760
LogDevObjectVersion: Number of dev versions registered: 14
LogDevObjectVersion:   Dev-Blueprints (B0D832E4-1F89-4F0D-ACCF-7EB736FD4AA2): 8
LogDevObjectVersion:   Dev-Build (E1C64328-A22C-4D53-A36C-8E866417BD8C): 0
LogDevObjectVersion:   Dev-Core (375EC13C-06E4-48FB-B500-84F0262A717E): 2
LogDevObjectVersion:   Dev-Editor (E4B068ED-F494-42E9-A231-DA0B2E46BB41): 14
LogDevObjectVersion:   Dev-Framework (CFFC743F-43B0-4480-9391-14DF171D2073): 22
LogDevObjectVersion:   Dev-Mobile (B02B49B5-BB20-44E9-A304-32B752E40360): 0
LogDevObjectVersion:   Dev-Networking (A4E4105C-59A1-49B5-A7C5-40C4547EDFEE): 0
LogDevObjectVersion:   Dev-Online (39C831C9-5AE6-47DC-9A44-9C173E1C8E7C): 0
LogDevObjectVersion:   Dev-Physics (78F01B33-EBEA-4F98-B9B4-84EACCB95AA2): 0
LogDevObjectVersion:   Dev-Platform (6631380F-2D4D-43E0-8009-CF276956A95A): 0
LogDevObjectVersion:   Dev-Rendering (12F88B9F-8875-4AFC-A67C-D90C383ABD29): 12
LogDevObjectVersion:   Dev-Sequencer (7B5AE74C-D270-4C10-A958-57980B212A5A): 3
LogDevObjectVersion:   Dev-VR (D7296918-1DD6-4BDD-9DE2-64A83CC13884): 0
LogDevObjectVersion:   Dev-LoadTimes (C2A15278-BFE7-4AFE-6C17-90FF531DF755): 1
LogInit: Compiled (64-bit): May 21 2017 11:02:34
LogInit: Compiled with Visual C++: 19.00.23026.00
LogInit: Build Configuration: Development
LogInit: Branch Name: ++UE4+Release-4.15
LogInit: Command line: -EpicPortal 
LogInit: Base directory: C:/Program Files/Epic Games/UE_4.15/Engine/Binaries/Win64/
LogInit: Installed Engine Build: 1
LogInit: Presizing for max 8388607 objects, including 0 objects not considered by GC, pre-allocating 0 bytes for permanent pool.
LogInit: Object subsystem initialized
[2017.12.02-17.04.20:695][  0]LogInit: Selected Device Profile: [Windows]
[2017.12.02-17.04.20:695][  0]LogInit: Applying CVar settings loaded from the selected device profile: [Windows]
[2017.12.02-17.04.20:705][  0]LogInit: Computer: MARCUSPC
[2017.12.02-17.04.20:705][  0]LogInit: User: Marcus
[2017.12.02-17.04.20:705][  0]LogInit: CPU Page size=65536, Cores=4
[2017.12.02-17.04.20:705][  0]LogInit: High frequency timer resolution =2.929692 MHz
[2017.12.02-17.04.20:705][  0]LogMemory: Memory total: Physical=16.0GB (16GB approx)
[2017.12.02-17.04.20:705][  0]LogMemory: Platform Memory Stats for Windows
[2017.12.02-17.04.20:705][  0]LogMemory: Process Physical Memory: 263.56 MB used, 263.56 MB peak
[2017.12.02-17.04.20:705][  0]LogMemory: Process Virtual Memory: 262.40 MB used, 262.40 MB peak
[2017.12.02-17.04.20:705][  0]LogMemory: Physical Memory: 4234.79 MB used,  12101.64 MB free, 16336.43 MB total
[2017.12.02-17.04.20:705][  0]LogMemory: Virtual Memory: 682.38 MB used,  12101.64 MB free, 134217728.00 MB total
[2017.12.02-17.04.20:971][  0]LogTextLocalizationManager: No specific translations for ('en-GB') exist, so ('en') translations will be used.
[2017.12.02-17.04.21:863][  0]LogD3D11RHI: D3D11 adapters:
[2017.12.02-17.04.21:904][  0]LogD3D11RHI:    0. 'NVIDIA GeForce GTX 1050' (Feature Level 11_0)
[2017.12.02-17.04.21:904][  0]LogD3D11RHI:       1987/0/8168 MB DedicatedVideo/DedicatedSystem/SharedSystem, Outputs:2, VendorId:0x10de
[2017.12.02-17.04.21:907][  0]LogD3D11RHI:    1. 'Microsoft Basic Render Driver' (Feature Level 11_0)
[2017.12.02-17.04.21:907][  0]LogD3D11RHI:       0/0/8168 MB DedicatedVideo/DedicatedSystem/SharedSystem, Outputs:0, VendorId:0x1414
[2017.12.02-17.04.21:907][  0]LogD3D11RHI: Chosen D3D11 Adapter: 0
[2017.12.02-17.04.21:913][  0]LogD3D11RHI: Creating new Direct3DDevice
[2017.12.02-17.04.21:913][  0]LogD3D11RHI:     GPU DeviceId: 0x1c81 (for the marketing name, search the web for "GPU Device Id")
[2017.12.02-17.04.21:913][  0]LogWindows: EnumDisplayDevices:
[2017.12.02-17.04.21:913][  0]LogWindows:    0. 'NVIDIA GeForce GTX 1050' (P:1 D:1)
[2017.12.02-17.04.21:913][  0]LogWindows:    1. 'NVIDIA GeForce GTX 1050' (P:0 D:1)
[2017.12.02-17.04.21:913][  0]LogWindows:    2. 'NVIDIA GeForce GTX 1050' (P:0 D:0)
[2017.12.02-17.04.21:913][  0]LogWindows:    3. 'NVIDIA GeForce GTX 1050' (P:0 D:0)
[2017.12.02-17.04.21:913][  0]LogWindows: DebugString: GetVideoDriverDetailsInvalid PrimaryIsNotTheChoosenAdapter GetVideoDriverDetailsInvalid PrimaryIsNotTheChoosenAdapter GetVideoDriverDetailsInvalid PrimaryIsNotTheChoosenAdapter GetVideoDriverDetailsInvalid PrimaryIsNotTheChoosenAdapter FoundDriverCount:0 
[2017.12.02-17.04.21:913][  0]LogD3D11RHI:     Adapter Name: NVIDIA GeForce GTX 1050
[2017.12.02-17.04.21:913][  0]LogD3D11RHI:   Driver Version: Unknown (internal:Unknown, unified:Unknown)
[2017.12.02-17.04.21:913][  0]LogD3D11RHI:      Driver Date: Unknown
[2017.12.02-17.04.21:913][  0]LogRHI: Texture pool is 1361 MB (70% of 1945 MB)
[2017.12.02-17.04.21:934][  0]LogD3D11RHI: Async texture creation enabled
[2017.12.02-17.04.21:949][  0]LogD3D11RHI: GPU Timing Frequency: 1000.000000 (Debug: 2 1)
[2017.12.02-17.04.21:951][  0]LogShaderCompilers: Guid format shader working directory is -10 characters bigger than the processId version (../../../../../../Users/Marcus/Documents/GitHub/BANG/Bang/Intermediate/Shaders/WorkingDirectory/6708/).
[2017.12.02-17.04.21:951][  0]LogShaderCompilers: Cleaned the shader compiler working directory 'C:/Users/Marcus/AppData/Local/Temp/UnrealShaderWorkingDir/B13E981F46545132190B1BB78713BA2C/'.
[2017.12.02-17.04.21:951][  0]LogShaderCompilers:Display: Using Local Shader Compiler.
[2017.12.02-17.04.24:357][  0]LogTemp:Display: Loaded TP AllDesktopTargetPlatform
[2017.12.02-17.04.24:516][  0]LogTemp:Display: Loaded TP MacClientTargetPlatform
[2017.12.02-17.04.24:678][  0]LogTemp:Display: Loaded TP MacNoEditorTargetPlatform
[2017.12.02-17.04.24:835][  0]LogTemp:Display: Loaded TP MacServerTargetPlatform
[2017.12.02-17.04.25:001][  0]LogTemp:Display: Loaded TP MacTargetPlatform
[2017.12.02-17.04.25:162][  0]LogTemp:Display: Loaded TP WindowsClientTargetPlatform
[2017.12.02-17.04.25:323][  0]LogTemp:Display: Loaded TP WindowsNoEditorTargetPlatform
[2017.12.02-17.04.25:480][  0]LogTemp:Display: Loaded TP WindowsServerTargetPlatform
[2017.12.02-17.04.25:629][  0]LogTemp:Display: Loaded TP WindowsTargetPlatform
[2017.12.02-17.04.25:785][  0]LogTemp:Display: Loaded TP AndroidTargetPlatform
[2017.12.02-17.04.25:941][  0]LogTemp:Display: Loaded TP Android_ASTCTargetPlatform
[2017.12.02-17.04.26:099][  0]LogTemp:Display: Loaded TP Android_ATCTargetPlatform
[2017.12.02-17.04.26:254][  0]LogTemp:Display: Loaded TP Android_DXTTargetPlatform
[2017.12.02-17.04.26:411][  0]LogTemp:Display: Loaded TP Android_ETC1TargetPlatform
[2017.12.02-17.04.26:567][  0]LogTemp:Display: Loaded TP Android_ETC2TargetPlatform
[2017.12.02-17.04.26:882][  0]LogTemp:Display: Loaded TP Android_MultiTargetPlatform
[2017.12.02-17.04.26:882][  0]LogTemp:Display: Loaded TP Android_PVRTCTargetPlatform
[2017.12.02-17.04.27:024][  0]LogTemp:Display: Loaded TP HTML5TargetPlatform
[2017.12.02-17.04.27:285][  0]LogTemp:Display: Loaded TP IOSTargetPlatform
[2017.12.02-17.04.27:383][  0]LogTemp:Display: Loaded TP TVOSTargetPlatform
[2017.12.02-17.04.27:536][  0]LogTemp:Display: Loaded TP LinuxClientTargetPlatform
[2017.12.02-17.04.27:691][  0]LogTemp:Display: Loaded TP LinuxNoEditorTargetPlatform
[2017.12.02-17.04.27:853][  0]LogTemp:Display: Loaded TP LinuxServerTargetPlatform
[2017.12.02-17.04.28:010][  0]LogTemp:Display: Loaded TP LinuxTargetPlatform
[2017.12.02-17.04.28:010][  0]LogTargetPlatformManager:Display: Building Assets For Windows
[2017.12.02-17.04.29:631][  0]LogDerivedDataCache:Display: Max Cache Size: 512 MB
[2017.12.02-17.04.29:669][  0]LogDerivedDataCache: Loaded boot cache 0.04s 50MB C:/Users/Marcus/AppData/Local/UnrealEngine/4.15/DerivedDataCache/Boot.ddc.
[2017.12.02-17.04.29:669][  0]LogDerivedDataCache:Display: Loaded Boot cache: C:/Users/Marcus/AppData/Local/UnrealEngine/4.15/DerivedDataCache/Boot.ddc
[2017.12.02-17.04.29:669][  0]LogDerivedDataCache: FDerivedDataBackendGraph:  Pak pak cache file ../../../../../../Users/Marcus/Documents/GitHub/BANG/Bang/DerivedDataCache/DDC.ddp not found, will not use a pak cache.
[2017.12.02-17.04.29:669][  0]LogDerivedDataCache: Unable to find inner node Pak for hierarchical cache Hierarchy.
[2017.12.02-17.04.29:669][  0]LogDerivedDataCache: FDerivedDataBackendGraph:  CompressedPak pak cache file ../../../../../../Users/Marcus/Documents/GitHub/BANG/Bang/DerivedDataCache/Compressed.ddp not found, will not use a pak cache.
[2017.12.02-17.04.29:669][  0]LogDerivedDataCache: Unable to find inner node CompressedPak for hierarchical cache Hierarchy.
[2017.12.02-17.04.29:684][  0]LogDerivedDataCache:Display: Pak cache opened for reading ../../../Engine/DerivedDataCache/Compressed.ddp.
[2017.12.02-17.04.29:698][  0]LogDerivedDataCache: Using Local data cache path C:/Users/Marcus/AppData/Local/UnrealEngine/Common/DerivedDataCache: Writable
[2017.12.02-17.04.29:706][  0]LogSlate: Using Freetype 2.6.0
[2017.12.02-17.04.29:707][  0]LogSlate: SlateFontCache - WITH_FREETYPE: 1, WITH_HARFBUZZ: 1
[2017.12.02-17.04.29:707][  0]LogSlate: SlateFontCache - WITH_FREETYPE: 1, WITH_HARFBUZZ: 1
[2017.12.02-17.04.30:009][  0]LogInit: Selected Device Profile: [Windows]
[2017.12.02-17.04.30:013][  0]LogContentStreaming: Texture pool size is 0.00 MB
[2017.12.02-17.04.30:498][  0]LogMeshUtilities: Using QuadricMeshReduction for automatic static mesh reduction
[2017.12.02-17.04.30:653][  0]LogSimplygon: Simplygon DLL not present - disabling.
[2017.12.02-17.04.30:813][  0]LogMeshUtilities: Using SimplygonSwarm for distributed automatic mesh merging
[2017.12.02-17.04.30:813][  0]LogMeshUtilities: No automatic skeletal mesh reduction module available
[2017.12.02-17.04.30:813][  0]LogMeshUtilities: No automatic mesh merging module available
[2017.12.02-17.04.31:723][  0]LogNetVersion: GetLocalNetworkVersion: CL: 3299760, ProjectName: bang, ProjectVersion: , EngineNetworkVersion: 2, GameNetworkVersion: 0, NetworkChecksum: 3018941388
[2017.12.02-17.04.31:831][  0]LogAssetRegistry: FAssetRegistry took 0.0216 seconds to start up
[2017.12.02-17.04.32:062][  0]LogPackageLocalizationCache: Processed 3 localized package path(s) for 2 prioritized culture(s) in 0.139956 seconds
[2017.12.02-17.04.32:070][  0]LogUObjectArray: 32493 objects as part of root set at end of initial load.
[2017.12.02-17.04.32:070][  0]LogUObjectAllocator: 7077032 out of 0 bytes used by permanent object pool.
[2017.12.02-17.04.32:070][  0]LogUObjectArray: CloseDisregardForGC: 0/0 objects in disregard for GC pool
[2017.12.02-17.04.32:341][  0]LogInit: WinSock: version 1.1 (2.2), MaxSocks=32767, MaxUdp=65467
[2017.12.02-17.04.37:005][  0]LogTcpMessaging: Initializing TcpMessaging bridge
[2017.12.02-17.04.37:119][  0]LogUdpMessaging: Initializing bridge on interface 0.0.0.0:0 to multicast group 230.0.0.1:6666.
[2017.12.02-17.04.38:724][  0]LogMaterial: Uniform references updated for custom material expression Custom.
[2017.12.02-17.04.39:904][  0]SourceControl: Info Source control is disabled
[2017.12.02-17.04.39:906][  0]SourceControl: Info Source control is disabled
[2017.12.02-17.04.40:072][  0]SourceControl: Info Source control is disabled
[2017.12.02-17.04.40:237][  0]SourceControl: Info Source control is disabled
[2017.12.02-17.04.44:584][  0]LogEngine: Initializing Engine...
[2017.12.02-17.04.44:585][  0]LogHMD: Failed to initialize OpenVR with code 110
[2017.12.02-17.04.44:696][  0]LogStats: UGameplayTagsManager::ConstructGameplayTagTree: Construct from data asset -  0.000 s
[2017.12.02-17.04.44:696][  0]LogStats: UGameplayTagsManager::ConstructGameplayTagTree: GameplayTagTreeChangedEvent.Broadcast -  0.000 s
[2017.12.02-17.04.45:130][  0]LogAIModule: Creating AISystem for world Untitled
[2017.12.02-17.04.45:136][  0]LogInit: XAudio2 using 'Digital Audio (S/PDIF) (High Definition Audio Device)' : 2 channels at 44.1 kHz using 16 bits per sample (channel mask 0x3)
[2017.12.02-17.04.45:153][  0]LogInit: FAudioDevice initialized.
[2017.12.02-17.04.45:179][  0]LogDerivedDataCache: Saved boot cache 0.03s 50MB C:/Users/Marcus/AppData/Local/UnrealEngine/4.15/DerivedDataCache/Boot.ddc.
[2017.12.02-17.04.45:183][  0]LogInit: Texture streaming: Enabled
[2017.12.02-17.04.45:560][  0]LogEngineSessionManager: EngineSessionManager initialized
[2017.12.02-17.04.45:859][  0]LogInit: Transaction tracking system initialized
[2017.12.02-17.04.47:132][  0]BlueprintLog: New page: Editor Load
[2017.12.02-17.04.50:362][  0]LocalizationService: Info Localization service is disabled
[2017.12.02-17.04.52:735][  0]LogConsoleResponse:Display: 
[2017.12.02-17.04.53:011][  0]LogCook:Display: Max memory allowance for cook 16384mb min free memory 0mb
[2017.12.02-17.04.53:011][  0]LogCook:Display: Mobile HDR setting 1
[2017.12.02-17.04.53:518][  0]LogFileCache: Scanning file cache for directory 'C:/Users/Marcus/Documents/GitHub/BANG/Bang/Content/' took 0.01s
[2017.12.02-17.04.56:633][  0]SourceControl: Info Source control is disabled
[2017.12.02-17.04.56:633][  0]Cmd: MAP LOAD FILE="../../../../../../Users/Marcus/Documents/GitHub/BANG/Bang/Content/2DSideScrollerCPP/Maps/2DSideScrollerExampleMap.umap" TEMPLATE=0 SHOWPROGRESS=1 FEATURELEVEL=3
[2017.12.02-17.04.56:671][  0]LightingResults: New page: Lighting Build
[2017.12.02-17.04.56:832][  0]MapCheck: New page: Map Check
[2017.12.02-17.04.56:832][  0]LightingResults: New page: Lighting Build
[2017.12.02-17.04.57:920][  0]LogAIModule: Creating AISystem for world 2DSideScrollerExampleMap
[2017.12.02-17.04.57:961][  0]LogEditorServer: Finished looking for orphan Actors (0.000 secs)
[2017.12.02-17.04.57:962][  0]Cmd: MAP CHECKDEP NOCLEARLOG
[2017.12.02-17.04.58:089][  0]MapCheck: Info Map check complete: 0 Error(s), 0 Warning(s), took 126.517ms to complete.
[2017.12.02-17.04.58:089][  0]LogFileHelpers: Loading map '2DSideScrollerExampleMap' took 1.456
[2017.12.02-17.04.58:204][  0]LogWindowsTextInputMethodSystem:Display: IME system now deactivated.
[2017.12.02-17.04.58:685][  0]LogCollectionManager: Loaded 0 collections in 0.013174 seconds
[2017.12.02-17.04.58:945][  0]LogFileCache: Scanning file cache for directory 'C:/Users/Marcus/Documents/GitHub/BANG/Bang/Saved/Collections/' took 0.01s
[2017.12.02-17.04.58:945][  0]LogFileCache: Scanning file cache for directory 'C:/Users/Marcus/Documents/GitHub/BANG/Bang/Content/Developers/Marcus/Collections/' took 0.01s
[2017.12.02-17.04.58:945][  0]LogFileCache: Scanning file cache for directory 'C:/Users/Marcus/Documents/GitHub/BANG/Bang/Content/Collections/' took 0.01s
[2017.12.02-17.04.58:945][  0]LogCollectionManager: Rebuilt the GUID cache for 0 collections in 0.000002 seconds
[2017.12.02-17.04.58:983][  0]LogContentBrowser: Native class hierarchy populated in 0.0270 seconds. Added 2247 classes and 455 folders.
[2017.12.02-17.04.59:252][  0]LogContentBrowser: Native class hierarchy updated for 'WidgetCarousel' in 0.0025 seconds. Added 0 classes and 0 folders.
[2017.12.02-17.05.02:710][  0]LogContentBrowser: Native class hierarchy updated for 'AddContentDialog' in 0.0083 seconds. Added 0 classes and 0 folders.
[2017.12.02-17.05.03:404][  0]LogContentBrowser: Native class hierarchy updated for 'SceneOutliner' in 0.0087 seconds. Added 1 classes and 2 folders.
[2017.12.02-17.05.04:185][  0]LogCrashTracker: Crashtracker disabled due to settings.
[2017.12.02-17.05.06:938][  0]LogSlate: Only BGRA pngs, bmps or icos are supported in by External Image Picker
[2017.12.02-17.05.07:239][  0]LogSlate: Took 0.000198 seconds to synchronously load lazily loaded font '../../../Engine/Content/Slate/Fonts/Roboto-Regular.ttf' (155K)
[2017.12.02-17.05.07:899][  0]LogTemp:Display: Executing iPhonePackager certificates Engine -bundlename com.YourCompany.Bang

[2017.12.02-17.05.07:899][  0]LogTemp:Display: CWD: C:\Program Files\Epic Games\UE_4.15\Engine\Binaries\DotNET\IOS

[2017.12.02-17.05.07:899][  0]LogTemp:Display: Initial Dir: C:\Program Files\Epic Games\UE_4.15

[2017.12.02-17.05.07:899][  0]LogTemp:Display: Env CWD: C:\Program Files\Epic Games\UE_4.15\Engine\Binaries\DotNET\IOS

[2017.12.02-17.05.07:899][  0]LogTemp:Display: BranchPath = MARCUSPC/C/Program Files/Epic Games/UE_4.15/Engine/Binaries --- GameBranchPath = MARCUSPC/C/Program Files/Epic Games/UE_4.15/Engine/Binaries

[2017.12.02-17.05.07:899][  0]LogUObjectGlobals:Warning: Failed to find object 'Class None.'
[2017.12.02-17.05.08:662][  0]LogTemp:Display: IPP ERROR: Application exception: System.IO.DirectoryNotFoundException: Could not find a part of the path 'C:\Users\Marcus\AppData\Local\Apple Computer\MobileDevice\Provisioning Profiles'.

[2017.12.02-17.05.08:662][  0]LogTemp:Display:    at System.IO.__Error.WinIOError(Int32 errorCode, String maybeFullPath)

[2017.12.02-17.05.08:662][  0]LogTemp:Display:    at System.IO.FileSystemEnumerableIterator`1.CommonInit()

[2017.12.02-17.05.08:662][  0]LogTemp:Display:    at System.IO.Directory.EnumerateFiles(String path, String searchPattern)

[2017.12.02-17.05.08:662][  0]LogTemp:Display:    at iPhonePackager.CodeSignatureBuilder.FindProvisions(String CFBundleIdentifier)

[2017.12.02-17.05.08:662][  0]LogTemp:Display:    at iPhonePackager.Program.Main(String[] args)

[2017.12.02-17.05.08:833][  0]LogContentBrowser: Native class hierarchy updated for 'HierarchicalLODOutliner' in 0.0027 seconds. Added 1 classes and 2 folders.
[2017.12.02-17.05.08:834][  0]LogLoad: (Engine Initialization) Total time: 52.09 seconds
[2017.12.02-17.05.08:834][  0]LogLoad: (Engine Initialization) Total Blueprint compile time: 0.15 seconds
[2017.12.02-17.05.08:834][  0]LogExternalProfiler: Found external profiler: VSPerf
[2017.12.02-17.05.08:834][  0]LogExternalProfiler: Using external profiler: VSPerf
[2017.12.02-17.05.08:844][  0]LogOcInput: OculusInput pre-init called
[2017.12.02-17.05.08:895][  0]LogContentStreaming: Texture pool size now 1000 MB
[2017.12.02-17.05.08:897][  0]LogSlate: Took 0.000344 seconds to synchronously load lazily loaded font '../../../Engine/Content/Slate/Fonts/Roboto-Bold.ttf' (160K)
[2017.12.02-17.05.08:912][  0]LogSlate: Took 0.010298 seconds to synchronously load lazily loaded font '../../../Engine/Content/Editor/Slate/Fonts/FontAwesome.ttf' (139K)
[2017.12.02-17.05.09:316][  0]LogRenderer: Reallocating scene render targets to support 1208x580 NumSamples 1 (Frame:2).
[2017.12.02-17.05.09:521][  1]LogSlate: Took 0.019056 seconds to synchronously load lazily loaded font '../../../Engine/Content/Slate/Fonts/Roboto-Light.ttf' (159K)
[2017.12.02-17.05.09:548][  2]LogAssetRegistry: Asset discovery search completed in 37.7379 seconds
[2017.12.02-17.05.09:548][  2]LogCollectionManager: Rebuilt the object cache for 0 collections in 0.000005 seconds (found 0 objects)
[2017.12.02-17.05.09:548][  2]LogCollectionManager: Fixed up redirectors for 0 collections in 0.000022 seconds (updated 0 objects)
[2017.12.02-17.05.46:723][255]LogSlate: Took 0.000222 seconds to synchronously load lazily loaded font '../../../Engine/Content/Slate/Fonts/Roboto-Light.ttf' (159K)
[2017.12.02-17.05.47:371][255]LogSlate: Took 0.000267 seconds to synchronously load lazily loaded font '../../../Engine/Content/Slate/Fonts/Roboto-Regular.ttf' (155K)
[2017.12.02-17.05.47:581][255]LogRenderer: Reallocating scene render targets to support 1528x828 NumSamples 1 (Frame:3288).
[2017.12.02-17.05.59:178][453]LogSlate: Took 0.018762 seconds to synchronously load lazily loaded font '../../../Engine/Content/Editor/Slate/Fonts/Roboto-BoldCondensed.ttf' (158K)
[2017.12.02-17.05.59:356][453]LogRenderer: Reallocating scene render targets to support 1528x960 NumSamples 1 (Frame:5101).
[2017.12.02-17.15.02:794][486]LogSlate: Took 0.008029 seconds to synchronously load lazily loaded font '../../../Engine/Content/Slate/Fonts/Roboto-Light.ttf' (159K)
[2017.12.02-17.15.11:804][513]LogFileHelpers: Editor autosave (incl. sublevels) for '/Game/2DSideScrollerCPP/Maps/2DSideScrollerExampleMap' took 0.009
[2017.12.02-17.15.11:877][513]OBJ SavePackage: Generating thumbnails for [1] asset(s) in package [/Game/Bang/Pistol/LeonaStandShootNoBullet_Sprite_0] ([1] browsable assets)...
[2017.12.02-17.15.11:886][513]OBJ SavePackage:     Rendered thumbnail for [PaperSprite /Game/Bang/Pistol/LeonaStandShootNoBullet_Sprite_0.LeonaStandShootNoBullet_Sprite_0]
[2017.12.02-17.15.11:886][513]OBJ SavePackage: Finished generating thumbnails for package [/Game/Bang/Pistol/LeonaStandShootNoBullet_Sprite_0]
[2017.12.02-17.15.12:454][513]LogSavePackage: Save=27.44ms
[2017.12.02-17.15.12:454][513]LogSavePackage: Moving '../../../../../../Users/Marcus/Documents/GitHub/BANG/Bang/Saved/LeonaStandShootNoBullet_Sprite_0_Auto1DC0B9C87471C4F4EE52F14AC817B2301.tmp' to '../../../../../../Users/Marcus/Documents/GitHub/BANG/Bang/Saved/Autosaves/Game/Bang/Pistol/LeonaStandShootNoBullet_Sprite_0_Auto1.uasset'
[2017.12.02-17.15.12:474][513]LogSavePackage:Display: Finished SavePackage ../../../../../../Users/Marcus/Documents/GitHub/BANG/Bang/Saved/Autosaves/Game/Bang/Pistol/LeonaStandShootNoBullet_Sprite_0_Auto1.uasset
[2017.12.02-17.15.12:474][513]LogFileHelpers: Auto-saving content packages took 0.669
[2017.12.02-17.16.07:626][862]LogSavePackage: Save=9.31ms
[2017.12.02-17.16.07:626][862]LogSavePackage: Moving '../../../../../../Users/Marcus/Documents/GitHub/BANG/Bang/Saved/LeonaStandShootNoBullet_Sprite_0D2633E5742D9D2FA7485BC9DA678E8F3.tmp' to '../../../../../../Users/Marcus/Documents/GitHub/BANG/Bang/Content/Bang/Pistol/LeonaStandShootNoBullet_Sprite_0.uasset'
[2017.12.02-17.16.07:632][862]LogSavePackage:Display: Finished SavePackage ../../../../../../Users/Marcus/Documents/GitHub/BANG/Bang/Content/Bang/Pistol/LeonaStandShootNoBullet_Sprite_0.uasset
[2017.12.02-17.17.01:056][371]LogSavePackage: Save=7.84ms
[2017.12.02-17.17.01:056][371]LogSavePackage: Moving '../../../../../../Users/Marcus/Documents/GitHub/BANG/Bang/Saved/LeonaStandShootNoBullet_Sprite_1451E5E70468A54540D1ADAA6E503ECB7.tmp' to '../../../../../../Users/Marcus/Documents/GitHub/BANG/Bang/Content/Bang/Pistol/LeonaStandShootNoBullet_Sprite_1.uasset'
[2017.12.02-17.17.01:061][371]LogSavePackage:Display: Finished SavePackage ../../../../../../Users/Marcus/Documents/GitHub/BANG/Bang/Content/Bang/Pistol/LeonaStandShootNoBullet_Sprite_1.uasset
[2017.12.02-17.18.17:676][176]LogSavePackage: Save=8.73ms
[2017.12.02-17.18.17:676][176]LogSavePackage: Moving '../../../../../../Users/Marcus/Documents/GitHub/BANG/Bang/Saved/LeonaStandShootNoBullet_Sprite_27774AE1040EAAD7091735E9B21D4BD8C.tmp' to '../../../../../../Users/Marcus/Documents/GitHub/BANG/Bang/Content/Bang/Pistol/LeonaStandShootNoBullet_Sprite_2.uasset'
[2017.12.02-17.18.17:681][176]LogSavePackage:Display: Finished SavePackage ../../../../../../Users/Marcus/Documents/GitHub/BANG/Bang/Content/Bang/Pistol/LeonaStandShootNoBullet_Sprite_2.uasset
[2017.12.02-17.19.02:541][689]Cmd: TRANSACTION UNDO
[2017.12.02-17.19.02:541][689]LogEditorTransaction: Undo Edit Y
[2017.12.02-17.19.33:918][885]LogSavePackage: Save=6.95ms
[2017.12.02-17.19.33:918][885]LogSavePackage: Moving '../../../../../../Users/Marcus/Documents/GitHub/BANG/Bang/Saved/LeonaStandShootNoBullet_Sprite_3EFB135994B5FFBEBA47982A14046C40C.tmp' to '../../../../../../Users/Marcus/Documents/GitHub/BANG/Bang/Content/Bang/Pistol/LeonaStandShootNoBullet_Sprite_3.uasset'
[2017.12.02-17.19.33:924][885]LogSavePackage:Display: Finished SavePackage ../../../../../../Users/Marcus/Documents/GitHub/BANG/Bang/Content/Bang/Pistol/LeonaStandShootNoBullet_Sprite_3.uasset
[2017.12.02-17.21.57:890][251]LogSavePackage: Save=6.90ms
[2017.12.02-17.21.57:890][251]LogSavePackage: Moving '../../../../../../Users/Marcus/Documents/GitHub/BANG/Bang/Saved/LeonaStandShootNoBullet_Sprite_43C84F13042BAC14A29D47BA51765280D.tmp' to '../../../../../../Users/Marcus/Documents/GitHub/BANG/Bang/Content/Bang/Pistol/LeonaStandShootNoBullet_Sprite_4.uasset'
[2017.12.02-17.21.57:895][251]LogSavePackage:Display: Finished SavePackage ../../../../../../Users/Marcus/Documents/GitHub/BANG/Bang/Content/Bang/Pistol/LeonaStandShootNoBullet_Sprite_4.uasset
[2017.12.02-17.22.41:561][647]LogSavePackage: Save=7.03ms
[2017.12.02-17.22.41:561][647]LogSavePackage: Moving '../../../../../../Users/Marcus/Documents/GitHub/BANG/Bang/Saved/LeonaStandShootNoBullet_Sprite_5B2C2DC904C3D0C6EC2F1F3BA54C6D16F.tmp' to '../../../../../../Users/Marcus/Documents/GitHub/BANG/Bang/Content/Bang/Pistol/LeonaStandShootNoBullet_Sprite_5.uasset'
[2017.12.02-17.22.41:567][647]LogSavePackage:Display: Finished SavePackage ../../../../../../Users/Marcus/Documents/GitHub/BANG/Bang/Content/Bang/Pistol/LeonaStandShootNoBullet_Sprite_5.uasset
[2017.12.02-17.23.40:947][515]LogSavePackage: Save=6.96ms
[2017.12.02-17.23.40:947][515]LogSavePackage: Moving '../../../../../../Users/Marcus/Documents/GitHub/BANG/Bang/Saved/LeonaStandShootNoBullet_Sprite_6DD7FBDB4473266D9B6D67486EE33640E.tmp' to '../../../../../../Users/Marcus/Documents/GitHub/BANG/Bang/Content/Bang/Pistol/LeonaStandShootNoBullet_Sprite_6.uasset'
[2017.12.02-17.23.40:952][515]LogSavePackage:Display: Finished SavePackage ../../../../../../Users/Marcus/Documents/GitHub/BANG/Bang/Content/Bang/Pistol/LeonaStandShootNoBullet_Sprite_6.uasset
[2017.12.02-17.25.58:531][457]LogSavePackage: Save=6.64ms
[2017.12.02-17.25.58:531][457]LogSavePackage: Moving '../../../../../../Users/Marcus/Documents/GitHub/BANG/Bang/Saved/LeonaStandShootNoBullet_Sprite_79222F60F42CEA0323AC9738EA8F79C96.tmp' to '../../../../../../Users/Marcus/Documents/GitHub/BANG/Bang/Content/Bang/Pistol/LeonaStandShootNoBullet_Sprite_7.uasset'
[2017.12.02-17.25.58:537][457]LogSavePackage:Display: Finished SavePackage ../../../../../../Users/Marcus/Documents/GitHub/BANG/Bang/Content/Bang/Pistol/LeonaStandShootNoBullet_Sprite_7.uasset
[2017.12.02-17.26.29:371][637]LogSavePackage: Save=6.13ms
[2017.12.02-17.26.29:371][637]LogSavePackage: Moving '../../../../../../Users/Marcus/Documents/GitHub/BANG/Bang/Saved/LeonaStandShootNoBullet_Sprite_87D61CAFF46B4741EB8E8019A356E5D60.tmp' to '../../../../../../Users/Marcus/Documents/GitHub/BANG/Bang/Content/Bang/Pistol/LeonaStandShootNoBullet_Sprite_8.uasset'
[2017.12.02-17.26.29:376][637]LogSavePackage:Display: Finished SavePackage ../../../../../../Users/Marcus/Documents/GitHub/BANG/Bang/Content/Bang/Pistol/LeonaStandShootNoBullet_Sprite_8.uasset
[2017.12.02-17.26.55:039][256]LogSavePackage: Save=6.33ms
[2017.12.02-17.26.55:039][256]LogSavePackage: Moving '../../../../../../Users/Marcus/Documents/GitHub/BANG/Bang/Saved/LeonaStandShootNoBullet_Sprite_95D56288F42650646EF305FAD6CAE2A8C.tmp' to '../../../../../../Users/Marcus/Documents/GitHub/BANG/Bang/Content/Bang/Pistol/LeonaStandShootNoBullet_Sprite_9.uasset'
[2017.12.02-17.26.55:044][256]LogSavePackage:Display: Finished SavePackage ../../../../../../Users/Marcus/Documents/GitHub/BANG/Bang/Content/Bang/Pistol/LeonaStandShootNoBullet_Sprite_9.uasset
[2017.12.02-17.29.34:945][389]LogSavePackage: Save=6.49ms
[2017.12.02-17.29.34:945][389]LogSavePackage: Moving '../../../../../../Users/Marcus/Documents/GitHub/BANG/Bang/Saved/LeonaStandingPistol_Sprite_0CD0C073C435AA8BFE2B63B948F4C0D86.tmp' to '../../../../../../Users/Marcus/Documents/GitHub/BANG/Bang/Content/Bang/Pistol/LeonaStandingPistol_Sprite_0.uasset'
[2017.12.02-17.29.34:950][389]LogSavePackage:Display: Finished SavePackage ../../../../../../Users/Marcus/Documents/GitHub/BANG/Bang/Content/Bang/Pistol/LeonaStandingPistol_Sprite_0.uasset
[2017.12.02-17.29.54:222][645]LogSavePackage: Save=6.00ms
[2017.12.02-17.29.54:222][645]LogSavePackage: Moving '../../../../../../Users/Marcus/Documents/GitHub/BANG/Bang/Saved/LeonaStandingPistol_Sprite_16BD236914104EA090C405F8615951158.tmp' to '../../../../../../Users/Marcus/Documents/GitHub/BANG/Bang/Content/Bang/Pistol/LeonaStandingPistol_Sprite_1.uasset'
[2017.12.02-17.29.54:227][645]LogSavePackage:Display: Finished SavePackage ../../../../../../Users/Marcus/Documents/GitHub/BANG/Bang/Content/Bang/Pistol/LeonaStandingPistol_Sprite_1.uasset
[2017.12.02-17.30.11:096][616]Cmd: TRANSACTION UNDO
[2017.12.02-17.30.11:096][616]LogEditorTransaction: Undo Set Vector Property
[2017.12.02-17.30.26:386][381]LogSavePackage: Save=6.48ms
[2017.12.02-17.30.26:386][381]LogSavePackage: Moving '../../../../../../Users/Marcus/Documents/GitHub/BANG/Bang/Saved/LeonaStandingPistol_Sprite_2C58E9AD845D3DCC437F8C5B48F190D1D.tmp' to '../../../../../../Users/Marcus/Documents/GitHub/BANG/Bang/Content/Bang/Pistol/LeonaStandingPistol_Sprite_2.uasset'
[2017.12.02-17.30.26:391][381]LogSavePackage:Display: Finished SavePackage ../../../../../../Users/Marcus/Documents/GitHub/BANG/Bang/Content/Bang/Pistol/LeonaStandingPistol_Sprite_2.uasset
[2017.12.02-17.30.48:054][921]LogSavePackage: Save=5.81ms
[2017.12.02-17.30.48:054][921]LogSavePackage: Moving '../../../../../../Users/Marcus/Documents/GitHub/BANG/Bang/Saved/LeonaStandingPistol_Sprite_3922A01F346519313639A1C99D93BD140.tmp' to '../../../../../../Users/Marcus/Documents/GitHub/BANG/Bang/Content/Bang/Pistol/LeonaStandingPistol_Sprite_3.uasset'
[2017.12.02-17.30.48:059][921]LogSavePackage:Display: Finished SavePackage ../../../../../../Users/Marcus/Documents/GitHub/BANG/Bang/Content/Bang/Pistol/LeonaStandingPistol_Sprite_3.uasset
[2017.12.02-17.32.07:210][361]LogFileHelpers: Editor autosave (incl. sublevels) for '/Game/2DSideScrollerCPP/Maps/2DSideScrollerExampleMap' took 0.015
[2017.12.02-17.32.07:242][361]OBJ SavePackage: Generating thumbnails for [1] asset(s) in package [/Game/Bang/Pistol/Animations/StandingPistolAnim] ([1] browsable assets)...
[2017.12.02-17.32.07:250][361]OBJ SavePackage:     Rendered thumbnail for [PaperFlipbook /Game/Bang/Pistol/Animations/StandingPistolAnim.StandingPistolAnim]
[2017.12.02-17.32.07:250][361]OBJ SavePackage: Finished generating thumbnails for package [/Game/Bang/Pistol/Animations/StandingPistolAnim]
[2017.12.02-17.32.07:267][361]LogSavePackage: Save=4.56ms
[2017.12.02-17.32.07:267][361]LogSavePackage: Moving '../../../../../../Users/Marcus/Documents/GitHub/BANG/Bang/Saved/StandingPistolAnim_Auto271F72DBF465B7BD5E7F86B8284B1B55F.tmp' to '../../../../../../Users/Marcus/Documents/GitHub/BANG/Bang/Saved/Autosaves/Game/Bang/Pistol/Animations/StandingPistolAnim_Auto2.uasset'
[2017.12.02-17.32.07:270][361]LogSavePackage:Display: Finished SavePackage ../../../../../../Users/Marcus/Documents/GitHub/BANG/Bang/Saved/Autosaves/Game/Bang/Pistol/Animations/StandingPistolAnim_Auto2.uasset
[2017.12.02-17.32.07:270][361]LogFileHelpers: Auto-saving content packages took 0.059
[2017.12.02-17.32.42:095][489]Cmd: TRANSACTION UNDO
[2017.12.02-17.32.42:095][489]LogEditorTransaction: Undo Edit X
[2017.12.02-17.32.42:435][520]Cmd: TRANSACTION UNDO
[2017.12.02-17.32.42:435][520]LogEditorTransaction: Undo Edit X
[2017.12.02-17.32.43:458][635]Cmd: TRANSACTION UNDO
[2017.12.02-17.32.43:458][635]LogEditorTransaction: Undo Edit X
[2017.12.02-17.32.44:191][721]Cmd: TRANSACTION UNDO
[2017.12.02-17.32.44:191][721]LogEditorTransaction: Undo Edit Frames Per Second
[2017.12.02-17.34.43:660][571]Cmd: TRANSACTION UNDO
[2017.12.02-17.34.43:660][571]LogEditorTransaction: Undo Edit Frames Per Second
[2017.12.02-17.34.44:474][652]Cmd: TRANSACTION UNDO
[2017.12.02-17.34.44:474][652]LogEditorTransaction: Undo Edit X
[2017.12.02-17.34.44:942][706]Cmd: TRANSACTION UNDO
[2017.12.02-17.34.44:942][706]LogEditorTransaction: Undo Edit X
[2017.12.02-17.34.45:324][750]Cmd: TRANSACTION UNDO
[2017.12.02-17.34.45:324][750]LogEditorTransaction: Undo Edit X
[2017.12.02-17.34.46:844][926]Cmd: TRANSACTION UNDO
[2017.12.02-17.34.46:844][926]LogEditorTransaction: Undo Edit Y
[2017.12.02-17.34.47:380][989]Cmd: TRANSACTION UNDO
[2017.12.02-17.34.47:380][989]LogEditorTransaction: Undo Edit Pivot Mode
[2017.12.02-17.34.50:141][311]Cmd: TRANSACTION REDO
[2017.12.02-17.34.50:141][311]LogEditorTransaction: Redo Edit Pivot Mode
[2017.12.02-17.34.50:946][404]Cmd: TRANSACTION REDO
[2017.12.02-17.34.50:946][404]LogEditorTransaction: Redo Edit Y
[2017.12.02-17.34.51:591][479]Cmd: TRANSACTION REDO
[2017.12.02-17.34.51:591][479]LogEditorTransaction: Redo Edit X
[2017.12.02-17.35.02:081][669]LogSavePackage: Save=4.86ms
[2017.12.02-17.35.02:081][669]LogSavePackage: Moving '../../../../../../Users/Marcus/Documents/GitHub/BANG/Bang/Saved/StandingPistolAnim7208B9854E90D4B82DF1D2B290E632EB.tmp' to '../../../../../../Users/Marcus/Documents/GitHub/BANG/Bang/Content/Bang/Pistol/Animations/StandingPistolAnim.uasset'
[2017.12.02-17.35.02:086][669]LogSavePackage:Display: Finished SavePackage ../../../../../../Users/Marcus/Documents/GitHub/BANG/Bang/Content/Bang/Pistol/Animations/StandingPistolAnim.uasset
[2017.12.02-17.35.49:215][162]Cmd: OBJ SAVEPACKAGE PACKAGE="/Game/Bang/Pistol/LeonaMeleStand2_Sprite_0" FILE="../../../../../../Users/Marcus/Documents/GitHub/BANG/Bang/Content/Bang/Pistol/LeonaMeleStand2_Sprite_0.uasset" SILENT=true
[2017.12.02-17.35.49:234][162]LogSavePackage: Save=6.28ms
[2017.12.02-17.35.49:234][162]LogSavePackage: Moving '../../../../../../Users/Marcus/Documents/GitHub/BANG/Bang/Saved/LeonaMeleStand2_Sprite_0B181F57C4F4B050D7210CABEA7F45E6F.tmp' to '../../../../../../Users/Marcus/Documents/GitHub/BANG/Bang/Content/Bang/Pistol/LeonaMeleStand2_Sprite_0.uasset'
[2017.12.02-17.35.49:239][162]LogSavePackage:Display: Finished SavePackage ../../../../../../Users/Marcus/Documents/GitHub/BANG/Bang/Content/Bang/Pistol/LeonaMeleStand2_Sprite_0.uasset
[2017.12.02-17.36.35:301][494]Cmd: OBJ SAVEPACKAGE PACKAGE="/Game/Bang/Pistol/LeonaMeleStand2_Sprite_1" FILE="../../../../../../Users/Marcus/Documents/GitHub/BANG/Bang/Content/Bang/Pistol/LeonaMeleStand2_Sprite_1.uasset" SILENT=true
[2017.12.02-17.36.35:322][494]LogSavePackage: Save=6.70ms
[2017.12.02-17.36.35:322][494]LogSavePackage: Moving '../../../../../../Users/Marcus/Documents/GitHub/BANG/Bang/Saved/LeonaMeleStand2_Sprite_1AA41F6CB43BA92E715A26E91D465BA26.tmp' to '../../../../../../Users/Marcus/Documents/GitHub/BANG/Bang/Content/Bang/Pistol/LeonaMeleStand2_Sprite_1.uasset'
[2017.12.02-17.36.35:327][494]LogSavePackage:Display: Finished SavePackage ../../../../../../Users/Marcus/Documents/GitHub/BANG/Bang/Content/Bang/Pistol/LeonaMeleStand2_Sprite_1.uasset
[2017.12.02-17.37.01:439][518]Cmd: OBJ SAVEPACKAGE PACKAGE="/Game/Bang/Pistol/LeonaMeleStand2_Sprite_2" FILE="../../../../../../Users/Marcus/Documents/GitHub/BANG/Bang/Content/Bang/Pistol/LeonaMeleStand2_Sprite_2.uasset" SILENT=true
[2017.12.02-17.37.01:459][518]LogSavePackage: Save=6.62ms
[2017.12.02-17.37.01:459][518]LogSavePackage: Moving '../../../../../../Users/Marcus/Documents/GitHub/BANG/Bang/Saved/LeonaMeleStand2_Sprite_299FF2B464BD77563950D4B9182053D75.tmp' to '../../../../../../Users/Marcus/Documents/GitHub/BANG/Bang/Content/Bang/Pistol/LeonaMeleStand2_Sprite_2.uasset'
[2017.12.02-17.37.01:464][518]LogSavePackage:Display: Finished SavePackage ../../../../../../Users/Marcus/Documents/GitHub/BANG/Bang/Content/Bang/Pistol/LeonaMeleStand2_Sprite_2.uasset
[2017.12.02-17.37.44:224][488]Cmd: OBJ SAVEPACKAGE PACKAGE="/Game/Bang/Pistol/LeonaMeleStand2_Sprite_3" FILE="../../../../../../Users/Marcus/Documents/GitHub/BANG/Bang/Content/Bang/Pistol/LeonaMeleStand2_Sprite_3.uasset" SILENT=true
[2017.12.02-17.37.44:244][488]LogSavePackage: Save=6.93ms
[2017.12.02-17.37.44:244][488]LogSavePackage: Moving '../../../../../../Users/Marcus/Documents/GitHub/BANG/Bang/Saved/LeonaMeleStand2_Sprite_30E65AA714FDAAD3CE270E594F7ECAB7E.tmp' to '../../../../../../Users/Marcus/Documents/GitHub/BANG/Bang/Content/Bang/Pistol/LeonaMeleStand2_Sprite_3.uasset'
[2017.12.02-17.37.44:249][488]LogSavePackage:Display: Finished SavePackage ../../../../../../Users/Marcus/Documents/GitHub/BANG/Bang/Content/Bang/Pistol/LeonaMeleStand2_Sprite_3.uasset
[2017.12.02-17.38.29:477][713]Cmd: OBJ SAVEPACKAGE PACKAGE="/Game/Bang/Pistol/LeonaMeleStand2_Sprite_4" FILE="../../../../../../Users/Marcus/Documents/GitHub/BANG/Bang/Content/Bang/Pistol/LeonaMeleStand2_Sprite_4.uasset" SILENT=true
[2017.12.02-17.38.29:497][713]LogSavePackage: Save=6.69ms
[2017.12.02-17.38.29:497][713]LogSavePackage: Moving '../../../../../../Users/Marcus/Documents/GitHub/BANG/Bang/Saved/LeonaMeleStand2_Sprite_4F7C242724DBB15D529D8F4A0B9BF9A4E.tmp' to '../../../../../../Users/Marcus/Documents/GitHub/BANG/Bang/Content/Bang/Pistol/LeonaMeleStand2_Sprite_4.uasset'
[2017.12.02-17.38.29:502][713]LogSavePackage:Display: Finished SavePackage ../../../../../../Users/Marcus/Documents/GitHub/BANG/Bang/Content/Bang/Pistol/LeonaMeleStand2_Sprite_4.uasset
[2017.12.02-17.38.54:469][635]Cmd: OBJ SAVEPACKAGE PACKAGE="/Game/Bang/Pistol/LeonaMeleStand2_Sprite_5" FILE="../../../../../../Users/Marcus/Documents/GitHub/BANG/Bang/Content/Bang/Pistol/LeonaMeleStand2_Sprite_5.uasset" SILENT=true
[2017.12.02-17.38.54:505][635]LogSavePackage: Save=20.90ms
[2017.12.02-17.38.54:505][635]LogSavePackage: Moving '../../../../../../Users/Marcus/Documents/GitHub/BANG/Bang/Saved/LeonaMeleStand2_Sprite_522DDAD6740B5FB410FD42596A50B3756.tmp' to '../../../../../../Users/Marcus/Documents/GitHub/BANG/Bang/Content/Bang/Pistol/LeonaMeleStand2_Sprite_5.uasset'
[2017.12.02-17.38.54:510][635]LogSavePackage:Display: Finished SavePackage ../../../../../../Users/Marcus/Documents/GitHub/BANG/Bang/Content/Bang/Pistol/LeonaMeleStand2_Sprite_5.uasset
[2017.12.02-17.40.10:008][490]Cmd: OBJ SAVEPACKAGE PACKAGE="/Game/Bang/Legs/LeonaStandingLegs_Sprite_0" FILE="../../../../../../Users/Marcus/Documents/GitHub/BANG/Bang/Content/Bang/Legs/LeonaStandingLegs_Sprite_0.uasset" SILENT=true
[2017.12.02-17.40.10:027][490]LogSavePackage: Save=5.85ms
[2017.12.02-17.40.10:027][490]LogSavePackage: Moving '../../../../../../Users/Marcus/Documents/GitHub/BANG/Bang/Saved/LeonaStandingLegs_Sprite_0648D06FB49F2114CB7EBDA9ED8D7E135.tmp' to '../../../../../../Users/Marcus/Documents/GitHub/BANG/Bang/Content/Bang/Legs/LeonaStandingLegs_Sprite_0.uasset'
[2017.12.02-17.40.10:032][490]LogSavePackage:Display: Finished SavePackage ../../../../../../Users/Marcus/Documents/GitHub/BANG/Bang/Content/Bang/Legs/LeonaStandingLegs_Sprite_0.uasset
[2017.12.02-17.40.49:248][606]Cmd: OBJ SAVEPACKAGE PACKAGE="/Game/Bang/Legs/LeonaWalkingLegs_Sprite_0" FILE="../../../../../../Users/Marcus/Documents/GitHub/BANG/Bang/Content/Bang/Legs/LeonaWalkingLegs_Sprite_0.uasset" SILENT=true
[2017.12.02-17.40.49:269][606]LogSavePackage: Save=7.02ms
[2017.12.02-17.40.49:269][606]LogSavePackage: Moving '../../../../../../Users/Marcus/Documents/GitHub/BANG/Bang/Saved/LeonaWalkingLegs_Sprite_0229913EB41115882A21EF8A58BE501B1.tmp' to '../../../../../../Users/Marcus/Documents/GitHub/BANG/Bang/Content/Bang/Legs/LeonaWalkingLegs_Sprite_0.uasset'
[2017.12.02-17.40.49:274][606]LogSavePackage:Display: Finished SavePackage ../../../../../../Users/Marcus/Documents/GitHub/BANG/Bang/Content/Bang/Legs/LeonaWalkingLegs_Sprite_0.uasset
[2017.12.02-17.41.13:573][131]Cmd: OBJ SAVEPACKAGE PACKAGE="/Game/Bang/Legs/LeonaWalkingLegs_Sprite_1" FILE="../../../../../../Users/Marcus/Documents/GitHub/BANG/Bang/Content/Bang/Legs/LeonaWalkingLegs_Sprite_1.uasset" SILENT=true
[2017.12.02-17.41.13:593][131]LogSavePackage: Save=6.30ms
[2017.12.02-17.41.13:593][131]LogSavePackage: Moving '../../../../../../Users/Marcus/Documents/GitHub/BANG/Bang/Saved/LeonaWalkingLegs_Sprite_1851F89474B1B2E8F3CC31B9E7927BEFD.tmp' to '../../../../../../Users/Marcus/Documents/GitHub/BANG/Bang/Content/Bang/Legs/LeonaWalkingLegs_Sprite_1.uasset'
[2017.12.02-17.41.13:599][131]LogSavePackage:Display: Finished SavePackage ../../../../../../Users/Marcus/Documents/GitHub/BANG/Bang/Content/Bang/Legs/LeonaWalkingLegs_Sprite_1.uasset
[2017.12.02-17.42.07:607][918]LogFileHelpers: Editor autosave (incl. sublevels) for '/Game/2DSideScrollerCPP/Maps/2DSideScrollerExampleMap' took 0.015
[2017.12.02-17.42.07:610][918]OBJ SavePackage: Generating thumbnails for [1] asset(s) in package [/Game/Bang/Pistol/LeonaStandingPistol_Sprite_3] ([1] browsable assets)...
[2017.12.02-17.42.07:619][918]OBJ SavePackage:     Rendered thumbnail for [PaperSprite /Game/Bang/Pistol/LeonaStandingPistol_Sprite_3.LeonaStandingPistol_Sprite_3]
[2017.12.02-17.42.07:619][918]OBJ SavePackage: Finished generating thumbnails for package [/Game/Bang/Pistol/LeonaStandingPistol_Sprite_3]
[2017.12.02-17.42.07:639][918]LogSavePackage: Save=6.09ms
[2017.12.02-17.42.07:639][918]LogSavePackage: Moving '../../../../../../Users/Marcus/Documents/GitHub/BANG/Bang/Saved/LeonaStandingPistol_Sprite_3_Auto3CF2831874A8160B1161DDF9EA1BFEF8F.tmp' to '../../../../../../Users/Marcus/Documents/GitHub/BANG/Bang/Saved/Autosaves/Game/Bang/Pistol/LeonaStandingPistol_Sprite_3_Auto3.uasset'
[2017.12.02-17.42.07:642][918]LogSavePackage:Display: Finished SavePackage ../../../../../../Users/Marcus/Documents/GitHub/BANG/Bang/Saved/Autosaves/Game/Bang/Pistol/LeonaStandingPistol_Sprite_3_Auto3.uasset
[2017.12.02-17.42.07:642][918]LogFileHelpers: Auto-saving content packages took 0.034
[2017.12.02-17.44.00:588][ 88]Cmd: OBJ SAVEPACKAGE PACKAGE="/Game/Bang/Legs/LeonaWalkingLegs_Sprite_2" FILE="../../../../../../Users/Marcus/Documents/GitHub/BANG/Bang/Content/Bang/Legs/LeonaWalkingLegs_Sprite_2.uasset" SILENT=true
[2017.12.02-17.44.00:608][ 88]LogSavePackage: Save=6.36ms
[2017.12.02-17.44.00:608][ 88]LogSavePackage: Moving '../../../../../../Users/Marcus/Documents/GitHub/BANG/Bang/Saved/LeonaWalkingLegs_Sprite_21004EBD5445A1EDEBE94F48AC2834C45.tmp' to '../../../../../../Users/Marcus/Documents/GitHub/BANG/Bang/Content/Bang/Legs/LeonaWalkingLegs_Sprite_2.uasset'
[2017.12.02-17.44.00:613][ 88]LogSavePackage:Display: Finished SavePackage ../../../../../../Users/Marcus/Documents/GitHub/BANG/Bang/Content/Bang/Legs/LeonaWalkingLegs_Sprite_2.uasset
[2017.12.02-17.44.15:180][599]Cmd: OBJ SAVEPACKAGE PACKAGE="/Game/Bang/Legs/LeonaWalkingLegs_Sprite_3" FILE="../../../../../../Users/Marcus/Documents/GitHub/BANG/Bang/Content/Bang/Legs/LeonaWalkingLegs_Sprite_3.uasset" SILENT=true
[2017.12.02-17.44.15:201][599]LogSavePackage: Save=6.07ms
[2017.12.02-17.44.15:201][599]LogSavePackage: Moving '../../../../../../Users/Marcus/Documents/GitHub/BANG/Bang/Saved/LeonaWalkingLegs_Sprite_3A03BCF51457E35FCFF3BC0A021E2ABD7.tmp' to '../../../../../../Users/Marcus/Documents/GitHub/BANG/Bang/Content/Bang/Legs/LeonaWalkingLegs_Sprite_3.uasset'
[2017.12.02-17.44.15:206][599]LogSavePackage:Display: Finished SavePackage ../../../../../../Users/Marcus/Documents/GitHub/BANG/Bang/Content/Bang/Legs/LeonaWalkingLegs_Sprite_3.uasset
[2017.12.02-17.44.26:019][719]Cmd: OBJ SAVEPACKAGE PACKAGE="/Game/Bang/Legs/LeonaWalkingLegs_Sprite_4" FILE="../../../../../../Users/Marcus/Documents/GitHub/BANG/Bang/Content/Bang/Legs/LeonaWalkingLegs_Sprite_4.uasset" SILENT=true
[2017.12.02-17.44.26:039][719]LogSavePackage: Save=6.01ms
[2017.12.02-17.44.26:039][719]LogSavePackage: Moving '../../../../../../Users/Marcus/Documents/GitHub/BANG/Bang/Saved/LeonaWalkingLegs_Sprite_49AACF8BC439E129EE9A868BF21D0B70B.tmp' to '../../../../../../Users/Marcus/Documents/GitHub/BANG/Bang/Content/Bang/Legs/LeonaWalkingLegs_Sprite_4.uasset'
[2017.12.02-17.44.26:044][719]LogSavePackage:Display: Finished SavePackage ../../../../../../Users/Marcus/Documents/GitHub/BANG/Bang/Content/Bang/Legs/LeonaWalkingLegs_Sprite_4.uasset
[2017.12.02-17.44.41:254][301]Cmd: OBJ SAVEPACKAGE PACKAGE="/Game/Bang/Legs/LeonaWalkingLegs_Sprite_5" FILE="../../../../../../Users/Marcus/Documents/GitHub/BANG/Bang/Content/Bang/Legs/LeonaWalkingLegs_Sprite_5.uasset" SILENT=true
[2017.12.02-17.44.41:275][301]LogSavePackage: Save=6.10ms
[2017.12.02-17.44.41:275][301]LogSavePackage: Moving '../../../../../../Users/Marcus/Documents/GitHub/BANG/Bang/Saved/LeonaWalkingLegs_Sprite_5D0E4A7B546650A45ECE286BA2B034E0E.tmp' to '../../../../../../Users/Marcus/Documents/GitHub/BANG/Bang/Content/Bang/Legs/LeonaWalkingLegs_Sprite_5.uasset'
[2017.12.02-17.44.41:280][301]LogSavePackage:Display: Finished SavePackage ../../../../../../Users/Marcus/Documents/GitHub/BANG/Bang/Content/Bang/Legs/LeonaWalkingLegs_Sprite_5.uasset
[2017.12.02-17.44.52:863][513]Cmd: OBJ SAVEPACKAGE PACKAGE="/Game/Bang/Legs/LeonaWalkingLegs_Sprite_6" FILE="../../../../../../Users/Marcus/Documents/GitHub/BANG/Bang/Content/Bang/Legs/LeonaWalkingLegs_Sprite_6.uasset" SILENT=true
[2017.12.02-17.44.52:884][513]LogSavePackage: Save=6.49ms
[2017.12.02-17.44.52:884][513]LogSavePackage: Moving '../../../../../../Users/Marcus/Documents/GitHub/BANG/Bang/Saved/LeonaWalkingLegs_Sprite_6761161F849EADB23F5C08EB18A89A9FF.tmp' to '../../../../../../Users/Marcus/Documents/GitHub/BANG/Bang/Content/Bang/Legs/LeonaWalkingLegs_Sprite_6.uasset'
[2017.12.02-17.44.52:890][513]LogSavePackage:Display: Finished SavePackage ../../../../../../Users/Marcus/Documents/GitHub/BANG/Bang/Content/Bang/Legs/LeonaWalkingLegs_Sprite_6.uasset
[2017.12.02-17.45.16:996][ 63]Cmd: OBJ SAVEPACKAGE PACKAGE="/Game/Bang/Legs/LeonaWalkingLegs_Sprite_7" FILE="../../../../../../Users/Marcus/Documents/GitHub/BANG/Bang/Content/Bang/Legs/LeonaWalkingLegs_Sprite_7.uasset" SILENT=true
[2017.12.02-17.45.17:019][ 63]LogSavePackage: Save=6.90ms
[2017.12.02-17.45.17:019][ 63]LogSavePackage: Moving '../../../../../../Users/Marcus/Documents/GitHub/BANG/Bang/Saved/LeonaWalkingLegs_Sprite_7690374D84DA57DE3DFD85D9B07795C2D.tmp' to '../../../../../../Users/Marcus/Documents/GitHub/BANG/Bang/Content/Bang/Legs/LeonaWalkingLegs_Sprite_7.uasset'
[2017.12.02-17.45.17:025][ 63]LogSavePackage:Display: Finished SavePackage ../../../../../../Users/Marcus/Documents/GitHub/BANG/Bang/Content/Bang/Legs/LeonaWalkingLegs_Sprite_7.uasset
[2017.12.02-17.45.47:666][315]Cmd: OBJ SAVEPACKAGE PACKAGE="/Game/Bang/Legs/LeonaWalkingLegs_Sprite_8" FILE="../../../../../../Users/Marcus/Documents/GitHub/BANG/Bang/Content/Bang/Legs/LeonaWalkingLegs_Sprite_8.uasset" SILENT=true
[2017.12.02-17.45.47:689][315]LogSavePackage: Save=6.81ms
[2017.12.02-17.45.47:689][315]LogSavePackage: Moving '../../../../../../Users/Marcus/Documents/GitHub/BANG/Bang/Saved/LeonaWalkingLegs_Sprite_83F50DCBA4F1DA8854EBD119E43816492.tmp' to '../../../../../../Users/Marcus/Documents/GitHub/BANG/Bang/Content/Bang/Legs/LeonaWalkingLegs_Sprite_8.uasset'
[2017.12.02-17.45.47:694][315]LogSavePackage:Display: Finished SavePackage ../../../../../../Users/Marcus/Documents/GitHub/BANG/Bang/Content/Bang/Legs/LeonaWalkingLegs_Sprite_8.uasset
[2017.12.02-17.46.01:827][787]Cmd: OBJ SAVEPACKAGE PACKAGE="/Game/Bang/Legs/LeonaWalkingLegs_Sprite_9" FILE="../../../../../../Users/Marcus/Documents/GitHub/BANG/Bang/Content/Bang/Legs/LeonaWalkingLegs_Sprite_9.uasset" SILENT=true
[2017.12.02-17.46.01:849][787]LogSavePackage: Save=6.36ms
[2017.12.02-17.46.01:849][787]LogSavePackage: Moving '../../../../../../Users/Marcus/Documents/GitHub/BANG/Bang/Saved/LeonaWalkingLegs_Sprite_938FAB769461500BF55107B978553C23F.tmp' to '../../../../../../Users/Marcus/Documents/GitHub/BANG/Bang/Content/Bang/Legs/LeonaWalkingLegs_Sprite_9.uasset'
[2017.12.02-17.46.01:854][787]LogSavePackage:Display: Finished SavePackage ../../../../../../Users/Marcus/Documents/GitHub/BANG/Bang/Content/Bang/Legs/LeonaWalkingLegs_Sprite_9.uasset
[2017.12.02-17.46.12:872][941]Cmd: OBJ SAVEPACKAGE PACKAGE="/Game/Bang/Legs/LeonaWalkingLegs_Sprite_10" FILE="../../../../../../Users/Marcus/Documents/GitHub/BANG/Bang/Content/Bang/Legs/LeonaWalkingLegs_Sprite_10.uasset" SILENT=true
[2017.12.02-17.46.12:893][941]LogSavePackage: Save=6.15ms
[2017.12.02-17.46.12:893][941]LogSavePackage: Moving '../../../../../../Users/Marcus/Documents/GitHub/BANG/Bang/Saved/LeonaWalkingLegs_Sprite_10B75DC8EC4CC416340B7DD6A62C1670BE.tmp' to '../../../../../../Users/Marcus/Documents/GitHub/BANG/Bang/Content/Bang/Legs/LeonaWalkingLegs_Sprite_10.uasset'
[2017.12.02-17.46.12:898][941]LogSavePackage:Display: Finished SavePackage ../../../../../../Users/Marcus/Documents/GitHub/BANG/Bang/Content/Bang/Legs/LeonaWalkingLegs_Sprite_10.uasset
[2017.12.02-17.46.41:833][ 43]Cmd: OBJ SAVEPACKAGE PACKAGE="/Game/Bang/Legs/LeonaWalkingLegs_Sprite_11" FILE="../../../../../../Users/Marcus/Documents/GitHub/BANG/Bang/Content/Bang/Legs/LeonaWalkingLegs_Sprite_11.uasset" SILENT=true
[2017.12.02-17.46.41:856][ 43]LogSavePackage: Save=5.91ms
[2017.12.02-17.46.41:856][ 43]LogSavePackage: Moving '../../../../../../Users/Marcus/Documents/GitHub/BANG/Bang/Saved/LeonaWalkingLegs_Sprite_1177F95F754303873BF65B43AE5DCEDE27.tmp' to '../../../../../../Users/Marcus/Documents/GitHub/BANG/Bang/Content/Bang/Legs/LeonaWalkingLegs_Sprite_11.uasset'
[2017.12.02-17.46.41:862][ 43]LogSavePackage:Display: Finished SavePackage ../../../../../../Users/Marcus/Documents/GitHub/BANG/Bang/Content/Bang/Legs/LeonaWalkingLegs_Sprite_11.uasset
[2017.12.02-17.51.29:001][162]LogSavePackage: Save=3.94ms
[2017.12.02-17.51.29:001][162]LogSavePackage: Moving '../../../../../../Users/Marcus/Documents/GitHub/BANG/Bang/Saved/LeonaStandingPistol_Sprite_393EBB157449EE71F572FCC870F9C26A8.tmp' to '../../../../../../Users/Marcus/Documents/GitHub/BANG/Bang/Content/Bang/Pistol/LeonaStandingPistol_Sprite_3.uasset'
[2017.12.02-17.51.29:006][162]LogSavePackage:Display: Finished SavePackage ../../../../../../Users/Marcus/Documents/GitHub/BANG/Bang/Content/Bang/Pistol/LeonaStandingPistol_Sprite_3.uasset
[2017.12.02-17.53.14:108][408]LogFileHelpers: Editor autosave (incl. sublevels) for '/Game/2DSideScrollerCPP/Maps/2DSideScrollerExampleMap' took 0.015
[2017.12.02-17.53.14:111][408]OBJ SavePackage: Generating thumbnails for [1] asset(s) in package [/Game/Bang/Pistol/LeonaWalkingPistol2_Sprite_0] ([1] browsable assets)...
[2017.12.02-17.53.14:119][408]OBJ SavePackage:     Rendered thumbnail for [PaperSprite /Game/Bang/Pistol/LeonaWalkingPistol2_Sprite_0.LeonaWalkingPistol2_Sprite_0]
[2017.12.02-17.53.14:119][408]OBJ SavePackage: Finished generating thumbnails for package [/Game/Bang/Pistol/LeonaWalkingPistol2_Sprite_0]
[2017.12.02-17.53.14:141][408]LogSavePackage: Save=6.02ms
[2017.12.02-17.53.14:142][408]LogSavePackage: Moving '../../../../../../Users/Marcus/Documents/GitHub/BANG/Bang/Saved/LeonaWalkingPistol2_Sprite_0_Auto47CC8EF874BCB248C4F5066977576B11F.tmp' to '../../../../../../Users/Marcus/Documents/GitHub/BANG/Bang/Saved/Autosaves/Game/Bang/Pistol/LeonaWalkingPistol2_Sprite_0_Auto4.uasset'
[2017.12.02-17.53.14:144][408]LogSavePackage:Display: Finished SavePackage ../../../../../../Users/Marcus/Documents/GitHub/BANG/Bang/Saved/Autosaves/Game/Bang/Pistol/LeonaWalkingPistol2_Sprite_0_Auto4.uasset
[2017.12.02-17.53.14:145][408]OBJ SavePackage: Generating thumbnails for [1] asset(s) in package [/Game/Bang/Pistol/LeonaWalkingPistol2_Sprite_1] ([1] browsable assets)...
[2017.12.02-17.53.14:154][408]OBJ SavePackage:     Rendered thumbnail for [PaperSprite /Game/Bang/Pistol/LeonaWalkingPistol2_Sprite_1.LeonaWalkingPistol2_Sprite_1]
[2017.12.02-17.53.14:154][408]OBJ SavePackage: Finished generating thumbnails for package [/Game/Bang/Pistol/LeonaWalkingPistol2_Sprite_1]
[2017.12.02-17.53.14:175][408]LogSavePackage: Save=5.85ms
[2017.12.02-17.53.14:175][408]LogSavePackage: Moving '../../../../../../Users/Marcus/Documents/GitHub/BANG/Bang/Saved/LeonaWalkingPistol2_Sprite_1_Auto47B28E7DF427EC904A939B5A8801A3E61.tmp' to '../../../../../../Users/Marcus/Documents/GitHub/BANG/Bang/Saved/Autosaves/Game/Bang/Pistol/LeonaWalkingPistol2_Sprite_1_Auto4.uasset'
[2017.12.02-17.53.14:177][408]LogSavePackage:Display: Finished SavePackage ../../../../../../Users/Marcus/Documents/GitHub/BANG/Bang/Saved/Autosaves/Game/Bang/Pistol/LeonaWalkingPistol2_Sprite_1_Auto4.uasset
[2017.12.02-17.53.14:179][408]OBJ SavePackage: Generating thumbnails for [1] asset(s) in package [/Game/Bang/Pistol/LeonaWalkingPistol2_Sprite_10] ([1] browsable assets)...
[2017.12.02-17.53.14:186][408]OBJ SavePackage:     Rendered thumbnail for [PaperSprite /Game/Bang/Pistol/LeonaWalkingPistol2_Sprite_10.LeonaWalkingPistol2_Sprite_10]
[2017.12.02-17.53.14:186][408]OBJ SavePackage: Finished generating thumbnails for package [/Game/Bang/Pistol/LeonaWalkingPistol2_Sprite_10]
[2017.12.02-17.53.14:207][408]LogSavePackage: Save=5.57ms
[2017.12.02-17.53.14:207][408]LogSavePackage: Moving '../../../../../../Users/Marcus/Documents/GitHub/BANG/Bang/Saved/LeonaWalkingPistol2_Sprite_10_Auto4C15DF8AB4628760F02C2D1BAD6DC9BBD.tmp' to '../../../../../../Users/Marcus/Documents/GitHub/BANG/Bang/Saved/Autosaves/Game/Bang/Pistol/LeonaWalkingPistol2_Sprite_10_Auto4.uasset'
[2017.12.02-17.53.14:209][408]LogSavePackage:Display: Finished SavePackage ../../../../../../Users/Marcus/Documents/GitHub/BANG/Bang/Saved/Autosaves/Game/Bang/Pistol/LeonaWalkingPistol2_Sprite_10_Auto4.uasset
[2017.12.02-17.53.14:211][408]OBJ SavePackage: Generating thumbnails for [1] asset(s) in package [/Game/Bang/Pistol/LeonaWalkingPistol2_Sprite_11] ([1] browsable assets)...
[2017.12.02-17.53.14:218][408]OBJ SavePackage:     Rendered thumbnail for [PaperSprite /Game/Bang/Pistol/LeonaWalkingPistol2_Sprite_11.LeonaWalkingPistol2_Sprite_11]
[2017.12.02-17.53.14:219][408]OBJ SavePackage: Finished generating thumbnails for package [/Game/Bang/Pistol/LeonaWalkingPistol2_Sprite_11]
[2017.12.02-17.53.14:376][408]LogSavePackage: Save=10.90ms
[2017.12.02-17.53.14:376][408]LogSavePackage: Moving '../../../../../../Users/Marcus/Documents/GitHub/BANG/Bang/Saved/LeonaWalkingPistol2_Sprite_11_Auto43EB76FDF4335A6D7388CDF9999D20D05.tmp' to '../../../../../../Users/Marcus/Documents/GitHub/BANG/Bang/Saved/Autosaves/Game/Bang/Pistol/LeonaWalkingPistol2_Sprite_11_Auto4.uasset'
[2017.12.02-17.53.14:379][408]LogSavePackage:Display: Finished SavePackage ../../../../../../Users/Marcus/Documents/GitHub/BANG/Bang/Saved/Autosaves/Game/Bang/Pistol/LeonaWalkingPistol2_Sprite_11_Auto4.uasset
[2017.12.02-17.53.14:381][408]OBJ SavePackage: Generating thumbnails for [1] asset(s) in package [/Game/Bang/Pistol/LeonaWalkingPistol2_Sprite_2] ([1] browsable assets)...
[2017.12.02-17.53.14:390][408]OBJ SavePackage:     Rendered thumbnail for [PaperSprite /Game/Bang/Pistol/LeonaWalkingPistol2_Sprite_2.LeonaWalkingPistol2_Sprite_2]
[2017.12.02-17.53.14:390][408]OBJ SavePackage: Finished generating thumbnails for package [/Game/Bang/Pistol/LeonaWalkingPistol2_Sprite_2]
[2017.12.02-17.53.14:413][408]LogSavePackage: Save=5.58ms
[2017.12.02-17.53.14:413][408]LogSavePackage: Moving '../../../../../../Users/Marcus/Documents/GitHub/BANG/Bang/Saved/LeonaWalkingPistol2_Sprite_2_Auto4474171CB42D4A47CABEE84A516586AED.tmp' to '../../../../../../Users/Marcus/Documents/GitHub/BANG/Bang/Saved/Autosaves/Game/Bang/Pistol/LeonaWalkingPistol2_Sprite_2_Auto4.uasset'
[2017.12.02-17.53.14:416][408]LogSavePackage:Display: Finished SavePackage ../../../../../../Users/Marcus/Documents/GitHub/BANG/Bang/Saved/Autosaves/Game/Bang/Pistol/LeonaWalkingPistol2_Sprite_2_Auto4.uasset
[2017.12.02-17.53.14:417][408]OBJ SavePackage: Generating thumbnails for [1] asset(s) in package [/Game/Bang/Pistol/LeonaWalkingPistol2_Sprite_3] ([1] browsable assets)...
[2017.12.02-17.53.14:425][408]OBJ SavePackage:     Rendered thumbnail for [PaperSprite /Game/Bang/Pistol/LeonaWalkingPistol2_Sprite_3.LeonaWalkingPistol2_Sprite_3]
[2017.12.02-17.53.14:425][408]OBJ SavePackage: Finished generating thumbnails for package [/Game/Bang/Pistol/LeonaWalkingPistol2_Sprite_3]
[2017.12.02-17.53.14:446][408]LogSavePackage: Save=5.62ms
[2017.12.02-17.53.14:446][408]LogSavePackage: Moving '../../../../../../Users/Marcus/Documents/GitHub/BANG/Bang/Saved/LeonaWalkingPistol2_Sprite_3_Auto426CCDF4840B13AC89FA9BB8B16D1CD44.tmp' to '../../../../../../Users/Marcus/Documents/GitHub/BANG/Bang/Saved/Autosaves/Game/Bang/Pistol/LeonaWalkingPistol2_Sprite_3_Auto4.uasset'
[2017.12.02-17.53.14:449][408]LogSavePackage:Display: Finished SavePackage ../../../../../../Users/Marcus/Documents/GitHub/BANG/Bang/Saved/Autosaves/Game/Bang/Pistol/LeonaWalkingPistol2_Sprite_3_Auto4.uasset
[2017.12.02-17.53.14:450][408]OBJ SavePackage: Generating thumbnails for [1] asset(s) in package [/Game/Bang/Pistol/LeonaWalkingPistol2_Sprite_4] ([1] browsable assets)...
[2017.12.02-17.53.14:457][408]OBJ SavePackage:     Rendered thumbnail for [PaperSprite /Game/Bang/Pistol/LeonaWalkingPistol2_Sprite_4.LeonaWalkingPistol2_Sprite_4]
[2017.12.02-17.53.14:457][408]OBJ SavePackage: Finished generating thumbnails for package [/Game/Bang/Pistol/LeonaWalkingPistol2_Sprite_4]
[2017.12.02-17.53.14:479][408]LogSavePackage: Save=5.73ms
[2017.12.02-17.53.14:479][408]LogSavePackage: Moving '../../../../../../Users/Marcus/Documents/GitHub/BANG/Bang/Saved/LeonaWalkingPistol2_Sprite_4_Auto4A250918B4DE0DD354DF65BA3ED5D6B98.tmp' to '../../../../../../Users/Marcus/Documents/GitHub/BANG/Bang/Saved/Autosaves/Game/Bang/Pistol/LeonaWalkingPistol2_Sprite_4_Auto4.uasset'
[2017.12.02-17.53.14:481][408]LogSavePackage:Display: Finished SavePackage ../../../../../../Users/Marcus/Documents/GitHub/BANG/Bang/Saved/Autosaves/Game/Bang/Pistol/LeonaWalkingPistol2_Sprite_4_Auto4.uasset
[2017.12.02-17.53.14:483][408]OBJ SavePackage: Generating thumbnails for [1] asset(s) in package [/Game/Bang/Pistol/LeonaWalkingPistol2_Sprite_5] ([1] browsable assets)...
[2017.12.02-17.53.14:490][408]OBJ SavePackage:     Rendered thumbnail for [PaperSprite /Game/Bang/Pistol/LeonaWalkingPistol2_Sprite_5.LeonaWalkingPistol2_Sprite_5]
[2017.12.02-17.53.14:490][408]OBJ SavePackage: Finished generating thumbnails for package [/Game/Bang/Pistol/LeonaWalkingPistol2_Sprite_5]
[2017.12.02-17.53.14:511][408]LogSavePackage: Save=5.50ms
[2017.12.02-17.53.14:511][408]LogSavePackage: Moving '../../../../../../Users/Marcus/Documents/GitHub/BANG/Bang/Saved/LeonaWalkingPistol2_Sprite_5_Auto41383C29B4E55ABC14DCEABA39449AEAE.tmp' to '../../../../../../Users/Marcus/Documents/GitHub/BANG/Bang/Saved/Autosaves/Game/Bang/Pistol/LeonaWalkingPistol2_Sprite_5_Auto4.uasset'
[2017.12.02-17.53.14:515][408]LogSavePackage:Display: Finished SavePackage ../../../../../../Users/Marcus/Documents/GitHub/BANG/Bang/Saved/Autosaves/Game/Bang/Pistol/LeonaWalkingPistol2_Sprite_5_Auto4.uasset
[2017.12.02-17.53.14:516][408]OBJ SavePackage: Generating thumbnails for [1] asset(s) in package [/Game/Bang/Pistol/LeonaWalkingPistol2_Sprite_6] ([1] browsable assets)...
[2017.12.02-17.53.14:523][408]OBJ SavePackage:     Rendered thumbnail for [PaperSprite /Game/Bang/Pistol/LeonaWalkingPistol2_Sprite_6.LeonaWalkingPistol2_Sprite_6]
[2017.12.02-17.53.14:523][408]OBJ SavePackage: Finished generating thumbnails for package [/Game/Bang/Pistol/LeonaWalkingPistol2_Sprite_6]
[2017.12.02-17.53.14:546][408]LogSavePackage: Save=6.58ms
[2017.12.02-17.53.14:546][408]LogSavePackage: Moving '../../../../../../Users/Marcus/Documents/GitHub/BANG/Bang/Saved/LeonaWalkingPistol2_Sprite_6_Auto44E2043B64BB83937D28B85B2B6A040D3.tmp' to '../../../../../../Users/Marcus/Documents/GitHub/BANG/Bang/Saved/Autosaves/Game/Bang/Pistol/LeonaWalkingPistol2_Sprite_6_Auto4.uasset'
[2017.12.02-17.53.14:548][408]LogSavePackage:Display: Finished SavePackage ../../../../../../Users/Marcus/Documents/GitHub/BANG/Bang/Saved/Autosaves/Game/Bang/Pistol/LeonaWalkingPistol2_Sprite_6_Auto4.uasset
[2017.12.02-17.53.14:550][408]OBJ SavePackage: Generating thumbnails for [1] asset(s) in package [/Game/Bang/Pistol/LeonaWalkingPistol2_Sprite_7] ([1] browsable assets)...
[2017.12.02-17.53.14:557][408]OBJ SavePackage:     Rendered thumbnail for [PaperSprite /Game/Bang/Pistol/LeonaWalkingPistol2_Sprite_7.LeonaWalkingPistol2_Sprite_7]
[2017.12.02-17.53.14:557][408]OBJ SavePackage: Finished generating thumbnails for package [/Game/Bang/Pistol/LeonaWalkingPistol2_Sprite_7]
[2017.12.02-17.53.14:579][408]LogSavePackage: Save=5.53ms
[2017.12.02-17.53.14:579][408]LogSavePackage: Moving '../../../../../../Users/Marcus/Documents/GitHub/BANG/Bang/Saved/LeonaWalkingPistol2_Sprite_7_Auto4E90D7A4E4C63D80B5D8E1FBB87336FE5.tmp' to '../../../../../../Users/Marcus/Documents/GitHub/BANG/Bang/Saved/Autosaves/Game/Bang/Pistol/LeonaWalkingPistol2_Sprite_7_Auto4.uasset'
[2017.12.02-17.53.14:582][408]LogSavePackage:Display: Finished SavePackage ../../../../../../Users/Marcus/Documents/GitHub/BANG/Bang/Saved/Autosaves/Game/Bang/Pistol/LeonaWalkingPistol2_Sprite_7_Auto4.uasset
[2017.12.02-17.53.14:583][408]OBJ SavePackage: Generating thumbnails for [1] asset(s) in package [/Game/Bang/Pistol/LeonaWalkingPistol2_Sprite_8] ([1] browsable assets)...
[2017.12.02-17.53.14:590][408]OBJ SavePackage:     Rendered thumbnail for [PaperSprite /Game/Bang/Pistol/LeonaWalkingPistol2_Sprite_8.LeonaWalkingPistol2_Sprite_8]
[2017.12.02-17.53.14:590][408]OBJ SavePackage: Finished generating thumbnails for package [/Game/Bang/Pistol/LeonaWalkingPistol2_Sprite_8]
[2017.12.02-17.53.14:613][408]LogSavePackage: Save=6.16ms
[2017.12.02-17.53.14:613][408]LogSavePackage: Moving '../../../../../../Users/Marcus/Documents/GitHub/BANG/Bang/Saved/LeonaWalkingPistol2_Sprite_8_Auto4BE4AEE7E4CB1DC5B7723BCABA93D94F0.tmp' to '../../../../../../Users/Marcus/Documents/GitHub/BANG/Bang/Saved/Autosaves/Game/Bang/Pistol/LeonaWalkingPistol2_Sprite_8_Auto4.uasset'
[2017.12.02-17.53.14:616][408]LogSavePackage:Display: Finished SavePackage ../../../../../../Users/Marcus/Documents/GitHub/BANG/Bang/Saved/Autosaves/Game/Bang/Pistol/LeonaWalkingPistol2_Sprite_8_Auto4.uasset
[2017.12.02-17.53.14:617][408]OBJ SavePackage: Generating thumbnails for [1] asset(s) in package [/Game/Bang/Pistol/LeonaWalkingPistol2_Sprite_9] ([1] browsable assets)...
[2017.12.02-17.53.14:624][408]OBJ SavePackage:     Rendered thumbnail for [PaperSprite /Game/Bang/Pistol/LeonaWalkingPistol2_Sprite_9.LeonaWalkingPistol2_Sprite_9]
[2017.12.02-17.53.14:625][408]OBJ SavePackage: Finished generating thumbnails for package [/Game/Bang/Pistol/LeonaWalkingPistol2_Sprite_9]
[2017.12.02-17.53.14:647][408]LogSavePackage: Save=5.91ms
[2017.12.02-17.53.14:647][408]LogSavePackage: Moving '../../../../../../Users/Marcus/Documents/GitHub/BANG/Bang/Saved/LeonaWalkingPistol2_Sprite_9_Auto474CE90E145BB39A9DBB4B4A99931CFAB.tmp' to '../../../../../../Users/Marcus/Documents/GitHub/BANG/Bang/Saved/Autosaves/Game/Bang/Pistol/LeonaWalkingPistol2_Sprite_9_Auto4.uasset'
[2017.12.02-17.53.14:650][408]LogSavePackage:Display: Finished SavePackage ../../../../../../Users/Marcus/Documents/GitHub/BANG/Bang/Saved/Autosaves/Game/Bang/Pistol/LeonaWalkingPistol2_Sprite_9_Auto4.uasset
[2017.12.02-17.53.14:650][408]LogFileHelpers: Auto-saving content packages took 0.541
[2017.12.02-17.53.25:647][423]LogSavePackage: Save=6.28ms
[2017.12.02-17.53.25:647][423]LogSavePackage: Moving '../../../../../../Users/Marcus/Documents/GitHub/BANG/Bang/Saved/LeonaWalkingPistol2_Sprite_04C0BB0E443F26175EDCE93B21913DE04.tmp' to '../../../../../../Users/Marcus/Documents/GitHub/BANG/Bang/Content/Bang/Pistol/LeonaWalkingPistol2_Sprite_0.uasset'
[2017.12.02-17.53.25:653][423]LogSavePackage:Display: Finished SavePackage ../../../../../../Users/Marcus/Documents/GitHub/BANG/Bang/Content/Bang/Pistol/LeonaWalkingPistol2_Sprite_0.uasset
[2017.12.02-17.57.11:796][147]LogSavePackage: Save=6.79ms
[2017.12.02-17.57.11:796][147]LogSavePackage: Moving '../../../../../../Users/Marcus/Documents/GitHub/BANG/Bang/Saved/LeonaWalkingPistol2_Sprite_11115FB71E460D6DAD6103A0B4A13B13F6.tmp' to '../../../../../../Users/Marcus/Documents/GitHub/BANG/Bang/Content/Bang/Pistol/LeonaWalkingPistol2_Sprite_11.uasset'
[2017.12.02-17.57.11:801][147]LogSavePackage:Display: Finished SavePackage ../../../../../../Users/Marcus/Documents/GitHub/BANG/Bang/Content/Bang/Pistol/LeonaWalkingPistol2_Sprite_11.uasset
[2017.12.02-17.57.14:986][416]LogSavePackage: Save=3.79ms
[2017.12.02-17.57.14:986][416]LogSavePackage: Moving '../../../../../../Users/Marcus/Documents/GitHub/BANG/Bang/Saved/LeonaWalkingPistol2_Sprite_1126F640A147B0D7D7EF7014B63B91144A.tmp' to '../../../../../../Users/Marcus/Documents/GitHub/BANG/Bang/Content/Bang/Pistol/LeonaWalkingPistol2_Sprite_11.uasset'
[2017.12.02-17.57.14:989][416]LogSavePackage:Display: Finished SavePackage ../../../../../../Users/Marcus/Documents/GitHub/BANG/Bang/Content/Bang/Pistol/LeonaWalkingPistol2_Sprite_11.uasset
[2017.12.02-17.57.15:010][416]LogSavePackage: Save=3.54ms
[2017.12.02-17.57.15:010][416]LogSavePackage: Moving '../../../../../../Users/Marcus/Documents/GitHub/BANG/Bang/Saved/LeonaWalkingPistol2_Sprite_0762BF9394FE29949D92FA6988EBC6860.tmp' to '../../../../../../Users/Marcus/Documents/GitHub/BANG/Bang/Content/Bang/Pistol/LeonaWalkingPistol2_Sprite_0.uasset'
[2017.12.02-17.57.15:013][416]LogSavePackage:Display: Finished SavePackage ../../../../../../Users/Marcus/Documents/GitHub/BANG/Bang/Content/Bang/Pistol/LeonaWalkingPistol2_Sprite_0.uasset
[2017.12.02-17.57.15:044][416]LogSavePackage: Save=6.48ms
[2017.12.02-17.57.15:044][416]LogSavePackage: Moving '../../../../../../Users/Marcus/Documents/GitHub/BANG/Bang/Saved/LeonaWalkingPistol2_Sprite_1A96DB32241999B6BF316DEBB780E9BC4.tmp' to '../../../../../../Users/Marcus/Documents/GitHub/BANG/Bang/Content/Bang/Pistol/LeonaWalkingPistol2_Sprite_1.uasset'
[2017.12.02-17.57.15:050][416]LogSavePackage:Display: Finished SavePackage ../../../../../../Users/Marcus/Documents/GitHub/BANG/Bang/Content/Bang/Pistol/LeonaWalkingPistol2_Sprite_1.uasset
[2017.12.02-17.57.15:082][416]LogSavePackage: Save=6.61ms
[2017.12.02-17.57.15:082][416]LogSavePackage: Moving '../../../../../../Users/Marcus/Documents/GitHub/BANG/Bang/Saved/LeonaWalkingPistol2_Sprite_235B2D8C643ECB08958BE1486139904AC.tmp' to '../../../../../../Users/Marcus/Documents/GitHub/BANG/Bang/Content/Bang/Pistol/LeonaWalkingPistol2_Sprite_2.uasset'
[2017.12.02-17.57.15:087][416]LogSavePackage:Display: Finished SavePackage ../../../../../../Users/Marcus/Documents/GitHub/BANG/Bang/Content/Bang/Pistol/LeonaWalkingPistol2_Sprite_2.uasset
[2017.12.02-17.57.15:119][416]LogSavePackage: Save=6.11ms
[2017.12.02-17.57.15:119][416]LogSavePackage: Moving '../../../../../../Users/Marcus/Documents/GitHub/BANG/Bang/Saved/LeonaWalkingPistol2_Sprite_373EB28EC4D9E15AD31EA81B18AB34CB7.tmp' to '../../../../../../Users/Marcus/Documents/GitHub/BANG/Bang/Content/Bang/Pistol/LeonaWalkingPistol2_Sprite_3.uasset'
[2017.12.02-17.57.15:124][416]LogSavePackage:Display: Finished SavePackage ../../../../../../Users/Marcus/Documents/GitHub/BANG/Bang/Content/Bang/Pistol/LeonaWalkingPistol2_Sprite_3.uasset
[2017.12.02-17.57.15:155][416]LogSavePackage: Save=5.98ms
[2017.12.02-17.57.15:155][416]LogSavePackage: Moving '../../../../../../Users/Marcus/Documents/GitHub/BANG/Bang/Saved/LeonaWalkingPistol2_Sprite_441BECF7B48F7FEF896DAFC87EFC901AD.tmp' to '../../../../../../Users/Marcus/Documents/GitHub/BANG/Bang/Content/Bang/Pistol/LeonaWalkingPistol2_Sprite_4.uasset'
[2017.12.02-17.57.15:161][416]LogSavePackage:Display: Finished SavePackage ../../../../../../Users/Marcus/Documents/GitHub/BANG/Bang/Content/Bang/Pistol/LeonaWalkingPistol2_Sprite_4.uasset
[2017.12.02-17.57.15:193][416]LogSavePackage: Save=6.39ms
[2017.12.02-17.57.15:193][416]LogSavePackage: Moving '../../../../../../Users/Marcus/Documents/GitHub/BANG/Bang/Saved/LeonaWalkingPistol2_Sprite_589A81AE54F0984A68AF98685BE4037FA.tmp' to '../../../../../../Users/Marcus/Documents/GitHub/BANG/Bang/Content/Bang/Pistol/LeonaWalkingPistol2_Sprite_5.uasset'
[2017.12.02-17.57.15:198][416]LogSavePackage:Display: Finished SavePackage ../../../../../../Users/Marcus/Documents/GitHub/BANG/Bang/Content/Bang/Pistol/LeonaWalkingPistol2_Sprite_5.uasset
[2017.12.02-17.57.15:231][416]LogSavePackage: Save=6.26ms
[2017.12.02-17.57.15:231][416]LogSavePackage: Moving '../../../../../../Users/Marcus/Documents/GitHub/BANG/Bang/Saved/LeonaWalkingPistol2_Sprite_672F7EDCC4B8F512ED7023883969CA780.tmp' to '../../../../../../Users/Marcus/Documents/GitHub/BANG/Bang/Content/Bang/Pistol/LeonaWalkingPistol2_Sprite_6.uasset'
[2017.12.02-17.57.15:237][416]LogSavePackage:Display: Finished SavePackage ../../../../../../Users/Marcus/Documents/GitHub/BANG/Bang/Content/Bang/Pistol/LeonaWalkingPistol2_Sprite_6.uasset
[2017.12.02-17.57.15:271][416]LogSavePackage: Save=6.43ms
[2017.12.02-17.57.15:271][416]LogSavePackage: Moving '../../../../../../Users/Marcus/Documents/GitHub/BANG/Bang/Saved/LeonaWalkingPistol2_Sprite_71B78844A450DF1FFE670918E964FE060.tmp' to '../../../../../../Users/Marcus/Documents/GitHub/BANG/Bang/Content/Bang/Pistol/LeonaWalkingPistol2_Sprite_7.uasset'
[2017.12.02-17.57.15:276][416]LogSavePackage:Display: Finished SavePackage ../../../../../../Users/Marcus/Documents/GitHub/BANG/Bang/Content/Bang/Pistol/LeonaWalkingPistol2_Sprite_7.uasset
[2017.12.02-17.57.15:310][416]LogSavePackage: Save=6.72ms
[2017.12.02-17.57.15:310][416]LogSavePackage: Moving '../../../../../../Users/Marcus/Documents/GitHub/BANG/Bang/Saved/LeonaWalkingPistol2_Sprite_810849F884D0B85E285E541BEB43A4D1F.tmp' to '../../../../../../Users/Marcus/Documents/GitHub/BANG/Bang/Content/Bang/Pistol/LeonaWalkingPistol2_Sprite_8.uasset'
[2017.12.02-17.57.15:316][416]LogSavePackage:Display: Finished SavePackage ../../../../../../Users/Marcus/Documents/GitHub/BANG/Bang/Content/Bang/Pistol/LeonaWalkingPistol2_Sprite_8.uasset
[2017.12.02-17.57.15:348][416]LogSavePackage: Save=6.23ms
[2017.12.02-17.57.15:348][416]LogSavePackage: Moving '../../../../../../Users/Marcus/Documents/GitHub/BANG/Bang/Saved/LeonaWalkingPistol2_Sprite_9EA3974BA43EFF7321FA557B77CC2B747.tmp' to '../../../../../../Users/Marcus/Documents/GitHub/BANG/Bang/Content/Bang/Pistol/LeonaWalkingPistol2_Sprite_9.uasset'
[2017.12.02-17.57.15:353][416]LogSavePackage:Display: Finished SavePackage ../../../../../../Users/Marcus/Documents/GitHub/BANG/Bang/Content/Bang/Pistol/LeonaWalkingPistol2_Sprite_9.uasset
[2017.12.02-17.57.15:387][416]LogSavePackage: Save=6.27ms
[2017.12.02-17.57.15:387][416]LogSavePackage: Moving '../../../../../../Users/Marcus/Documents/GitHub/BANG/Bang/Saved/LeonaWalkingPistol2_Sprite_10908BA7D646F26EF20B5D469E06831EBA.tmp' to '../../../../../../Users/Marcus/Documents/GitHub/BANG/Bang/Content/Bang/Pistol/LeonaWalkingPistol2_Sprite_10.uasset'
[2017.12.02-17.57.15:392][416]LogSavePackage:Display: Finished SavePackage ../../../../../../Users/Marcus/Documents/GitHub/BANG/Bang/Content/Bang/Pistol/LeonaWalkingPistol2_Sprite_10.uasset
[2017.12.02-17.57.39:146][823]LogSavePackage: Save=6.24ms
[2017.12.02-17.57.39:146][823]LogSavePackage: Moving '../../../../../../Users/Marcus/Documents/GitHub/BANG/Bang/Saved/LeonaWalkingPistol2_Sprite_576B8B1AA46445DCA210091B49604EB02.tmp' to '../../../../../../Users/Marcus/Documents/GitHub/BANG/Bang/Content/Bang/Pistol/LeonaWalkingPistol2_Sprite_5.uasset'
[2017.12.02-17.57.39:152][823]LogSavePackage:Display: Finished SavePackage ../../../../../../Users/Marcus/Documents/GitHub/BANG/Bang/Content/Bang/Pistol/LeonaWalkingPistol2_Sprite_5.uasset
[2017.12.02-17.59.30:677][719]LogEditorViewport: Clicking on Actor (LMB): BP_2DSideScrollerCharacter_C (BP_2DSideScrollerCharacter)
[2017.12.02-17.59.51:303][649]LogSlate: Took 0.036757 seconds to synchronously load lazily loaded font '../../../Engine/Content/Editor/Slate/Fonts/Roboto-Italic.ttf' (157K)
[2017.12.02-17.59.55:226][101]Cmd: TRANSACTION UNDO
[2017.12.02-17.59.55:226][101]LogEditorTransaction: Undo Set actor location
[2017.12.02-18.00.23:157][160]Cmd: TRANSACTION UNDO
[2017.12.02-18.00.23:157][160]LogEditorTransaction: Undo Move Components
[2017.12.02-18.00.24:488][305]Cmd: TRANSACTION UNDO
[2017.12.02-18.00.24:488][305]LogEditorTransaction: Undo Modify Component(s)
[2017.12.02-18.00.58:779][854]LogEditorViewport: Clicking on Actor (LMB): PaperSpriteActor (Background_Sprite)
[2017.12.02-18.01.01:500][117]LogEditorViewport: Clicking on Actor (LMB): BP_2DSideScrollerCharacter_C (BP_2DSideScrollerCharacter)
[2017.12.02-18.01.11:671][ 94]Cmd: TRANSACTION UNDO
[2017.12.02-18.01.11:671][ 94]LogEditorTransaction: Undo Modify Component(s)
[2017.12.02-18.01.25:766][509]LogTemp: Repeting last play command: Selected Viewport
[2017.12.02-18.01.25:776][509]LogBlueprintUserMessages: Early PlayInEditor Detection: Level '/Game/2DSideScrollerCPP/Maps/2DSideScrollerExampleMap.2DSideScrollerExampleMap:PersistentLevel' has LevelScriptBlueprint '/Game/2DSideScrollerCPP/Maps/2DSideScrollerExampleMap.2DSideScrollerExampleMap:PersistentLevel.2DSideScrollerExampleMap' with GeneratedClass '/Game/2DSideScrollerCPP/Maps/2DSideScrollerExampleMap.2DSideScrollerExampleMap_C' with ClassGeneratedBy '/Game/2DSideScrollerCPP/Maps/2DSideScrollerExampleMap.2DSideScrollerExampleMap:PersistentLevel.2DSideScrollerExampleMap'
[2017.12.02-18.01.25:776][509]LogPlayLevel: PlayLevel: No blueprints needed recompiling
[2017.12.02-18.01.25:777][509]PIE: New page: PIE session: 2DSideScrollerExampleMap (2 Dec 2017 18:01:25)
[2017.12.02-18.01.25:777][509]LogPlayLevel: Creating play world package: /Game/2DSideScrollerCPP/Maps/UEDPIE_0_2DSideScrollerExampleMap
[2017.12.02-18.01.25:779][509]LogPlayLevel: PIE: StaticDuplicateObject took: (0.002614s)
[2017.12.02-18.01.25:780][509]LogAIModule: Creating AISystem for world 2DSideScrollerExampleMap
[2017.12.02-18.01.25:780][509]LogPlayLevel: PIE: World Init took: (0.000701s)
[2017.12.02-18.01.25:780][509]LogPlayLevel: PIE: Created PIE world by copying editor world from /Game/2DSideScrollerCPP/Maps/2DSideScrollerExampleMap.2DSideScrollerExampleMap to /Game/2DSideScrollerCPP/Maps/UEDPIE_0_2DSideScrollerExampleMap.2DSideScrollerExampleMap (0.003565s)
[2017.12.02-18.01.25:825][509]LogInit: XAudio2 using 'Digital Audio (S/PDIF) (High Definition Audio Device)' : 2 channels at 44.1 kHz using 16 bits per sample (channel mask 0x3)
[2017.12.02-18.01.25:831][509]LogInit: FAudioDevice initialized.
[2017.12.02-18.01.25:974][509]LogLoad: Game class is 'BangGameMode'
[2017.12.02-18.01.25:980][509]LogWorld: Bringing World /Game/2DSideScrollerCPP/Maps/UEDPIE_0_2DSideScrollerExampleMap.2DSideScrollerExampleMap up for play (max tick rate 0) at 2017.12.02-18.01.25
[2017.12.02-18.01.25:981][509]LogWorld: Bringing up level for play took: 0.003585
[2017.12.02-18.01.26:208][509]LogContentBrowser: Native class hierarchy updated for 'MovieSceneCapture' in 0.0028 seconds. Added 11 classes and 0 folders.
[2017.12.02-18.01.26:209][509]PIE: Info Play in editor start time for /Game/2DSideScrollerCPP/Maps/UEDPIE_0_2DSideScrollerExampleMap 1.019
[2017.12.02-18.01.26:209][509]LogBlueprintUserMessages: Late PlayInEditor Detection: Level '/Game/2DSideScrollerCPP/Maps/2DSideScrollerExampleMap.2DSideScrollerExampleMap:PersistentLevel' has LevelScriptBlueprint '/Game/2DSideScrollerCPP/Maps/2DSideScrollerExampleMap.2DSideScrollerExampleMap:PersistentLevel.2DSideScrollerExampleMap' with GeneratedClass '/Game/2DSideScrollerCPP/Maps/2DSideScrollerExampleMap.2DSideScrollerExampleMap_C' with ClassGeneratedBy '/Game/2DSideScrollerCPP/Maps/2DSideScrollerExampleMap.2DSideScrollerExampleMap:PersistentLevel.2DSideScrollerExampleMap'
[2017.12.02-18.01.30:522][ 21]LogBlueprintUserMessages: Early EndPlayMap Detection: Level '/Game/2DSideScrollerCPP/Maps/2DSideScrollerExampleMap.2DSideScrollerExampleMap:PersistentLevel' has LevelScriptBlueprint '/Game/2DSideScrollerCPP/Maps/2DSideScrollerExampleMap.2DSideScrollerExampleMap:PersistentLevel.2DSideScrollerExampleMap' with GeneratedClass '/Game/2DSideScrollerCPP/Maps/2DSideScrollerExampleMap.2DSideScrollerExampleMap_C' with ClassGeneratedBy '/Game/2DSideScrollerCPP/Maps/2DSideScrollerExampleMap.2DSideScrollerExampleMap:PersistentLevel.2DSideScrollerExampleMap'
[2017.12.02-18.01.30:794][ 21]LogBlueprintUserMessages: Late EndPlayMap Detection: Level '/Game/2DSideScrollerCPP/Maps/2DSideScrollerExampleMap.2DSideScrollerExampleMap:PersistentLevel' has LevelScriptBlueprint '/Game/2DSideScrollerCPP/Maps/2DSideScrollerExampleMap.2DSideScrollerExampleMap:PersistentLevel.2DSideScrollerExampleMap' with GeneratedClass '/Game/2DSideScrollerCPP/Maps/2DSideScrollerExampleMap.2DSideScrollerExampleMap_C' with ClassGeneratedBy '/Game/2DSideScrollerCPP/Maps/2DSideScrollerExampleMap.2DSideScrollerExampleMap:PersistentLevel.2DSideScrollerExampleMap'
[2017.12.02-18.01.37:915][616]LogEditorViewport: Clicking on Actor (LMB): PaperSpriteActor (Background_Sprite)
[2017.12.02-18.03.11:516][389]LogEditorViewport: Clicking on Actor (LMB): BP_2DSideScrollerCharacter_C (BP_2DSideScrollerCharacter)
[2017.12.02-18.04.37:529][707]LogSavePackage: Save=72.82ms
[2017.12.02-18.04.37:529][707]LogSavePackage: Moving '../../../../../../Users/Marcus/Documents/GitHub/BANG/Bang/Saved/2DSideScrollerExampleMap_Auto504F1985A4AA4CA05C38AB0B42C467396.tmp' to '../../../../../../Users/Marcus/Documents/GitHub/BANG/Bang/Saved/Autosaves/Game/2DSideScrollerCPP/Maps/2DSideScrollerExampleMap_Auto5.umap'
[2017.12.02-18.04.37:532][707]LogSavePackage:Display: Finished SavePackage ../../../../../../Users/Marcus/Documents/GitHub/BANG/Bang/Saved/Autosaves/Game/2DSideScrollerCPP/Maps/2DSideScrollerExampleMap_Auto5.umap
[2017.12.02-18.04.37:534][707]LogFileHelpers: Editor autosave (incl. sublevels) for '/Game/2DSideScrollerCPP/Maps/2DSideScrollerExampleMap' took 0.105
[2017.12.02-18.04.37:534][707]LogFileHelpers: Editor autosave (incl. sublevels) for all levels took 0.105
[2017.12.02-18.06.09:691][646]LogVSAccessor:Warning: Visual Studio is open but could not be queried - it may be blocked by a modal operation
[2017.12.02-18.06.17:239][647]LogVSAccessor:Warning: Couldn't goto line number '0' in 'C:/Users/Marcus/Documents/GitHub/BANG/Bang/Source/Bang/BangCharacter.h'
[2017.12.02-18.06.17:267][647]LogVSAccessor:Warning: Couldn't open file 'C:/Users/Marcus/Documents/GitHub/BANG/Bang/Source/Bang/BangCharacter.cpp'.
[2017.12.02-18.21.04:978][963]LogHotReload: New module detected: UE4Editor-Bang-419.dll
[2017.12.02-18.21.06:997][970]LogHotReload: Starting Hot-Reload from IDE
[2017.12.02-18.21.07:258][970]LogClass: Could not find existing class BangCharacter in package /Script/Bang for HotReload, assuming new class
[2017.12.02-18.21.07:261][970]LogHotReload: Re-instancing BangCharacter after hot-reload.
[2017.12.02-18.21.07:739][970]LogContentBrowser: Native class hierarchy updated for 'Bang' in 0.0030 seconds. Added 2 classes and 2 folders.
[2017.12.02-18.21.07:741][970]Display: HotReload successful (0 functions remapped  0 scriptstructs remapped)
[2017.12.02-18.21.07:803][970]LogContentBrowser: Native class hierarchy populated in 0.0117 seconds. Added 2249 classes and 459 folders.
[2017.12.02-18.21.07:811][970]Display: HotReload took  0.8s.
[2017.12.02-18.22.21:710][879]LogHotReload: New module detected: UE4Editor-Bang-204.dll
[2017.12.02-18.22.22:395][882]LogHotReload: Starting Hot-Reload from IDE
[2017.12.02-18.22.22:584][882]LogClass: Could not find existing class BangCharacter in package /Script/Bang for HotReload, assuming new class
[2017.12.02-18.22.22:586][882]LogHotReload: Re-instancing BangCharacter after hot-reload.
[2017.12.02-18.22.23:072][882]LogContentBrowser: Native class hierarchy updated for 'Bang' in 0.0027 seconds. Added 2 classes and 2 folders.
[2017.12.02-18.22.23:074][882]Display: HotReload successful (0 functions remapped  0 scriptstructs remapped)
[2017.12.02-18.22.23:102][882]LogContentBrowser: Native class hierarchy populated in 0.0109 seconds. Added 2249 classes and 459 folders.
[2017.12.02-18.22.23:107][882]Display: HotReload took  0.7s.
[2017.12.02-19.07.49:090][410]Recompiling Bang...
[2017.12.02-19.07.49:090][410]Launching UnrealBuildTool... [C:/Program Files/Epic Games/UE_4.15/Engine/Binaries/DotNET/UnrealBuildTool.exe Bang -ModuleWithSuffix Bang 2208 Win64 Development -editorrecompile -canskiplink "C:/Users/Marcus/Documents/GitHub/BANG/Bang/Bang.uproject" ]
[2017.12.02-19.07.49:095][410]Warning: Starting HotReload took  0.0s.
[2017.12.02-19.08.22:278][413]CompilerResultsLog: New page: Compilation - 2 Dec 2017 19:08:22
[2017.12.02-19.08.22:278][413]CompilerResultsLog: Info Compiling game modules for hot reload
[2017.12.02-19.08.22:278][413]CompilerResultsLog: Info Parsing headers for BangEditor
[2017.12.02-19.08.22:278][413]CompilerResultsLog: Info   Running UnrealHeaderTool "C:\Users\Marcus\Documents\GitHub\BANG\Bang\Bang.uproject" "C:\Users\Marcus\Documents\GitHub\BANG\Bang\Intermediate\Build\Win64\BangEditor\Development\BangEditor.uhtmanifest" -LogCmds="loginit warning, logexit warning, logdatabase error" -Unattended -WarningsAsErrors -installed
[2017.12.02-19.08.22:278][413]CompilerResultsLog: Info Reflection code generated for BangEditor in 7.8252748 seconds
[2017.12.02-19.08.22:278][413]CompilerResultsLog: Info Performing 5 actions (4 in parallel)
[2017.12.02-19.08.22:278][413]CompilerResultsLog: Info Bang.generated.cpp
[2017.12.02-19.08.22:278][413]CompilerResultsLog: Info BangGameMode.cpp
[2017.12.02-19.08.22:278][413]CompilerResultsLog: Info BangCharacter.cpp
[2017.12.02-19.08.22:278][413]CompilerResultsLog:Error: Error C:\Users\Marcus\Documents\GitHub\BANG\Bang\Source\Bang\BangCharacter.cpp(76) : error C3867: 'ACharacter::FindComponentByClass': non-standard syntax; use '&' to create a pointer to member
[2017.12.02-19.08.22:278][413]CompilerResultsLog:Error: Error C:\Users\Marcus\Documents\GitHub\BANG\Bang\Source\Bang\BangCharacter.cpp(101) : error C2374: 'DesiredAnimation': redefinition; multiple initialization
[2017.12.02-19.08.22:278][413]CompilerResultsLog:Error: Error C:\Users\Marcus\Documents\GitHub\BANG\Bang\Source\Bang\BangCharacter.cpp(95) : note: see declaration of 'DesiredAnimation'
[2017.12.02-19.08.22:278][413]CompilerResultsLog: Info ERROR: UBT ERROR: Failed to produce item: C:\Users\Marcus\Documents\GitHub\BANG\Bang\Binaries\Win64\UE4Editor-Bang-2208.dll
[2017.12.02-19.08.22:278][413]CompilerResultsLog: Info Total build time: 28.38 seconds (Local executor: 0.00 seconds)
[2017.12.02-19.08.22:278][413]LogMainFrame: MainFrame: Module compiling took 33.195 seconds
[2017.12.02-19.08.22:278][413]Warning: HotReload failed, recompile failed
[2017.12.02-19.09.07:615][994]Recompiling Bang...
[2017.12.02-19.09.07:615][994]Launching UnrealBuildTool... [C:/Program Files/Epic Games/UE_4.15/Engine/Binaries/DotNET/UnrealBuildTool.exe Bang -ModuleWithSuffix Bang 2356 Win64 Development -editorrecompile -canskiplink "C:/Users/Marcus/Documents/GitHub/BANG/Bang/Bang.uproject" ]
[2017.12.02-19.09.07:620][994]Warning: Starting HotReload took  0.0s.
[2017.12.02-19.09.25:202][368]CompilerResultsLog: New page: Compilation - 2 Dec 2017 19:09:25
[2017.12.02-19.09.25:202][368]CompilerResultsLog: Info Compiling game modules for hot reload
[2017.12.02-19.09.25:202][368]CompilerResultsLog: Info Parsing headers for BangEditor
[2017.12.02-19.09.25:202][368]CompilerResultsLog: Info   Running UnrealHeaderTool "C:\Users\Marcus\Documents\GitHub\BANG\Bang\Bang.uproject" "C:\Users\Marcus\Documents\GitHub\BANG\Bang\Intermediate\Build\Win64\BangEditor\Development\BangEditor.uhtmanifest" -LogCmds="loginit warning, logexit warning, logdatabase error" -Unattended -WarningsAsErrors -installed
[2017.12.02-19.09.25:202][368]CompilerResultsLog: Info Reflection code generated for BangEditor in 6.9764511 seconds
[2017.12.02-19.09.25:202][368]CompilerResultsLog: Info Performing 3 actions (4 in parallel)
[2017.12.02-19.09.25:202][368]CompilerResultsLog: Info BangCharacter.cpp
[2017.12.02-19.09.25:202][368]CompilerResultsLog:Error: Error C:\Users\Marcus\Documents\GitHub\BANG\Bang\Source\Bang\BangCharacter.cpp(76) : error C3867: 'ACharacter::FindComponentByClass': non-standard syntax; use '&' to create a pointer to member
[2017.12.02-19.09.25:202][368]CompilerResultsLog: Info ERROR: UBT ERROR: Failed to produce item: C:\Users\Marcus\Documents\GitHub\BANG\Bang\Binaries\Win64\UE4Editor-Bang-2356.dll
[2017.12.02-19.09.25:202][368]CompilerResultsLog: Info Total build time: 17.12 seconds (Local executor: 0.00 seconds)
[2017.12.02-19.09.25:202][368]LogMainFrame: MainFrame: Module compiling took 17.595 seconds
[2017.12.02-19.09.25:202][368]Warning: HotReload failed, recompile failed
[2017.12.02-19.18.36:435][412]Recompiling Bang...
[2017.12.02-19.18.36:435][412]Launching UnrealBuildTool... [C:/Program Files/Epic Games/UE_4.15/Engine/Binaries/DotNET/UnrealBuildTool.exe Bang -ModuleWithSuffix Bang 8909 Win64 Development -editorrecompile -canskiplink "C:/Users/Marcus/Documents/GitHub/BANG/Bang/Bang.uproject" ]
[2017.12.02-19.18.36:439][412]Warning: Starting HotReload took  0.0s.
[2017.12.02-19.19.13:134][787]CompilerResultsLog: New page: Compilation - 2 Dec 2017 19:19:13
[2017.12.02-19.19.13:134][787]CompilerResultsLog: Info Compiling game modules for hot reload
[2017.12.02-19.19.13:134][787]CompilerResultsLog: Info Parsing headers for BangEditor
[2017.12.02-19.19.13:134][787]CompilerResultsLog: Info   Running UnrealHeaderTool "C:\Users\Marcus\Documents\GitHub\BANG\Bang\Bang.uproject" "C:\Users\Marcus\Documents\GitHub\BANG\Bang\Intermediate\Build\Win64\BangEditor\Development\BangEditor.uhtmanifest" -LogCmds="loginit warning, logexit warning, logdatabase error" -Unattended -WarningsAsErrors -installed
[2017.12.02-19.19.13:134][787]CompilerResultsLog: Info Reflection code generated for BangEditor in 7.4403237 seconds
[2017.12.02-19.19.13:134][787]CompilerResultsLog: Info Performing 3 actions (4 in parallel)
[2017.12.02-19.19.13:134][787]CompilerResultsLog: Info BangCharacter.cpp
[2017.12.02-19.19.13:134][787]CompilerResultsLog: Info [2/3] Link UE4Editor-Bang-8909.dll
[2017.12.02-19.19.13:134][787]CompilerResultsLog: Info [3/3] Link UE4Editor-Bang-8909.lib
[2017.12.02-19.19.13:134][787]CompilerResultsLog: Info    Creating library C:\Users\Marcus\Documents\GitHub\BANG\Bang\Intermediate\Build\Win64\UE4Editor\Development\UE4Editor-Bang-8909.lib and object C:\Users\Marcus\Documents\GitHub\BANG\Bang\Intermediate\Build\Win64\UE4Editor\Development\UE4Editor-Bang-8909.exp
[2017.12.02-19.19.13:134][787]CompilerResultsLog: Info    Creating library C:\Users\Marcus\Documents\GitHub\BANG\Bang\Intermediate\Build\Win64\UE4Editor\Development\UE4Editor-Bang-8909.suppressed.lib and object C:\Users\Marcus\Documents\GitHub\BANG\Bang\Intermediate\Build\Win64\UE4Editor\Development\UE4Editor-Bang-8909.suppressed.exp
[2017.12.02-19.19.13:134][787]CompilerResultsLog: Info Total build time: 36.15 seconds (Local executor: 3.02 seconds)
[2017.12.02-19.19.13:134][787]LogMainFrame: MainFrame: Module compiling took 36.707 seconds
[2017.12.02-19.19.13:306][787]LogClass: Could not find existing class BangCharacter in package /Script/Bang for HotReload, assuming new class
[2017.12.02-19.19.13:309][787]LogHotReload: Re-instancing BangCharacter after hot-reload.
